Change Component Designator: Old Designator=C? New Designator=C188
Change Component Designator: Old Designator=C? New Designator=C189
Change Component Designator: Old Designator=C? New Designator=C190
Change Component Designator: Old Designator=C? New Designator=C191
Change Component Designator: Old Designator=C? New Designator=C192
Change Component Designator: Old Designator=C? New Designator=C193
Change Component Designator: Old Designator=C? New Designator=C194
Change Component Designator: Old Designator=C? New Designator=C195
Change Component Designator: Old Designator=C? New Designator=C196
Change Component Designator: Old Designator=C? New Designator=C197
Change Component Designator: Old Designator=C? New Designator=C198
Change Component Designator: Old Designator=C? New Designator=C199
Change Component Designator: Old Designator=C? New Designator=C200
Change Component Designator: Old Designator=C? New Designator=C201
Change Component Designator: Old Designator=C? New Designator=C202
Change Component Designator: Old Designator=C? New Designator=C203
Change Component Designator: Old Designator=C? New Designator=C204
Change Component Designator: Old Designator=C? New Designator=C205
Change Component Designator: Old Designator=C? New Designator=C206
Change Component Designator: Old Designator=C? New Designator=C207
Change Component Designator: Old Designator=C? New Designator=C208
Change Component Designator: Old Designator=C? New Designator=C209
Change Component Designator: Old Designator=C? New Designator=C210
Change Component Designator: Old Designator=D? New Designator=D43
Change Component Designator: Old Designator=D? New Designator=D44
Change Component Designator: Old Designator=FB? New Designator=FB9
Change Component Designator: Old Designator=J? New Designator=J13
Change Component Designator: Old Designator=LS? New Designator=LS1
Change Component Designator: Old Designator=Q? New Designator=Q17
Change Component Designator: Old Designator=Q? New Designator=Q17
Change Component Designator: Old Designator=R? New Designator=R212
Change Component Designator: Old Designator=R? New Designator=R213
Change Component Designator: Old Designator=R? New Designator=R214
Change Component Designator: Old Designator=R? New Designator=R215
Change Component Designator: Old Designator=R? New Designator=R216
Change Component Designator: Old Designator=R? New Designator=R217
Change Component Designator: Old Designator=R? New Designator=R218
Change Component Designator: Old Designator=R? New Designator=R219
Change Component Designator: Old Designator=R? New Designator=R220
Change Component Designator: Old Designator=R? New Designator=R221
Change Component Designator: Old Designator=R? New Designator=R222
Change Component Designator: Old Designator=R? New Designator=R223
Change Component Designator: Old Designator=R? New Designator=R224
Change Component Designator: Old Designator=R? New Designator=R225
Change Component Designator: Old Designator=SW? New Designator=SW2
Change Component Designator: Old Designator=SW? New Designator=SW3
Change Component Designator: Old Designator=TP? New Designator=TP63
Change Component Designator: Old Designator=TP? New Designator=TP64
Change Component Designator: Old Designator=U? New Designator=U22
Change Component Designator: Old Designator=U? New Designator=U22
Change Component Designator: Old Designator=Y? New Designator=Y4
Change Component Designator: Old Designator=Y? New Designator=Y5
