Removed Pin From Net: NetName=5V_REG_FB_REG_0 Pin=TP16_REG_0-1
Removed Pin From Net: NetName=5V_REG_FB_REG_1 Pin=TP16_REG_1-1
Change Component Footprint: Designator=MP1 Old Footprint=9774025243 New Footprint=9774025243
Change Component Footprint: Designator=MP2 Old Footprint=9774025243 New Footprint=9774025243
Change Component Footprint: Designator=MP3 Old Footprint=9774025243 New Footprint=9774025243
Change Component Footprint: Designator=MP4 Old Footprint=9774025243 New Footprint=9774025243
Change Component Footprint: Designator=MP5 Old Footprint=9774025243 New Footprint=9774025243
Change Component Footprint: Designator=J3 Old Footprint=692141030100 New Footprint=692141030100
Change Component Footprint: Designator=J4 Old Footprint=692141030100 New Footprint=692141030100
Added Component: Designator=C?(CAPC1608X90X40ML10T20)
Added Component: Designator=C?(CAPC1608X90X40ML10T20)
Added Component: Designator=TP30_REG_0(New footprint 1)
Added Component: Designator=TP30_REG_1(New footprint 1)
Added Component: Designator=TP31_REG_0(New footprint 1)
Added Component: Designator=TP31_REG_1(New footprint 1)
Added Component: Designator=TP32_REG_0(New footprint 1)
Added Component: Designator=TP32_REG_1(New footprint 1)
Added Pin To Net: NetName=GND Pin=C?-1
Added Pin To Net: NetName=5V_MAIN_VCC Pin=TP16_REG_0-1
Added Pin To Net: NetName=INT_VCC Pin=TP16_REG_1-1
Added Pin To Net: NetName=5V_MAIN_nENABLE Pin=TP30_REG_0-1
Added Pin To Net: NetName=5V_MAIN_nENABLE Pin=TP30_REG_1-1
Added Pin To Net: NetName=REG_nEN_REG_0 Pin=TP31_REG_0-1
Added Pin To Net: NetName=REG_nEN_REG_1 Pin=TP31_REG_1-1
Added Pin To Net: NetName=5V_REG_FB_REG_0 Pin=TP32_REG_0-1
Added Pin To Net: NetName=5V_REG_FB_REG_1 Pin=TP32_REG_1-1
Add Net: Net with name "NetC?_1" already exists
Add Net: Net with name "NetC?_2" already exists
Add Net: Net with name "NetR?_1" already exists
Add Net: Net with name "NetR?_1" already exists
Add Net: Net with name "NetR?_1" already exists
Add Net: Net with name "NetR?_1" already exists
Add Net: Net with name "PCIE_WAKE" already exists
Add Differential Pair: Number of nets in differential pair NetC15_GMSL_DESERIALIZER_0_1 is 1 instead of 2
Add Differential Pair: Number of nets in differential pair NetC15_GMSL_DESERIALIZER_1_1 is 1 instead of 2
Add Differential Pair: Number of nets in differential pair NetC16_GMSL_DESERIALIZER_0_1 is 1 instead of 2
Add Differential Pair: Number of nets in differential pair NetC16_GMSL_DESERIALIZER_1_1 is 1 instead of 2
Add Differential Pair: Number of nets in differential pair NetC17_GMSL_DESERIALIZER_0_1 is 1 instead of 2
Add Differential Pair: Number of nets in differential pair NetC17_GMSL_DESERIALIZER_1_1 is 1 instead of 2
Add Differential Pair: Number of nets in differential pair NetC18_GMSL_DESERIALIZER_0_1 is 1 instead of 2
Add Differential Pair: Number of nets in differential pair NetC18_GMSL_DESERIALIZER_1_1 is 1 instead of 2
Add Differential Pair: Number of nets in differential pair NetC19_GMSL_DESERIALIZER_0_1 is 1 instead of 2
Add Differential Pair: Number of nets in differential pair NetC19_GMSL_DESERIALIZER_1_1 is 1 instead of 2
Add Differential Pair: Number of nets in differential pair NetC20_GMSL_DESERIALIZER_0_1 is 1 instead of 2
Add Differential Pair: Number of nets in differential pair NetC20_GMSL_DESERIALIZER_1_1 is 1 instead of 2
Add Differential Pair: Number of nets in differential pair NetC23_GMSL_DESERIALIZER_0_1 is 1 instead of 2
Add Differential Pair: Number of nets in differential pair NetC23_GMSL_DESERIALIZER_1_1 is 1 instead of 2
Add Differential Pair: Number of nets in differential pair NetC24_GMSL_DESERIALIZER_0_1 is 1 instead of 2
Add Differential Pair: Number of nets in differential pair NetC24_GMSL_DESERIALIZER_1_1 is 1 instead of 2
Add Differential Pair: Number of nets in differential pair NetC25_GMSL_DESERIALIZER_0_1 is 1 instead of 2
Add Differential Pair: Number of nets in differential pair NetC25_GMSL_DESERIALIZER_1_1 is 1 instead of 2
Add Differential Pair: Number of nets in differential pair NetC28_GMSL_DESERIALIZER_0_1 is 1 instead of 2
Add Differential Pair: Number of nets in differential pair NetC28_GMSL_DESERIALIZER_1_1 is 1 instead of 2
Added Member To Class: ClassName=DAC_0 Member=Component C? GRM188R60J106ME47D
Added Member To Class: ClassName=DAC_0 Member=Component C? GRM188R60J106ME47D
Added Member To Class: ClassName=DAC_0 Member=Component C? C1005X7R1H104K050BB
Added Member To Class: ClassName=DAC_0 Member=Component C? GRM188R60J106ME47D
Added Member To Class: ClassName=DAC_0 Member=Component C? C1005X7R1H104K050BB
Added Member To Class: ClassName=DAC_0 Member=Component C? 0603 CAP
Added Member To Class: ClassName=DAC_0 Member=Component C? GRM188R60J106ME47D
Added Member To Class: ClassName=DAC_0 Member=Component J? 35RASMT4BHNTRX
Added Member To Class: ClassName=DAC_0 Member=Component L? LQG18HN2N2S00D
Added Member To Class: ClassName=DAC_0 Member=Component R? ERJ-3EKF49R9V
Added Member To Class: ClassName=DAC_0 Member=Component R? ERJ-3EKF49R9V
Added Member To Class: ClassName=DAC_0 Member=Component R? ERJ3EKF1002V
Added Member To Class: ClassName=DAC_0 Member=Component R? 0402 JUMPER
Added Member To Class: ClassName=DAC_0 Member=Component R? ERJ-3EKF49R9V
Added Member To Class: ClassName=DAC_0 Member=Component R? ERJ3EKF1002V
Added Member To Class: ClassName=DAC_0 Member=Component R? ERJ-3EKF49R9V
Added Member To Class: ClassName=DAC_0 Member=Component R? ERJ3EKF1002V
Added Member To Class: ClassName=REG_0 Member=Component TP30_REG_0 (TP30) TPAD6R
Added Member To Class: ClassName=REG_1 Member=Component TP30_REG_1 (TP30) TPAD6R
Added Member To Class: ClassName=REG_0 Member=Component TP31_REG_0 (TP31) TPAD6R
Added Member To Class: ClassName=REG_1 Member=Component TP31_REG_1 (TP31) TPAD6R
Added Member To Class: ClassName=REG_0 Member=Component TP32_REG_0 (TP32) TPAD6R
Added Member To Class: ClassName=REG_1 Member=Component TP32_REG_1 (TP32) TPAD6R
Added Member To Class: ClassName=DAC_0 Member=Component TP? TPAD6R
Added Member To Class: ClassName=DAC_0 Member=Component TP? TPAD6R
