Removed Pin From Net: NetName=GND Pin=C?-1
Removed Member From Class: ClassName=50SINGLE Member=CSI0_CLK_N
Removed Member From Class: ClassName=50SINGLE Member=CSI0_CLK_P
Removed Member From Class: ClassName=50SINGLE Member=CSI0_D0_N
Removed Member From Class: ClassName=50SINGLE Member=CSI0_D0_P
Removed Member From Class: ClassName=50SINGLE Member=CSI0_D1_N
Removed Member From Class: ClassName=50SINGLE Member=CSI0_D1_P
Removed Member From Class: ClassName=50SINGLE Member=CSI1_D0_N
Removed Member From Class: ClassName=50SINGLE Member=CSI1_D0_P
Removed Member From Class: ClassName=50SINGLE Member=CSI1_D1_N
Removed Member From Class: ClassName=50SINGLE Member=CSI1_D1_P
Removed Member From Class: ClassName=50SINGLE Member=CSI2_CLK_N
Removed Member From Class: ClassName=50SINGLE Member=CSI2_CLK_P
Removed Member From Class: ClassName=50SINGLE Member=CSI2_D0_N
Removed Member From Class: ClassName=50SINGLE Member=CSI2_D0_P
Removed Member From Class: ClassName=50SINGLE Member=CSI2_D1_N
Removed Member From Class: ClassName=50SINGLE Member=CSI2_D1_P
Removed Member From Class: ClassName=50SINGLE Member=CSI3_D0_N
Removed Member From Class: ClassName=50SINGLE Member=CSI3_D0_P
Removed Member From Class: ClassName=50SINGLE Member=CSI3_D1_N
Removed Member From Class: ClassName=50SINGLE Member=CSI3_D1_P
Removed Member From Class: ClassName=50SINGLE Member=GBE_MDI0_N
Removed Member From Class: ClassName=50SINGLE Member=GBE_MDI0_P
Removed Member From Class: ClassName=50SINGLE Member=GBE_MDI1_N
Removed Member From Class: ClassName=50SINGLE Member=GBE_MDI1_P
Removed Member From Class: ClassName=50SINGLE Member=GBE_MDI2_N
Removed Member From Class: ClassName=50SINGLE Member=GBE_MDI2_P
Removed Member From Class: ClassName=50SINGLE Member=GBE_MDI3_N
Removed Member From Class: ClassName=50SINGLE Member=GBE_MDI3_P
Removed Member From Class: ClassName=50SINGLE Member=PRE_CSI0_D1_N
Removed Member From Class: ClassName=50SINGLE Member=PRE_CSI0_D1_P
Removed Member From Class: ClassName=50SINGLE Member=PRE_CSI1_D0_N
Removed Member From Class: ClassName=50SINGLE Member=PRE_CSI1_D0_P
Added Component: Designator=C?(CAPC1608X90X40ML10T20)
Added Component: Designator=C?(CAPC1608X90X40ML10T20)
Added Pin To Net: NetName=GND Pin=C?-1
Added Pin To Net: NetName=NetC?_1 Pin=C?-1
Add Net: Net with name "NetC?_1" already exists
Add Net: Net with name "NetC?_2" already exists
Add Net: Net with name "NetR?_1" already exists
Add Net: Net with name "NetR?_1" already exists
Add Net: Net with name "NetR?_1" already exists
Add Net: Net with name "NetR?_1" already exists
Add Net: Net with name "PCIE_WAKE" already exists
Add Differential Pair: Number of nets in differential pair NetC15_GMSL_DESERIALIZER_0_1 is 1 instead of 2
Add Differential Pair: Number of nets in differential pair NetC15_GMSL_DESERIALIZER_1_1 is 1 instead of 2
Add Differential Pair: Number of nets in differential pair NetC16_GMSL_DESERIALIZER_0_1 is 1 instead of 2
Add Differential Pair: Number of nets in differential pair NetC16_GMSL_DESERIALIZER_1_1 is 1 instead of 2
Add Differential Pair: Number of nets in differential pair NetC17_GMSL_DESERIALIZER_0_1 is 1 instead of 2
Add Differential Pair: Number of nets in differential pair NetC17_GMSL_DESERIALIZER_1_1 is 1 instead of 2
Add Differential Pair: Number of nets in differential pair NetC18_GMSL_DESERIALIZER_0_1 is 1 instead of 2
Add Differential Pair: Number of nets in differential pair NetC18_GMSL_DESERIALIZER_1_1 is 1 instead of 2
Add Differential Pair: Number of nets in differential pair NetC19_GMSL_DESERIALIZER_0_1 is 1 instead of 2
Add Differential Pair: Number of nets in differential pair NetC19_GMSL_DESERIALIZER_1_1 is 1 instead of 2
Add Differential Pair: Number of nets in differential pair NetC20_GMSL_DESERIALIZER_0_1 is 1 instead of 2
Add Differential Pair: Number of nets in differential pair NetC20_GMSL_DESERIALIZER_1_1 is 1 instead of 2
Add Differential Pair: Number of nets in differential pair NetC23_GMSL_DESERIALIZER_0_1 is 1 instead of 2
Add Differential Pair: Number of nets in differential pair NetC23_GMSL_DESERIALIZER_1_1 is 1 instead of 2
Add Differential Pair: Number of nets in differential pair NetC24_GMSL_DESERIALIZER_0_1 is 1 instead of 2
Add Differential Pair: Number of nets in differential pair NetC24_GMSL_DESERIALIZER_1_1 is 1 instead of 2
Add Differential Pair: Number of nets in differential pair NetC25_GMSL_DESERIALIZER_0_1 is 1 instead of 2
Add Differential Pair: Number of nets in differential pair NetC25_GMSL_DESERIALIZER_1_1 is 1 instead of 2
Add Differential Pair: Number of nets in differential pair NetC28_GMSL_DESERIALIZER_0_1 is 1 instead of 2
Add Differential Pair: Number of nets in differential pair NetC28_GMSL_DESERIALIZER_1_1 is 1 instead of 2
Added Member To Class: ClassName=DAC_0 Member=Component C? C1005X7R1H104K050BB
Added Member To Class: ClassName=DAC_0 Member=Component C? GRM188R60J106ME47D
Added Member To Class: ClassName=DAC_0 Member=Component C? 0603 CAP
Added Member To Class: ClassName=DAC_0 Member=Component C? GRM188R60J106ME47D
Added Member To Class: ClassName=DAC_0 Member=Component C? GRM188R60J106ME47D
Added Member To Class: ClassName=DAC_0 Member=Component C? C1005X7R1H104K050BB
Added Member To Class: ClassName=DAC_0 Member=Component C? GRM188R60J106ME47D
Added Member To Class: ClassName=DAC_0 Member=Component J? 35RASMT4BHNTRX
Added Member To Class: ClassName=DAC_0 Member=Component L? LQG18HN2N2S00D
Added Member To Class: ClassName=DAC_0 Member=Component R? ERJ-3EKF49R9V
Added Member To Class: ClassName=DAC_0 Member=Component R? ERJ3EKF1002V
Added Member To Class: ClassName=DAC_0 Member=Component R? ERJ-3EKF49R9V
Added Member To Class: ClassName=DAC_0 Member=Component R? 0402 JUMPER
Added Member To Class: ClassName=DAC_0 Member=Component R? ERJ-3EKF49R9V
Added Member To Class: ClassName=DAC_0 Member=Component R? ERJ3EKF1002V
Added Member To Class: ClassName=DAC_0 Member=Component R? ERJ3EKF1002V
Added Member To Class: ClassName=DAC_0 Member=Component R? ERJ-3EKF49R9V
Added Member To Class: ClassName=DAC_0 Member=Component TP? TPAD6R
Added Member To Class: ClassName=DAC_0 Member=Component TP? TPAD6R
Added Member To Class: ClassName=100DIFF Member=Wire GBE_MDI0_N
Added Member To Class: ClassName=100DIFF Member=Wire GBE_MDI0_P
Added Member To Class: ClassName=100DIFF Member=Wire GBE_MDI1_N
Added Member To Class: ClassName=100DIFF Member=Wire GBE_MDI1_P
Added Member To Class: ClassName=100DIFF Member=Wire GBE_MDI2_N
Added Member To Class: ClassName=100DIFF Member=Wire GBE_MDI2_P
Added Member To Class: ClassName=100DIFF Member=Wire GBE_MDI3_N
Added Member To Class: ClassName=100DIFF Member=Wire GBE_MDI3_P
Added Member To Class: ClassName=100DIFF Member=Wire PRE_CSI0_D1_N
Added Member To Class: ClassName=100DIFF Member=Wire PRE_CSI0_D1_P
Added Member To Class: ClassName=100DIFF Member=Wire PRE_CSI1_D0_N
Added Member To Class: ClassName=100DIFF Member=Wire PRE_CSI1_D0_P
