Removed Pin From Net: NetName=FLIP4_N Pin=R97-2
Removed Pin From Net: NetName=FLIP4_P Pin=R98-2
Removed Pin From Net: NetName=FLIP5_N Pin=R99-2
Removed Pin From Net: NetName=FLIP5_P Pin=R100-2
Removed Pin From Net: NetName=FLIP6_N Pin=R101-2
Removed Pin From Net: NetName=FLIP6_P Pin=R103-2
Removed Pin From Net: NetName=FLIP7_N Pin=R104-2
Removed Pin From Net: NetName=FLIP7_P Pin=R105-2
Removed Member From Class: ClassName=NVME_0 Member=R97
Removed Member From Class: ClassName=NVME_0 Member=R98
Removed Member From Class: ClassName=NVME_0 Member=R99
Removed Member From Class: ClassName=NVME_0 Member=R100
Removed Member From Class: ClassName=NVME_0 Member=R101
Removed Member From Class: ClassName=NVME_0 Member=R103
Removed Member From Class: ClassName=NVME_0 Member=R104
Removed Member From Class: ClassName=NVME_0 Member=R105
Removed Member From Class: ClassName=85DIFF Member=PCIE_RX0_N
Removed Member From Class: ClassName=85DIFF Member=PCIE_RX0_P
Removed Member From Class: ClassName=85DIFF Member=PCIE_RX1_N
Removed Member From Class: ClassName=85DIFF Member=PCIE_RX1_P
Removed Member From Class: ClassName=85DIFF Member=PCIE_RX2_N
Removed Member From Class: ClassName=85DIFF Member=PCIE_RX2_P
Removed Member From Class: ClassName=85DIFF Member=PCIE_RX3_N
Removed Member From Class: ClassName=85DIFF Member=PCIE_RX3_P
Added Pin To Net: NetName=FLIP4_N Pin=J7-5
Added Pin To Net: NetName=FLIP4_P Pin=J7-7
Added Pin To Net: NetName=FLIP5_N Pin=J7-17
Added Pin To Net: NetName=FLIP5_P Pin=J7-19
Added Pin To Net: NetName=FLIP6_N Pin=J7-29
Added Pin To Net: NetName=FLIP6_P Pin=J7-31
Added Pin To Net: NetName=FLIP7_N Pin=J7-41
Added Pin To Net: NetName=FLIP7_P Pin=J7-43
Remove Class Member: Failed to remove class member
Remove Class Member: Failed to remove class member
Remove Class Member: Failed to remove class member
Remove Class Member: Failed to remove class member
