Removed Pin From Net: NetName=ENABLE_SoC_FAN_IF Pin=R236-1
Removed Pin From Net: NetName=5V_REG_FB_REG_1 Pin=R236-2
Removed Pin From Net: NetName=3V3_AUX_FB Pin=R299_AUX_FAN_IF-1
Removed Member From Class: ClassName=VISION_BETA_EBB Member=R236
Added Component: Designator=R236_AUX_FAN_IF(RESC1005X40X25ML05T05)
Add component (AddParameter): Name = "Case/Package"; Value = ""; VariantName = "[No Variations]"
Add component (AddParameter): Name = "Component Type"; Value = "Standard"; VariantName = "[No Variations]"
Add component (AddParameter): Name = "Design Item ID"; Value = "CMP-009-00206-2"; VariantName = "[No Variations]"
Add component (AddParameter): Name = "Max Operating Temperature"; Value = ""; VariantName = "[No Variations]"
Add component (AddParameter): Name = "Min Operating Temperature"; Value = ""; VariantName = "[No Variations]"
Add component (AddParameter): Name = "Mounting Technology"; Value = ""; VariantName = "[No Variations]"
Add component (AddParameter): Name = "Pins"; Value = "2"; VariantName = "[No Variations]"
Add component (AddParameter): Name = "Power"; Value = ""; VariantName = "[No Variations]"
Add component (AddParameter): Name = "RoHS Compliant"; Value = ""; VariantName = "[No Variations]"
Add component (AddParameter): Name = "Source"; Value = "0402jump.SchLib"; VariantName = "[No Variations]"
Add component (AddParameter): Name = "Tolerance"; Value = ""; VariantName = "[No Variations]"
Add component (AddParameter): Name = "Value"; Value = ""; VariantName = "[No Variations]"
Add component (AddParameter): Name = "Voltage Rating"; Value = ""; VariantName = "[No Variations]"
Added Component: Designator=R236_SoC_FAN_IF(RESC1005X40X25ML05T05)
Add component (AddParameter): Name = "Case/Package"; Value = ""; VariantName = "[No Variations]"
Add component (AddParameter): Name = "Component Type"; Value = "Standard"; VariantName = "[No Variations]"
Add component (AddParameter): Name = "Design Item ID"; Value = "CMP-009-00206-2"; VariantName = "[No Variations]"
Add component (AddParameter): Name = "Max Operating Temperature"; Value = ""; VariantName = "[No Variations]"
Add component (AddParameter): Name = "Min Operating Temperature"; Value = ""; VariantName = "[No Variations]"
Add component (AddParameter): Name = "Mounting Technology"; Value = ""; VariantName = "[No Variations]"
Add component (AddParameter): Name = "Pins"; Value = "2"; VariantName = "[No Variations]"
Add component (AddParameter): Name = "Power"; Value = ""; VariantName = "[No Variations]"
Add component (AddParameter): Name = "RoHS Compliant"; Value = ""; VariantName = "[No Variations]"
Add component (AddParameter): Name = "Source"; Value = "0402jump.SchLib"; VariantName = "[No Variations]"
Add component (AddParameter): Name = "Tolerance"; Value = ""; VariantName = "[No Variations]"
Add component (AddParameter): Name = "Value"; Value = ""; VariantName = "[No Variations]"
Add component (AddParameter): Name = "Voltage Rating"; Value = ""; VariantName = "[No Variations]"
Added Pin To Net: NetName=3V3_AUX_FB Pin=R236_AUX_FAN_IF-1
Added Pin To Net: NetName=5V_REG_FB_REG_1 Pin=R236_SoC_FAN_IF-1
Added Pin To Net: NetName=ENABLE_SoC_FAN_IF Pin=R236_SoC_FAN_IF-2
Added Pin To Net: NetName=ENABLE_AUX_FAN_IF Pin=R236_AUX_FAN_IF-2
Added Pin To Net: NetName=ENABLE_AUX_FAN_IF Pin=R299_AUX_FAN_IF-1
Added Net: Name=ENABLE_AUX_FAN_IF
Added Member To Class: ClassName=AUX_FAN_IF Member=Component R236_AUX_FAN_IF (R236) 0402 JUMPER
Added Member To Class: ClassName=SoC_FAN_IF Member=Component R236_SoC_FAN_IF (R236) 0402 JUMPER
