Added Component: Designator=C?(CAPC1608X90X40ML10T20)
Added Component: Designator=C?(CAPC1608X90X40ML10T20)
Added Component: Designator=TP40_GMSL_DESERIALIZER_0(New footprint 1)
Added Component: Designator=TP40_GMSL_DESERIALIZER_1(New footprint 1)
Added Component: Designator=TP41_GMSL_DESERIALIZER_0(New footprint 1)
Added Component: Designator=TP41_GMSL_DESERIALIZER_1(New footprint 1)
Added Component: Designator=TP42_GMSL_DESERIALIZER_0(New footprint 1)
Added Component: Designator=TP42_GMSL_DESERIALIZER_1(New footprint 1)
Added Component: Designator=TP43_GMSL_DESERIALIZER_0(New footprint 1)
Added Component: Designator=TP43_GMSL_DESERIALIZER_1(New footprint 1)
Added Component: Designator=TP44_GMSL_DESERIALIZER_0(New footprint 1)
Added Component: Designator=TP44_GMSL_DESERIALIZER_1(New footprint 1)
Added Component: Designator=TP45_GMSL_DESERIALIZER_0(New footprint 1)
Added Component: Designator=TP45_GMSL_DESERIALIZER_1(New footprint 1)
Added Component: Designator=TP46_GMSL_DESERIALIZER_0(New footprint 1)
Added Component: Designator=TP46_GMSL_DESERIALIZER_1(New footprint 1)
Added Component: Designator=TP47_GMSL_DESERIALIZER_0(New footprint 1)
Added Component: Designator=TP47_GMSL_DESERIALIZER_1(New footprint 1)
Added Component: Designator=TP48_GMSL_DESERIALIZER_0(New footprint 1)
Added Component: Designator=TP48_GMSL_DESERIALIZER_1(New footprint 1)
Added Component: Designator=TP49_GMSL_DESERIALIZER_0(New footprint 1)
Added Component: Designator=TP49_GMSL_DESERIALIZER_1(New footprint 1)
Added Component: Designator=TP50_GMSL_DESERIALIZER_0(New footprint 1)
Added Component: Designator=TP50_GMSL_DESERIALIZER_1(New footprint 1)
Added Pin To Net: NetName=GND Pin=C?-1
Added Pin To Net: NetName=CAM_I2C_SDA Pin=TP40_GMSL_DESERIALIZER_0-1
Added Pin To Net: NetName=CAM_I2C_SDA Pin=TP40_GMSL_DESERIALIZER_1-1
Added Pin To Net: NetName=CAM_I2C_SCL Pin=TP42_GMSL_DESERIALIZER_0-1
Added Pin To Net: NetName=CAM_I2C_SCL Pin=TP42_GMSL_DESERIALIZER_1-1
Added Pin To Net: NetName=NetR10_GMSL_DESERIALIZER_0_1 Pin=TP47_GMSL_DESERIALIZER_0-1
Added Pin To Net: NetName=NetR10_GMSL_DESERIALIZER_1_1 Pin=TP47_GMSL_DESERIALIZER_1-1
Change Net Name : Old Net Name=NetR10_GMSL_DESERIALIZER_0_1 New Net Name=MFP6_GMSL_DESERIALIZER_0
Change Net Name : Old Net Name=NetR10_GMSL_DESERIALIZER_1_1 New Net Name=MFP6_GMSL_DESERIALIZER_1
Added Pin To Net: NetName=MFP0_GMSL_DESERIALIZER_0 Pin=TP44_GMSL_DESERIALIZER_0-1
Added Pin To Net: NetName=MFP0_GMSL_DESERIALIZER_0 Pin=U1_GMSL_DESERIALIZER_0-1
Added Net: Name=MFP0_GMSL_DESERIALIZER_0
Added Pin To Net: NetName=MFP0_GMSL_DESERIALIZER_1 Pin=TP44_GMSL_DESERIALIZER_1-1
Added Pin To Net: NetName=MFP0_GMSL_DESERIALIZER_1 Pin=U1_GMSL_DESERIALIZER_1-1
Added Net: Name=MFP0_GMSL_DESERIALIZER_1
Added Pin To Net: NetName=MFP1_GMSL_DESERIALIZER_0 Pin=TP46_GMSL_DESERIALIZER_0-1
Added Pin To Net: NetName=MFP1_GMSL_DESERIALIZER_0 Pin=U1_GMSL_DESERIALIZER_0-2
Added Net: Name=MFP1_GMSL_DESERIALIZER_0
Added Pin To Net: NetName=MFP1_GMSL_DESERIALIZER_1 Pin=TP46_GMSL_DESERIALIZER_1-1
Added Pin To Net: NetName=MFP1_GMSL_DESERIALIZER_1 Pin=U1_GMSL_DESERIALIZER_1-2
Added Net: Name=MFP1_GMSL_DESERIALIZER_1
Added Pin To Net: NetName=MFP2_GMSL_DESERIALIZER_0 Pin=TP48_GMSL_DESERIALIZER_0-1
Added Pin To Net: NetName=MFP2_GMSL_DESERIALIZER_0 Pin=U1_GMSL_DESERIALIZER_0-3
Added Net: Name=MFP2_GMSL_DESERIALIZER_0
Added Pin To Net: NetName=MFP2_GMSL_DESERIALIZER_1 Pin=TP48_GMSL_DESERIALIZER_1-1
Added Pin To Net: NetName=MFP2_GMSL_DESERIALIZER_1 Pin=U1_GMSL_DESERIALIZER_1-3
Added Net: Name=MFP2_GMSL_DESERIALIZER_1
Added Pin To Net: NetName=MFP3_GMSL_DESERIALIZER_0 Pin=TP41_GMSL_DESERIALIZER_0-1
Added Pin To Net: NetName=MFP3_GMSL_DESERIALIZER_0 Pin=U1_GMSL_DESERIALIZER_0-12
Added Net: Name=MFP3_GMSL_DESERIALIZER_0
Added Pin To Net: NetName=MFP3_GMSL_DESERIALIZER_1 Pin=TP41_GMSL_DESERIALIZER_1-1
Added Pin To Net: NetName=MFP3_GMSL_DESERIALIZER_1 Pin=U1_GMSL_DESERIALIZER_1-12
Added Net: Name=MFP3_GMSL_DESERIALIZER_1
Added Pin To Net: NetName=MFP4_GMSL_DESERIALIZER_0 Pin=TP43_GMSL_DESERIALIZER_0-1
Added Pin To Net: NetName=MFP4_GMSL_DESERIALIZER_0 Pin=U1_GMSL_DESERIALIZER_0-13
Added Net: Name=MFP4_GMSL_DESERIALIZER_0
Added Pin To Net: NetName=MFP4_GMSL_DESERIALIZER_1 Pin=TP43_GMSL_DESERIALIZER_1-1
Added Pin To Net: NetName=MFP4_GMSL_DESERIALIZER_1 Pin=U1_GMSL_DESERIALIZER_1-13
Added Net: Name=MFP4_GMSL_DESERIALIZER_1
Added Pin To Net: NetName=MFP5_GMSL_DESERIALIZER_0 Pin=TP45_GMSL_DESERIALIZER_0-1
Added Pin To Net: NetName=MFP5_GMSL_DESERIALIZER_0 Pin=U1_GMSL_DESERIALIZER_0-14
Added Net: Name=MFP5_GMSL_DESERIALIZER_0
Added Pin To Net: NetName=MFP5_GMSL_DESERIALIZER_1 Pin=TP45_GMSL_DESERIALIZER_1-1
Added Pin To Net: NetName=MFP5_GMSL_DESERIALIZER_1 Pin=U1_GMSL_DESERIALIZER_1-14
Added Net: Name=MFP5_GMSL_DESERIALIZER_1
Added Pin To Net: NetName=MFP7_GMSL_DESERIALIZER_0 Pin=TP49_GMSL_DESERIALIZER_0-1
Added Pin To Net: NetName=MFP7_GMSL_DESERIALIZER_0 Pin=U1_GMSL_DESERIALIZER_0-26
Added Net: Name=MFP7_GMSL_DESERIALIZER_0
Added Pin To Net: NetName=MFP7_GMSL_DESERIALIZER_1 Pin=TP49_GMSL_DESERIALIZER_1-1
Added Pin To Net: NetName=MFP7_GMSL_DESERIALIZER_1 Pin=U1_GMSL_DESERIALIZER_1-26
Added Net: Name=MFP7_GMSL_DESERIALIZER_1
Added Pin To Net: NetName=MFP8_GMSL_DESERIALIZER_0 Pin=TP50_GMSL_DESERIALIZER_0-1
Added Pin To Net: NetName=MFP8_GMSL_DESERIALIZER_0 Pin=U1_GMSL_DESERIALIZER_0-27
Added Net: Name=MFP8_GMSL_DESERIALIZER_0
Added Pin To Net: NetName=MFP8_GMSL_DESERIALIZER_1 Pin=TP50_GMSL_DESERIALIZER_1-1
Added Pin To Net: NetName=MFP8_GMSL_DESERIALIZER_1 Pin=U1_GMSL_DESERIALIZER_1-27
Added Net: Name=MFP8_GMSL_DESERIALIZER_1
Add Net: Net with name "NetC?_1" already exists
Add Net: Net with name "NetC?_2" already exists
Add Net: Net with name "NetR?_1" already exists
Add Net: Net with name "NetR?_1" already exists
Add Net: Net with name "NetR?_1" already exists
Add Net: Net with name "NetR?_1" already exists
Add Net: Net with name "PCIE_WAKE" already exists
Add Differential Pair: Number of nets in differential pair NetC15_GMSL_DESERIALIZER_0_1 is 1 instead of 2
Add Differential Pair: Number of nets in differential pair NetC15_GMSL_DESERIALIZER_1_1 is 1 instead of 2
Add Differential Pair: Number of nets in differential pair NetC16_GMSL_DESERIALIZER_0_1 is 1 instead of 2
Add Differential Pair: Number of nets in differential pair NetC16_GMSL_DESERIALIZER_1_1 is 1 instead of 2
Add Differential Pair: Number of nets in differential pair NetC17_GMSL_DESERIALIZER_0_1 is 1 instead of 2
Add Differential Pair: Number of nets in differential pair NetC17_GMSL_DESERIALIZER_1_1 is 1 instead of 2
Add Differential Pair: Number of nets in differential pair NetC18_GMSL_DESERIALIZER_0_1 is 1 instead of 2
Add Differential Pair: Number of nets in differential pair NetC18_GMSL_DESERIALIZER_1_1 is 1 instead of 2
Add Differential Pair: Number of nets in differential pair NetC19_GMSL_DESERIALIZER_0_1 is 1 instead of 2
Add Differential Pair: Number of nets in differential pair NetC19_GMSL_DESERIALIZER_1_1 is 1 instead of 2
Add Differential Pair: Number of nets in differential pair NetC20_GMSL_DESERIALIZER_0_1 is 1 instead of 2
Add Differential Pair: Number of nets in differential pair NetC20_GMSL_DESERIALIZER_1_1 is 1 instead of 2
Add Differential Pair: Number of nets in differential pair NetC23_GMSL_DESERIALIZER_0_1 is 1 instead of 2
Add Differential Pair: Number of nets in differential pair NetC23_GMSL_DESERIALIZER_1_1 is 1 instead of 2
Add Differential Pair: Number of nets in differential pair NetC24_GMSL_DESERIALIZER_0_1 is 1 instead of 2
Add Differential Pair: Number of nets in differential pair NetC24_GMSL_DESERIALIZER_1_1 is 1 instead of 2
Add Differential Pair: Number of nets in differential pair NetC25_GMSL_DESERIALIZER_0_1 is 1 instead of 2
Add Differential Pair: Number of nets in differential pair NetC25_GMSL_DESERIALIZER_1_1 is 1 instead of 2
Add Differential Pair: Number of nets in differential pair NetC28_GMSL_DESERIALIZER_0_1 is 1 instead of 2
Add Differential Pair: Number of nets in differential pair NetC28_GMSL_DESERIALIZER_1_1 is 1 instead of 2
Added Member To Class: ClassName=DAC_0 Member=Component C? GRM188R60J106ME47D
Added Member To Class: ClassName=DAC_0 Member=Component C? C1005X7R1H104K050BB
Added Member To Class: ClassName=DAC_0 Member=Component C? 0603 CAP
Added Member To Class: ClassName=DAC_0 Member=Component C? GRM188R60J106ME47D
Added Member To Class: ClassName=DAC_0 Member=Component C? GRM188R60J106ME47D
Added Member To Class: ClassName=DAC_0 Member=Component C? C1005X7R1H104K050BB
Added Member To Class: ClassName=DAC_0 Member=Component C? GRM188R60J106ME47D
Added Member To Class: ClassName=DAC_0 Member=Component J? 35RASMT4BHNTRX
Added Member To Class: ClassName=DAC_0 Member=Component L? LQG18HN2N2S00D
Added Member To Class: ClassName=DAC_0 Member=Component R? ERJ3EKF1002V
Added Member To Class: ClassName=DAC_0 Member=Component R? ERJ-3EKF49R9V
Added Member To Class: ClassName=DAC_0 Member=Component R? ERJ3EKF1002V
Added Member To Class: ClassName=DAC_0 Member=Component R? 0402 JUMPER
Added Member To Class: ClassName=DAC_0 Member=Component R? ERJ3EKF1002V
Added Member To Class: ClassName=DAC_0 Member=Component R? ERJ-3EKF49R9V
Added Member To Class: ClassName=DAC_0 Member=Component R? ERJ-3EKF49R9V
Added Member To Class: ClassName=DAC_0 Member=Component R? ERJ-3EKF49R9V
Added Member To Class: ClassName=GMSL_DESERIALIZER_0 Member=Component TP40_GMSL_DESERIALIZER_0 (TP40) TPAD6R
Added Member To Class: ClassName=GMSL_DESERIALIZER_1 Member=Component TP40_GMSL_DESERIALIZER_1 (TP40) TPAD6R
Added Member To Class: ClassName=GMSL_DESERIALIZER_0 Member=Component TP41_GMSL_DESERIALIZER_0 (TP41) TPAD6R
Added Member To Class: ClassName=GMSL_DESERIALIZER_1 Member=Component TP41_GMSL_DESERIALIZER_1 (TP41) TPAD6R
Added Member To Class: ClassName=GMSL_DESERIALIZER_0 Member=Component TP42_GMSL_DESERIALIZER_0 (TP42) TPAD6R
Added Member To Class: ClassName=GMSL_DESERIALIZER_1 Member=Component TP42_GMSL_DESERIALIZER_1 (TP42) TPAD6R
Added Member To Class: ClassName=GMSL_DESERIALIZER_0 Member=Component TP43_GMSL_DESERIALIZER_0 (TP43) TPAD6R
Added Member To Class: ClassName=GMSL_DESERIALIZER_1 Member=Component TP43_GMSL_DESERIALIZER_1 (TP43) TPAD6R
Added Member To Class: ClassName=GMSL_DESERIALIZER_0 Member=Component TP44_GMSL_DESERIALIZER_0 (TP44) TPAD6R
Added Member To Class: ClassName=GMSL_DESERIALIZER_1 Member=Component TP44_GMSL_DESERIALIZER_1 (TP44) TPAD6R
Added Member To Class: ClassName=GMSL_DESERIALIZER_0 Member=Component TP45_GMSL_DESERIALIZER_0 (TP45) TPAD6R
Added Member To Class: ClassName=GMSL_DESERIALIZER_1 Member=Component TP45_GMSL_DESERIALIZER_1 (TP45) TPAD6R
Added Member To Class: ClassName=GMSL_DESERIALIZER_0 Member=Component TP46_GMSL_DESERIALIZER_0 (TP46) TPAD6R
Added Member To Class: ClassName=GMSL_DESERIALIZER_1 Member=Component TP46_GMSL_DESERIALIZER_1 (TP46) TPAD6R
Added Member To Class: ClassName=GMSL_DESERIALIZER_0 Member=Component TP47_GMSL_DESERIALIZER_0 (TP47) TPAD6R
Added Member To Class: ClassName=GMSL_DESERIALIZER_1 Member=Component TP47_GMSL_DESERIALIZER_1 (TP47) TPAD6R
Added Member To Class: ClassName=GMSL_DESERIALIZER_0 Member=Component TP48_GMSL_DESERIALIZER_0 (TP48) TPAD6R
Added Member To Class: ClassName=GMSL_DESERIALIZER_1 Member=Component TP48_GMSL_DESERIALIZER_1 (TP48) TPAD6R
Added Member To Class: ClassName=GMSL_DESERIALIZER_0 Member=Component TP49_GMSL_DESERIALIZER_0 (TP49) TPAD6R
Added Member To Class: ClassName=GMSL_DESERIALIZER_1 Member=Component TP49_GMSL_DESERIALIZER_1 (TP49) TPAD6R
Added Member To Class: ClassName=GMSL_DESERIALIZER_0 Member=Component TP50_GMSL_DESERIALIZER_0 (TP50) TPAD6R
Added Member To Class: ClassName=GMSL_DESERIALIZER_1 Member=Component TP50_GMSL_DESERIALIZER_1 (TP50) TPAD6R
Added Member To Class: ClassName=DAC_0 Member=Component TP? TPAD6R
Added Member To Class: ClassName=DAC_0 Member=Component TP? TPAD6R
