Removed Pin From Net: NetName=GND Pin=C189-1
Removed Pin From Net: NetName=X_P Pin=C189-2
Removed Pin From Net: NetName=GND Pin=C190-1
Removed Pin From Net: NetName=X_N Pin=C190-2
Removed Pin From Net: NetName=X32_N Pin=C192-1
Removed Pin From Net: NetName=X32_N Pin=Y5-2
Change Component Footprint: Designator=C189 Old Footprint=FP-0805-L_2_01_0_2-W_1_25-MFG New Footprint=FP-C0402-BB-MFG
Change Component Footprint: Designator=C190 Old Footprint=FP-0805-L_2_01_0_2-W_1_25-MFG New Footprint=FP-C0402-BB-MFG
Change Component Footprint: Designator=C191 Old Footprint=FP-C0805C-DN-MFG New Footprint=FP-0402-L_1_0_1-W_0_5_0_1-IPC_A
Change Component Footprint: Designator=C192 Old Footprint=FP-C0805C-DN-MFG New Footprint=FP-0402-L_1_0_1-W_0_5_0_1-IPC_A
Change Component Comment : Designator=C189 Old Comment=08051A6R8CAT2A New Comment=C0402C689C5GACTU
Change Component Comment : Designator=C190 Old Comment=08051A6R8CAT2A New Comment=C0402C689C5GACTU
Change Component Comment : Designator=C191 Old Comment=C0805C180J5GACTU New Comment=04025A180FAT2A
Change Component Comment : Designator=C192 Old Comment=C0805C180J5GACTU New Comment=04025A180FAT2A
Change Managed Component Library Link : Designator=C189 Old VaultGUID=B7D15EC3-160A-466F-A46C-7801FE6295A7 New VaultGUID=B7D15EC3-160A-466F-A46C-7801FE6295A7 Old ItemGUID=A55422CA-5FB8-4CA3-9E6F-8CA69AD7082D New ItemGUID=E2A4A070-84D1-492C-A46C-3008E1507561 Old RevisionGUID=15936A9A-1F2A-4AA8-8791-EA6B56349C81 New RevisionGUID=11EBE2AB-55A8-46E2-A467-895F4C6ABCC5
Change Managed Component Library Link : Designator=C190 Old VaultGUID=B7D15EC3-160A-466F-A46C-7801FE6295A7 New VaultGUID=B7D15EC3-160A-466F-A46C-7801FE6295A7 Old ItemGUID=A55422CA-5FB8-4CA3-9E6F-8CA69AD7082D New ItemGUID=E2A4A070-84D1-492C-A46C-3008E1507561 Old RevisionGUID=15936A9A-1F2A-4AA8-8791-EA6B56349C81 New RevisionGUID=11EBE2AB-55A8-46E2-A467-895F4C6ABCC5
Change Managed Component Library Link : Designator=C191 Old VaultGUID=B7D15EC3-160A-466F-A46C-7801FE6295A7 New VaultGUID=B7D15EC3-160A-466F-A46C-7801FE6295A7 Old ItemGUID=21D42BD3-6E5B-4388-8290-284CAE64437A New ItemGUID=5BF7BEF6-7528-4B96-A964-CF00133BAB2E Old RevisionGUID=5B064BCD-0AF0-4C22-BB23-6885AA096BE2 New RevisionGUID=13771424-50D3-420C-B2B2-06ED69A81AB4
Change Managed Component Library Link : Designator=C192 Old VaultGUID=B7D15EC3-160A-466F-A46C-7801FE6295A7 New VaultGUID=B7D15EC3-160A-466F-A46C-7801FE6295A7 Old ItemGUID=21D42BD3-6E5B-4388-8290-284CAE64437A New ItemGUID=5BF7BEF6-7528-4B96-A964-CF00133BAB2E Old RevisionGUID=5B064BCD-0AF0-4C22-BB23-6885AA096BE2 New RevisionGUID=13771424-50D3-420C-B2B2-06ED69A81AB4
Change component parameters: Designator = "C189" ("C189"); Footprint = "FP-0805-L_2_01_0_2-W_1_25-MFG"; UniqueID = "\YEHCPTPV\IWLDFFMS" ("\YEHCPTPV\IWLDFFMS")
Change component parameters (AddParameter): Name = "Automotive"; Value = "No"; VariantName = "[No Variations]"
Change component parameters (AddParameter): Name = "Capacitance"; Value = "6.8 pF"; VariantName = "[No Variations]"
Change component parameters (AddParameter): Name = "Category"; Value = "Cap"; VariantName = "[No Variations]"
Change component parameters (AddParameter): Name = "ComponentLink2Description"; Value = "Datasheet"; VariantName = "[No Variations]"
Change component parameters (AddParameter): Name = "ComponentLink2URL"; Value = "https://content.kemet.com/datasheets/KEM_C1002_X7R_SMD.pdf"; VariantName = "[No Variations]"
Change component parameters (AddParameter): Name = "Device Class L1"; Value = "Passive Components"; VariantName = "[No Variations]"
Change component parameters (AddParameter): Name = "Device Class L2"; Value = "Capacitors"; VariantName = "[No Variations]"
Change component parameters (AddParameter): Name = "Device Class L3"; Value = "Ceramic Capacitors"; VariantName = "[No Variations]"
Change component parameters (AddParameter): Name = "Digikey Description"; Value = "CAP CER 6.8PF 50V NP0 0402"; VariantName = "[No Variations]"
Change component parameters (AddParameter): Name = "Height"; Value = "0.55mm"; VariantName = "[No Variations]"
Change component parameters (AddParameter): Name = "Ipc Land Pattern Name"; Value = "CAPC10050X50"; VariantName = "[No Variations]"
Change component parameters (AddParameter): Name = "Lead Free"; Value = "Yes"; VariantName = "[No Variations]"
Change component parameters (AddParameter): Name = "Manufacturer"; Value = "Kemet"; VariantName = "[No Variations]"
Change component parameters (AddParameter): Name = "Manufacturer Part Number"; Value = "C0402C689C5GACTU"; VariantName = "[No Variations]"
Change component parameters (AddParameter): Name = "Material"; Value = "Ceramic"; VariantName = "[No Variations]"
Change component parameters (AddParameter): Name = "Mouser Description"; Value = "Cap Ceramic 6.8pF 50V C0G 0.25pF SMD 0402 125°C Paper T/R"; VariantName = "[No Variations]"
Change component parameters (AddParameter): Name = "Octopart"; Value = "https://octopart.com/c0402c689c5gactu-kemet-9143567"; VariantName = "[No Variations]"
Change component parameters (AddParameter): Name = "Package"; Value = "C0402-BB"; VariantName = "[No Variations]"
Change component parameters (AddParameter): Name = "RoHS"; Value = "TRUE"; VariantName = "[No Variations]"
Change component parameters (AddParameter): Name = "Temperature"; Value = "-55°C to +125°C"; VariantName = "[No Variations]"
Change component parameters (AddParameter): Name = "Temperature Characteristic"; Value = "C0G"; VariantName = "[No Variations]"
Change component parameters (AddParameter): Name = "Temperature Coefficient"; Value = "15%"; VariantName = "[No Variations]"
Change component parameters (AddParameter): Name = "Temperature Range High"; Value = "+125°C"; VariantName = "[No Variations]"
Change component parameters (AddParameter): Name = "Temperature Range Low"; Value = "-55°C"; VariantName = "[No Variations]"
Change component parameters (AddParameter): Name = "Tolerance"; Value = "0.25 pF"; VariantName = "[No Variations]"
Change component parameters (AddParameter): Name = "Value"; Value = "6.8 pF"; VariantName = "[No Variations]"
Change component parameters (AddParameter): Name = "Voltage Rating"; Value = "50 V"; VariantName = "[No Variations]"
Change component parameters: Designator = "C190" ("C190"); Footprint = "FP-0805-L_2_01_0_2-W_1_25-MFG"; UniqueID = "\YEHCPTPV\KHUXPKGN" ("\YEHCPTPV\KHUXPKGN")
Change component parameters (AddParameter): Name = "Automotive"; Value = "No"; VariantName = "[No Variations]"
Change component parameters (AddParameter): Name = "Capacitance"; Value = "6.8 pF"; VariantName = "[No Variations]"
Change component parameters (AddParameter): Name = "Category"; Value = "Cap"; VariantName = "[No Variations]"
Change component parameters (AddParameter): Name = "ComponentLink2Description"; Value = "Datasheet"; VariantName = "[No Variations]"
Change component parameters (AddParameter): Name = "ComponentLink2URL"; Value = "https://content.kemet.com/datasheets/KEM_C1002_X7R_SMD.pdf"; VariantName = "[No Variations]"
Change component parameters (AddParameter): Name = "Device Class L1"; Value = "Passive Components"; VariantName = "[No Variations]"
Change component parameters (AddParameter): Name = "Device Class L2"; Value = "Capacitors"; VariantName = "[No Variations]"
Change component parameters (AddParameter): Name = "Device Class L3"; Value = "Ceramic Capacitors"; VariantName = "[No Variations]"
Change component parameters (AddParameter): Name = "Digikey Description"; Value = "CAP CER 6.8PF 50V NP0 0402"; VariantName = "[No Variations]"
Change component parameters (AddParameter): Name = "Height"; Value = "0.55mm"; VariantName = "[No Variations]"
Change component parameters (AddParameter): Name = "Ipc Land Pattern Name"; Value = "CAPC10050X50"; VariantName = "[No Variations]"
Change component parameters (AddParameter): Name = "Lead Free"; Value = "Yes"; VariantName = "[No Variations]"
Change component parameters (AddParameter): Name = "Manufacturer"; Value = "Kemet"; VariantName = "[No Variations]"
Change component parameters (AddParameter): Name = "Manufacturer Part Number"; Value = "C0402C689C5GACTU"; VariantName = "[No Variations]"
Change component parameters (AddParameter): Name = "Material"; Value = "Ceramic"; VariantName = "[No Variations]"
Change component parameters (AddParameter): Name = "Mouser Description"; Value = "Cap Ceramic 6.8pF 50V C0G 0.25pF SMD 0402 125°C Paper T/R"; VariantName = "[No Variations]"
Change component parameters (AddParameter): Name = "Octopart"; Value = "https://octopart.com/c0402c689c5gactu-kemet-9143567"; VariantName = "[No Variations]"
Change component parameters (AddParameter): Name = "Package"; Value = "C0402-BB"; VariantName = "[No Variations]"
Change component parameters (AddParameter): Name = "RoHS"; Value = "TRUE"; VariantName = "[No Variations]"
Change component parameters (AddParameter): Name = "Temperature"; Value = "-55°C to +125°C"; VariantName = "[No Variations]"
Change component parameters (AddParameter): Name = "Temperature Characteristic"; Value = "C0G"; VariantName = "[No Variations]"
Change component parameters (AddParameter): Name = "Temperature Coefficient"; Value = "15%"; VariantName = "[No Variations]"
Change component parameters (AddParameter): Name = "Temperature Range High"; Value = "+125°C"; VariantName = "[No Variations]"
Change component parameters (AddParameter): Name = "Temperature Range Low"; Value = "-55°C"; VariantName = "[No Variations]"
Change component parameters (AddParameter): Name = "Tolerance"; Value = "0.25 pF"; VariantName = "[No Variations]"
Change component parameters (AddParameter): Name = "Value"; Value = "6.8 pF"; VariantName = "[No Variations]"
Change component parameters (AddParameter): Name = "Voltage Rating"; Value = "50 V"; VariantName = "[No Variations]"
Change component parameters: Designator = "C191" ("C191"); Footprint = "FP-C0805C-DN-MFG"; UniqueID = "\YEHCPTPV\BRYJAYYI" ("\YEHCPTPV\BRYJAYYI")
Change component parameters (AddParameter): Name = "Capacitance"; Value = "18pF"; VariantName = "[No Variations]"
Change component parameters (AddParameter): Name = "Case Code (Imperial)"; Value = "0402"; VariantName = "[No Variations]"
Change component parameters (AddParameter): Name = "Case Code (Metric)"; Value = "1005"; VariantName = "[No Variations]"
Change component parameters (AddParameter): Name = "Case/Package"; Value = "0402"; VariantName = "[No Variations]"
Change component parameters (AddParameter): Name = "Construction"; Value = "Flat"; VariantName = "[No Variations]"
Change component parameters (AddParameter): Name = "Contact Plating"; Value = "Tin"; VariantName = "[No Variations]"
Change component parameters (AddParameter): Name = "Depth"; Value = "0.5mm"; VariantName = "[No Variations]"
Change component parameters (AddParameter): Name = "Dielectric"; Value = "C0G"; VariantName = "[No Variations]"
Change component parameters (AddParameter): Name = "Lead Free"; Value = "Lead Free"; VariantName = "[No Variations]"
Change component parameters (AddParameter): Name = "Length"; Value = "1mm"; VariantName = "[No Variations]"
Change component parameters (AddParameter): Name = "Max Operating Temperature"; Value = "125°C"; VariantName = "[No Variations]"
Change component parameters (AddParameter): Name = "Min Operating Temperature"; Value = "-55°C"; VariantName = "[No Variations]"
Change component parameters (AddParameter): Name = "Mount"; Value = "Surface Mount"; VariantName = "[No Variations]"
Change component parameters (AddParameter): Name = "Number of Pins"; Value = "2"; VariantName = "[No Variations]"
Change component parameters (AddParameter): Name = "Package Quantity"; Value = "1"; VariantName = "[No Variations]"
Change component parameters (AddParameter): Name = "Packaging"; Value = "Tape and Reel"; VariantName = "[No Variations]"
Change component parameters (AddParameter): Name = "Radiation Hardening"; Value = "No"; VariantName = "[No Variations]"
Change component parameters (AddParameter): Name = "REACH SVHC"; Value = "No SVHC"; VariantName = "[No Variations]"
Change component parameters (AddParameter): Name = "RoHS Compliant"; Value = "Yes"; VariantName = "[No Variations]"
Change component parameters (AddParameter): Name = "Series"; Value = "-"; VariantName = "[No Variations]"
Change component parameters (AddParameter): Name = "Termination"; Value = "SMD/SMT"; VariantName = "[No Variations]"
Change component parameters (AddParameter): Name = "Thickness"; Value = "0.022inch"; VariantName = "[No Variations]"
Change component parameters (AddParameter): Name = "Tolerance"; Value = "1%"; VariantName = "[No Variations]"
Change component parameters (AddParameter): Name = "Voltage Rating"; Value = "50V"; VariantName = "[No Variations]"
Change component parameters (AddParameter): Name = "Voltage Rating (DC)"; Value = "50V"; VariantName = "[No Variations]"
Change component parameters (AddParameter): Name = "Width"; Value = "0.5mm"; VariantName = "[No Variations]"
Change component parameters: Designator = "C192" ("C192"); Footprint = "FP-C0805C-DN-MFG"; UniqueID = "\YEHCPTPV\UVGNZVRL" ("\YEHCPTPV\UVGNZVRL")
Change component parameters (AddParameter): Name = "Capacitance"; Value = "18pF"; VariantName = "[No Variations]"
Change component parameters (AddParameter): Name = "Case Code (Imperial)"; Value = "0402"; VariantName = "[No Variations]"
Change component parameters (AddParameter): Name = "Case Code (Metric)"; Value = "1005"; VariantName = "[No Variations]"
Change component parameters (AddParameter): Name = "Case/Package"; Value = "0402"; VariantName = "[No Variations]"
Change component parameters (AddParameter): Name = "Construction"; Value = "Flat"; VariantName = "[No Variations]"
Change component parameters (AddParameter): Name = "Contact Plating"; Value = "Tin"; VariantName = "[No Variations]"
Change component parameters (AddParameter): Name = "Depth"; Value = "0.5mm"; VariantName = "[No Variations]"
Change component parameters (AddParameter): Name = "Dielectric"; Value = "C0G"; VariantName = "[No Variations]"
Change component parameters (AddParameter): Name = "Lead Free"; Value = "Lead Free"; VariantName = "[No Variations]"
Change component parameters (AddParameter): Name = "Length"; Value = "1mm"; VariantName = "[No Variations]"
Change component parameters (AddParameter): Name = "Max Operating Temperature"; Value = "125°C"; VariantName = "[No Variations]"
Change component parameters (AddParameter): Name = "Min Operating Temperature"; Value = "-55°C"; VariantName = "[No Variations]"
Change component parameters (AddParameter): Name = "Mount"; Value = "Surface Mount"; VariantName = "[No Variations]"
Change component parameters (AddParameter): Name = "Number of Pins"; Value = "2"; VariantName = "[No Variations]"
Change component parameters (AddParameter): Name = "Package Quantity"; Value = "1"; VariantName = "[No Variations]"
Change component parameters (AddParameter): Name = "Packaging"; Value = "Tape and Reel"; VariantName = "[No Variations]"
Change component parameters (AddParameter): Name = "Radiation Hardening"; Value = "No"; VariantName = "[No Variations]"
Change component parameters (AddParameter): Name = "REACH SVHC"; Value = "No SVHC"; VariantName = "[No Variations]"
Change component parameters (AddParameter): Name = "RoHS Compliant"; Value = "Yes"; VariantName = "[No Variations]"
Change component parameters (AddParameter): Name = "Series"; Value = "-"; VariantName = "[No Variations]"
Change component parameters (AddParameter): Name = "Termination"; Value = "SMD/SMT"; VariantName = "[No Variations]"
Change component parameters (AddParameter): Name = "Thickness"; Value = "0.022inch"; VariantName = "[No Variations]"
Change component parameters (AddParameter): Name = "Tolerance"; Value = "1%"; VariantName = "[No Variations]"
Change component parameters (AddParameter): Name = "Voltage Rating"; Value = "50V"; VariantName = "[No Variations]"
Change component parameters (AddParameter): Name = "Voltage Rating (DC)"; Value = "50V"; VariantName = "[No Variations]"
Change component parameters (AddParameter): Name = "Width"; Value = "0.5mm"; VariantName = "[No Variations]"
Added Pin To Net: NetName=X_P Pin=C189-1
Added Pin To Net: NetName=GND Pin=C189-2
Added Pin To Net: NetName=X_N Pin=C190-1
Added Pin To Net: NetName=GND Pin=C190-2
Added Pin To Net: NetName=NetC192_1 Pin=C192-1
Added Pin To Net: NetName=NetC192_1 Pin=Y5-2
Added Net: Name=NetC192_1
Add Differential Pair: Number of nets in differential pair NetC15_GMSL_DESERIALIZER_0_1 is 1 instead of 2
Add Differential Pair: Number of nets in differential pair NetC15_GMSL_DESERIALIZER_1_1 is 1 instead of 2
Add Differential Pair: Number of nets in differential pair NetC16_GMSL_DESERIALIZER_0_1 is 1 instead of 2
Add Differential Pair: Number of nets in differential pair NetC16_GMSL_DESERIALIZER_1_1 is 1 instead of 2
Add Differential Pair: Number of nets in differential pair NetC17_GMSL_DESERIALIZER_0_1 is 1 instead of 2
Add Differential Pair: Number of nets in differential pair NetC17_GMSL_DESERIALIZER_1_1 is 1 instead of 2
Add Differential Pair: Number of nets in differential pair NetC18_GMSL_DESERIALIZER_0_1 is 1 instead of 2
Add Differential Pair: Number of nets in differential pair NetC18_GMSL_DESERIALIZER_1_1 is 1 instead of 2
Add Differential Pair: Number of nets in differential pair NetC19_GMSL_DESERIALIZER_0_1 is 1 instead of 2
Add Differential Pair: Number of nets in differential pair NetC19_GMSL_DESERIALIZER_1_1 is 1 instead of 2
Add Differential Pair: Number of nets in differential pair NetC20_GMSL_DESERIALIZER_0_1 is 1 instead of 2
Add Differential Pair: Number of nets in differential pair NetC20_GMSL_DESERIALIZER_1_1 is 1 instead of 2
Add Differential Pair: Number of nets in differential pair NetC23_GMSL_DESERIALIZER_0_1 is 1 instead of 2
Add Differential Pair: Number of nets in differential pair NetC23_GMSL_DESERIALIZER_1_1 is 1 instead of 2
Add Differential Pair: Number of nets in differential pair NetC24_GMSL_DESERIALIZER_0_1 is 1 instead of 2
Add Differential Pair: Number of nets in differential pair NetC24_GMSL_DESERIALIZER_1_1 is 1 instead of 2
Add Differential Pair: Number of nets in differential pair NetC25_GMSL_DESERIALIZER_0_1 is 1 instead of 2
Add Differential Pair: Number of nets in differential pair NetC25_GMSL_DESERIALIZER_1_1 is 1 instead of 2
Add Differential Pair: Number of nets in differential pair NetC28_GMSL_DESERIALIZER_0_1 is 1 instead of 2
Add Differential Pair: Number of nets in differential pair NetC28_GMSL_DESERIALIZER_1_1 is 1 instead of 2
