Added Pin To Net: NetName=X25_1_N Pin=C16-1
Added Pin To Net: NetName=X25_1_N Pin=U1-9
Added Pin To Net: NetName=X25_1_N Pin=Y1-3
Added Net: Name=X25_1_N
Added Pin To Net: NetName=X25_1_P Pin=C15-1
Added Pin To Net: NetName=X25_1_P Pin=U1-8
Added Pin To Net: NetName=X25_1_P Pin=Y1-1
Added Net: Name=X25_1_P
Add Differential Pair: Number of nets in differential pair NetC3_1 is 1 instead of 2
Add Differential Pair: Number of nets in differential pair NetC4_1 is 1 instead of 2
Add Differential Pair: Number of nets in differential pair NetC5_1 is 1 instead of 2
Add Differential Pair: Number of nets in differential pair NetC6_1 is 1 instead of 2
Add Differential Pair: Number of nets in differential pair NetC7_1 is 1 instead of 2
Add Differential Pair: Number of nets in differential pair NetC8_1 is 1 instead of 2
Add Differential Pair: Number of nets in differential pair NetC10_1 is 1 instead of 2
Add Differential Pair: Number of nets in differential pair NetC11_1 is 1 instead of 2
Add Differential Pair: Number of nets in differential pair NetC12_1 is 1 instead of 2
Add Differential Pair: Number of nets in differential pair NetC14_1 is 1 instead of 2
Add Differential Pair: Number of nets in differential pair NetC15_GMSL_DESERIALIZER_1_1 is 1 instead of 2
Add Differential Pair: Number of nets in differential pair NetC16_GMSL_DESERIALIZER_1_1 is 1 instead of 2
Add Differential Pair: Number of nets in differential pair NetC17_GMSL_DESERIALIZER_1_1 is 1 instead of 2
Add Differential Pair: Number of nets in differential pair NetC18_GMSL_DESERIALIZER_1_1 is 1 instead of 2
Add Differential Pair: Number of nets in differential pair NetC19_GMSL_DESERIALIZER_1_1 is 1 instead of 2
Add Differential Pair: Number of nets in differential pair NetC20_GMSL_DESERIALIZER_1_1 is 1 instead of 2
Add Differential Pair: Number of nets in differential pair NetC23_GMSL_DESERIALIZER_1_1 is 1 instead of 2
Add Differential Pair: Number of nets in differential pair NetC24_GMSL_DESERIALIZER_1_1 is 1 instead of 2
Add Differential Pair: Number of nets in differential pair NetC25_GMSL_DESERIALIZER_1_1 is 1 instead of 2
Add Differential Pair: Number of nets in differential pair NetC28_GMSL_DESERIALIZER_1_1 is 1 instead of 2
Added Differential Pair: Name=X25_1
