Removed Member From Class: ClassName=85DIFF Member=USB2_D_N
Removed Member From Class: ClassName=85DIFF Member=USB2_D_P
Removed Member From Class: ClassName=85DIFF Member=USB3_D_N
Removed Member From Class: ClassName=85DIFF Member=USB3_D_P
Change Net Name : Old Net Name=USB2_D_N New Net Name=USBH2_D_N
Change Net Name : Old Net Name=USB2_D_P New Net Name=USBH2_D_P
Change Net Name : Old Net Name=USB3_D_N New Net Name=USBH3_D_N
Change Net Name : Old Net Name=USB3_D_P New Net Name=USBH3_D_P
Add Net: Net with name "PCIE_WAKE" already exists
Added Pin To Net: NetName=USBH0_D_N Pin=D26-1
Added Pin To Net: NetName=USBH0_D_N Pin=J3-A2
Added Pin To Net: NetName=USBH0_D_N Pin=U4-2
Added Net: Name=USBH0_D_N
Added Pin To Net: NetName=USBH0_D_P Pin=D26-2
Added Pin To Net: NetName=USBH0_D_P Pin=J3-A3
Added Pin To Net: NetName=USBH0_D_P Pin=U4-1
Added Net: Name=USBH0_D_P
Added Pin To Net: NetName=USBH1_D_N Pin=D26-4
Added Pin To Net: NetName=USBH1_D_N Pin=J3-B2
Added Pin To Net: NetName=USBH1_D_N Pin=U4-9
Added Net: Name=USBH1_D_N
Added Pin To Net: NetName=USBH1_D_P Pin=D26-5
Added Pin To Net: NetName=USBH1_D_P Pin=J3-B3
Added Pin To Net: NetName=USBH1_D_P Pin=U4-8
Added Net: Name=USBH1_D_P
Added Differential Pair: Name=USBH0_D
Added Differential Pair: Name=USBH1_D
Added Differential Pair: Name=USBH2_D
Added Differential Pair: Name=USBH3_D
Added Member To Class: ClassName=85DIFF Member=Wire USBH0_D_N
Added Member To Class: ClassName=85DIFF Member=Wire USBH0_D_P
Added Member To Class: ClassName=85DIFF Member=Wire USBH1_D_N
Added Member To Class: ClassName=85DIFF Member=Wire USBH1_D_P
Added Member To Class: ClassName=85DIFF Member=Wire USBH2_D_N
Added Member To Class: ClassName=85DIFF Member=Wire USBH2_D_P
Added Member To Class: ClassName=85DIFF Member=Wire USBH3_D_N
Added Member To Class: ClassName=85DIFF Member=Wire USBH3_D_P
