Removed Pin From Net: NetName=5V_MAIN Pin=J8-1
Removed Pin From Net: NetName=5V_MAIN Pin=J8-2
Removed Pin From Net: NetName=5V_MAIN Pin=J8-3
Removed Pin From Net: NetName=5V_MAIN Pin=J8-4
Removed Pin From Net: NetName=GND Pin=J8-5
Removed Pin From Net: NetName=GND Pin=J8-6
Removed Pin From Net: NetName=5V_AUX Pin=J8-7
Removed Pin From Net: NetName=5V_AUX Pin=J8-8
Removed Pin From Net: NetName=GND Pin=J8-9
Removed Pin From Net: NetName=GND Pin=J8-10
Removed Pin From Net: NetName=3V3_AUX Pin=J8-11
Removed Pin From Net: NetName=3V3_AUX Pin=J8-12
Removed Pin From Net: NetName=GND Pin=J8-13
Removed Pin From Net: NetName=GND Pin=J8-14
Removed Pin From Net: NetName=5V_MAIN Pin=J9-1
Removed Pin From Net: NetName=5V_MAIN Pin=J9-2
Removed Pin From Net: NetName=5V_MAIN Pin=J9-3
Removed Pin From Net: NetName=5V_MAIN Pin=J9-4
Removed Pin From Net: NetName=GND Pin=J9-5
Removed Pin From Net: NetName=GND Pin=J9-6
Removed Pin From Net: NetName=5V_AUX Pin=J9-7
Removed Pin From Net: NetName=5V_AUX Pin=J9-8
Removed Pin From Net: NetName=GND Pin=J9-9
Removed Pin From Net: NetName=GND Pin=J9-10
Removed Pin From Net: NetName=3V3_AUX Pin=J9-11
Removed Pin From Net: NetName=3V3_AUX Pin=J9-12
Removed Pin From Net: NetName=GND Pin=J9-13
Removed Pin From Net: NetName=GND Pin=J9-14
Removed Pin From Net: NetName=GND Pin=J10-3
Removed Pin From Net: NetName=GND Pin=J10-6
Removed Pin From Net: NetName=CAN_TX Pin=J10-7
Removed Pin From Net: NetName=GND Pin=J10-8
Removed Pin From Net: NetName=GND Pin=J10-11
Removed Pin From Net: NetName=GND Pin=J10-12
Removed Pin From Net: NetName=GND Pin=J10-13
Removed Pin From Net: NetName=GND Pin=J10-14
Removed Pin From Net: NetName=GND Pin=J11-3
Removed Pin From Net: NetName=GND Pin=J11-6
Removed Pin From Net: NetName=CAN_RX Pin=J11-7
Removed Pin From Net: NetName=GND Pin=J11-8
Removed Pin From Net: NetName=GND Pin=J11-11
Removed Pin From Net: NetName=GND Pin=J11-12
Removed Pin From Net: NetName=GND Pin=J11-13
Removed Pin From Net: NetName=GND Pin=J11-14
Removed Member From Class: ClassName=MAIN_BOARD Member=J8
Removed Member From Class: ClassName=MAIN_BOARD Member=J9
Removed Member From Class: ClassName=MAIN_BOARD Member=J10
Removed Member From Class: ClassName=MAIN_BOARD Member=J11
Add Net: Net with name "PCIE_WAKE" already exists
