Removed Pin From Net: NetName=VDD_3V3_HDMI Pin=Q2-1
Removed Pin From Net: NetName=VDD_3V3_HDMI Pin=R79-2
Removed Pin From Net: NetName=VDD_3V3_HDMI Pin=R87-2
Added Pin To Net: NetName=HDMI_D1_N Pin=D30-6
Added Pin To Net: NetName=HDMI_D1_P Pin=D30-7
Added Pin To Net: NetName=HDMI_D2_N Pin=D30-9
Added Pin To Net: NetName=HDMI_D2_P Pin=D30-10
Added Pin To Net: NetName=HDMI_HP_DET Pin=D31-6
Added Pin To Net: NetName=HDMI_SDA Pin=D31-7
Added Pin To Net: NetName=HDMI_SCL Pin=D31-9
Added Pin To Net: NetName=HDMI_CEC Pin=D31-10
Added Pin To Net: NetName=HDMI_CLK_N Pin=D32-6
Added Pin To Net: NetName=HDMI_CLK_P Pin=D32-7
Added Pin To Net: NetName=HDMI_D0_N Pin=D32-9
Added Pin To Net: NetName=HDMI_D0_P Pin=D32-10
Added Pin To Net: NetName=CAM_1V8 Pin=Q2-1
Added Pin To Net: NetName=CAM_1V8 Pin=R72-2
Added Pin To Net: NetName=CAM_1V8 Pin=R79-2
Added Pin To Net: NetName=CAM_1V8 Pin=R87-2
Change Net Name : Old Net Name=CAM_1V8 New Net Name=HDMI_1V8
Add Net: Net with name "PCIE_WAKE" already exists
