Removed Pin From Net: NetName=HDMI_D2_P Pin=D30-2
Removed Pin From Net: NetName=HDMI_D2_N Pin=D30-4
Removed Pin From Net: NetName=HDMI_D1_P Pin=D30-5
Removed Pin From Net: NetName=HDMI_CLK_N Pin=D31-1
Removed Pin From Net: NetName=HDMI_CEC Pin=D31-2
Removed Pin From Net: NetName=HDMI_SCL Pin=D31-4
Removed Pin From Net: NetName=HDMI_SDA Pin=D31-5
Removed Pin From Net: NetName=HDMI_D1_N Pin=D32-1
Removed Pin From Net: NetName=HDMI_D0_P Pin=D32-2
Removed Pin From Net: NetName=HDMI_D0_N Pin=D32-4
Removed Pin From Net: NetName=HDMI_CLK_P Pin=D32-5
Added Pin To Net: NetName=HDMI_D2_P Pin=D30-1
Added Pin To Net: NetName=HDMI_D2_N Pin=D30-2
Added Pin To Net: NetName=HDMI_D1_P Pin=D30-4
Added Pin To Net: NetName=HDMI_D1_N Pin=D30-5
Added Pin To Net: NetName=HDMI_CEC Pin=D31-1
Added Pin To Net: NetName=HDMI_SCL Pin=D31-2
Added Pin To Net: NetName=HDMI_SDA Pin=D31-4
Added Pin To Net: NetName=HDMI_HP_DET Pin=D31-5
Added Pin To Net: NetName=HDMI_D0_P Pin=D32-1
Added Pin To Net: NetName=HDMI_D0_N Pin=D32-2
Added Pin To Net: NetName=HDMI_CLK_P Pin=D32-4
Added Pin To Net: NetName=HDMI_CLK_N Pin=D32-5
Add Net: Net with name "PCIE_WAKE" already exists
