Removed Pin From Net: NetName=USB3UP_TX_N Pin=R35-2
Removed Pin From Net: NetName=USB3UP_TX_P Pin=R36-2
Removed Member From Class: ClassName=85DIFF Member=PCIE0_CLK_N
Removed Member From Class: ClassName=85DIFF Member=PCIE0_CLK_P
Removed Member From Class: ClassName=85DIFF Member=PCIE0_TX0_N
Removed Member From Class: ClassName=85DIFF Member=PCIE0_TX0_P
Removed Member From Class: ClassName=85DIFF Member=PCIE0_TX1_N
Removed Member From Class: ClassName=85DIFF Member=PCIE0_TX1_P
Removed Member From Class: ClassName=85DIFF Member=PCIE0_TX2_N
Removed Member From Class: ClassName=85DIFF Member=PCIE0_TX2_P
Removed Member From Class: ClassName=85DIFF Member=PCIE0_TX3_N
Removed Member From Class: ClassName=85DIFF Member=PCIE0_TX3_P
Removed Member From Class: ClassName=85DIFF Member=PCIE_RX0_N
Removed Member From Class: ClassName=85DIFF Member=PCIE_RX0_P
Removed Member From Class: ClassName=85DIFF Member=PCIE_RX1_N
Removed Member From Class: ClassName=85DIFF Member=PCIE_RX1_P
Removed Member From Class: ClassName=85DIFF Member=PCIE_RX2_N
Removed Member From Class: ClassName=85DIFF Member=PCIE_RX2_P
Removed Member From Class: ClassName=85DIFF Member=PCIE_RX3_N
Removed Member From Class: ClassName=85DIFF Member=PCIE_RX3_P
Removed Member From Class: ClassName=85DIFF Member=PRE_CLK_N
Removed Member From Class: ClassName=85DIFF Member=PRE_CLK_P
Removed Member From Class: ClassName=85DIFF Member=PRE_TX0_N
Removed Member From Class: ClassName=85DIFF Member=PRE_TX0_P
Removed Member From Class: ClassName=85DIFF Member=PRE_TX1_N
Removed Member From Class: ClassName=85DIFF Member=PRE_TX1_P
Removed Member From Class: ClassName=85DIFF Member=PRE_TX2_N
Removed Member From Class: ClassName=85DIFF Member=PRE_TX2_P
Removed Member From Class: ClassName=85DIFF Member=PRE_TX3_N
Removed Member From Class: ClassName=85DIFF Member=PRE_TX3_P
Added Component: Designator=C39(FP-C1005-050-0_05-IPC_C)
Add component (AddParameter): Name = "Capacitance"; Value = "100nF"; VariantName = "[No Variations]"
Add component (AddParameter): Name = "Case Code (Imperial)"; Value = "0402"; VariantName = "[No Variations]"
Add component (AddParameter): Name = "Case Code (Metric)"; Value = "1005"; VariantName = "[No Variations]"
Add component (AddParameter): Name = "Case/Package"; Value = "0402"; VariantName = "[No Variations]"
Add component (AddParameter): Name = "Construction"; Value = "Flat"; VariantName = "[No Variations]"
Add component (AddParameter): Name = "Depth"; Value = "0.5mm"; VariantName = "[No Variations]"
Add component (AddParameter): Name = "Dielectric"; Value = "X7R"; VariantName = "[No Variations]"
Add component (AddParameter): Name = "Dielectric Material"; Value = "Ceramic"; VariantName = "[No Variations]"
Add component (AddParameter): Name = "Height"; Value = "0.5mm"; VariantName = "[No Variations]"
Add component (AddParameter): Name = "Lead Free"; Value = "Lead Free"; VariantName = "[No Variations]"
Add component (AddParameter): Name = "Length"; Value = "1mm"; VariantName = "[No Variations]"
Add component (AddParameter): Name = "Max Operating Temperature"; Value = "125°C"; VariantName = "[No Variations]"
Add component (AddParameter): Name = "Min Operating Temperature"; Value = "-55°C"; VariantName = "[No Variations]"
Add component (AddParameter): Name = "Mount"; Value = "Surface Mount"; VariantName = "[No Variations]"
Add component (AddParameter): Name = "Package Quantity"; Value = "1"; VariantName = "[No Variations]"
Add component (AddParameter): Name = "Packaging"; Value = "Tape and Reel"; VariantName = "[No Variations]"
Add component (AddParameter): Name = "Radiation Hardening"; Value = "No"; VariantName = "[No Variations]"
Add component (AddParameter): Name = "REACH SVHC"; Value = "No SVHC"; VariantName = "[No Variations]"
Add component (AddParameter): Name = "Resistor Type"; Value = "Ceramic"; VariantName = "[No Variations]"
Add component (AddParameter): Name = "RoHS Compliant"; Value = "Yes"; VariantName = "[No Variations]"
Add component (AddParameter): Name = "Series"; Value = "C"; VariantName = "[No Variations]"
Add component (AddParameter): Name = "Termination"; Value = "SMD/SMT"; VariantName = "[No Variations]"
Add component (AddParameter): Name = "Thickness"; Value = "0.022inch"; VariantName = "[No Variations]"
Add component (AddParameter): Name = "Tolerance"; Value = "10%"; VariantName = "[No Variations]"
Add component (AddParameter): Name = "Voltage"; Value = "50V"; VariantName = "[No Variations]"
Add component (AddParameter): Name = "Voltage Rating"; Value = "50V"; VariantName = "[No Variations]"
Add component (AddParameter): Name = "Voltage Rating (DC)"; Value = "50V"; VariantName = "[No Variations]"
Add component (AddParameter): Name = "Weight"; Value = "2.3E-05oz"; VariantName = "[No Variations]"
Add component (AddParameter): Name = "Width"; Value = "0.02inch"; VariantName = "[No Variations]"
Added Component: Designator=C74(FP-C1005-050-0_05-IPC_C)
Add component (AddParameter): Name = "Capacitance"; Value = "100nF"; VariantName = "[No Variations]"
Add component (AddParameter): Name = "Case Code (Imperial)"; Value = "0402"; VariantName = "[No Variations]"
Add component (AddParameter): Name = "Case Code (Metric)"; Value = "1005"; VariantName = "[No Variations]"
Add component (AddParameter): Name = "Case/Package"; Value = "0402"; VariantName = "[No Variations]"
Add component (AddParameter): Name = "Construction"; Value = "Flat"; VariantName = "[No Variations]"
Add component (AddParameter): Name = "Depth"; Value = "0.5mm"; VariantName = "[No Variations]"
Add component (AddParameter): Name = "Dielectric"; Value = "X7R"; VariantName = "[No Variations]"
Add component (AddParameter): Name = "Dielectric Material"; Value = "Ceramic"; VariantName = "[No Variations]"
Add component (AddParameter): Name = "Height"; Value = "0.5mm"; VariantName = "[No Variations]"
Add component (AddParameter): Name = "Lead Free"; Value = "Lead Free"; VariantName = "[No Variations]"
Add component (AddParameter): Name = "Length"; Value = "1mm"; VariantName = "[No Variations]"
Add component (AddParameter): Name = "Max Operating Temperature"; Value = "125°C"; VariantName = "[No Variations]"
Add component (AddParameter): Name = "Min Operating Temperature"; Value = "-55°C"; VariantName = "[No Variations]"
Add component (AddParameter): Name = "Mount"; Value = "Surface Mount"; VariantName = "[No Variations]"
Add component (AddParameter): Name = "Package Quantity"; Value = "1"; VariantName = "[No Variations]"
Add component (AddParameter): Name = "Packaging"; Value = "Tape and Reel"; VariantName = "[No Variations]"
Add component (AddParameter): Name = "Radiation Hardening"; Value = "No"; VariantName = "[No Variations]"
Add component (AddParameter): Name = "REACH SVHC"; Value = "No SVHC"; VariantName = "[No Variations]"
Add component (AddParameter): Name = "Resistor Type"; Value = "Ceramic"; VariantName = "[No Variations]"
Add component (AddParameter): Name = "RoHS Compliant"; Value = "Yes"; VariantName = "[No Variations]"
Add component (AddParameter): Name = "Series"; Value = "C"; VariantName = "[No Variations]"
Add component (AddParameter): Name = "Termination"; Value = "SMD/SMT"; VariantName = "[No Variations]"
Add component (AddParameter): Name = "Thickness"; Value = "0.022inch"; VariantName = "[No Variations]"
Add component (AddParameter): Name = "Tolerance"; Value = "10%"; VariantName = "[No Variations]"
Add component (AddParameter): Name = "Voltage"; Value = "50V"; VariantName = "[No Variations]"
Add component (AddParameter): Name = "Voltage Rating"; Value = "50V"; VariantName = "[No Variations]"
Add component (AddParameter): Name = "Voltage Rating (DC)"; Value = "50V"; VariantName = "[No Variations]"
Add component (AddParameter): Name = "Weight"; Value = "2.3E-05oz"; VariantName = "[No Variations]"
Add component (AddParameter): Name = "Width"; Value = "0.02inch"; VariantName = "[No Variations]"
Added Pin To Net: NetName=USB3UP_TX_N Pin=C39-1
Added Pin To Net: NetName=USB3UP_TX_P Pin=C74-1
Change Net Name : Old Net Name=GPIO14_FAN_CTRL New Net Name=GPIO14_FAN_PWM
Added Pin To Net: NetName=NetC39_2 Pin=C39-2
Added Pin To Net: NetName=NetC39_2 Pin=R35-2
Added Net: Name=NetC39_2
Added Pin To Net: NetName=NetC74_2 Pin=C74-2
Added Pin To Net: NetName=NetC74_2 Pin=R36-2
Added Net: Name=NetC74_2
Add Net: Net with name "PCIE_WAKE" already exists
Change Class Name : Old Net Name=85DIFF New Net Name=45SINGLE
Added Member To Class: ClassName=USB3_0 Member=Component C39 C1005X7R1H104K050BB
Added Member To Class: ClassName=USB3_0 Member=Component C74 C1005X7R1H104K050BB
Added Member To Class: ClassName=45SINGLE Member=Wire NetC39_2
Added Member To Class: ClassName=45SINGLE Member=Wire NetC74_2
Added Member To Class: ClassName=425SINGLE Member=Wire PCIE_RX0_N
Added Member To Class: ClassName=425SINGLE Member=Wire PCIE_RX0_P
Added Member To Class: ClassName=425SINGLE Member=Wire PCIE_RX1_N
Added Member To Class: ClassName=425SINGLE Member=Wire PCIE_RX1_P
Added Member To Class: ClassName=425SINGLE Member=Wire PCIE_RX2_N
Added Member To Class: ClassName=425SINGLE Member=Wire PCIE_RX2_P
Added Member To Class: ClassName=425SINGLE Member=Wire PCIE_RX3_N
Added Member To Class: ClassName=425SINGLE Member=Wire PCIE_RX3_P
Added Member To Class: ClassName=425SINGLE Member=Wire PRE_CLK_N
Added Member To Class: ClassName=425SINGLE Member=Wire PRE_CLK_P
Added Member To Class: ClassName=425SINGLE Member=Wire PRE_TX0_N
Added Member To Class: ClassName=425SINGLE Member=Wire PRE_TX0_P
Added Member To Class: ClassName=425SINGLE Member=Wire PRE_TX1_N
Added Member To Class: ClassName=425SINGLE Member=Wire PRE_TX1_P
Added Member To Class: ClassName=425SINGLE Member=Wire PRE_TX2_N
Added Member To Class: ClassName=425SINGLE Member=Wire PRE_TX2_P
Added Member To Class: ClassName=425SINGLE Member=Wire PRE_TX3_N
Added Member To Class: ClassName=425SINGLE Member=Wire PRE_TX3_P
Added Member To Class: ClassName=45SINGLE Member=Wire USB1_D_N
Added Member To Class: ClassName=45SINGLE Member=Wire USB1_D_P
Added Member To Class: ClassName=45SINGLE Member=Wire USBSS0_RX_N
Added Member To Class: ClassName=45SINGLE Member=Wire USBSS0_RX_P
Added Member To Class: ClassName=45SINGLE Member=Wire USBSS0_TX_N
Added Member To Class: ClassName=45SINGLE Member=Wire USBSS0_TX_P
Added Member To Class: ClassName=85DIFF Member=PCIE_RX0
Added Member To Class: ClassName=85DIFF Member=PCIE_RX1
Added Member To Class: ClassName=85DIFF Member=PCIE_RX2
Added Member To Class: ClassName=85DIFF Member=PCIE_RX3
Added Member To Class: ClassName=85DIFF Member=PRE_CLK
Added Member To Class: ClassName=85DIFF Member=PRE_TX0
Added Member To Class: ClassName=85DIFF Member=PRE_TX1
Added Member To Class: ClassName=85DIFF Member=PRE_TX2
Added Member To Class: ClassName=85DIFF Member=PRE_TX3
Added Member To Class: ClassName=90DIFF Member=USB0_RX
Added Member To Class: ClassName=90DIFF Member=USB0_TX
Added Member To Class: ClassName=90DIFF Member=USB1_RX
Added Member To Class: ClassName=90DIFF Member=USB1_TX
Added Member To Class: ClassName=90DIFF Member=USB2_RX
Added Member To Class: ClassName=90DIFF Member=USB2_TX
Added Member To Class: ClassName=90DIFF Member=USB2UP
Added Member To Class: ClassName=90DIFF Member=USB3_RX
Added Member To Class: ClassName=90DIFF Member=USB3_TX
Added Member To Class: ClassName=90DIFF Member=USB3UP_RX
Added Member To Class: ClassName=90DIFF Member=USB3UP_TX
Added Member To Class: ClassName=90DIFF Member=USBH0_D
Added Member To Class: ClassName=90DIFF Member=USBH1_D
Added Member To Class: ClassName=90DIFF Member=USBH2_D
Added Member To Class: ClassName=90DIFF Member=USBH3_D
