Added Member To Class: ClassName=50SINGLE Member=Wire HDMI_CLK_N
Added Member To Class: ClassName=50SINGLE Member=Wire HDMI_CLK_P
Added Member To Class: ClassName=50SINGLE Member=Wire HDMI_D0_N
Added Member To Class: ClassName=50SINGLE Member=Wire HDMI_D0_P
Added Member To Class: ClassName=50SINGLE Member=Wire HDMI_D1_N
Added Member To Class: ClassName=50SINGLE Member=Wire HDMI_D1_P
Added Member To Class: ClassName=50SINGLE Member=Wire HDMI_D2_N
Added Member To Class: ClassName=50SINGLE Member=Wire HDMI_D2_P
Added Member To Class: ClassName=50SINGLE Member=Wire PLDWN_1
Added Member To Class: ClassName=50SINGLE Member=Wire PLDWN_2
Added Member To Class: ClassName=50SINGLE Member=Wire PLDWN_3
Added Member To Class: ClassName=50SINGLE Member=Wire PLDWN_4
Added Member To Class: ClassName=50SINGLE Member=Wire PLDWN_5
Added Member To Class: ClassName=50SINGLE Member=Wire PLDWN_6
Added Member To Class: ClassName=50SINGLE Member=Wire PLDWN_7
Added Member To Class: ClassName=50SINGLE Member=Wire PLDWN_8
Added Member To Class: ClassName=100DIFF Member=HDMI_CLK
Added Member To Class: ClassName=100DIFF Member=HDMI_D0
Added Member To Class: ClassName=100DIFF Member=HDMI_D1
Added Member To Class: ClassName=100DIFF Member=HDMI_D2
