Change Component Designator: Old Designator=C93 New Designator=C98
Change Component Designator: Old Designator=C94 New Designator=C99
Change Component Designator: Old Designator=C95 New Designator=C100
Change Component Designator: Old Designator=C96 New Designator=C101
Change Component Designator: Old Designator=C97 New Designator=C102
Change Component Designator: Old Designator=C98 New Designator=C103
Change Component Designator: Old Designator=C99 New Designator=C106
Change Component Designator: Old Designator=C100 New Designator=C107
Change Component Designator: Old Designator=C101 New Designator=C108
Change Component Designator: Old Designator=C102 New Designator=C109
Change Component Designator: Old Designator=C103 New Designator=C110
Change Component Designator: Old Designator=C104 New Designator=C114
Change Component Designator: Old Designator=C105 New Designator=C116
Change Component Designator: Old Designator=C106 New Designator=C117
Change Component Designator: Old Designator=C? New Designator=C104
Change Component Designator: Old Designator=C? New Designator=C105
Change Component Designator: Old Designator=C? New Designator=C111
Change Component Designator: Old Designator=C? New Designator=C112
Change Component Designator: Old Designator=C? New Designator=C113
Change Component Designator: Old Designator=C? New Designator=C115
Change Component Designator: Old Designator=DS? New Designator=DS1
Change Component Designator: Old Designator=J10 New Designator=J7
Change Component Designator: Old Designator=J10 New Designator=J7
Change Component Designator: Old Designator=J10 New Designator=J7
Change Component Designator: Old Designator=J10 New Designator=J7
Change Component Designator: Old Designator=MP? New Designator=MP1
Change Component Designator: Old Designator=R59 New Designator=R102
Change Component Designator: Old Designator=R? New Designator=R97
Change Component Designator: Old Designator=R? New Designator=R98
Change Component Designator: Old Designator=R? New Designator=R99
Change Component Designator: Old Designator=R? New Designator=R100
Change Component Designator: Old Designator=R? New Designator=R101
Change Component Designator: Old Designator=R? New Designator=R103
Change Component Designator: Old Designator=R? New Designator=R104
Change Component Designator: Old Designator=R? New Designator=R105
Change Component Designator: Old Designator=R? New Designator=R106
Change Component Designator: Old Designator=R? New Designator=R107
Change Component Designator: Old Designator=R? New Designator=R108
Change Component Designator: Old Designator=R? New Designator=R109
Change Component Designator: Old Designator=TP? New Designator=TP7
