Change Component Designator: Old Designator=C44 New Designator=C49
Change Component Designator: Old Designator=C45 New Designator=C53
Change Component Designator: Old Designator=C46 New Designator=C44
Change Component Designator: Old Designator=C47 New Designator=C45
Change Component Designator: Old Designator=C48 New Designator=C46
Change Component Designator: Old Designator=C49 New Designator=C47
Change Component Designator: Old Designator=C50 New Designator=C59
Change Component Designator: Old Designator=C51 New Designator=C48
Change Component Designator: Old Designator=C52 New Designator=C50
Change Component Designator: Old Designator=C53 New Designator=C51
Change Component Designator: Old Designator=C59 New Designator=C63
Change Component Designator: Old Designator=C60 New Designator=C67
Change Component Designator: Old Designator=C61 New Designator=C60
Change Component Designator: Old Designator=C62 New Designator=C61
Change Component Designator: Old Designator=C63 New Designator=C71
Change Component Designator: Old Designator=C64 New Designator=C62
Change Component Designator: Old Designator=C65 New Designator=C64
Change Component Designator: Old Designator=C66 New Designator=C65
Change Component Designator: Old Designator=C67 New Designator=C68
Change Component Designator: Old Designator=C68 New Designator=C69
Change Component Designator: Old Designator=C69 New Designator=C70
Change Component Designator: Old Designator=C74 New Designator=C77
Change Component Designator: Old Designator=C75 New Designator=C78
Change Component Designator: Old Designator=C? New Designator=C52
Change Component Designator: Old Designator=C? New Designator=C66
Change Component Designator: Old Designator=C? New Designator=C72
Change Component Designator: Old Designator=C? New Designator=C73
Change Component Designator: Old Designator=C? New Designator=C74
Change Component Designator: Old Designator=C? New Designator=C75
Change Component Designator: Old Designator=C? New Designator=C76
Change Component Designator: Old Designator=D? New Designator=D24
Change Component Designator: Old Designator=D? New Designator=D25
Change Component Designator: Old Designator=D? New Designator=D26
Change Component Designator: Old Designator=D? New Designator=D27
Change Component Designator: Old Designator=D? New Designator=D28
Change Component Designator: Old Designator=D? New Designator=D29
Change Component Designator: Old Designator=J6 New Designator=J3
Change Component Designator: Old Designator=J7 New Designator=J4
Change Component Designator: Old Designator=L? New Designator=L10
Change Component Designator: Old Designator=R14 New Designator=R43
Change Component Designator: Old Designator=R17 New Designator=R52
Change Component Designator: Old Designator=R20 New Designator=R53
Change Component Designator: Old Designator=R21 New Designator=R55
Change Component Designator: Old Designator=R22 New Designator=R56
Change Component Designator: Old Designator=R? New Designator=R30
Change Component Designator: Old Designator=R? New Designator=R31
Change Component Designator: Old Designator=R? New Designator=R32
Change Component Designator: Old Designator=R? New Designator=R33
Change Component Designator: Old Designator=R? New Designator=R34
Change Component Designator: Old Designator=R? New Designator=R35
Change Component Designator: Old Designator=R? New Designator=R36
Change Component Designator: Old Designator=R? New Designator=R37
Change Component Designator: Old Designator=R? New Designator=R38
Change Component Designator: Old Designator=R? New Designator=R39
Change Component Designator: Old Designator=R? New Designator=R40
Change Component Designator: Old Designator=R? New Designator=R41
Change Component Designator: Old Designator=R? New Designator=R42
Change Component Designator: Old Designator=R? New Designator=R44
Change Component Designator: Old Designator=R? New Designator=R45
Change Component Designator: Old Designator=R? New Designator=R46
Change Component Designator: Old Designator=R? New Designator=R47
Change Component Designator: Old Designator=R? New Designator=R48
Change Component Designator: Old Designator=R? New Designator=R49
Change Component Designator: Old Designator=R? New Designator=R50
Change Component Designator: Old Designator=R? New Designator=R51
Change Component Designator: Old Designator=R? New Designator=R54
Change Component Designator: Old Designator=TP? New Designator=TP1
Change Component Designator: Old Designator=TP? New Designator=TP2
Change Component Designator: Old Designator=TP? New Designator=TP3
Change Component Designator: Old Designator=TP? New Designator=TP4
Change Component Designator: Old Designator=Y? New Designator=Y2
