Removed Pin From Net: NetName=CSI0_D1_N Pin=D13-1
Removed Pin From Net: NetName=CSI0_D1_P Pin=D13-2
Removed Pin From Net: NetName=CSI1_D0_N Pin=J1-3
Removed Pin From Net: NetName=CSI1_D0_P Pin=J1-5
Removed Pin From Net: NetName=CSI0_D1_N Pin=R1-1
Removed Pin From Net: NetName=CSI0_D1_P Pin=R2-1
Removed Member From Class: ClassName=100DIFF Member=NetC3_CAMIF_1_1
Removed Member From Class: ClassName=100DIFF Member=NetC4_CAMIF_1_1
Added Pin To Net: NetName=CSI0_D1_P Pin=C3_CAMIF_1-1
Added Pin To Net: NetName=CSI0_D1_N Pin=C4_CAMIF_1-1
Added Pin To Net: NetName=CSI0_D1_N Pin=R1-2
Added Pin To Net: NetName=CSI0_D1_P Pin=R2-2
Added Pin To Net: NetName=CSI0_D1_A Pin=D13-1
Added Pin To Net: NetName=CSI0_D1_A Pin=J1-3
Added Pin To Net: NetName=CSI0_D1_A Pin=R1-1
Added Net: Name=CSI0_D1_A
Added Pin To Net: NetName=CSI0_D1_B Pin=D13-2
Added Pin To Net: NetName=CSI0_D1_B Pin=J1-5
Added Pin To Net: NetName=CSI0_D1_B Pin=R2-1
Added Net: Name=CSI0_D1_B
Add Net: Net with name "PCIE_WAKE" already exists
Added Differential Pair: Name=CSI0_D1
Added Member To Class: ClassName=100DIFF Member=Wire CSI0_D1_A
Added Member To Class: ClassName=100DIFF Member=Wire CSI0_D1_B
