Removed Member From Class: ClassName=45SINGLE Member=USB0_D_N
Removed Member From Class: ClassName=45SINGLE Member=USB0_D_P
Removed Member From Class: ClassName=45SINGLE Member=USB1_D_N
Removed Member From Class: ClassName=45SINGLE Member=USB1_D_P
Removed Member From Class: ClassName=45SINGLE Member=USBSS0_RX_N
Removed Member From Class: ClassName=45SINGLE Member=USBSS0_RX_P
Removed Member From Class: ClassName=45SINGLE Member=USBSS0_TX_N
Removed Member From Class: ClassName=45SINGLE Member=USBSS0_TX_P
Removed Member From Class: ClassName=45SINGLE Member=VBUS_3
Removed Member From Class: ClassName=45SINGLE Member=VBUS_4
Added Component: Designator=C?(CAPC1608X90X40ML10T20)
Added Component: Designator=C?(CAPC1608X90X40ML10T20)
Added Pin To Net: NetName=GND Pin=C?-1
Add Net: Net with name "NetC?_1" already exists
Add Net: Net with name "NetC?_2" already exists
Add Net: Net with name "NetR?_1" already exists
Add Net: Net with name "NetR?_1" already exists
Add Net: Net with name "NetR?_1" already exists
Add Net: Net with name "NetR?_1" already exists
Add Net: Net with name "PCIE_WAKE" already exists
Change Class Name : Old Net Name=45SINGLE New Net Name=90DIFF
Added Class: Name=45SINGLE
Add Differential Pair: Number of nets in differential pair NetC15_GMSL_DESERIALIZER_0_1 is 1 instead of 2
Add Differential Pair: Number of nets in differential pair NetC15_GMSL_DESERIALIZER_1_1 is 1 instead of 2
Add Differential Pair: Number of nets in differential pair NetC16_GMSL_DESERIALIZER_0_1 is 1 instead of 2
Add Differential Pair: Number of nets in differential pair NetC16_GMSL_DESERIALIZER_1_1 is 1 instead of 2
Add Differential Pair: Number of nets in differential pair NetC17_GMSL_DESERIALIZER_0_1 is 1 instead of 2
Add Differential Pair: Number of nets in differential pair NetC17_GMSL_DESERIALIZER_1_1 is 1 instead of 2
Add Differential Pair: Number of nets in differential pair NetC18_GMSL_DESERIALIZER_0_1 is 1 instead of 2
Add Differential Pair: Number of nets in differential pair NetC18_GMSL_DESERIALIZER_1_1 is 1 instead of 2
Add Differential Pair: Number of nets in differential pair NetC19_GMSL_DESERIALIZER_0_1 is 1 instead of 2
Add Differential Pair: Number of nets in differential pair NetC19_GMSL_DESERIALIZER_1_1 is 1 instead of 2
Add Differential Pair: Number of nets in differential pair NetC20_GMSL_DESERIALIZER_0_1 is 1 instead of 2
Add Differential Pair: Number of nets in differential pair NetC20_GMSL_DESERIALIZER_1_1 is 1 instead of 2
Add Differential Pair: Number of nets in differential pair NetC23_GMSL_DESERIALIZER_0_1 is 1 instead of 2
Add Differential Pair: Number of nets in differential pair NetC23_GMSL_DESERIALIZER_1_1 is 1 instead of 2
Add Differential Pair: Number of nets in differential pair NetC24_GMSL_DESERIALIZER_0_1 is 1 instead of 2
Add Differential Pair: Number of nets in differential pair NetC24_GMSL_DESERIALIZER_1_1 is 1 instead of 2
Add Differential Pair: Number of nets in differential pair NetC25_GMSL_DESERIALIZER_0_1 is 1 instead of 2
Add Differential Pair: Number of nets in differential pair NetC25_GMSL_DESERIALIZER_1_1 is 1 instead of 2
Add Differential Pair: Number of nets in differential pair NetC28_GMSL_DESERIALIZER_0_1 is 1 instead of 2
Add Differential Pair: Number of nets in differential pair NetC28_GMSL_DESERIALIZER_1_1 is 1 instead of 2
Added Member To Class: ClassName=DAC_0 Member=Component C? 0603 CAP
Added Member To Class: ClassName=DAC_0 Member=Component C? C1005X7R1H104K050BB
Added Member To Class: ClassName=DAC_0 Member=Component C? GRM188R60J106ME47D
Added Member To Class: ClassName=DAC_0 Member=Component C? GRM188R60J106ME47D
Added Member To Class: ClassName=DAC_0 Member=Component C? GRM188R60J106ME47D
Added Member To Class: ClassName=DAC_0 Member=Component C? GRM188R60J106ME47D
Added Member To Class: ClassName=DAC_0 Member=Component C? C1005X7R1H104K050BB
Added Member To Class: ClassName=DAC_0 Member=Component J? 35RASMT4BHNTRX
Added Member To Class: ClassName=DAC_0 Member=Component L? LQG18HN2N2S00D
Added Member To Class: ClassName=DAC_0 Member=Component R? ERJ3EKF1002V
Added Member To Class: ClassName=DAC_0 Member=Component R? ERJ3EKF1002V
Added Member To Class: ClassName=DAC_0 Member=Component R? ERJ-3EKF49R9V
Added Member To Class: ClassName=DAC_0 Member=Component R? ERJ-3EKF49R9V
Added Member To Class: ClassName=DAC_0 Member=Component R? ERJ3EKF1002V
Added Member To Class: ClassName=DAC_0 Member=Component R? ERJ-3EKF49R9V
Added Member To Class: ClassName=DAC_0 Member=Component R? ERJ-3EKF49R9V
Added Member To Class: ClassName=DAC_0 Member=Component R? 0402 JUMPER
Added Member To Class: ClassName=DAC_0 Member=Component TP? TPAD6R
Added Member To Class: ClassName=DAC_0 Member=Component TP? TPAD6R
Added Member To Class: ClassName=90DIFF Member=Wire NetC59_2
Added Member To Class: ClassName=90DIFF Member=Wire NetC60_2
Added Member To Class: ClassName=90DIFF Member=Wire NetC80_1
Added Member To Class: ClassName=90DIFF Member=Wire NetC81_1
Added Member To Class: ClassName=90DIFF Member=Wire NetC82_1
Added Member To Class: ClassName=90DIFF Member=Wire NetC83_1
Added Member To Class: ClassName=90DIFF Member=Wire NetC84_1
Added Member To Class: ClassName=90DIFF Member=Wire NetC85_1
Added Member To Class: ClassName=90DIFF Member=Wire NetC86_1
Added Member To Class: ClassName=90DIFF Member=Wire NetC87_1
Added Member To Class: ClassName=90DIFF Member=Wire NetR35_2
Added Member To Class: ClassName=90DIFF Member=Wire NetR36_2
Added Member To Class: ClassName=90DIFF Member=Wire NetR186_2
Added Member To Class: ClassName=90DIFF Member=Wire NetR187_2
Added Member To Class: ClassName=90DIFF Member=Wire NetR188_2
Added Member To Class: ClassName=90DIFF Member=Wire NetR189_2
Added Member To Class: ClassName=90DIFF Member=Wire NetR190_2
Added Member To Class: ClassName=90DIFF Member=Wire NetR191_2
Added Member To Class: ClassName=90DIFF Member=Wire NetR192_2
Added Member To Class: ClassName=90DIFF Member=Wire NetR193_2
Added Member To Class: ClassName=90DIFF Member=Wire USB3UP_RX_N
Added Member To Class: ClassName=90DIFF Member=Wire USB3UP_RX_P
Added Member To Class: ClassName=90DIFF Member=Wire USB3UP_TX_N
Added Member To Class: ClassName=90DIFF Member=Wire USB3UP_TX_P
