Removed Pin From Net: NetName=3V3 Pin=C193-2
Removed Pin From Net: NetName=3V3 Pin=C195-1
Removed Pin From Net: NetName=3V3 Pin=C196-2
Removed Pin From Net: NetName=3V3 Pin=C197-2
Removed Pin From Net: NetName=3V3 Pin=C198-2
Removed Pin From Net: NetName=3V3 Pin=C199-2
Removed Pin From Net: NetName=3V3 Pin=C200-2
Removed Pin From Net: NetName=3V3 Pin=C207-1
Removed Pin From Net: NetName=3V3 Pin=C208-2
Removed Pin From Net: NetName=3V3 Pin=C245-1
Removed Pin From Net: NetName=3V3 Pin=C251-2
Removed Pin From Net: NetName=3V3 Pin=C252-2
Removed Pin From Net: NetName=3V3 Pin=D43-2
Removed Pin From Net: NetName=3V3 Pin=D43-3
Removed Pin From Net: NetName=3V3 Pin=D44-2
Removed Pin From Net: NetName=3V3 Pin=D44-3
Removed Pin From Net: NetName=3V3 Pin=J13-1
Removed Pin From Net: NetName=3V3 Pin=mail-1
Removed Pin From Net: NetName=3V3 Pin=R7_GMSL_DESERIALIZER_0-2
Removed Pin From Net: NetName=3V3 Pin=R7_GMSL_DESERIALIZER_1-2
Removed Pin From Net: NetName=3V3 Pin=R10_GMSL_DESERIALIZER_0-2
Removed Pin From Net: NetName=3V3 Pin=R10_GMSL_DESERIALIZER_1-2
Removed Pin From Net: NetName=3V3 Pin=R11_GMSL_DESERIALIZER_0-2
Removed Pin From Net: NetName=3V3 Pin=R11_GMSL_DESERIALIZER_1-2
Removed Pin From Net: NetName=3V3 Pin=R15_GMSL_DESERIALIZER_0-2
Removed Pin From Net: NetName=3V3 Pin=R15_GMSL_DESERIALIZER_1-2
Removed Pin From Net: NetName=3V3 Pin=R19_GMSL_DESERIALIZER_0-2
Removed Pin From Net: NetName=3V3 Pin=R19_GMSL_DESERIALIZER_1-2
Removed Pin From Net: NetName=3V3 Pin=R24_GMSL_DESERIALIZER_0-1
Removed Pin From Net: NetName=3V3 Pin=R24_GMSL_DESERIALIZER_1-1
Removed Pin From Net: NetName=3V3 Pin=R146-2
Removed Pin From Net: NetName=3V3 Pin=R148-2
Removed Pin From Net: NetName=3V3 Pin=R162-2
Removed Pin From Net: NetName=3V3 Pin=R166-2
Removed Pin From Net: NetName=3V3 Pin=R167-2
Removed Pin From Net: NetName=3V3 Pin=R168-1
Removed Pin From Net: NetName=3V3 Pin=R215-1
Removed Pin From Net: NetName=3V3 Pin=R219-1
Removed Pin From Net: NetName=3V3 Pin=SW2-2
Removed Pin From Net: NetName=3V3 Pin=TP82-1
Removed Pin From Net: NetName=3V3 Pin=U22-6
Removed Pin From Net: NetName=3V3 Pin=U22-11
Removed Pin From Net: NetName=3V3 Pin=U22-27
Removed Pin From Net: NetName=3V3 Pin=U22-50
Removed Pin From Net: NetName=3V3 Pin=U22-75
Removed Pin From Net: NetName=3V3 Pin=U22-100
Removed Pin From Net: NetName=3V3 Pin=U29-3
Removed Pin From Net: NetName=3V3 Pin=U30-3
Change Component Designator: OldDesignator=mail NewDesignator=FB?
Added Pin To Net: NetName=3V3_AUX_FB Pin=C193-2
Added Pin To Net: NetName=3V3_AUX_FB Pin=C195-1
Added Pin To Net: NetName=3V3_AUX_FB Pin=C196-2
Added Pin To Net: NetName=3V3_AUX_FB Pin=C197-2
Added Pin To Net: NetName=3V3_AUX_FB Pin=C198-2
Added Pin To Net: NetName=3V3_AUX_FB Pin=C199-2
Added Pin To Net: NetName=3V3_AUX_FB Pin=C200-2
Added Pin To Net: NetName=3V3_AUX_FB Pin=C207-1
Added Pin To Net: NetName=3V3_AUX_FB Pin=C208-2
Added Pin To Net: NetName=3V3_AUX_FB Pin=C245-1
Added Pin To Net: NetName=2V_AUX_OUT Pin=C251-2
Added Pin To Net: NetName=2V_AUX_OUT Pin=C252-2
Added Pin To Net: NetName=3V3_AUX_FB Pin=D43-2
Added Pin To Net: NetName=3V3_AUX_FB Pin=D43-3
Added Pin To Net: NetName=3V3_AUX_FB Pin=D44-2
Added Pin To Net: NetName=3V3_AUX_FB Pin=D44-3
Added Pin To Net: NetName=3V3_AUX_FB Pin=FB?-1
Added Pin To Net: NetName=3V3_AUX_FB Pin=J13-1
Added Pin To Net: NetName=3V3_AUX_FB Pin=R7_GMSL_DESERIALIZER_0-2
Added Pin To Net: NetName=3V3_AUX_FB Pin=R7_GMSL_DESERIALIZER_1-2
Added Pin To Net: NetName=3V3_AUX_FB Pin=R10_GMSL_DESERIALIZER_0-2
Added Pin To Net: NetName=3V3_AUX_FB Pin=R10_GMSL_DESERIALIZER_1-2
Added Pin To Net: NetName=3V3_AUX_FB Pin=R11_GMSL_DESERIALIZER_0-2
Added Pin To Net: NetName=3V3_AUX_FB Pin=R11_GMSL_DESERIALIZER_1-2
Added Pin To Net: NetName=3V3_AUX_FB Pin=R15_GMSL_DESERIALIZER_0-2
Added Pin To Net: NetName=3V3_AUX_FB Pin=R15_GMSL_DESERIALIZER_1-2
Added Pin To Net: NetName=3V3_AUX_FB Pin=R19_GMSL_DESERIALIZER_0-2
Added Pin To Net: NetName=3V3_AUX_FB Pin=R19_GMSL_DESERIALIZER_1-2
Added Pin To Net: NetName=3V3_AUX_FB Pin=R24_GMSL_DESERIALIZER_0-1
Added Pin To Net: NetName=3V3_AUX_FB Pin=R24_GMSL_DESERIALIZER_1-1
Added Pin To Net: NetName=3V3_AUX_FB Pin=R146-2
Added Pin To Net: NetName=3V3_AUX_FB Pin=R148-2
Added Pin To Net: NetName=3V3_AUX_FB Pin=R162-2
Added Pin To Net: NetName=3V3_AUX_FB Pin=R166-2
Added Pin To Net: NetName=3V3_AUX_FB Pin=R167-2
Added Pin To Net: NetName=3V3_AUX_FB Pin=R168-1
Added Pin To Net: NetName=3V3_AUX_FB Pin=R215-1
Added Pin To Net: NetName=3V3_AUX_FB Pin=R219-1
Added Pin To Net: NetName=3V3_AUX_FB Pin=SW2-2
Added Pin To Net: NetName=3V3_AUX_FB Pin=TP82-1
Added Pin To Net: NetName=3V3_AUX_FB Pin=U22-6
Added Pin To Net: NetName=3V3_AUX_FB Pin=U22-11
Added Pin To Net: NetName=3V3_AUX_FB Pin=U22-27
Added Pin To Net: NetName=3V3_AUX_FB Pin=U22-50
Added Pin To Net: NetName=3V3_AUX_FB Pin=U22-75
Added Pin To Net: NetName=3V3_AUX_FB Pin=U22-100
Added Pin To Net: NetName=2V_AUX_OUT Pin=U29-3
Added Pin To Net: NetName=2V_AUX_OUT Pin=U30-3
