Removed Pin From Net: NetName=PCIE0_TX3_N Pin=C119-2
Removed Pin From Net: NetName=PCIE0_TX3_P Pin=C120-2
Removed Pin From Net: NetName=PCIE0_TX2_N Pin=C121-2
Removed Pin From Net: NetName=PCIE0_TX2_P Pin=C122-2
Removed Pin From Net: NetName=PCIE0_TX1_N Pin=C123-2
Removed Pin From Net: NetName=PCIE0_TX1_P Pin=C124-2
Removed Pin From Net: NetName=PCIE0_TX0_N Pin=C128-2
Removed Pin From Net: NetName=PCIE0_TX0_P Pin=C135-2
Removed Pin From Net: NetName=PCIE0_RX3_N Pin=R97-2
Removed Pin From Net: NetName=PCIE0_RX3_P Pin=R98-2
Removed Pin From Net: NetName=PCIE0_RX2_N Pin=R99-2
Removed Pin From Net: NetName=PCIE0_RX2_P Pin=R100-2
Removed Pin From Net: NetName=PCIE0_RX1_N Pin=R101-2
Removed Pin From Net: NetName=PCIE0_RX1_P Pin=R103-2
Removed Pin From Net: NetName=PCIE0_RX0_N Pin=R104-2
Removed Pin From Net: NetName=PCIE0_RX0_P Pin=R105-2
Removed Member From Class: ClassName=425SINGLE Member=PCIE0_TX2_N
Removed Member From Class: ClassName=425SINGLE Member=PCIE0_TX2_P
Removed Member From Class: ClassName=425SINGLE Member=PCIE0_TX3_N
Removed Member From Class: ClassName=425SINGLE Member=PCIE0_TX3_P
Added Pin To Net: NetName=PCIE0_TX0_N Pin=C119-2
Added Pin To Net: NetName=PCIE0_TX0_P Pin=C120-2
Added Pin To Net: NetName=PCIE0_TX1_N Pin=C121-2
Added Pin To Net: NetName=PCIE0_TX1_P Pin=C122-2
Added Pin To Net: NetName=PCIE0_TX2_N Pin=C123-2
Added Pin To Net: NetName=PCIE0_TX2_P Pin=C124-2
Added Pin To Net: NetName=PCIE0_TX3_N Pin=C128-2
Added Pin To Net: NetName=PCIE0_TX3_P Pin=C135-2
Added Pin To Net: NetName=PCIE0_RX0_N Pin=R97-2
Added Pin To Net: NetName=PCIE0_RX0_P Pin=R98-2
Added Pin To Net: NetName=PCIE0_RX1_N Pin=R99-2
Added Pin To Net: NetName=PCIE0_RX1_P Pin=R100-2
Added Pin To Net: NetName=PCIE0_RX2_N Pin=R101-2
Added Pin To Net: NetName=PCIE0_RX2_P Pin=R103-2
Added Pin To Net: NetName=PCIE0_RX3_N Pin=R104-2
Added Pin To Net: NetName=PCIE0_RX3_P Pin=R105-2
Change Net Name : Old Net Name=PCIE0_TX2_N New Net Name=PCIE0_TX1_N
Change Net Name : Old Net Name=PCIE0_TX2_P New Net Name=PCIE0_TX1_P
Change Net Name : Old Net Name=PCIE0_TX3_N New Net Name=PCIE0_TX0_N
Change Net Name : Old Net Name=PCIE0_TX3_P New Net Name=PCIE0_TX0_P
Add Differential Pair: Number of nets in differential pair NetC15_GMSL_DESERIALIZER_1_1 is 1 instead of 2
Add Differential Pair: Number of nets in differential pair NetC16_GMSL_DESERIALIZER_1_1 is 1 instead of 2
Add Differential Pair: Number of nets in differential pair NetC17_GMSL_DESERIALIZER_1_1 is 1 instead of 2
Add Differential Pair: Number of nets in differential pair NetC18_GMSL_DESERIALIZER_1_1 is 1 instead of 2
Add Differential Pair: Number of nets in differential pair NetC19_GMSL_DESERIALIZER_1_1 is 1 instead of 2
Add Differential Pair: Number of nets in differential pair NetC20_GMSL_DESERIALIZER_1_1 is 1 instead of 2
Add Differential Pair: Number of nets in differential pair NetC23_GMSL_DESERIALIZER_1_1 is 1 instead of 2
Add Differential Pair: Number of nets in differential pair NetC24_GMSL_DESERIALIZER_1_1 is 1 instead of 2
Add Differential Pair: Number of nets in differential pair NetC25_GMSL_DESERIALIZER_1_1 is 1 instead of 2
Add Differential Pair: Number of nets in differential pair NetC28_GMSL_DESERIALIZER_1_1 is 1 instead of 2
Remove Class Member: Failed to remove class member
Remove Class Member: Failed to remove class member
