Removed Member From Class: ClassName=GMSL_SERIALIZER_0 Member=C55
Removed Member From Class: ClassName=GMSL_SERIALIZER_0 Member=D1
Removed Member From Class: ClassName=GMSL_SERIALIZER_0 Member=R45
Removed Member From Class: ClassName=GMSL_SERIALIZER_0 Member=R50
Removed Member From Class: ClassName=GMSL_SERIALIZER_0 Member=R51
Removed Member From Class: ClassName=GMSL_SERIALIZER_0 Member=R52
Removed Member From Class: ClassName=GMSL_SERIALIZER_0 Member=R53
Removed Member From Class: ClassName=GMSL_SERIALIZER_0 Member=R54
Removed Member From Class: ClassName=GMSL_SERIALIZER_0 Member=TP6
Removed Member From Class: ClassName=GMSL_SERIALIZER_0 Member=TP9
Removed Member From Class: ClassName=GMSL_SERIALIZER_0 Member=TP11
Removed Member From Class: ClassName=GMSL_SERIALIZER_0 Member=TP17
Removed Member From Class: ClassName=GMSL_SERIALIZER_0 Member=TP18
Change Component Designator: OldDesignator=C3 NewDesignator=C222
Change Component Designator: OldDesignator=C4 NewDesignator=C223
Change Component Designator: OldDesignator=C5 NewDesignator=C224
Change Component Designator: OldDesignator=C6 NewDesignator=C225
Change Component Designator: OldDesignator=C7 NewDesignator=C226
Change Component Designator: OldDesignator=C8 NewDesignator=C227
Change Component Designator: OldDesignator=C9 NewDesignator=C228
Change Component Designator: OldDesignator=C10 NewDesignator=C229
Change Component Designator: OldDesignator=C11 NewDesignator=C230
Change Component Designator: OldDesignator=C12 NewDesignator=C231
Change Component Designator: OldDesignator=C13 NewDesignator=C232
Change Component Designator: OldDesignator=C14 NewDesignator=C233
Change Component Designator: OldDesignator=C15 NewDesignator=C234
Change Component Designator: OldDesignator=C16 NewDesignator=C235
Change Component Designator: OldDesignator=C17 NewDesignator=C236
Change Component Designator: OldDesignator=C18 NewDesignator=C237
Change Component Designator: OldDesignator=C19 NewDesignator=C238
Change Component Designator: OldDesignator=C20 NewDesignator=C239
Change Component Designator: OldDesignator=C21 NewDesignator=C240
Change Component Designator: OldDesignator=C22 NewDesignator=C241
Change Component Designator: OldDesignator=C23 NewDesignator=C242
Change Component Designator: OldDesignator=C24 NewDesignator=C243
Change Component Designator: OldDesignator=C25 NewDesignator=C244
Change Component Designator: OldDesignator=C26 NewDesignator=C245
Change Component Designator: OldDesignator=C27 NewDesignator=C246
Change Component Designator: OldDesignator=C28 NewDesignator=C247
Change Component Designator: OldDesignator=C29 NewDesignator=C248
Change Component Designator: OldDesignator=C53 NewDesignator=C249
Change Component Designator: OldDesignator=C54 NewDesignator=C250
Change Component Designator: OldDesignator=C55 NewDesignator=C251
Change Component Designator: OldDesignator=C56 NewDesignator=C252
Change Component Designator: OldDesignator=D1 NewDesignator=D45
Change Component Designator: OldDesignator=F1 NewDesignator=F7
Change Component Designator: OldDesignator=J2 NewDesignator=J15
Change Component Designator: OldDesignator=L1 NewDesignator=L13
Change Component Designator: OldDesignator=L2 NewDesignator=L14
Change Component Designator: OldDesignator=R17 NewDesignator=R146
Change Component Designator: OldDesignator=R18 NewDesignator=R147
Change Component Designator: OldDesignator=R19 NewDesignator=R148
Change Component Designator: OldDesignator=R20 NewDesignator=R149
Change Component Designator: OldDesignator=R21 NewDesignator=R160
Change Component Designator: OldDesignator=R22 NewDesignator=R161
Change Component Designator: OldDesignator=R23 NewDesignator=R162
Change Component Designator: OldDesignator=R24 NewDesignator=R165
Change Component Designator: OldDesignator=R25 NewDesignator=R166
Change Component Designator: OldDesignator=R26 NewDesignator=R167
Change Component Designator: OldDesignator=R27 NewDesignator=R168
Change Component Designator: OldDesignator=R28 NewDesignator=R169
Change Component Designator: OldDesignator=R29 NewDesignator=R170
Change Component Designator: OldDesignator=R30 NewDesignator=R171
Change Component Designator: OldDesignator=R45 NewDesignator=R174
Change Component Designator: OldDesignator=R50 NewDesignator=R175
Change Component Designator: OldDesignator=R51 NewDesignator=R176
Change Component Designator: OldDesignator=R52 NewDesignator=R177
Change Component Designator: OldDesignator=R53 NewDesignator=R172
Change Component Designator: OldDesignator=R54 NewDesignator=R173
Change Component Designator: OldDesignator=TP5 NewDesignator=TP12
Change Component Designator: OldDesignator=TP6 NewDesignator=TP13
Change Component Designator: OldDesignator=TP7 NewDesignator=TP75
Change Component Designator: OldDesignator=TP8 NewDesignator=TP76
Change Component Designator: OldDesignator=TP9 NewDesignator=TP77
Change Component Designator: OldDesignator=TP10 NewDesignator=TP78
Change Component Designator: OldDesignator=TP11 NewDesignator=TP79
Change Component Designator: OldDesignator=TP12 NewDesignator=TP80
Change Component Designator: OldDesignator=TP17 NewDesignator=TP83
Change Component Designator: OldDesignator=TP18 NewDesignator=TP84
Change Component Designator: OldDesignator=TP19 NewDesignator=TP82
Change Component Designator: OldDesignator=TP20 NewDesignator=TP81
Change Component Designator: OldDesignator=U1 NewDesignator=U28
Change Component Designator: OldDesignator=U4 NewDesignator=U29
Change Component Designator: OldDesignator=U5 NewDesignator=U30
Change Component Designator: OldDesignator=Y1 NewDesignator=Y6
Change Net Name : Old Net Name=NetC13_2 New Net Name=NetC232_2
Change Net Name : Old Net Name=NetC17_1 New Net Name=NetC236_1
Change Net Name : Old Net Name=NetC19_2 New Net Name=NetC238_2
Change Net Name : Old Net Name=NetC21_2 New Net Name=NetC240_2
Change Net Name : Old Net Name=NetC23_1 New Net Name=NetC242_1
Change Net Name : Old Net Name=NetC29_1 New Net Name=NetC248_1
Change Net Name : Old Net Name=NetL1_2 New Net Name=NetL13_2
Change Net Name : Old Net Name=NetR22_2 New Net Name=NetR161_2
Change Net Name : Old Net Name=NetR23_1 New Net Name=NetR162_1
Change Net Name : Old Net Name=NetTP5_1 New Net Name=NetTP12_1
Change Net Name : Old Net Name=NetTP6_1 New Net Name=NetTP13_1
Change Net Name : Old Net Name=NetTP7_1 New Net Name=NetTP75_1
Change Net Name : Old Net Name=NetTP8_1 New Net Name=NetTP76_1
Change Net Name : Old Net Name=NetTP9_1 New Net Name=NetTP77_1
Change Net Name : Old Net Name=NetTP10_1 New Net Name=NetTP78_1
Change Net Name : Old Net Name=NetTP11_1 New Net Name=NetTP79_1
Change Net Name : Old Net Name=NetTP12_1 New Net Name=NetTP80_1
Added Member To Class: ClassName=GMSL_SERIALIZER_0 Member=Component C251 C1005X7R1H104K050BB
Added Member To Class: ClassName=GMSL_SERIALIZER_0 Member=Component D45 ESD204DQAR
Added Member To Class: ClassName=GMSL_SERIALIZER_0 Member=Component R172 ERJ3EKF1002V
Added Member To Class: ClassName=GMSL_SERIALIZER_0 Member=Component R173 ERJ-3EKF2001V
Added Member To Class: ClassName=GMSL_SERIALIZER_0 Member=Component R174 ERJ3EKF1002V
Added Member To Class: ClassName=GMSL_SERIALIZER_0 Member=Component R175 ERJ3EKF1002V
Added Member To Class: ClassName=GMSL_SERIALIZER_0 Member=Component R176 ERJ3EKF1002V
Added Member To Class: ClassName=GMSL_SERIALIZER_0 Member=Component R177 ERJ3EKF1002V
Added Member To Class: ClassName=GMSL_SERIALIZER_0 Member=Component TP13 TPAD6R
Added Member To Class: ClassName=GMSL_SERIALIZER_0 Member=Component TP77 TPAD6R
Added Member To Class: ClassName=GMSL_SERIALIZER_0 Member=Component TP79 TPAD6R
Added Member To Class: ClassName=GMSL_SERIALIZER_0 Member=Component TP83 TPAD6R
Added Member To Class: ClassName=GMSL_SERIALIZER_0 Member=Component TP84 TPAD6R
