Removed Member From Class: ClassName=100DIFF Member=NetC3_1
Removed Member From Class: ClassName=100DIFF Member=NetC4_1
Removed Member From Class: ClassName=100DIFF Member=NetC5_1
Removed Member From Class: ClassName=100DIFF Member=NetC6_1
Removed Member From Class: ClassName=100DIFF Member=NetC7_1
Removed Member From Class: ClassName=100DIFF Member=NetC8_1
Removed Member From Class: ClassName=100DIFF Member=NetC10_1
Removed Member From Class: ClassName=100DIFF Member=NetC11_1
Removed Member From Class: ClassName=100DIFF Member=NetC12_1
Removed Member From Class: ClassName=100DIFF Member=NetC14_1
Change Net Name : Old Net Name=NetC3_1 New Net Name=PRE_D0_P
Change Net Name : Old Net Name=NetC4_1 New Net Name=PRE_D0_N
Change Net Name : Old Net Name=NetC5_1 New Net Name=PRE_D1_P
Change Net Name : Old Net Name=NetC6_1 New Net Name=PRE_D1_N
Change Net Name : Old Net Name=NetC7_1 New Net Name=PRE_D2_P
Change Net Name : Old Net Name=NetC8_1 New Net Name=PRE_D2_N
Change Net Name : Old Net Name=NetC10_1 New Net Name=PRE_D3_P
Change Net Name : Old Net Name=NetC11_1 New Net Name=PRE_D3_N
Change Net Name : Old Net Name=NetC12_1 New Net Name=PRE_CK_P
Change Net Name : Old Net Name=NetC14_1 New Net Name=PRE_CK_N
Add Differential Pair: Number of nets in differential pair NetC15_GMSL_DESERIALIZER_1_1 is 1 instead of 2
Add Differential Pair: Number of nets in differential pair NetC16_GMSL_DESERIALIZER_1_1 is 1 instead of 2
Add Differential Pair: Number of nets in differential pair NetC17_GMSL_DESERIALIZER_1_1 is 1 instead of 2
Add Differential Pair: Number of nets in differential pair NetC18_GMSL_DESERIALIZER_1_1 is 1 instead of 2
Add Differential Pair: Number of nets in differential pair NetC19_GMSL_DESERIALIZER_1_1 is 1 instead of 2
Add Differential Pair: Number of nets in differential pair NetC20_GMSL_DESERIALIZER_1_1 is 1 instead of 2
Add Differential Pair: Number of nets in differential pair NetC23_GMSL_DESERIALIZER_1_1 is 1 instead of 2
Add Differential Pair: Number of nets in differential pair NetC24_GMSL_DESERIALIZER_1_1 is 1 instead of 2
Add Differential Pair: Number of nets in differential pair NetC25_GMSL_DESERIALIZER_1_1 is 1 instead of 2
Add Differential Pair: Number of nets in differential pair NetC28_GMSL_DESERIALIZER_1_1 is 1 instead of 2
Added Differential Pair: Name=PRE_CK
Added Differential Pair: Name=PRE_D0
Added Differential Pair: Name=PRE_D1
Added Differential Pair: Name=PRE_D2
Added Differential Pair: Name=PRE_D3
Added Member To Class: ClassName=100DIFF Member=Wire PRE_CK_N
Added Member To Class: ClassName=100DIFF Member=Wire PRE_CK_P
Added Member To Class: ClassName=100DIFF Member=Wire PRE_D0_N
Added Member To Class: ClassName=100DIFF Member=Wire PRE_D0_P
Added Member To Class: ClassName=100DIFF Member=Wire PRE_D1_N
Added Member To Class: ClassName=100DIFF Member=Wire PRE_D1_P
Added Member To Class: ClassName=100DIFF Member=Wire PRE_D2_N
Added Member To Class: ClassName=100DIFF Member=Wire PRE_D2_P
Added Member To Class: ClassName=100DIFF Member=Wire PRE_D3_N
Added Member To Class: ClassName=100DIFF Member=Wire PRE_D3_P
Removed Member From Class: ClassName=100DIFF Member=CLK
Removed Member From Class: ClassName=100DIFF Member=DA0
Removed Member From Class: ClassName=100DIFF Member=DA1
Removed Member From Class: ClassName=100DIFF Member=DA2
Removed Member From Class: ClassName=100DIFF Member=DA3
Removed Member From Class: ClassName=100DIFF Member=SIO
Added Member To Class: ClassName=100DIFF Member=PRE_CK
Added Member To Class: ClassName=100DIFF Member=PRE_D0
Added Member To Class: ClassName=100DIFF Member=PRE_D1
Added Member To Class: ClassName=100DIFF Member=PRE_D2
Added Member To Class: ClassName=100DIFF Member=PRE_D3
