Removed Pin From Net: NetName=2V_AUX_VCC Pin=R152-1
Removed Pin From Net: NetName=2V_AUX_I_SENSE Pin=R156-2
Removed Pin From Net: NetName=2V_AUX_I_SENSE Pin=R162-2
Removed Pin From Net: NetName=5V_MAIN_VCC Pin=R168-1
Removed Pin From Net: NetName=3V3_AUX_VCC Pin=R169-1
Removed Pin From Net: NetName=5V_MAIN_I_SENSE Pin=R172-2
Removed Pin From Net: NetName=3V3_AUX_I_SENSE Pin=R173-2
Removed Pin From Net: NetName=5V_MAIN_I_SENSE Pin=R176-2
Removed Pin From Net: NetName=3V3_AUX_I_SENSE Pin=R177-2
Added Pin To Net: NetName=5V_MAIN_VCC Pin=R152-1
Added Pin To Net: NetName=5V_MAIN_I_SENSE Pin=R156-2
Added Pin To Net: NetName=5V_MAIN_I_SENSE Pin=R162-2
Added Pin To Net: NetName=3V3_AUX_VCC Pin=R168-1
Added Pin To Net: NetName=2V_AUX_VCC Pin=R169-1
Added Pin To Net: NetName=3V3_AUX_I_SENSE Pin=R172-2
Added Pin To Net: NetName=2V_AUX_I_SENSE Pin=R173-2
Added Pin To Net: NetName=3V3_AUX_I_SENSE Pin=R176-2
Added Pin To Net: NetName=2V_AUX_I_SENSE Pin=R177-2
Add Differential Pair: Number of nets in differential pair NetC15_GMSL_DESERIALIZER_1_1 is 1 instead of 2
Add Differential Pair: Number of nets in differential pair NetC16_GMSL_DESERIALIZER_1_1 is 1 instead of 2
Add Differential Pair: Number of nets in differential pair NetC17_GMSL_DESERIALIZER_1_1 is 1 instead of 2
Add Differential Pair: Number of nets in differential pair NetC18_GMSL_DESERIALIZER_1_1 is 1 instead of 2
Add Differential Pair: Number of nets in differential pair NetC19_GMSL_DESERIALIZER_1_1 is 1 instead of 2
Add Differential Pair: Number of nets in differential pair NetC20_GMSL_DESERIALIZER_1_1 is 1 instead of 2
Add Differential Pair: Number of nets in differential pair NetC23_GMSL_DESERIALIZER_1_1 is 1 instead of 2
Add Differential Pair: Number of nets in differential pair NetC24_GMSL_DESERIALIZER_1_1 is 1 instead of 2
Add Differential Pair: Number of nets in differential pair NetC25_GMSL_DESERIALIZER_1_1 is 1 instead of 2
Add Differential Pair: Number of nets in differential pair NetC28_GMSL_DESERIALIZER_1_1 is 1 instead of 2
