Removed Member From Class: ClassName=100DIFF Member=CSI1_CK_N
Removed Member From Class: ClassName=100DIFF Member=CSI1_CK_P
Removed Member From Class: ClassName=100DIFF Member=CSI1_D2_N
Removed Member From Class: ClassName=100DIFF Member=CSI1_D2_P
Removed Member From Class: ClassName=100DIFF Member=CSI1_D3_N
Removed Member From Class: ClassName=100DIFF Member=CSI1_D3_P
Change Net Name : Old Net Name=CSI1_CK_N New Net Name=TP_CSI1_CK_N
Change Net Name : Old Net Name=CSI1_CK_P New Net Name=TP_CSI1_CK_P
Change Net Name : Old Net Name=CSI1_D2_N New Net Name=TP_CSI1_D2_N
Change Net Name : Old Net Name=CSI1_D2_P New Net Name=TP_CSI1_D2_P
Change Net Name : Old Net Name=CSI1_D3_N New Net Name=TP_CSI1_D3_N
Change Net Name : Old Net Name=CSI1_D3_P New Net Name=TP_CSI1_D3_P
Added Pin To Net: NetName=TP_CSI1_D0_N Pin=C16_GMSL_DESERIALIZER_1-1
Added Pin To Net: NetName=TP_CSI1_D0_N Pin=TP66-1
Added Net: Name=TP_CSI1_D0_N
Added Pin To Net: NetName=TP_CSI1_D0_P Pin=C15_GMSL_DESERIALIZER_1-1
Added Pin To Net: NetName=TP_CSI1_D0_P Pin=TP65-1
Added Net: Name=TP_CSI1_D0_P
Added Pin To Net: NetName=TP_CSI1_D1_N Pin=C18_GMSL_DESERIALIZER_1-1
Added Pin To Net: NetName=TP_CSI1_D1_N Pin=TP68-1
Added Net: Name=TP_CSI1_D1_N
Added Pin To Net: NetName=TP_CSI1_D1_P Pin=C17_GMSL_DESERIALIZER_1-1
Added Pin To Net: NetName=TP_CSI1_D1_P Pin=TP67-1
Added Net: Name=TP_CSI1_D1_P
Added Differential Pair: Name=TP_CSI1_CK
Added Differential Pair: Name=TP_CSI1_D0
Added Differential Pair: Name=TP_CSI1_D1
Added Differential Pair: Name=TP_CSI1_D2
Added Differential Pair: Name=TP_CSI1_D3
Added Member To Class: ClassName=100DIFF Member=Wire TP_CSI1_CK_N
Added Member To Class: ClassName=100DIFF Member=Wire TP_CSI1_CK_P
Added Member To Class: ClassName=100DIFF Member=Wire TP_CSI1_D0_N
Added Member To Class: ClassName=100DIFF Member=Wire TP_CSI1_D0_P
Added Member To Class: ClassName=100DIFF Member=Wire TP_CSI1_D1_N
Added Member To Class: ClassName=100DIFF Member=Wire TP_CSI1_D1_P
Added Member To Class: ClassName=100DIFF Member=Wire TP_CSI1_D2_N
Added Member To Class: ClassName=100DIFF Member=Wire TP_CSI1_D2_P
Added Member To Class: ClassName=100DIFF Member=Wire TP_CSI1_D3_N
Added Member To Class: ClassName=100DIFF Member=Wire TP_CSI1_D3_P
Remove Class Member: Failed to remove class member
Remove Class Member: Failed to remove class member
Remove Class Member: Failed to remove class member
Added Member To Class: ClassName=100DIFF Member=TP_CSI1_CK
Added Member To Class: ClassName=100DIFF Member=TP_CSI1_D0
Added Member To Class: ClassName=100DIFF Member=TP_CSI1_D1
Added Member To Class: ClassName=100DIFF Member=TP_CSI1_D2
Added Member To Class: ClassName=100DIFF Member=TP_CSI1_D3
