Removed Pin From Net: NetName=NetC?_2 Pin=C?-2
Removed Pin From Net: NetName=NetC?_2 Pin=L?-1
Change Component Footprint: Designator=MP1 Old Footprint=9774025243 New Footprint=9774025243
Change Component Footprint: Designator=MP2 Old Footprint=9774025243 New Footprint=9774025243
Change Component Footprint: Designator=MP3 Old Footprint=9774025243 New Footprint=9774025243
Change Component Footprint: Designator=MP4 Old Footprint=9774025243 New Footprint=9774025243
Change Component Footprint: Designator=MP5 Old Footprint=9774025243 New Footprint=9774025243
Change Component Footprint: Designator=J3 Old Footprint=692141030100 New Footprint=692141030100
Change Component Footprint: Designator=J4 Old Footprint=692141030100 New Footprint=692141030100
Added Component: Designator=C?(CAPC1608X90X40ML10T20)
Added Component: Designator=C?(CAPC1608X90X40ML10T20)
Added Component: Designator=D36(WL-SBCD_0606)
Added Component: Designator=J2_GMSL_DESERIALIZER_0(FM4-NZRP-PCB-1-Footprint-1)
Added Component: Designator=J2_GMSL_DESERIALIZER_1(FM4-NZRP-PCB-1-Footprint-1)
Added Component: Designator=Q10(SISH615ADN-T1-GE3-Footprint-1)
Added Component: Designator=Q11(SISH615ADN-T1-GE3-Footprint-1)
Added Component: Designator=Q13(SISH615ADN-T1-GE3-Footprint-1)
Added Component: Designator=Q14(SISH615ADN-T1-GE3-Footprint-1)
Added Component: Designator=Q15(SISH615ADN-T1-GE3-Footprint-1)
Added Component: Designator=Q16(SISH615ADN-T1-GE3-Footprint-1)
Added Component: Designator=R1(RESC1005X40X25NL05T05)
Added Component: Designator=R3(RESC1005X40X25NL05T05)
Added Component: Designator=R4(RESC1005X40X25NL05T05)
Added Component: Designator=R5(RESC1005X40X25NL05T05)
Added Component: Designator=R6(RESC1005X40X25NL05T05)
Added Component: Designator=R12_GMSL_DESERIALIZER_0(RESC1005X40X25NL05T05)
Added Component: Designator=R12_GMSL_DESERIALIZER_1(RESC1005X40X25NL05T05)
Added Component: Designator=R32(RESC1005X40X25NL05T05)
Added Component: Designator=R33(RESC1005X40X25NL05T05)
Added Component: Designator=R35(RESC1005X40X25NL05T05)
Added Component: Designator=R36(RESC1005X40X25NL05T05)
Added Component: Designator=R37(RESC1005X40X25NL05T05)
Added Component: Designator=R38(RESC1005X40X25NL05T05)
Added Component: Designator=R40(RESC1005X40X25NL05T05)
Added Component: Designator=R53(RESC1005X40X25NL05T05)
Added Component: Designator=R54(RESC1005X40X25NL05T05)
Added Component: Designator=R55(RESC1005X40X25NL05T05)
Added Component: Designator=R56(RESC1005X40X25NL05T05)
Added Component: Designator=R57(RESC1609X55X30ML15T15)
Added Component: Designator=R58(RESC1609X55X30ML15T15)
Added Component: Designator=R59(RESC1609X55X30ML15T15)
Added Component: Designator=R64(RESC1005X40X25NL05T05)
Added Component: Designator=R65(RESC1005X40X25NL05T05)
Added Component: Designator=R66(RESC1005X40X25NL05T05)
Added Component: Designator=R67(RESC1005X40X25NL05T05)
Added Component: Designator=R68(RESC1005X40X25NL05T05)
Added Component: Designator=R69(RESC1005X40X25NL05T05)
Added Component: Designator=R70(RESC1005X40X25NL05T05)
Added Component: Designator=R71(RESC1005X40X25NL05T05)
Added Component: Designator=R72(RESC1005X40X25NL05T05)
Added Component: Designator=R74(RESC1005X40X25NL05T05)
Added Component: Designator=R83(RESC1005X40X25NL05T05)
Added Component: Designator=R90(RESC1005X40X25NL05T05)
Added Component: Designator=R91(RESC1005X40X25NL05T05)
Added Component: Designator=R92(RESC1005X40X25NL05T05)
Added Component: Designator=R95(RESC1005X40X25NL05T05)
Added Component: Designator=R97(RESC1005X40X25NL05T05)
Added Component: Designator=R98(RESC1005X40X25NL05T05)
Added Component: Designator=R99(RESC1005X40X25NL05T05)
Added Component: Designator=R100(RESC1005X40X25NL05T05)
Added Component: Designator=R101(RESC1005X40X25NL05T05)
Added Component: Designator=R103(RESC1005X40X25NL05T05)
Added Component: Designator=R104(RESC1005X40X25NL05T05)
Added Component: Designator=R105(RESC1005X40X25NL05T05)
Added Component: Designator=R106(RESC1005X40X25NL05T05)
Added Component: Designator=R107(RESC1005X40X25NL05T05)
Added Component: Designator=R108(RESC1005X40X25NL05T05)
Added Component: Designator=R111(RESC1005X40X25NL05T05)
Added Component: Designator=R112(RESC1005X40X25NL05T05)
Added Component: Designator=R113(RESC1005X40X25NL05T05)
Added Component: Designator=R?(RESC1005X40X25NL05T05)
Added Component: Designator=R?(RESC1005X40X25NL05T05)
Added Component: Designator=TP1_GMSL_DESERIALIZER_0(TP06R)
Added Component: Designator=TP1_GMSL_DESERIALIZER_1(TP06R)
Added Component: Designator=TP2_GMSL_DESERIALIZER_0(TP06R)
Added Component: Designator=TP2_GMSL_DESERIALIZER_1(TP06R)
Added Component: Designator=TP3_GMSL_DESERIALIZER_0(TP06R)
Added Component: Designator=TP3_GMSL_DESERIALIZER_1(TP06R)
Added Component: Designator=TP4_GMSL_DESERIALIZER_0(TP06R)
Added Component: Designator=TP4_GMSL_DESERIALIZER_1(TP06R)
Added Component: Designator=TP5(TP06R)
Added Component: Designator=TP6(TP06R)
Added Component: Designator=TP7(TP06R)
Added Component: Designator=TP8(TP06R)
Added Component: Designator=TP9(TP06R)
Added Component: Designator=TP10(TP06R)
Added Component: Designator=TP11(TP06R)
Added Component: Designator=TP12(TP06R)
Added Component: Designator=TP13(TP06R)
Added Component: Designator=TP14(TP06R)
Added Component: Designator=TP15(TP06R)
Added Component: Designator=TP16_REG_0(TP06R)
Added Component: Designator=TP16_REG_1(TP06R)
Added Component: Designator=TP17(TP06R)
Added Component: Designator=TP18(TP06R)
Added Component: Designator=TP19(TP06R)
Added Component: Designator=TP20(TP06R)
Added Component: Designator=TP21(TP06R)
Added Component: Designator=TP22(TP06R)
Added Component: Designator=TP23(TP06R)
Added Component: Designator=TP24(TP06R)
Added Component: Designator=TP25(TP06R)
Added Component: Designator=TP26(TP06R)
Added Component: Designator=TP27(TP06R)
Added Component: Designator=TP28(TP06R)
Added Component: Designator=TP29(TP06R)
Added Component: Designator=TP?(TP06R)
Added Component: Designator=TP?(TP06R)
Added Component: Designator=TP?(TP06R)
Added Component: Designator=U4(SOT95P285X130-5N)
Added Component: Designator=U6(SOT95P285X130-5N)
Added Component: Designator=U7(SOT95P285X130-5N)
Added Component: Designator=U8(SOT95P285X130-5N)
Added Component: Designator=U10(SOT95P285X130-5N)
Added Component: Designator=U11(SOT95P285X130-5N)
Added Component: Designator=U19(TCAN1146DYYRQ1-Footprint-1)
Added Pin To Net: NetName=GND Pin=C?-1
Add Pin To Net: Unknown Pin: Pin D36-1
Add Pin To Net: Unknown Pin: Pin D36-2
Add Pin To Net: Unknown Pin: Pin D36-3
Add Pin To Net: Unknown Pin: Pin D36-4
Add Pin To Net: Unknown Pin: Pin J2_GMSL_DESERIALIZER_0-1
Add Pin To Net: Unknown Pin: Pin J2_GMSL_DESERIALIZER_0-2
Add Pin To Net: Unknown Pin: Pin J2_GMSL_DESERIALIZER_0-3
Add Pin To Net: Unknown Pin: Pin J2_GMSL_DESERIALIZER_0-4
Add Pin To Net: Unknown Pin: Pin J2_GMSL_DESERIALIZER_0-MH1
Add Pin To Net: Unknown Pin: Pin J2_GMSL_DESERIALIZER_0-MH2
Add Pin To Net: Unknown Pin: Pin J2_GMSL_DESERIALIZER_0-MH3
Add Pin To Net: Unknown Pin: Pin J2_GMSL_DESERIALIZER_0-MH4
Add Pin To Net: Unknown Pin: Pin J2_GMSL_DESERIALIZER_0-MH5
Add Pin To Net: Unknown Pin: Pin J2_GMSL_DESERIALIZER_1-1
Add Pin To Net: Unknown Pin: Pin J2_GMSL_DESERIALIZER_1-2
Add Pin To Net: Unknown Pin: Pin J2_GMSL_DESERIALIZER_1-3
Add Pin To Net: Unknown Pin: Pin J2_GMSL_DESERIALIZER_1-4
Add Pin To Net: Unknown Pin: Pin J2_GMSL_DESERIALIZER_1-MH1
Add Pin To Net: Unknown Pin: Pin J2_GMSL_DESERIALIZER_1-MH2
Add Pin To Net: Unknown Pin: Pin J2_GMSL_DESERIALIZER_1-MH3
Add Pin To Net: Unknown Pin: Pin J2_GMSL_DESERIALIZER_1-MH4
Add Pin To Net: Unknown Pin: Pin J2_GMSL_DESERIALIZER_1-MH5
Added Pin To Net: NetName=NetC?_2 Pin=L?-1
Add Pin To Net: Unknown Pin: Pin Q10-1
Add Pin To Net: Unknown Pin: Pin Q10-2
Add Pin To Net: Unknown Pin: Pin Q10-3
Add Pin To Net: Unknown Pin: Pin Q10-4
Add Pin To Net: Unknown Pin: Pin Q10-5-6-7-8
Add Pin To Net: Unknown Pin: Pin Q11-1
Add Pin To Net: Unknown Pin: Pin Q11-2
Add Pin To Net: Unknown Pin: Pin Q11-3
Add Pin To Net: Unknown Pin: Pin Q11-4
Add Pin To Net: Unknown Pin: Pin Q11-5-6-7-8
Add Pin To Net: Unknown Pin: Pin Q13-1
Add Pin To Net: Unknown Pin: Pin Q13-2
Add Pin To Net: Unknown Pin: Pin Q13-3
Add Pin To Net: Unknown Pin: Pin Q13-4
Add Pin To Net: Unknown Pin: Pin Q13-5-6-7-8
Add Pin To Net: Unknown Pin: Pin Q14-1
Add Pin To Net: Unknown Pin: Pin Q14-2
Add Pin To Net: Unknown Pin: Pin Q14-3
Add Pin To Net: Unknown Pin: Pin Q14-4
Add Pin To Net: Unknown Pin: Pin Q14-5-6-7-8
Add Pin To Net: Unknown Pin: Pin Q15-1
Add Pin To Net: Unknown Pin: Pin Q15-2
Add Pin To Net: Unknown Pin: Pin Q15-3
Add Pin To Net: Unknown Pin: Pin Q15-4
Add Pin To Net: Unknown Pin: Pin Q15-5-6-7-8
Add Pin To Net: Unknown Pin: Pin Q16-1
Add Pin To Net: Unknown Pin: Pin Q16-2
Add Pin To Net: Unknown Pin: Pin Q16-3
Add Pin To Net: Unknown Pin: Pin Q16-4
Add Pin To Net: Unknown Pin: Pin Q16-5-6-7-8
Add Pin To Net: Unknown Pin: Pin R1-1
Add Pin To Net: Unknown Pin: Pin R1-2
Add Pin To Net: Unknown Pin: Pin R3-1
Add Pin To Net: Unknown Pin: Pin R3-2
Add Pin To Net: Unknown Pin: Pin R4-1
Add Pin To Net: Unknown Pin: Pin R4-2
Add Pin To Net: Unknown Pin: Pin R5-1
Add Pin To Net: Unknown Pin: Pin R5-2
Add Pin To Net: Unknown Pin: Pin R6-1
Add Pin To Net: Unknown Pin: Pin R6-2
Add Pin To Net: Unknown Pin: Pin R12_GMSL_DESERIALIZER_0-1
Add Pin To Net: Unknown Pin: Pin R12_GMSL_DESERIALIZER_0-2
Add Pin To Net: Unknown Pin: Pin R12_GMSL_DESERIALIZER_1-1
Add Pin To Net: Unknown Pin: Pin R12_GMSL_DESERIALIZER_1-2
Add Pin To Net: Unknown Pin: Pin R32-1
Add Pin To Net: Unknown Pin: Pin R32-2
Add Pin To Net: Unknown Pin: Pin R33-1
Add Pin To Net: Unknown Pin: Pin R33-2
Add Pin To Net: Unknown Pin: Pin R35-1
Add Pin To Net: Unknown Pin: Pin R35-2
Add Pin To Net: Unknown Pin: Pin R36-1
Add Pin To Net: Unknown Pin: Pin R36-2
Add Pin To Net: Unknown Pin: Pin R37-1
Add Pin To Net: Unknown Pin: Pin R37-2
Add Pin To Net: Unknown Pin: Pin R38-1
Add Pin To Net: Unknown Pin: Pin R38-2
Add Pin To Net: Unknown Pin: Pin R40-1
Add Pin To Net: Unknown Pin: Pin R40-2
Add Pin To Net: Unknown Pin: Pin R53-1
Add Pin To Net: Unknown Pin: Pin R53-2
Add Pin To Net: Unknown Pin: Pin R54-1
Add Pin To Net: Unknown Pin: Pin R54-2
Add Pin To Net: Unknown Pin: Pin R55-1
Add Pin To Net: Unknown Pin: Pin R55-2
Add Pin To Net: Unknown Pin: Pin R56-1
Add Pin To Net: Unknown Pin: Pin R56-2
Add Pin To Net: Unknown Pin: Pin R57-1
Add Pin To Net: Unknown Pin: Pin R57-2
Add Pin To Net: Unknown Pin: Pin R58-1
Add Pin To Net: Unknown Pin: Pin R58-2
Add Pin To Net: Unknown Pin: Pin R59-1
Add Pin To Net: Unknown Pin: Pin R59-2
Add Pin To Net: Unknown Pin: Pin R64-1
Add Pin To Net: Unknown Pin: Pin R64-2
Add Pin To Net: Unknown Pin: Pin R65-1
Add Pin To Net: Unknown Pin: Pin R65-2
Add Pin To Net: Unknown Pin: Pin R66-1
Add Pin To Net: Unknown Pin: Pin R66-2
Add Pin To Net: Unknown Pin: Pin R67-1
Add Pin To Net: Unknown Pin: Pin R67-2
Add Pin To Net: Unknown Pin: Pin R68-1
Add Pin To Net: Unknown Pin: Pin R68-2
Add Pin To Net: Unknown Pin: Pin R69-1
Add Pin To Net: Unknown Pin: Pin R69-2
Add Pin To Net: Unknown Pin: Pin R70-1
Add Pin To Net: Unknown Pin: Pin R70-2
Add Pin To Net: Unknown Pin: Pin R71-1
Add Pin To Net: Unknown Pin: Pin R71-2
Add Pin To Net: Unknown Pin: Pin R72-1
Add Pin To Net: Unknown Pin: Pin R72-2
Add Pin To Net: Unknown Pin: Pin R74-1
Add Pin To Net: Unknown Pin: Pin R74-2
Add Pin To Net: Unknown Pin: Pin R83-1
Add Pin To Net: Unknown Pin: Pin R83-2
Add Pin To Net: Unknown Pin: Pin R90-1
Add Pin To Net: Unknown Pin: Pin R90-2
Add Pin To Net: Unknown Pin: Pin R91-1
Add Pin To Net: Unknown Pin: Pin R91-2
Add Pin To Net: Unknown Pin: Pin R92-1
Add Pin To Net: Unknown Pin: Pin R92-2
Add Pin To Net: Unknown Pin: Pin R95-1
Add Pin To Net: Unknown Pin: Pin R95-2
Add Pin To Net: Unknown Pin: Pin R97-1
Add Pin To Net: Unknown Pin: Pin R97-2
Add Pin To Net: Unknown Pin: Pin R98-1
Add Pin To Net: Unknown Pin: Pin R98-2
Add Pin To Net: Unknown Pin: Pin R99-1
Add Pin To Net: Unknown Pin: Pin R99-2
Add Pin To Net: Unknown Pin: Pin R100-1
Add Pin To Net: Unknown Pin: Pin R100-2
Add Pin To Net: Unknown Pin: Pin R101-1
Add Pin To Net: Unknown Pin: Pin R101-2
Add Pin To Net: Unknown Pin: Pin R103-1
Add Pin To Net: Unknown Pin: Pin R103-2
Add Pin To Net: Unknown Pin: Pin R104-1
Add Pin To Net: Unknown Pin: Pin R104-2
Add Pin To Net: Unknown Pin: Pin R105-1
Add Pin To Net: Unknown Pin: Pin R105-2
Add Pin To Net: Unknown Pin: Pin R106-1
Add Pin To Net: Unknown Pin: Pin R106-2
Add Pin To Net: Unknown Pin: Pin R107-1
Add Pin To Net: Unknown Pin: Pin R107-2
Add Pin To Net: Unknown Pin: Pin R108-2
Add Pin To Net: Unknown Pin: Pin R111-1
Add Pin To Net: Unknown Pin: Pin R111-2
Add Pin To Net: Unknown Pin: Pin R112-1
Add Pin To Net: Unknown Pin: Pin R112-2
Add Pin To Net: Unknown Pin: Pin R113-1
Add Pin To Net: Unknown Pin: Pin R113-2
Added Pin To Net: NetName=3V3_AUX_FB Pin=R?-2
Added Pin To Net: NetName=5V_REG_FB_REG_1 Pin=R?-2
Add Pin To Net: Unknown Pin: Pin TP1_GMSL_DESERIALIZER_0-1
Add Pin To Net: Unknown Pin: Pin TP1_GMSL_DESERIALIZER_1-1
Add Pin To Net: Unknown Pin: Pin TP2_GMSL_DESERIALIZER_0-1
Add Pin To Net: Unknown Pin: Pin TP2_GMSL_DESERIALIZER_1-1
Add Pin To Net: Unknown Pin: Pin TP3_GMSL_DESERIALIZER_0-1
Add Pin To Net: Unknown Pin: Pin TP3_GMSL_DESERIALIZER_1-1
Add Pin To Net: Unknown Pin: Pin TP4_GMSL_DESERIALIZER_0-1
Add Pin To Net: Unknown Pin: Pin TP4_GMSL_DESERIALIZER_1-1
Add Pin To Net: Unknown Pin: Pin TP5-1
Add Pin To Net: Unknown Pin: Pin TP6-1
Add Pin To Net: Unknown Pin: Pin TP7-1
Add Pin To Net: Unknown Pin: Pin TP8-1
Add Pin To Net: Unknown Pin: Pin TP9-1
Add Pin To Net: Unknown Pin: Pin TP10-1
Add Pin To Net: Unknown Pin: Pin TP11-1
Add Pin To Net: Unknown Pin: Pin TP12-1
Add Pin To Net: Unknown Pin: Pin TP13-1
Add Pin To Net: Unknown Pin: Pin TP14-1
Add Pin To Net: Unknown Pin: Pin TP15-1
Add Pin To Net: Unknown Pin: Pin TP16_REG_0-1
Add Pin To Net: Unknown Pin: Pin TP16_REG_1-1
Add Pin To Net: Unknown Pin: Pin TP17-1
Add Pin To Net: Unknown Pin: Pin TP18-1
Add Pin To Net: Unknown Pin: Pin TP19-1
Add Pin To Net: Unknown Pin: Pin TP20-1
Add Pin To Net: Unknown Pin: Pin TP21-1
Add Pin To Net: Unknown Pin: Pin TP22-1
Add Pin To Net: Unknown Pin: Pin TP23-1
Add Pin To Net: Unknown Pin: Pin TP24-1
Add Pin To Net: Unknown Pin: Pin TP25-1
Add Pin To Net: Unknown Pin: Pin TP26-1
Add Pin To Net: Unknown Pin: Pin TP27-1
Add Pin To Net: Unknown Pin: Pin TP28-1
Add Pin To Net: Unknown Pin: Pin TP29-1
Add Pin To Net: Unknown Pin: Pin TP?-1
Add Pin To Net: Unknown Pin: Pin TP?-1
Add Pin To Net: Unknown Pin: Pin TP?-1
Add Pin To Net: Unknown Pin: Pin U4-1
Add Pin To Net: Unknown Pin: Pin U4-2
Add Pin To Net: Unknown Pin: Pin U4-3
Add Pin To Net: Unknown Pin: Pin U4-4
Add Pin To Net: Unknown Pin: Pin U4-5
Add Pin To Net: Unknown Pin: Pin U6-1
Add Pin To Net: Unknown Pin: Pin U6-2
Add Pin To Net: Unknown Pin: Pin U6-3
Add Pin To Net: Unknown Pin: Pin U6-4
Add Pin To Net: Unknown Pin: Pin U6-5
Add Pin To Net: Unknown Pin: Pin U7-1
Add Pin To Net: Unknown Pin: Pin U7-2
Add Pin To Net: Unknown Pin: Pin U7-3
Add Pin To Net: Unknown Pin: Pin U7-4
Add Pin To Net: Unknown Pin: Pin U7-5
Add Pin To Net: Unknown Pin: Pin U8-1
Add Pin To Net: Unknown Pin: Pin U8-2
Add Pin To Net: Unknown Pin: Pin U8-3
Add Pin To Net: Unknown Pin: Pin U8-4
Add Pin To Net: Unknown Pin: Pin U8-5
Add Pin To Net: Unknown Pin: Pin U10-1
Add Pin To Net: Unknown Pin: Pin U10-2
Add Pin To Net: Unknown Pin: Pin U10-4
Add Pin To Net: Unknown Pin: Pin U10-5
Add Pin To Net: Unknown Pin: Pin U11-1
Add Pin To Net: Unknown Pin: Pin U11-2
Add Pin To Net: Unknown Pin: Pin U11-3
Add Pin To Net: Unknown Pin: Pin U11-4
Add Pin To Net: Unknown Pin: Pin U11-5
Add Pin To Net: Unknown Pin: Pin U19-1
Add Pin To Net: Unknown Pin: Pin U19-2
Add Pin To Net: Unknown Pin: Pin U19-3
Add Pin To Net: Unknown Pin: Pin U19-4
Add Pin To Net: Unknown Pin: Pin U19-5
Add Pin To Net: Unknown Pin: Pin U19-6
Add Pin To Net: Unknown Pin: Pin U19-7
Add Pin To Net: Unknown Pin: Pin U19-8
Add Pin To Net: Unknown Pin: Pin U19-9
Add Pin To Net: Unknown Pin: Pin U19-10
Add Pin To Net: Unknown Pin: Pin U19-11
Add Pin To Net: Unknown Pin: Pin U19-12
Add Pin To Net: Unknown Pin: Pin U19-13
Add Pin To Net: Unknown Pin: Pin U19-14
Add Net: Net with name "NetC?_1" already exists
Add Net: Net with name "NetC?_2" already exists
Add Net: Net with name "NetR?_1" already exists
Add Net: Net with name "NetR?_1" already exists
Add Net: Net with name "NetR?_1" already exists
Add Net: Net with name "NetR?_1" already exists
Add Net: Net with name "PCIE_WAKE" already exists
Add Differential Pair: Number of nets in differential pair NetC15_GMSL_DESERIALIZER_0_1 is 1 instead of 2
Add Differential Pair: Number of nets in differential pair NetC15_GMSL_DESERIALIZER_1_1 is 1 instead of 2
Add Differential Pair: Number of nets in differential pair NetC16_GMSL_DESERIALIZER_0_1 is 1 instead of 2
Add Differential Pair: Number of nets in differential pair NetC16_GMSL_DESERIALIZER_1_1 is 1 instead of 2
Add Differential Pair: Number of nets in differential pair NetC17_GMSL_DESERIALIZER_0_1 is 1 instead of 2
Add Differential Pair: Number of nets in differential pair NetC17_GMSL_DESERIALIZER_1_1 is 1 instead of 2
Add Differential Pair: Number of nets in differential pair NetC18_GMSL_DESERIALIZER_0_1 is 1 instead of 2
Add Differential Pair: Number of nets in differential pair NetC18_GMSL_DESERIALIZER_1_1 is 1 instead of 2
Add Differential Pair: Number of nets in differential pair NetC19_GMSL_DESERIALIZER_0_1 is 1 instead of 2
Add Differential Pair: Number of nets in differential pair NetC19_GMSL_DESERIALIZER_1_1 is 1 instead of 2
Add Differential Pair: Number of nets in differential pair NetC20_GMSL_DESERIALIZER_0_1 is 1 instead of 2
Add Differential Pair: Number of nets in differential pair NetC20_GMSL_DESERIALIZER_1_1 is 1 instead of 2
Add Differential Pair: Number of nets in differential pair NetC23_GMSL_DESERIALIZER_0_1 is 1 instead of 2
Add Differential Pair: Number of nets in differential pair NetC23_GMSL_DESERIALIZER_1_1 is 1 instead of 2
Add Differential Pair: Number of nets in differential pair NetC24_GMSL_DESERIALIZER_0_1 is 1 instead of 2
Add Differential Pair: Number of nets in differential pair NetC24_GMSL_DESERIALIZER_1_1 is 1 instead of 2
Add Differential Pair: Number of nets in differential pair NetC25_GMSL_DESERIALIZER_0_1 is 1 instead of 2
Add Differential Pair: Number of nets in differential pair NetC25_GMSL_DESERIALIZER_1_1 is 1 instead of 2
Add Differential Pair: Number of nets in differential pair NetC28_GMSL_DESERIALIZER_0_1 is 1 instead of 2
Add Differential Pair: Number of nets in differential pair NetC28_GMSL_DESERIALIZER_1_1 is 1 instead of 2
Added Member To Class: ClassName=DAC_0 Member=Component C? C1005X7R1H104K050BB
Added Member To Class: ClassName=DAC_0 Member=Component C? GRM188R60J106ME47D
Added Member To Class: ClassName=DAC_0 Member=Component C? C1005X7R1H104K050BB
Added Member To Class: ClassName=DAC_0 Member=Component C? GRM188R60J106ME47D
Added Member To Class: ClassName=DAC_0 Member=Component C? GRM188R60J106ME47D
Added Member To Class: ClassName=DAC_0 Member=Component C? 0603 CAP
Added Member To Class: ClassName=DAC_0 Member=Component C? GRM188R60J106ME47D
Add Class Member: Failed to add class member : Component D36 150066RG54050
Add Class Member: Failed to add class member : Component J2_GMSL_DESERIALIZER_0 (J2) FM4-NZRP-PCB-1
Add Class Member: Failed to add class member : Component J2_GMSL_DESERIALIZER_1 (J2) FM4-NZRP-PCB-1
Added Member To Class: ClassName=DAC_0 Member=Component J? 35RASMT4BHNTRX
Added Member To Class: ClassName=DAC_0 Member=Component L? LQG18HN2N2S00D
Add Class Member: Failed to add class member : Component Q10 SISH615ADN-T1-GE3
Add Class Member: Failed to add class member : Component Q11 SISH615ADN-T1-GE3
Add Class Member: Failed to add class member : Component Q13 SISH615ADN-T1-GE3
Add Class Member: Failed to add class member : Component Q14 SISH615ADN-T1-GE3
Add Class Member: Failed to add class member : Component Q15 SISH615ADN-T1-GE3
Add Class Member: Failed to add class member : Component Q16 SISH615ADN-T1-GE3
Add Class Member: Failed to add class member : Component R1 0402 JUMPER 0 OHM
Add Class Member: Failed to add class member : Component R3 0402 JUMPER 0 OHM
Add Class Member: Failed to add class member : Component R4 0402 JUMPER 0 OHM
Add Class Member: Failed to add class member : Component R5 0402 JUMPER 0 OHM
Add Class Member: Failed to add class member : Component R6 0402 JUMPER 0 OHM
Add Class Member: Failed to add class member : Component R12_GMSL_DESERIALIZER_0 (R12) 0402 JUMPER 0 OHM
Add Class Member: Failed to add class member : Component R12_GMSL_DESERIALIZER_1 (R12) 0402 JUMPER 0 OHM
Add Class Member: Failed to add class member : Component R32 0402 JUMPER 0 OHM
Add Class Member: Failed to add class member : Component R33 0402 JUMPER 0 OHM
Add Class Member: Failed to add class member : Component R35 0402 JUMPER 0 OHM
Add Class Member: Failed to add class member : Component R36 0402 JUMPER 0 OHM
Add Class Member: Failed to add class member : Component R37 0402 JUMPER 0 OHM
Add Class Member: Failed to add class member : Component R38 0402 JUMPER 0 OHM
Add Class Member: Failed to add class member : Component R40 0402 JUMPER 0 OHM
Add Class Member: Failed to add class member : Component R53 0402 JUMPER 0 OHM
Add Class Member: Failed to add class member : Component R54 0402 JUMPER 0 OHM
Add Class Member: Failed to add class member : Component R55 0402 JUMPER 0 OHM
Add Class Member: Failed to add class member : Component R56 0402 JUMPER 0 OHM
Add Class Member: Failed to add class member : Component R57 0603 JUMPER
Add Class Member: Failed to add class member : Component R58 0603 JUMPER
Add Class Member: Failed to add class member : Component R59 0603 JUMPER
Add Class Member: Failed to add class member : Component R64 0402 JUMPER 0 OHM
Add Class Member: Failed to add class member : Component R65 0402 JUMPER 0 OHM
Add Class Member: Failed to add class member : Component R66 0402 JUMPER 0 OHM
Add Class Member: Failed to add class member : Component R67 0402 JUMPER 0 OHM
Add Class Member: Failed to add class member : Component R68 0402 JUMPER 0 OHM
Add Class Member: Failed to add class member : Component R69 0402 JUMPER 0 OHM
Add Class Member: Failed to add class member : Component R70 0402 JUMPER 0 OHM
Add Class Member: Failed to add class member : Component R71 0402 JUMPER 0 OHM
Add Class Member: Failed to add class member : Component R72 0402 JUMPER 0 OHM
Add Class Member: Failed to add class member : Component R74 0402 JUMPER 0 OHM
Add Class Member: Failed to add class member : Component R83 0402 JUMPER 0 OHM
Add Class Member: Failed to add class member : Component R90 0402 JUMPER 0 OHM
Add Class Member: Failed to add class member : Component R91 0402 JUMPER 0 OHM
Add Class Member: Failed to add class member : Component R92 0402 JUMPER 0 OHM
Add Class Member: Failed to add class member : Component R95 0402 JUMPER 0 OHM
Add Class Member: Failed to add class member : Component R97 0402 JUMPER 0 OHM
Add Class Member: Failed to add class member : Component R98 0402 JUMPER 0 OHM
Add Class Member: Failed to add class member : Component R99 0402 JUMPER 0 OHM
Add Class Member: Failed to add class member : Component R100 0402 JUMPER 0 OHM
Add Class Member: Failed to add class member : Component R101 0402 JUMPER 0 OHM
Add Class Member: Failed to add class member : Component R103 0402 JUMPER 0 OHM
Add Class Member: Failed to add class member : Component R104 0402 JUMPER 0 OHM
Add Class Member: Failed to add class member : Component R105 0402 JUMPER 0 OHM
Add Class Member: Failed to add class member : Component R106 0402 JUMPER 0 OHM
Add Class Member: Failed to add class member : Component R107 0402 JUMPER 0 OHM
Add Class Member: Failed to add class member : Component R108 0402 JUMPER 0 OHM
Add Class Member: Failed to add class member : Component R111 0402 JUMPER 0 OHM
Add Class Member: Failed to add class member : Component R112 0402 JUMPER 0 OHM
Add Class Member: Failed to add class member : Component R113 0402 JUMPER 0 OHM
Added Member To Class: ClassName=DAC_0 Member=Component R? ERJ-3EKF49R9V
Added Member To Class: ClassName=DAC_0 Member=Component R? ERJ3EKF1002V
Added Member To Class: ClassName=DAC_0 Member=Component R? ERJ3EKF1002V
Added Member To Class: ClassName=DAC_0 Member=Component R? ERJ-3EKF49R9V
Added Member To Class: ClassName=DAC_0 Member=Component R? ERJ-3EKF49R9V
Added Member To Class: ClassName=DAC_0 Member=Component R? 0402 JUMPER 0 OHM
Added Member To Class: ClassName=DAC_0 Member=Component R? ERJ3EKF1002V
Added Member To Class: ClassName=DAC_0 Member=Component R? ERJ-3EKF49R9V
Add Class Member: Failed to add class member : Component TP1_GMSL_DESERIALIZER_0 (TP1) TPAD6R
Add Class Member: Failed to add class member : Component TP1_GMSL_DESERIALIZER_1 (TP1) TPAD6R
Add Class Member: Failed to add class member : Component TP2_GMSL_DESERIALIZER_0 (TP2) TPAD6R
Add Class Member: Failed to add class member : Component TP2_GMSL_DESERIALIZER_1 (TP2) TPAD6R
Add Class Member: Failed to add class member : Component TP3_GMSL_DESERIALIZER_0 (TP3) TPAD6R
Add Class Member: Failed to add class member : Component TP3_GMSL_DESERIALIZER_1 (TP3) TPAD6R
Add Class Member: Failed to add class member : Component TP4_GMSL_DESERIALIZER_0 (TP4) TPAD6R
Add Class Member: Failed to add class member : Component TP4_GMSL_DESERIALIZER_1 (TP4) TPAD6R
Add Class Member: Failed to add class member : Component TP5 TPAD6R
Add Class Member: Failed to add class member : Component TP6 TPAD6R
Add Class Member: Failed to add class member : Component TP7 TPAD6R
Add Class Member: Failed to add class member : Component TP8 TPAD6R
Add Class Member: Failed to add class member : Component TP9 TPAD6R
Add Class Member: Failed to add class member : Component TP10 TPAD6R
Add Class Member: Failed to add class member : Component TP11 TPAD6R
Add Class Member: Failed to add class member : Component TP12 TPAD6R
Add Class Member: Failed to add class member : Component TP13 TPAD6R
Add Class Member: Failed to add class member : Component TP14 TPAD6R
Add Class Member: Failed to add class member : Component TP15 TPAD6R
Add Class Member: Failed to add class member : Component TP16_REG_0 (TP16) TPAD6R
Add Class Member: Failed to add class member : Component TP16_REG_1 (TP16) TPAD6R
Add Class Member: Failed to add class member : Component TP17 TPAD6R
Add Class Member: Failed to add class member : Component TP18 TPAD6R
Add Class Member: Failed to add class member : Component TP19 TPAD6R
Add Class Member: Failed to add class member : Component TP20 TPAD6R
Add Class Member: Failed to add class member : Component TP21 TPAD6R
Add Class Member: Failed to add class member : Component TP22 TPAD6R
Add Class Member: Failed to add class member : Component TP23 TPAD6R
Add Class Member: Failed to add class member : Component TP24 TPAD6R
Add Class Member: Failed to add class member : Component TP25 TPAD6R
Add Class Member: Failed to add class member : Component TP26 TPAD6R
Add Class Member: Failed to add class member : Component TP27 TPAD6R
Add Class Member: Failed to add class member : Component TP28 TPAD6R
Add Class Member: Failed to add class member : Component TP29 TPAD6R
Add Class Member: Failed to add class member : Component TP? TPAD6R
Add Class Member: Failed to add class member : Component TP? TPAD6R
Add Class Member: Failed to add class member : Component TP? TPAD6R
Add Class Member: Failed to add class member : Component U4 AP2171WG-7
Add Class Member: Failed to add class member : Component U6 AP2171WG-7
Add Class Member: Failed to add class member : Component U7 AP2171WG-7
Add Class Member: Failed to add class member : Component U8 AP2171WG-7
Add Class Member: Failed to add class member : Component U10 AP2171WG-7
Add Class Member: Failed to add class member : Component U11 AP2171WG-7
Add Class Member: Failed to add class member : Component U19 TCAN1146DYYRQ1
