Removed Pin From Net: NetName=DEBUG_RXD Pin=J16-1
Removed Pin From Net: NetName=DEBUG_TXD Pin=J16-2
Change Component Footprint: Designator=J16 Old Footprint=FP-TSW-102-07-L-S-MFG New Footprint=FP-HTSW-104-07-G-S-MFG
Change Component Comment : Designator=J16 Old Comment=TSW-102-07-L-S New Comment=HTSW-104-07-G-S
Change Managed Component Library Link : Designator=J16 Old VaultGUID=B7D15EC3-160A-466F-A46C-7801FE6295A7 New VaultGUID=B7D15EC3-160A-466F-A46C-7801FE6295A7 Old ItemGUID=F2D63C9D-9DAE-48A1-973F-4C269F101F60 New ItemGUID=C4DCE682-BB9A-4231-93F3-F6BF2C5D3AE7 Old RevisionGUID=187A3F99-01B6-4A0F-8B55-52E5A6D9246D New RevisionGUID=B97A5434-6A52-44C5-9748-786DE8E1C7EB
Change component parameters: Designator = "J16" ("J16"); Footprint = "FP-TSW-102-07-L-S-MFG"; UniqueID = "\HOYIWWVS" ("\HOYIWWVS")
Change component parameters (AddParameter): Name = "Contact Material"; Value = "Bronze"; VariantName = "[No Variations]"
Change component parameters (AddParameter): Name = "Contact Plating"; Value = "Gold"; VariantName = "[No Variations]"
Change component parameters (AddParameter): Name = "Gender"; Value = "Male"; VariantName = "[No Variations]"
Change component parameters (AddParameter): Name = "Mount"; Value = "Through Hole"; VariantName = "[No Variations]"
Change component parameters (AddParameter): Name = "Number of Contacts"; Value = "4"; VariantName = "[No Variations]"
Change component parameters (AddParameter): Name = "Number of Rows"; Value = "1"; VariantName = "[No Variations]"
Change component parameters (AddParameter): Name = "Packaging"; Value = "Bulk"; VariantName = "[No Variations]"
Change component parameters (AddParameter): Name = "Pitch"; Value = "2.54mm"; VariantName = "[No Variations]"
Change component parameters (AddParameter): Name = "Radiation Hardening"; Value = "No"; VariantName = "[No Variations]"
Change component parameters (AddParameter): Name = "Reach SVHC Compliant"; Value = "Yes"; VariantName = "[No Variations]"
Change component parameters (AddParameter): Name = "RoHS Compliant"; Value = "Yes"; VariantName = "[No Variations]"
Change component parameters (AddParameter): Name = "Series"; Value = "HTSW"; VariantName = "[No Variations]"
Change component parameters (AddParameter): Name = "Termination"; Value = "Through Hole"; VariantName = "[No Variations]"
Added Component: Designator=R229(RESC1608X55X30LL15T15)
Add component (AddParameter): Name = "Manufacturer"; Value = "Panasonic"; VariantName = "[No Variations]"
Add component (AddParameter): Name = "Part Number"; Value = "ERJ-3EKF1001V"; VariantName = "[No Variations]"
Added Pin To Net: NetName=GND Pin=J16-1
Added Pin To Net: NetName=DEBUG_RXD Pin=J16-3
Added Pin To Net: NetName=DEBUG_TXD Pin=J16-4
Added Pin To Net: NetName=5V_REG_FB_REG_0 Pin=R229-1
Added Pin To Net: NetName=NetJ16_2 Pin=J16-2
Added Pin To Net: NetName=NetJ16_2 Pin=R229-2
Added Net: Name=NetJ16_2
Added Member To Class: ClassName=VISION_BETA_EBB Member=Component R229 ERJ-3EKF1001V
