Removed Pin From Net: NetName=LED_POS_0 Pin=J2-9
Removed Pin From Net: NetName=LED_POS_1 Pin=J2-10
Removed Pin From Net: NetName=LED_POS_2 Pin=J2-11
Removed Pin From Net: NetName=LED_POS_3 Pin=J2-12
Removed Pin From Net: NetName=LED_POS_4 Pin=J2-13
Removed Pin From Net: NetName=LED_POS_5 Pin=J2-14
Removed Pin From Net: NetName=LED_POS_6 Pin=J2-15
Removed Pin From Net: NetName=LED_POS_7 Pin=J2-16
Removed Pin From Net: NetName=LED_GND_GRN_0 Pin=J2-18
Removed Pin From Net: NetName=LED_GND_BLU_0 Pin=J2-20
Removed Pin From Net: NetName=LED_GND_GRN_1 Pin=J3-18
Removed Pin From Net: NetName=LED_GND_BLU_1 Pin=J3-20
Change Component Footprint: Designator=F1 Old Footprint=FP-ERBRE-MFG New Footprint=FP-ERBRE-MFG
Change Component Footprint: Designator=Q8 Old Footprint=FP-SOT23-MFG New Footprint=FP-SOT23-MFG
Added Component: Designator=D1(WL-SBCD_0606)
Added Component: Designator=D2(WL-SBCD_0606)
Added Component: Designator=Q7(SISH615ADN-T1-GE3-Footprint-1)
Added Component: Designator=R1(RESC1005X40X25NL05T05)
Added Component: Designator=R2(RESC1005X40X25NL05T05)
Added Component: Designator=R4(RESC1005X40X25NL05T05)
Added Component: Designator=R6(RESC1005X40X25NL05T05)
Added Component: Designator=TP1(New footprint 1)
Added Component: Designator=TP2(New footprint 1)
Added Component: Designator=U4(TCAN1146DYYRQ1-Footprint-1)
Add Pin To Net: Unknown Pin: Pin D1-1
Add Pin To Net: Unknown Pin: Pin D1-2
Add Pin To Net: Unknown Pin: Pin D1-3
Add Pin To Net: Unknown Pin: Pin D1-4
Add Pin To Net: Unknown Pin: Pin D2-1
Add Pin To Net: Unknown Pin: Pin D2-2
Add Pin To Net: Unknown Pin: Pin D2-3
Add Pin To Net: Unknown Pin: Pin D2-4
Added Pin To Net: NetName=LED_POS_0 Pin=J2-2
Added Pin To Net: NetName=LED_POS_1 Pin=J2-4
Added Pin To Net: NetName=LED_POS_2 Pin=J2-6
Added Pin To Net: NetName=LED_POS_3 Pin=J2-8
Added Pin To Net: NetName=LED_POS_4 Pin=J2-14
Added Pin To Net: NetName=LED_POS_5 Pin=J2-16
Added Pin To Net: NetName=LED_POS_6 Pin=J2-18
Added Pin To Net: NetName=LED_POS_7 Pin=J2-20
Add Pin To Net: Unknown Pin: Pin Q7-1
Add Pin To Net: Unknown Pin: Pin Q7-2
Add Pin To Net: Unknown Pin: Pin Q7-3
Add Pin To Net: Unknown Pin: Pin Q7-4
Add Pin To Net: Unknown Pin: Pin Q7-5-6-7-8
Add Pin To Net: Unknown Pin: Pin R1-1
Add Pin To Net: Unknown Pin: Pin R1-2
Add Pin To Net: Unknown Pin: Pin R2-1
Add Pin To Net: Unknown Pin: Pin R2-2
Add Pin To Net: Unknown Pin: Pin R4-1
Add Pin To Net: Unknown Pin: Pin R4-2
Add Pin To Net: Unknown Pin: Pin R6-1
Add Pin To Net: Unknown Pin: Pin R6-2
Added Pin To Net: NetName=NetC10_2 Pin=TP1-1
Added Pin To Net: NetName=NetC12_2 Pin=TP2-1
Add Pin To Net: Unknown Pin: Pin U4-1
Add Pin To Net: Unknown Pin: Pin U4-2
Add Pin To Net: Unknown Pin: Pin U4-3
Add Pin To Net: Unknown Pin: Pin U4-4
Add Pin To Net: Unknown Pin: Pin U4-5
Add Pin To Net: Unknown Pin: Pin U4-7
Add Pin To Net: Unknown Pin: Pin U4-8
Add Pin To Net: Unknown Pin: Pin U4-9
Add Pin To Net: Unknown Pin: Pin U4-10
Add Pin To Net: Unknown Pin: Pin U4-12
Add Pin To Net: Unknown Pin: Pin U4-13
Add Pin To Net: Unknown Pin: Pin U4-14
Add Net: Net with name "SPI3_MISO" already exists
Add Net: Net with name "SPI3_MOSI" already exists
Add Net: Net with name "SPI3_SCLK" already exists
Add Class Member: Failed to add class member : Component D1 150066RG54050
Add Class Member: Failed to add class member : Component D2 150066RG54050
Add Class Member: Failed to add class member : Component Q7 SISH615ADN-T1-GE3
Add Class Member: Failed to add class member : Component R1 0402 JUMPER 0 OHM
Add Class Member: Failed to add class member : Component R2 0402 JUMPER 0 OHM
Add Class Member: Failed to add class member : Component R4 0402 JUMPER 0 OHM
Add Class Member: Failed to add class member : Component R6 0402 JUMPER 0 OHM
Added Member To Class: ClassName=MCU_0 Member=Component TP1 TPAD6R
Added Member To Class: ClassName=MCU_0 Member=Component TP2 TPAD6R
Add Class Member: Failed to add class member : Component U4 TCAN1146DYYRQ1
