Change Component Designator: Old Designator=C3 New Designator=C4
Change Component Designator: Old Designator=C4 New Designator=C5
Change Component Designator: Old Designator=C5 New Designator=C6
Change Component Designator: Old Designator=C6 New Designator=C7
Change Component Designator: Old Designator=C7 New Designator=C8
Change Component Designator: Old Designator=C8 New Designator=C9
Change Component Designator: Old Designator=C9 New Designator=C12
Change Component Designator: Old Designator=C10 New Designator=C15
Change Component Designator: Old Designator=C11 New Designator=C17
Change Component Designator: Old Designator=C14 New Designator=C18
Change Component Designator: Old Designator=C15 New Designator=C19
Change Component Designator: Old Designator=C17 New Designator=C21
Change Component Designator: Old Designator=C18 New Designator=C22
Change Component Designator: Old Designator=C19 New Designator=C23
Change Component Designator: Old Designator=C26 New Designator=C20
Change Component Designator: Old Designator=C36 New Designator=C10
Change Component Designator: Old Designator=C37 New Designator=C11
Change Component Designator: Old Designator=C38 New Designator=C13
Change Component Designator: Old Designator=C39 New Designator=C14
Change Component Designator: Old Designator=C40 New Designator=C16
Change Component Designator: Old Designator=C42 New Designator=C3
Change Component Designator: Old Designator=D7 New Designator=D1
Change Component Designator: Old Designator=D9 New Designator=D2
Change Component Designator: Old Designator=J? New Designator=J4
Change Component Designator: Old Designator=R10 New Designator=R5
Change Component Designator: Old Designator=R19 New Designator=R9
Change Component Designator: Old Designator=R20 New Designator=R12
Change Component Designator: Old Designator=R24 New Designator=R1
Change Component Designator: Old Designator=R25 New Designator=R2
Change Component Designator: Old Designator=R26 New Designator=R4
Change Component Designator: Old Designator=R28 New Designator=R6
Change Component Designator: Old Designator=R34 New Designator=R7
Change Component Designator: Old Designator=R39 New Designator=R8
Change Component Designator: Old Designator=R40 New Designator=R14
Change Component Designator: Old Designator=R42 New Designator=R10
Change Component Designator: Old Designator=R44 New Designator=R11
Change Component Designator: Old Designator=R45 New Designator=R13
Change Component Designator: Old Designator=R61 New Designator=R3
Change Component Designator: Old Designator=SW1 New Designator=SW2
Change Component Designator: Old Designator=SW2 New Designator=SW1
Change Component Designator: Old Designator=TP5 New Designator=TP1
Change Component Designator: Old Designator=TP6 New Designator=TP2
