Removed Pin From Net: NetName=LED_POS_0 Pin=D1-4
Removed Pin From Net: NetName=LED_POS_1 Pin=D2-4
Removed Pin From Net: NetName=LED_POS_2 Pin=D3-4
Removed Pin From Net: NetName=LED_POS_3 Pin=D4-4
Removed Pin From Net: NetName=LED_POS_4 Pin=D5-4
Removed Pin From Net: NetName=LED_POS_5 Pin=D6-4
Removed Pin From Net: NetName=LED_POS_6 Pin=D7-4
Removed Pin From Net: NetName=SW_OUT_0 Pin=J1-1
Removed Pin From Net: NetName=SW_OUT_1 Pin=J1-2
Removed Pin From Net: NetName=SW_OUT_2 Pin=J1-3
Removed Pin From Net: NetName=SW_OUT_3 Pin=J1-4
Removed Pin From Net: NetName=SW_OUT_4 Pin=J1-5
Removed Pin From Net: NetName=SW_OUT_5 Pin=J1-6
Removed Pin From Net: NetName=SW_OUT_6 Pin=J1-7
Removed Pin From Net: NetName=SW_OUT_7 Pin=J1-8
Removed Pin From Net: NetName=LED_POS_0 Pin=J1-9
Removed Pin From Net: NetName=LED_POS_1 Pin=J1-10
Removed Pin From Net: NetName=LED_POS_2 Pin=J1-11
Removed Pin From Net: NetName=LED_POS_3 Pin=J1-12
Removed Pin From Net: NetName=LED_POS_4 Pin=J1-13
Removed Pin From Net: NetName=LED_POS_5 Pin=J1-14
Removed Pin From Net: NetName=LED_POS_6 Pin=J1-15
Removed Pin From Net: NetName=LED_POS_7 Pin=J1-16
Removed Pin From Net: NetName=LED_GND_RED Pin=J1-17
Removed Pin From Net: NetName=LED_GND_GRN Pin=J1-18
Removed Pin From Net: NetName=GND Pin=J1-19
Removed Pin From Net: NetName=LED_GND_BLU Pin=J1-20
Removed Pin From Net: NetName=SW_OUT_0 Pin=SW1-1
Removed Pin From Net: NetName=SW_OUT_0 Pin=SW1-3
Removed Pin From Net: NetName=SW_OUT_1 Pin=SW2-1
Removed Pin From Net: NetName=SW_OUT_1 Pin=SW2-3
Removed Pin From Net: NetName=SW_OUT_2 Pin=SW3-1
Removed Pin From Net: NetName=SW_OUT_2 Pin=SW3-3
Removed Pin From Net: NetName=SW_OUT_4 Pin=SW5-1
Removed Pin From Net: NetName=SW_OUT_4 Pin=SW5-3
Removed Pin From Net: NetName=SW_OUT_5 Pin=SW6-1
Removed Pin From Net: NetName=SW_OUT_5 Pin=SW6-3
Removed Pin From Net: NetName=SW_OUT_6 Pin=SW7-1
Removed Pin From Net: NetName=SW_OUT_6 Pin=SW7-3
Added Pin To Net: NetName=LED_POS_5 Pin=D1-4
Added Pin To Net: NetName=LED_POS_6 Pin=D2-4
Added Pin To Net: NetName=LED_POS_4 Pin=D3-4
Added Pin To Net: NetName=LED_POS_1 Pin=D4-4
Added Pin To Net: NetName=LED_POS_2 Pin=D5-4
Added Pin To Net: NetName=LED_POS_0 Pin=D6-4
Added Pin To Net: NetName=LED_POS_3 Pin=D7-4
Added Pin To Net: NetName=LED_POS_0 Pin=J1-1
Added Pin To Net: NetName=SW_OUT_0 Pin=J1-2
Added Pin To Net: NetName=LED_POS_1 Pin=J1-3
Added Pin To Net: NetName=SW_OUT_1 Pin=J1-4
Added Pin To Net: NetName=LED_POS_2 Pin=J1-5
Added Pin To Net: NetName=SW_OUT_2 Pin=J1-6
Added Pin To Net: NetName=LED_POS_3 Pin=J1-7
Added Pin To Net: NetName=SW_OUT_3 Pin=J1-8
Added Pin To Net: NetName=LED_POS_4 Pin=J1-9
Added Pin To Net: NetName=SW_OUT_4 Pin=J1-10
Added Pin To Net: NetName=LED_POS_5 Pin=J1-11
Added Pin To Net: NetName=SW_OUT_5 Pin=J1-12
Added Pin To Net: NetName=LED_POS_6 Pin=J1-13
Added Pin To Net: NetName=SW_OUT_6 Pin=J1-14
Added Pin To Net: NetName=LED_POS_7 Pin=J1-15
Added Pin To Net: NetName=SW_OUT_7 Pin=J1-16
Added Pin To Net: NetName=LED_GND_BLU Pin=J1-17
Added Pin To Net: NetName=GND Pin=J1-18
Added Pin To Net: NetName=LED_GND_GRN Pin=J1-19
Added Pin To Net: NetName=LED_GND_RED Pin=J1-20
Added Pin To Net: NetName=SW_OUT_6 Pin=SW1-1
Added Pin To Net: NetName=SW_OUT_6 Pin=SW1-3
Added Pin To Net: NetName=SW_OUT_5 Pin=SW2-1
Added Pin To Net: NetName=SW_OUT_5 Pin=SW2-3
Added Pin To Net: NetName=SW_OUT_4 Pin=SW3-1
Added Pin To Net: NetName=SW_OUT_4 Pin=SW3-3
Added Pin To Net: NetName=SW_OUT_0 Pin=SW5-1
Added Pin To Net: NetName=SW_OUT_0 Pin=SW5-3
Added Pin To Net: NetName=SW_OUT_1 Pin=SW6-1
Added Pin To Net: NetName=SW_OUT_1 Pin=SW6-3
Added Pin To Net: NetName=SW_OUT_2 Pin=SW7-1
Added Pin To Net: NetName=SW_OUT_2 Pin=SW7-3
