(---------------------------------------------------------------------)
(                                                                     )
(    NC DRILL Log                                                     )
(                                                                     )
(    Drawing          : 142-13509-1000-A01.brd                        )
(    Software Version : 17.2S050                                      )
(    Date/Time        : Wed Nov 27 16:14:24 2019                      )
(                                                                     )
(---------------------------------------------------------------------)



 Processing NC Parameters file 'nc_param.txt' ...

 NC PARAMETERS
 -------------

 FORMAT   		3.4
 MACHINE-OFFSET		x:0.00000	y:0.00000   (mm)
 FEEDRATE		1
 COORDINATES		ABSOLUTE
 OUTPUT-UNITS		METRIC
 TOOL-ORDER		INCREASING
 REPEAT-CODES		YES
 SUPPRESS-LEAD-ZEROES	YES
 SUPPRESS-TRAIL-ZEROES	NO
 SUPPRESS-EQUAL		YES
 TOOL-SELECT		YES
 HEADER			none
 LEADER			12
 CODE			ASCII
 SEPARATE		NO
 SEPARATE-ROUTING	NO
 OPTIMIZE_DRILLING	NO
 ENHANCED_EXCELLON	YES
 SCALE			1.000000

 WARNING(SPMHMF-365): This design contains 19 slot holes that cannot be drilled.
 WARNING(SPMHMF-366): They can be processed by NC routing instead.
 WARNING(SPMHMF-368): Cannot find NC Drill tool file 'nc_tools.txt'
 WARNING(SPMHMF-369): ... will auto-generate tool file 'nc_tools_auto.txt'.


     Auto-generating tool file 'nc_tools_auto.txt' ...

           Size  Plating  Tool        + Tolerance  - Tolerance

          0.200  P        T01            0.075000     0.075000
          0.230  P        T02            0.075000     0.075000
          0.500  P        T03            0.080000     0.080000
          0.640  P        T04            0.080000     0.080000
          0.650  P        T05            0.080000     0.080000
          0.700  P        T06            0.080000     0.080000
          0.900  P        T07            0.080000     0.080000
          1.020  P        T08            0.080000     0.080000
          1.100  P        T09            0.080000     0.080000
          1.600  P        T10            0.080000     0.080000
          2.750  P        T11            0.100000     0.100000
          3.800  P        T12            0.130000     0.130000
          0.556  N        T13            0.000000     0.000000
          0.586  N        T14            0.000000     0.000000
          0.800  N        T15            0.050000     0.050000
          0.856  N        T16            0.000000     0.000000
          0.996  N        T17            0.000000     0.000000
          1.006  N        T18            0.000000     0.000000
          1.056  N        T19            0.000000     0.000000
          1.100  N        T20            0.050000     0.050000
          1.256  N        T21            0.000000     0.000000
          1.376  N        T22            0.000000     0.000000
          1.456  N        T23            0.000000     0.000000
          1.600  N        T24            0.050000     0.050000
          1.956  N        T25            0.000000     0.000000
          2.750  N        T26            0.050000     0.050000
          3.000  N        T27            0.050000     0.050000
          3.106  N        T28            0.000000     0.000000
          3.300  N        T29            0.050000     0.050000
          4.156  N        T30            0.000000     0.000000


 Drill files being output to directory 'C:/perforce/syseng/LMARTINEZ-DT-se/Projects/Jakku/Baseboard/P3509/A01/worklib/physical' ...



     'ncdrill-1-6.tap' created for holes connecting TOP and BOTTOM
     -------------------------------------------------------------

     Tool  Num     Size      +/- Tolerance     Plating   Quantity

     T01    1.   0.2000    0.0750/  0.0750      PLATED       1802
     T02    2.   0.2300    0.0750/  0.0750      PLATED         26
     T03    3.   0.5000    0.0800/  0.0800      PLATED         20
     T04    4.   0.6400    0.0800/  0.0800      PLATED          4
     T05    5.   0.6500    0.0800/  0.0800      PLATED         19
     T06    6.   0.7000    0.0800/  0.0800      PLATED         36
     T07    7.   0.9000    0.0800/  0.0800      PLATED         14
     T08    8.   1.0200    0.0800/  0.0800      PLATED         10
     T09    9.   1.1000    0.0800/  0.0800      PLATED         56
     T10   10.   1.6000    0.0800/  0.0800      PLATED          2
     T11   11.   2.7500    0.1000/  0.1000      PLATED          2
     T12   12.   3.8000    0.1300/  0.1300      PLATED          2
     T15   13.   0.8000    0.0500/  0.0500  NON_PLATED          2
     T20   14.   1.1000    0.0500/  0.0500  NON_PLATED          3
     T24   15.   1.6000    0.0500/  0.0500  NON_PLATED          3
     T26   16.   2.7500    0.0500/  0.0500  NON_PLATED          6
     T27   17.   3.0000    0.0500/  0.0500  NON_PLATED          4
     T29   18.   3.3000    0.0500/  0.0500  NON_PLATED          2

     ---- Total holes:                                       2013

     ---- Total head travel:              95.91 feet (29.23 meters)

