Removed Pin From Net: NetName=SW_OUT_0 Pin=SW1-2
Removed Pin From Net: NetName=GND Pin=SW1-3
Removed Pin From Net: NetName=GND Pin=SW1-5
Removed Pin From Net: NetName=SW_OUT_1 Pin=SW2-2
Removed Pin From Net: NetName=GND Pin=SW2-3
Removed Pin From Net: NetName=GND Pin=SW2-5
Removed Pin From Net: NetName=SW_OUT_2 Pin=SW3-2
Removed Pin From Net: NetName=GND Pin=SW3-3
Removed Pin From Net: NetName=GND Pin=SW3-5
Removed Pin From Net: NetName=SW_OUT_3 Pin=SW4-2
Removed Pin From Net: NetName=GND Pin=SW4-3
Removed Pin From Net: NetName=GND Pin=SW4-5
Removed Pin From Net: NetName=SW_OUT_4 Pin=SW5-2
Removed Pin From Net: NetName=GND Pin=SW5-3
Removed Pin From Net: NetName=GND Pin=SW5-5
Removed Pin From Net: NetName=SW_OUT_5 Pin=SW6-2
Removed Pin From Net: NetName=GND Pin=SW6-3
Removed Pin From Net: NetName=GND Pin=SW6-5
Removed Pin From Net: NetName=SW_OUT_6 Pin=SW7-2
Removed Pin From Net: NetName=GND Pin=SW7-3
Removed Pin From Net: NetName=GND Pin=SW7-5
Removed Pin From Net: NetName=SW_OUT_7 Pin=SW8-2
Removed Pin From Net: NetName=GND Pin=SW8-3
Removed Pin From Net: NetName=GND Pin=SW8-5
Change Component Footprint: Designator=SW1 Old Footprint=FP-KMR211GLFS-MFG New Footprint=FP-PTS526SK15SMTR2LFS-MFG
Change Component Footprint: Designator=SW2 Old Footprint=FP-KMR211GLFS-MFG New Footprint=FP-PTS526SK15SMTR2LFS-MFG
Change Component Footprint: Designator=SW3 Old Footprint=FP-KMR211GLFS-MFG New Footprint=FP-PTS526SK15SMTR2LFS-MFG
Change Component Footprint: Designator=SW4 Old Footprint=FP-KMR211GLFS-MFG New Footprint=FP-PTS526SK15SMTR2LFS-MFG
Change Component Footprint: Designator=SW5 Old Footprint=FP-KMR211GLFS-MFG New Footprint=FP-PTS526SK15SMTR2LFS-MFG
Change Component Footprint: Designator=SW6 Old Footprint=FP-KMR211GLFS-MFG New Footprint=FP-PTS526SK15SMTR2LFS-MFG
Change Component Footprint: Designator=SW7 Old Footprint=FP-KMR211GLFS-MFG New Footprint=FP-PTS526SK15SMTR2LFS-MFG
Change Component Footprint: Designator=SW8 Old Footprint=FP-KMR211GLFS-MFG New Footprint=FP-PTS526SK15SMTR2LFS-MFG
Change Component Comment : Designator=SW1 Old Comment=KMR211GLFS New Comment=PTS526SK15SMTR2LFS
Change Component Comment : Designator=SW2 Old Comment=KMR211GLFS New Comment=PTS526SK15SMTR2LFS
Change Component Comment : Designator=SW3 Old Comment=KMR211GLFS New Comment=PTS526SK15SMTR2LFS
Change Component Comment : Designator=SW4 Old Comment=KMR211GLFS New Comment=PTS526SK15SMTR2LFS
Change Component Comment : Designator=SW5 Old Comment=KMR211GLFS New Comment=PTS526SK15SMTR2LFS
Change Component Comment : Designator=SW6 Old Comment=KMR211GLFS New Comment=PTS526SK15SMTR2LFS
Change Component Comment : Designator=SW7 Old Comment=KMR211GLFS New Comment=PTS526SK15SMTR2LFS
Change Component Comment : Designator=SW8 Old Comment=KMR211GLFS New Comment=PTS526SK15SMTR2LFS
Change Managed Component Library Link : Designator=SW1 Old VaultGUID=B7D15EC3-160A-466F-A46C-7801FE6295A7 New VaultGUID=B7D15EC3-160A-466F-A46C-7801FE6295A7 Old ItemGUID=9B7131DA-232A-434F-B24F-B5C5B5642725 New ItemGUID=77989108-4337-4BFD-83E4-7720FD54C33C Old RevisionGUID=D2233AC4-29D3-4638-AF27-889AC83EF159 New RevisionGUID=E049E7E0-213D-4AFA-BA8B-BFA4EE57A092
Change Managed Component Library Link : Designator=SW2 Old VaultGUID=B7D15EC3-160A-466F-A46C-7801FE6295A7 New VaultGUID=B7D15EC3-160A-466F-A46C-7801FE6295A7 Old ItemGUID=9B7131DA-232A-434F-B24F-B5C5B5642725 New ItemGUID=77989108-4337-4BFD-83E4-7720FD54C33C Old RevisionGUID=D2233AC4-29D3-4638-AF27-889AC83EF159 New RevisionGUID=E049E7E0-213D-4AFA-BA8B-BFA4EE57A092
Change Managed Component Library Link : Designator=SW3 Old VaultGUID=B7D15EC3-160A-466F-A46C-7801FE6295A7 New VaultGUID=B7D15EC3-160A-466F-A46C-7801FE6295A7 Old ItemGUID=9B7131DA-232A-434F-B24F-B5C5B5642725 New ItemGUID=77989108-4337-4BFD-83E4-7720FD54C33C Old RevisionGUID=D2233AC4-29D3-4638-AF27-889AC83EF159 New RevisionGUID=E049E7E0-213D-4AFA-BA8B-BFA4EE57A092
Change Managed Component Library Link : Designator=SW4 Old VaultGUID=B7D15EC3-160A-466F-A46C-7801FE6295A7 New VaultGUID=B7D15EC3-160A-466F-A46C-7801FE6295A7 Old ItemGUID=9B7131DA-232A-434F-B24F-B5C5B5642725 New ItemGUID=77989108-4337-4BFD-83E4-7720FD54C33C Old RevisionGUID=D2233AC4-29D3-4638-AF27-889AC83EF159 New RevisionGUID=E049E7E0-213D-4AFA-BA8B-BFA4EE57A092
Change Managed Component Library Link : Designator=SW5 Old VaultGUID=B7D15EC3-160A-466F-A46C-7801FE6295A7 New VaultGUID=B7D15EC3-160A-466F-A46C-7801FE6295A7 Old ItemGUID=9B7131DA-232A-434F-B24F-B5C5B5642725 New ItemGUID=77989108-4337-4BFD-83E4-7720FD54C33C Old RevisionGUID=D2233AC4-29D3-4638-AF27-889AC83EF159 New RevisionGUID=E049E7E0-213D-4AFA-BA8B-BFA4EE57A092
Change Managed Component Library Link : Designator=SW6 Old VaultGUID=B7D15EC3-160A-466F-A46C-7801FE6295A7 New VaultGUID=B7D15EC3-160A-466F-A46C-7801FE6295A7 Old ItemGUID=9B7131DA-232A-434F-B24F-B5C5B5642725 New ItemGUID=77989108-4337-4BFD-83E4-7720FD54C33C Old RevisionGUID=D2233AC4-29D3-4638-AF27-889AC83EF159 New RevisionGUID=E049E7E0-213D-4AFA-BA8B-BFA4EE57A092
Change Managed Component Library Link : Designator=SW7 Old VaultGUID=B7D15EC3-160A-466F-A46C-7801FE6295A7 New VaultGUID=B7D15EC3-160A-466F-A46C-7801FE6295A7 Old ItemGUID=9B7131DA-232A-434F-B24F-B5C5B5642725 New ItemGUID=77989108-4337-4BFD-83E4-7720FD54C33C Old RevisionGUID=D2233AC4-29D3-4638-AF27-889AC83EF159 New RevisionGUID=E049E7E0-213D-4AFA-BA8B-BFA4EE57A092
Change Managed Component Library Link : Designator=SW8 Old VaultGUID=B7D15EC3-160A-466F-A46C-7801FE6295A7 New VaultGUID=B7D15EC3-160A-466F-A46C-7801FE6295A7 Old ItemGUID=9B7131DA-232A-434F-B24F-B5C5B5642725 New ItemGUID=77989108-4337-4BFD-83E4-7720FD54C33C Old RevisionGUID=D2233AC4-29D3-4638-AF27-889AC83EF159 New RevisionGUID=E049E7E0-213D-4AFA-BA8B-BFA4EE57A092
Change component parameters: Designator = "SW1" ("SW1"); Footprint = "FP-KMR211GLFS-MFG"; UniqueID = "\FHEHGUJQ" ("\FHEHGUJQ")
Change component parameters (AddParameter): Name = "Automotive"; Value = "No"; VariantName = "[No Variations]"
Change component parameters (AddParameter): Name = "Category"; Value = "Switch"; VariantName = "[No Variations]"
Change component parameters (AddParameter): Name = "ComponentLink2Description"; Value = "Datasheet"; VariantName = "[No Variations]"
Change component parameters (AddParameter): Name = "ComponentLink2URL"; Value = "https://www.ckswitches.com/media/2780/pts526.pdf"; VariantName = "[No Variations]"
Change component parameters (AddParameter): Name = "Contact Current Rating"; Value = "50mA"; VariantName = "[No Variations]"
Change component parameters (AddParameter): Name = "Contact Resistance"; Value = "100mO"; VariantName = "[No Variations]"
Change component parameters (AddParameter): Name = "Device Class L1"; Value = "Electromechanical"; VariantName = "[No Variations]"
Change component parameters (AddParameter): Name = "Device Class L2"; Value = "Switches"; VariantName = "[No Variations]"
Change component parameters (AddParameter): Name = "Device Class L3"; Value = "Tactile Switches"; VariantName = "[No Variations]"
Change component parameters (AddParameter): Name = "Digikey Description"; Value = "TACT 5.2 X 5.2, 1.5 MM H, 260GF,"; VariantName = "[No Variations]"
Change component parameters (AddParameter): Name = "Electromechanical Life"; Value = "200000Cycles"; VariantName = "[No Variations]"
Change component parameters (AddParameter): Name = "Height"; Value = "1.65mm"; VariantName = "[No Variations]"
Change component parameters (AddParameter): Name = "Lead Free"; Value = "Yes"; VariantName = "[No Variations]"
Change component parameters (AddParameter): Name = "Manufacturer"; Value = "C&K"; VariantName = "[No Variations]"
Change component parameters (AddParameter): Name = "Manufacturer Part Number"; Value = "PTS526SK15SMTR2LFS"; VariantName = "[No Variations]"
Change component parameters (AddParameter): Name = "Octopart"; Value = "https://octopart.com/pts526+sk15+smtr2+lfs-c%26k+components-100617999"; VariantName = "[No Variations]"
Change component parameters (AddParameter): Name = "Operating Force"; Value = "250gf"; VariantName = "[No Variations]"
Change component parameters (AddParameter): Name = "Package"; Value = "PTS526SK15SMTR2LFS"; VariantName = "[No Variations]"
Change component parameters (AddParameter): Name = "RoHS"; Value = "TRUE"; VariantName = "[No Variations]"
Change component parameters (AddParameter): Name = "Standoff Height"; Value = "0mm"; VariantName = "[No Variations]"
Change component parameters (AddParameter): Name = "Temperature"; Value = "-20°C to +70°C"; VariantName = "[No Variations]"
Change component parameters (AddParameter): Name = "Temperature Range High"; Value = "+70°C"; VariantName = "[No Variations]"
Change component parameters (AddParameter): Name = "Temperature Range Low"; Value = "-20°C"; VariantName = "[No Variations]"
Change component parameters (AddParameter): Name = "Throw Configuration"; Value = "SPST-NO"; VariantName = "[No Variations]"
Change component parameters (AddParameter): Name = "Voltage Rating Dc"; Value = "12V"; VariantName = "[No Variations]"
Change component parameters: Designator = "SW2" ("SW2"); Footprint = "FP-KMR211GLFS-MFG"; UniqueID = "\XZFYOSNL" ("\XZFYOSNL")
Change component parameters (AddParameter): Name = "Automotive"; Value = "No"; VariantName = "[No Variations]"
Change component parameters (AddParameter): Name = "Category"; Value = "Switch"; VariantName = "[No Variations]"
Change component parameters (AddParameter): Name = "ComponentLink2Description"; Value = "Datasheet"; VariantName = "[No Variations]"
Change component parameters (AddParameter): Name = "ComponentLink2URL"; Value = "https://www.ckswitches.com/media/2780/pts526.pdf"; VariantName = "[No Variations]"
Change component parameters (AddParameter): Name = "Contact Current Rating"; Value = "50mA"; VariantName = "[No Variations]"
Change component parameters (AddParameter): Name = "Contact Resistance"; Value = "100mO"; VariantName = "[No Variations]"
Change component parameters (AddParameter): Name = "Device Class L1"; Value = "Electromechanical"; VariantName = "[No Variations]"
Change component parameters (AddParameter): Name = "Device Class L2"; Value = "Switches"; VariantName = "[No Variations]"
Change component parameters (AddParameter): Name = "Device Class L3"; Value = "Tactile Switches"; VariantName = "[No Variations]"
Change component parameters (AddParameter): Name = "Digikey Description"; Value = "TACT 5.2 X 5.2, 1.5 MM H, 260GF,"; VariantName = "[No Variations]"
Change component parameters (AddParameter): Name = "Electromechanical Life"; Value = "200000Cycles"; VariantName = "[No Variations]"
Change component parameters (AddParameter): Name = "Height"; Value = "1.65mm"; VariantName = "[No Variations]"
Change component parameters (AddParameter): Name = "Lead Free"; Value = "Yes"; VariantName = "[No Variations]"
Change component parameters (AddParameter): Name = "Manufacturer"; Value = "C&K"; VariantName = "[No Variations]"
Change component parameters (AddParameter): Name = "Manufacturer Part Number"; Value = "PTS526SK15SMTR2LFS"; VariantName = "[No Variations]"
Change component parameters (AddParameter): Name = "Octopart"; Value = "https://octopart.com/pts526+sk15+smtr2+lfs-c%26k+components-100617999"; VariantName = "[No Variations]"
Change component parameters (AddParameter): Name = "Operating Force"; Value = "250gf"; VariantName = "[No Variations]"
Change component parameters (AddParameter): Name = "Package"; Value = "PTS526SK15SMTR2LFS"; VariantName = "[No Variations]"
Change component parameters (AddParameter): Name = "RoHS"; Value = "TRUE"; VariantName = "[No Variations]"
Change component parameters (AddParameter): Name = "Standoff Height"; Value = "0mm"; VariantName = "[No Variations]"
Change component parameters (AddParameter): Name = "Temperature"; Value = "-20°C to +70°C"; VariantName = "[No Variations]"
Change component parameters (AddParameter): Name = "Temperature Range High"; Value = "+70°C"; VariantName = "[No Variations]"
Change component parameters (AddParameter): Name = "Temperature Range Low"; Value = "-20°C"; VariantName = "[No Variations]"
Change component parameters (AddParameter): Name = "Throw Configuration"; Value = "SPST-NO"; VariantName = "[No Variations]"
Change component parameters (AddParameter): Name = "Voltage Rating Dc"; Value = "12V"; VariantName = "[No Variations]"
Change component parameters: Designator = "SW3" ("SW3"); Footprint = "FP-KMR211GLFS-MFG"; UniqueID = "\AGBGZAOO" ("\AGBGZAOO")
Change component parameters (AddParameter): Name = "Automotive"; Value = "No"; VariantName = "[No Variations]"
Change component parameters (AddParameter): Name = "Category"; Value = "Switch"; VariantName = "[No Variations]"
Change component parameters (AddParameter): Name = "ComponentLink2Description"; Value = "Datasheet"; VariantName = "[No Variations]"
Change component parameters (AddParameter): Name = "ComponentLink2URL"; Value = "https://www.ckswitches.com/media/2780/pts526.pdf"; VariantName = "[No Variations]"
Change component parameters (AddParameter): Name = "Contact Current Rating"; Value = "50mA"; VariantName = "[No Variations]"
Change component parameters (AddParameter): Name = "Contact Resistance"; Value = "100mO"; VariantName = "[No Variations]"
Change component parameters (AddParameter): Name = "Device Class L1"; Value = "Electromechanical"; VariantName = "[No Variations]"
Change component parameters (AddParameter): Name = "Device Class L2"; Value = "Switches"; VariantName = "[No Variations]"
Change component parameters (AddParameter): Name = "Device Class L3"; Value = "Tactile Switches"; VariantName = "[No Variations]"
Change component parameters (AddParameter): Name = "Digikey Description"; Value = "TACT 5.2 X 5.2, 1.5 MM H, 260GF,"; VariantName = "[No Variations]"
Change component parameters (AddParameter): Name = "Electromechanical Life"; Value = "200000Cycles"; VariantName = "[No Variations]"
Change component parameters (AddParameter): Name = "Height"; Value = "1.65mm"; VariantName = "[No Variations]"
Change component parameters (AddParameter): Name = "Lead Free"; Value = "Yes"; VariantName = "[No Variations]"
Change component parameters (AddParameter): Name = "Manufacturer"; Value = "C&K"; VariantName = "[No Variations]"
Change component parameters (AddParameter): Name = "Manufacturer Part Number"; Value = "PTS526SK15SMTR2LFS"; VariantName = "[No Variations]"
Change component parameters (AddParameter): Name = "Octopart"; Value = "https://octopart.com/pts526+sk15+smtr2+lfs-c%26k+components-100617999"; VariantName = "[No Variations]"
Change component parameters (AddParameter): Name = "Operating Force"; Value = "250gf"; VariantName = "[No Variations]"
Change component parameters (AddParameter): Name = "Package"; Value = "PTS526SK15SMTR2LFS"; VariantName = "[No Variations]"
Change component parameters (AddParameter): Name = "RoHS"; Value = "TRUE"; VariantName = "[No Variations]"
Change component parameters (AddParameter): Name = "Standoff Height"; Value = "0mm"; VariantName = "[No Variations]"
Change component parameters (AddParameter): Name = "Temperature"; Value = "-20°C to +70°C"; VariantName = "[No Variations]"
Change component parameters (AddParameter): Name = "Temperature Range High"; Value = "+70°C"; VariantName = "[No Variations]"
Change component parameters (AddParameter): Name = "Temperature Range Low"; Value = "-20°C"; VariantName = "[No Variations]"
Change component parameters (AddParameter): Name = "Throw Configuration"; Value = "SPST-NO"; VariantName = "[No Variations]"
Change component parameters (AddParameter): Name = "Voltage Rating Dc"; Value = "12V"; VariantName = "[No Variations]"
Change component parameters: Designator = "SW4" ("SW4"); Footprint = "FP-KMR211GLFS-MFG"; UniqueID = "\TELICUQZ" ("\TELICUQZ")
Change component parameters (AddParameter): Name = "Automotive"; Value = "No"; VariantName = "[No Variations]"
Change component parameters (AddParameter): Name = "Category"; Value = "Switch"; VariantName = "[No Variations]"
Change component parameters (AddParameter): Name = "ComponentLink2Description"; Value = "Datasheet"; VariantName = "[No Variations]"
Change component parameters (AddParameter): Name = "ComponentLink2URL"; Value = "https://www.ckswitches.com/media/2780/pts526.pdf"; VariantName = "[No Variations]"
Change component parameters (AddParameter): Name = "Contact Current Rating"; Value = "50mA"; VariantName = "[No Variations]"
Change component parameters (AddParameter): Name = "Contact Resistance"; Value = "100mO"; VariantName = "[No Variations]"
Change component parameters (AddParameter): Name = "Device Class L1"; Value = "Electromechanical"; VariantName = "[No Variations]"
Change component parameters (AddParameter): Name = "Device Class L2"; Value = "Switches"; VariantName = "[No Variations]"
Change component parameters (AddParameter): Name = "Device Class L3"; Value = "Tactile Switches"; VariantName = "[No Variations]"
Change component parameters (AddParameter): Name = "Digikey Description"; Value = "TACT 5.2 X 5.2, 1.5 MM H, 260GF,"; VariantName = "[No Variations]"
Change component parameters (AddParameter): Name = "Electromechanical Life"; Value = "200000Cycles"; VariantName = "[No Variations]"
Change component parameters (AddParameter): Name = "Height"; Value = "1.65mm"; VariantName = "[No Variations]"
Change component parameters (AddParameter): Name = "Lead Free"; Value = "Yes"; VariantName = "[No Variations]"
Change component parameters (AddParameter): Name = "Manufacturer"; Value = "C&K"; VariantName = "[No Variations]"
Change component parameters (AddParameter): Name = "Manufacturer Part Number"; Value = "PTS526SK15SMTR2LFS"; VariantName = "[No Variations]"
Change component parameters (AddParameter): Name = "Octopart"; Value = "https://octopart.com/pts526+sk15+smtr2+lfs-c%26k+components-100617999"; VariantName = "[No Variations]"
Change component parameters (AddParameter): Name = "Operating Force"; Value = "250gf"; VariantName = "[No Variations]"
Change component parameters (AddParameter): Name = "Package"; Value = "PTS526SK15SMTR2LFS"; VariantName = "[No Variations]"
Change component parameters (AddParameter): Name = "RoHS"; Value = "TRUE"; VariantName = "[No Variations]"
Change component parameters (AddParameter): Name = "Standoff Height"; Value = "0mm"; VariantName = "[No Variations]"
Change component parameters (AddParameter): Name = "Temperature"; Value = "-20°C to +70°C"; VariantName = "[No Variations]"
Change component parameters (AddParameter): Name = "Temperature Range High"; Value = "+70°C"; VariantName = "[No Variations]"
Change component parameters (AddParameter): Name = "Temperature Range Low"; Value = "-20°C"; VariantName = "[No Variations]"
Change component parameters (AddParameter): Name = "Throw Configuration"; Value = "SPST-NO"; VariantName = "[No Variations]"
Change component parameters (AddParameter): Name = "Voltage Rating Dc"; Value = "12V"; VariantName = "[No Variations]"
Change component parameters: Designator = "SW5" ("SW5"); Footprint = "FP-KMR211GLFS-MFG"; UniqueID = "\CRVHCDYF" ("\CRVHCDYF")
Change component parameters (AddParameter): Name = "Automotive"; Value = "No"; VariantName = "[No Variations]"
Change component parameters (AddParameter): Name = "Category"; Value = "Switch"; VariantName = "[No Variations]"
Change component parameters (AddParameter): Name = "ComponentLink2Description"; Value = "Datasheet"; VariantName = "[No Variations]"
Change component parameters (AddParameter): Name = "ComponentLink2URL"; Value = "https://www.ckswitches.com/media/2780/pts526.pdf"; VariantName = "[No Variations]"
Change component parameters (AddParameter): Name = "Contact Current Rating"; Value = "50mA"; VariantName = "[No Variations]"
Change component parameters (AddParameter): Name = "Contact Resistance"; Value = "100mO"; VariantName = "[No Variations]"
Change component parameters (AddParameter): Name = "Device Class L1"; Value = "Electromechanical"; VariantName = "[No Variations]"
Change component parameters (AddParameter): Name = "Device Class L2"; Value = "Switches"; VariantName = "[No Variations]"
Change component parameters (AddParameter): Name = "Device Class L3"; Value = "Tactile Switches"; VariantName = "[No Variations]"
Change component parameters (AddParameter): Name = "Digikey Description"; Value = "TACT 5.2 X 5.2, 1.5 MM H, 260GF,"; VariantName = "[No Variations]"
Change component parameters (AddParameter): Name = "Electromechanical Life"; Value = "200000Cycles"; VariantName = "[No Variations]"
Change component parameters (AddParameter): Name = "Height"; Value = "1.65mm"; VariantName = "[No Variations]"
Change component parameters (AddParameter): Name = "Lead Free"; Value = "Yes"; VariantName = "[No Variations]"
Change component parameters (AddParameter): Name = "Manufacturer"; Value = "C&K"; VariantName = "[No Variations]"
Change component parameters (AddParameter): Name = "Manufacturer Part Number"; Value = "PTS526SK15SMTR2LFS"; VariantName = "[No Variations]"
Change component parameters (AddParameter): Name = "Octopart"; Value = "https://octopart.com/pts526+sk15+smtr2+lfs-c%26k+components-100617999"; VariantName = "[No Variations]"
Change component parameters (AddParameter): Name = "Operating Force"; Value = "250gf"; VariantName = "[No Variations]"
Change component parameters (AddParameter): Name = "Package"; Value = "PTS526SK15SMTR2LFS"; VariantName = "[No Variations]"
Change component parameters (AddParameter): Name = "RoHS"; Value = "TRUE"; VariantName = "[No Variations]"
Change component parameters (AddParameter): Name = "Standoff Height"; Value = "0mm"; VariantName = "[No Variations]"
Change component parameters (AddParameter): Name = "Temperature"; Value = "-20°C to +70°C"; VariantName = "[No Variations]"
Change component parameters (AddParameter): Name = "Temperature Range High"; Value = "+70°C"; VariantName = "[No Variations]"
Change component parameters (AddParameter): Name = "Temperature Range Low"; Value = "-20°C"; VariantName = "[No Variations]"
Change component parameters (AddParameter): Name = "Throw Configuration"; Value = "SPST-NO"; VariantName = "[No Variations]"
Change component parameters (AddParameter): Name = "Voltage Rating Dc"; Value = "12V"; VariantName = "[No Variations]"
Change component parameters: Designator = "SW6" ("SW6"); Footprint = "FP-KMR211GLFS-MFG"; UniqueID = "\POLKUCVA" ("\POLKUCVA")
Change component parameters (AddParameter): Name = "Automotive"; Value = "No"; VariantName = "[No Variations]"
Change component parameters (AddParameter): Name = "Category"; Value = "Switch"; VariantName = "[No Variations]"
Change component parameters (AddParameter): Name = "ComponentLink2Description"; Value = "Datasheet"; VariantName = "[No Variations]"
Change component parameters (AddParameter): Name = "ComponentLink2URL"; Value = "https://www.ckswitches.com/media/2780/pts526.pdf"; VariantName = "[No Variations]"
Change component parameters (AddParameter): Name = "Contact Current Rating"; Value = "50mA"; VariantName = "[No Variations]"
Change component parameters (AddParameter): Name = "Contact Resistance"; Value = "100mO"; VariantName = "[No Variations]"
Change component parameters (AddParameter): Name = "Device Class L1"; Value = "Electromechanical"; VariantName = "[No Variations]"
Change component parameters (AddParameter): Name = "Device Class L2"; Value = "Switches"; VariantName = "[No Variations]"
Change component parameters (AddParameter): Name = "Device Class L3"; Value = "Tactile Switches"; VariantName = "[No Variations]"
Change component parameters (AddParameter): Name = "Digikey Description"; Value = "TACT 5.2 X 5.2, 1.5 MM H, 260GF,"; VariantName = "[No Variations]"
Change component parameters (AddParameter): Name = "Electromechanical Life"; Value = "200000Cycles"; VariantName = "[No Variations]"
Change component parameters (AddParameter): Name = "Height"; Value = "1.65mm"; VariantName = "[No Variations]"
Change component parameters (AddParameter): Name = "Lead Free"; Value = "Yes"; VariantName = "[No Variations]"
Change component parameters (AddParameter): Name = "Manufacturer"; Value = "C&K"; VariantName = "[No Variations]"
Change component parameters (AddParameter): Name = "Manufacturer Part Number"; Value = "PTS526SK15SMTR2LFS"; VariantName = "[No Variations]"
Change component parameters (AddParameter): Name = "Octopart"; Value = "https://octopart.com/pts526+sk15+smtr2+lfs-c%26k+components-100617999"; VariantName = "[No Variations]"
Change component parameters (AddParameter): Name = "Operating Force"; Value = "250gf"; VariantName = "[No Variations]"
Change component parameters (AddParameter): Name = "Package"; Value = "PTS526SK15SMTR2LFS"; VariantName = "[No Variations]"
Change component parameters (AddParameter): Name = "RoHS"; Value = "TRUE"; VariantName = "[No Variations]"
Change component parameters (AddParameter): Name = "Standoff Height"; Value = "0mm"; VariantName = "[No Variations]"
Change component parameters (AddParameter): Name = "Temperature"; Value = "-20°C to +70°C"; VariantName = "[No Variations]"
Change component parameters (AddParameter): Name = "Temperature Range High"; Value = "+70°C"; VariantName = "[No Variations]"
Change component parameters (AddParameter): Name = "Temperature Range Low"; Value = "-20°C"; VariantName = "[No Variations]"
Change component parameters (AddParameter): Name = "Throw Configuration"; Value = "SPST-NO"; VariantName = "[No Variations]"
Change component parameters (AddParameter): Name = "Voltage Rating Dc"; Value = "12V"; VariantName = "[No Variations]"
Change component parameters: Designator = "SW7" ("SW7"); Footprint = "FP-KMR211GLFS-MFG"; UniqueID = "\KWOQRKCP" ("\KWOQRKCP")
Change component parameters (AddParameter): Name = "Automotive"; Value = "No"; VariantName = "[No Variations]"
Change component parameters (AddParameter): Name = "Category"; Value = "Switch"; VariantName = "[No Variations]"
Change component parameters (AddParameter): Name = "ComponentLink2Description"; Value = "Datasheet"; VariantName = "[No Variations]"
Change component parameters (AddParameter): Name = "ComponentLink2URL"; Value = "https://www.ckswitches.com/media/2780/pts526.pdf"; VariantName = "[No Variations]"
Change component parameters (AddParameter): Name = "Contact Current Rating"; Value = "50mA"; VariantName = "[No Variations]"
Change component parameters (AddParameter): Name = "Contact Resistance"; Value = "100mO"; VariantName = "[No Variations]"
Change component parameters (AddParameter): Name = "Device Class L1"; Value = "Electromechanical"; VariantName = "[No Variations]"
Change component parameters (AddParameter): Name = "Device Class L2"; Value = "Switches"; VariantName = "[No Variations]"
Change component parameters (AddParameter): Name = "Device Class L3"; Value = "Tactile Switches"; VariantName = "[No Variations]"
Change component parameters (AddParameter): Name = "Digikey Description"; Value = "TACT 5.2 X 5.2, 1.5 MM H, 260GF,"; VariantName = "[No Variations]"
Change component parameters (AddParameter): Name = "Electromechanical Life"; Value = "200000Cycles"; VariantName = "[No Variations]"
Change component parameters (AddParameter): Name = "Height"; Value = "1.65mm"; VariantName = "[No Variations]"
Change component parameters (AddParameter): Name = "Lead Free"; Value = "Yes"; VariantName = "[No Variations]"
Change component parameters (AddParameter): Name = "Manufacturer"; Value = "C&K"; VariantName = "[No Variations]"
Change component parameters (AddParameter): Name = "Manufacturer Part Number"; Value = "PTS526SK15SMTR2LFS"; VariantName = "[No Variations]"
Change component parameters (AddParameter): Name = "Octopart"; Value = "https://octopart.com/pts526+sk15+smtr2+lfs-c%26k+components-100617999"; VariantName = "[No Variations]"
Change component parameters (AddParameter): Name = "Operating Force"; Value = "250gf"; VariantName = "[No Variations]"
Change component parameters (AddParameter): Name = "Package"; Value = "PTS526SK15SMTR2LFS"; VariantName = "[No Variations]"
Change component parameters (AddParameter): Name = "RoHS"; Value = "TRUE"; VariantName = "[No Variations]"
Change component parameters (AddParameter): Name = "Standoff Height"; Value = "0mm"; VariantName = "[No Variations]"
Change component parameters (AddParameter): Name = "Temperature"; Value = "-20°C to +70°C"; VariantName = "[No Variations]"
Change component parameters (AddParameter): Name = "Temperature Range High"; Value = "+70°C"; VariantName = "[No Variations]"
Change component parameters (AddParameter): Name = "Temperature Range Low"; Value = "-20°C"; VariantName = "[No Variations]"
Change component parameters (AddParameter): Name = "Throw Configuration"; Value = "SPST-NO"; VariantName = "[No Variations]"
Change component parameters (AddParameter): Name = "Voltage Rating Dc"; Value = "12V"; VariantName = "[No Variations]"
Change component parameters: Designator = "SW8" ("SW8"); Footprint = "FP-KMR211GLFS-MFG"; UniqueID = "\OCIGLNEO" ("\OCIGLNEO")
Change component parameters (AddParameter): Name = "Automotive"; Value = "No"; VariantName = "[No Variations]"
Change component parameters (AddParameter): Name = "Category"; Value = "Switch"; VariantName = "[No Variations]"
Change component parameters (AddParameter): Name = "ComponentLink2Description"; Value = "Datasheet"; VariantName = "[No Variations]"
Change component parameters (AddParameter): Name = "ComponentLink2URL"; Value = "https://www.ckswitches.com/media/2780/pts526.pdf"; VariantName = "[No Variations]"
Change component parameters (AddParameter): Name = "Contact Current Rating"; Value = "50mA"; VariantName = "[No Variations]"
Change component parameters (AddParameter): Name = "Contact Resistance"; Value = "100mO"; VariantName = "[No Variations]"
Change component parameters (AddParameter): Name = "Device Class L1"; Value = "Electromechanical"; VariantName = "[No Variations]"
Change component parameters (AddParameter): Name = "Device Class L2"; Value = "Switches"; VariantName = "[No Variations]"
Change component parameters (AddParameter): Name = "Device Class L3"; Value = "Tactile Switches"; VariantName = "[No Variations]"
Change component parameters (AddParameter): Name = "Digikey Description"; Value = "TACT 5.2 X 5.2, 1.5 MM H, 260GF,"; VariantName = "[No Variations]"
Change component parameters (AddParameter): Name = "Electromechanical Life"; Value = "200000Cycles"; VariantName = "[No Variations]"
Change component parameters (AddParameter): Name = "Height"; Value = "1.65mm"; VariantName = "[No Variations]"
Change component parameters (AddParameter): Name = "Lead Free"; Value = "Yes"; VariantName = "[No Variations]"
Change component parameters (AddParameter): Name = "Manufacturer"; Value = "C&K"; VariantName = "[No Variations]"
Change component parameters (AddParameter): Name = "Manufacturer Part Number"; Value = "PTS526SK15SMTR2LFS"; VariantName = "[No Variations]"
Change component parameters (AddParameter): Name = "Octopart"; Value = "https://octopart.com/pts526+sk15+smtr2+lfs-c%26k+components-100617999"; VariantName = "[No Variations]"
Change component parameters (AddParameter): Name = "Operating Force"; Value = "250gf"; VariantName = "[No Variations]"
Change component parameters (AddParameter): Name = "Package"; Value = "PTS526SK15SMTR2LFS"; VariantName = "[No Variations]"
Change component parameters (AddParameter): Name = "RoHS"; Value = "TRUE"; VariantName = "[No Variations]"
Change component parameters (AddParameter): Name = "Standoff Height"; Value = "0mm"; VariantName = "[No Variations]"
Change component parameters (AddParameter): Name = "Temperature"; Value = "-20°C to +70°C"; VariantName = "[No Variations]"
Change component parameters (AddParameter): Name = "Temperature Range High"; Value = "+70°C"; VariantName = "[No Variations]"
Change component parameters (AddParameter): Name = "Temperature Range Low"; Value = "-20°C"; VariantName = "[No Variations]"
Change component parameters (AddParameter): Name = "Throw Configuration"; Value = "SPST-NO"; VariantName = "[No Variations]"
Change component parameters (AddParameter): Name = "Voltage Rating Dc"; Value = "12V"; VariantName = "[No Variations]"
Added Pin To Net: NetName=GND Pin=SW1-2
Added Pin To Net: NetName=SW_OUT_0 Pin=SW1-3
Added Pin To Net: NetName=GND Pin=SW2-2
Added Pin To Net: NetName=SW_OUT_1 Pin=SW2-3
Added Pin To Net: NetName=GND Pin=SW3-2
Added Pin To Net: NetName=SW_OUT_2 Pin=SW3-3
Added Pin To Net: NetName=GND Pin=SW4-2
Added Pin To Net: NetName=SW_OUT_3 Pin=SW4-3
Added Pin To Net: NetName=GND Pin=SW5-2
Added Pin To Net: NetName=SW_OUT_4 Pin=SW5-3
Added Pin To Net: NetName=GND Pin=SW6-2
Added Pin To Net: NetName=SW_OUT_5 Pin=SW6-3
Added Pin To Net: NetName=GND Pin=SW7-2
Added Pin To Net: NetName=SW_OUT_6 Pin=SW7-3
Added Pin To Net: NetName=GND Pin=SW8-2
Added Pin To Net: NetName=SW_OUT_7 Pin=SW8-3
