Change Footprint: Cannot match pads with new footprint in component :U7 Footprint:SOT95P285X140-6N
Added Component: Designator=J5(FP-6-534206-5-MFG)
Add component (AddParameter): Name = "Automotive"; Value = "No"; VariantName = "[No Variations]"
Add component (AddParameter): Name = "Category"; Value = "Conn"; VariantName = "[No Variations]"
Add component (AddParameter): Name = "ComponentLink2Description"; Value = "Datasheet"; VariantName = "[No Variations]"
Add component (AddParameter): Name = "ComponentLink2URL"; Value = "https://www.te.com/commerce/DocumentDelivery/DDEController?Action=showdoc&DocId=Specification+Or+Standard%7F114-25018%7FE%7Fpdf%7FEnglish%7FENG_SS_114-25018_E.pdf%7F6-534206-5"; VariantName = "[No Variations]"
Add component (AddParameter): Name = "Conn Gender"; Value = "Female"; VariantName = "[No Variations]"
Add component (AddParameter): Name = "Conn Orientation"; Value = "Vertical"; VariantName = "[No Variations]"
Add component (AddParameter): Name = "Contact Material"; Value = "Gold,Nickel"; VariantName = "[No Variations]"
Add component (AddParameter): Name = "Current Rating"; Value = "2A"; VariantName = "[No Variations]"
Add component (AddParameter): Name = "Device Class L1"; Value = "Connectors"; VariantName = "[No Variations]"
Add component (AddParameter): Name = "Device Class L2"; Value = "Headers and Wire Housings"; VariantName = "[No Variations]"
Add component (AddParameter): Name = "Device Class L3"; Value = "unset"; VariantName = "[No Variations]"
Add component (AddParameter): Name = "Digikey Description"; Value = "CONN RCPT 30POS 0.1 GOLD PCB"; VariantName = "[No Variations]"
Add component (AddParameter): Name = "Footprint Url"; Value = "https://www.te.com/commerce/DocumentDelivery/DDEController?Action=showdoc&DocId=Customer+Drawing%7F534206%7FR7%7Fpdf%7FEnglish%7FENG_CD_534206_R7.pdf%7F6-534206-5"; VariantName = "[No Variations]"
Add component (AddParameter): Name = "Height"; Value = "8.9mm"; VariantName = "[No Variations]"
Add component (AddParameter): Name = "Is Female"; Value = "yes"; VariantName = "[No Variations]"
Add component (AddParameter): Name = "Lead Free"; Value = "Yes"; VariantName = "[No Variations]"
Add component (AddParameter): Name = "Manufacturer"; Value = "TE"; VariantName = "[No Variations]"
Add component (AddParameter): Name = "Manufacturer Part Number"; Value = "6-534206-5"; VariantName = "[No Variations]"
Add component (AddParameter): Name = "Mouser Description"; Value = "Headers & Wire Housings REC 2X15P VRT T/H"; VariantName = "[No Variations]"
Add component (AddParameter): Name = "Number Of Contacts"; Value = "30"; VariantName = "[No Variations]"
Add component (AddParameter): Name = "Number Of Rows"; Value = "2"; VariantName = "[No Variations]"
Add component (AddParameter): Name = "Octopart"; Value = "https://octopart.com/6-534206-5-te+connectivity-39516817"; VariantName = "[No Variations]"
Add component (AddParameter): Name = "Package"; Value = "0"; VariantName = "[No Variations]"
Add component (AddParameter): Name = "Pitch"; Value = "2.54mm"; VariantName = "[No Variations]"
Add component (AddParameter): Name = "RoHS"; Value = "TRUE"; VariantName = "[No Variations]"
Add component (AddParameter): Name = "Standoff Height"; Value = "0.38mm"; VariantName = "[No Variations]"
Add component (AddParameter): Name = "Temperature"; Value = "-65°C to +105°C"; VariantName = "[No Variations]"
Add component (AddParameter): Name = "Temperature Range High"; Value = "+105°C"; VariantName = "[No Variations]"
Add component (AddParameter): Name = "Temperature Range Low"; Value = "-65°C"; VariantName = "[No Variations]"
Added Pin To Net: NetName=CAR_PWR_IN Pin=J5-1
Added Pin To Net: NetName=CAR_PWR_IN Pin=J5-2
Added Pin To Net: NetName=CAR_PWR_IN Pin=J5-3
Added Pin To Net: NetName=CAR_PWR_IN Pin=J5-4
Added Pin To Net: NetName=CAR_PWR_IN Pin=J5-5
Added Pin To Net: NetName=CAR_PWR_IN Pin=J5-6
Added Pin To Net: NetName=CAR_PWR_IN Pin=J5-7
Added Pin To Net: NetName=CAR_PWR_IN Pin=J5-8
Added Pin To Net: NetName=CAR_PWR_IN Pin=J5-9
Added Pin To Net: NetName=CAR_PWR_IN Pin=J5-10
Added Pin To Net: NetName=GND Pin=J5-11
Added Pin To Net: NetName=GND Pin=J5-12
Added Pin To Net: NetName=GND Pin=J5-13
Added Pin To Net: NetName=GND Pin=J5-14
Added Pin To Net: NetName=GND Pin=J5-15
Added Pin To Net: NetName=GND Pin=J5-16
Added Pin To Net: NetName=GND Pin=J5-17
Added Pin To Net: NetName=GND Pin=J5-18
Added Pin To Net: NetName=GND Pin=J5-19
Added Pin To Net: NetName=GND Pin=J5-20
Added Pin To Net: NetName=PWR_OUT_PWR_PROT_2 Pin=J5-21
Added Pin To Net: NetName=PWR_OUT_PWR_PROT_2 Pin=J5-22
Added Pin To Net: NetName=PWR_OUT_PWR_PROT_2 Pin=J5-23
Added Pin To Net: NetName=PWR_OUT_PWR_PROT_2 Pin=J5-24
Added Pin To Net: NetName=PWR_OUT_PWR_PROT_2 Pin=J5-25
Added Pin To Net: NetName=PWR_OUT_PWR_PROT_2 Pin=J5-26
Added Pin To Net: NetName=PWR_OUT_PWR_PROT_2 Pin=J5-27
Added Pin To Net: NetName=PWR_OUT_PWR_PROT_2 Pin=J5-28
Added Pin To Net: NetName=PWR_OUT_PWR_PROT_2 Pin=J5-29
Added Pin To Net: NetName=PWR_OUT_PWR_PROT_2 Pin=J5-30
Added Member To Class: ClassName=BRZ_BATT_MGR Member=Component J5 6-534206-5
