Removed Pin From Net: NetName=GND Pin=C46-2
Removed Pin From Net: NetName=GND Pin=C47-2
Removed Pin From Net: NetName=GND Pin=C48-2
Removed Pin From Net: NetName=GND Pin=C49-2
Removed Pin From Net: NetName=GND Pin=C50-2
Removed Pin From Net: NetName=3V3 Pin=C51-1
Removed Pin From Net: NetName=GND Pin=C51-2
Removed Pin From Net: NetName=GND Pin=C52-2
Removed Pin From Net: NetName=GND Pin=C53-2
Removed Pin From Net: NetName=PWR_IN Pin=D6-1
Removed Pin From Net: NetName=GND Pin=D11-3
Removed Pin From Net: NetName=GND Pin=D11-8
Removed Pin From Net: NetName=PWR_IN_PWR_PROT_2 Pin=F1_PWR_PROT_2-1
Removed Pin From Net: NetName=PWR_IN_PWR_PROT_2 Pin=F3-2
Removed Pin From Net: NetName=GND Pin=J5-11
Removed Pin From Net: NetName=GND Pin=J5-12
Removed Pin From Net: NetName=3V3 Pin=L2-1
Removed Pin From Net: NetName=NetD1_2 Pin=Q1-1
Removed Pin From Net: NetName=3V3 Pin=Q1-3
Removed Pin From Net: NetName=NetD1_3 Pin=Q1-4
Removed Pin From Net: NetName=3V3 Pin=Q1-6
Removed Pin From Net: NetName=CAR_OC_TRIP Pin=Q9_PWR_PROT_0-3
Removed Pin From Net: NetName=CAR_OC_TRIP Pin=Q9_PWR_PROT_0-6
Removed Pin From Net: NetName=BATT_OC_TRIP Pin=Q9_PWR_PROT_2-3
Removed Pin From Net: NetName=BATT_OC_TRIP Pin=Q9_PWR_PROT_2-6
Removed Pin From Net: NetName=PWR_IN Pin=Q11-1
Removed Pin From Net: NetName=PWR_IN Pin=Q11-2
Removed Pin From Net: NetName=PWR_IN Pin=Q11-3
Removed Pin From Net: NetName=EN_MOSFET Pin=Q13-3
Removed Pin From Net: NetName=CAR_PWR Pin=R28_PWR_PROT_0-2
Removed Pin From Net: NetName=PWR_IN_PWR_PROT_2 Pin=R28_PWR_PROT_2-2
Removed Pin From Net: NetName=CAR_PWR Pin=R32_PWR_PROT_0-1
Removed Pin From Net: NetName=PWR_IN_PWR_PROT_2 Pin=R32_PWR_PROT_2-1
Removed Pin From Net: NetName=POST_SHUNT_PWR_PROT_0 Pin=R35_PWR_PROT_0-2
Removed Pin From Net: NetName=POST_SHUNT_PWR_PROT_2 Pin=R35_PWR_PROT_2-2
Removed Pin From Net: NetName=CAR_OC_TRIP Pin=R37_PWR_PROT_0-2
Removed Pin From Net: NetName=BATT_OC_TRIP Pin=R37_PWR_PROT_2-2
Removed Pin From Net: NetName=3V3 Pin=R52-1
Removed Pin From Net: NetName=EN_MOSFET Pin=R55-1
Removed Pin From Net: NetName=GND Pin=R91-2
Removed Pin From Net: NetName=GND Pin=R92-1
Removed Pin From Net: NetName=GND Pin=R93-2
Removed Pin From Net: NetName=3V3 Pin=R98-1
Removed Pin From Net: NetName=GND Pin=R99-1
Removed Pin From Net: NetName=3V3 Pin=R100-2
Removed Pin From Net: NetName=GND Pin=R101-1
Removed Pin From Net: NetName=3V3 Pin=R102-2
Removed Pin From Net: NetName=3V3 Pin=R103-2
Removed Pin From Net: NetName=3V3 Pin=R104-2
Removed Pin From Net: NetName=3V3 Pin=R105-2
Removed Pin From Net: NetName=3V3 Pin=R106-2
Removed Pin From Net: NetName=CAR_OC_TRIP Pin=TP4_PWR_PROT_0-1
Removed Pin From Net: NetName=BATT_OC_TRIP Pin=TP4_PWR_PROT_2-1
Removed Pin From Net: NetName=POST_SHUNT_PWR_PROT_0 Pin=U3_PWR_PROT_0-6
Removed Pin From Net: NetName=POST_SHUNT_PWR_PROT_2 Pin=U3_PWR_PROT_2-6
Removed Pin From Net: NetName=GND Pin=U7-3
Removed Pin From Net: NetName=PWR_IN Pin=U7-6
Removed Pin From Net: NetName=3V3 Pin=U10-9
Removed Pin From Net: NetName=GND Pin=U10-25
Removed Pin From Net: NetName=GND Pin=Y3-2
Removed Pin From Net: NetName=GND Pin=Y3-4
Removed Member From Class: ClassName=INT_REG Member=D6
Removed Member From Class: ClassName=INT_REG Member=Q11
Removed Member From Class: ClassName=INT_REG Member=R52
Change Component Footprint: Designator=C45 Old Footprint=FP-0402-L_1_0_0_05-W_0_5-IPC_A New Footprint=FP-C0805C-DN-MFG
Change Component Footprint: Designator=C44 Old Footprint=FP-C0805C476M9PACTU-MFG New Footprint=FP-C0805C-DN-MFG
Change Component Footprint: Designator=R72 Old Footprint=FP-ERJ3EK-MFG New Footprint=RESC1005X40X25NL05T10
Change Component Footprint: Designator=R75 Old Footprint=FP-ERJ3EK-MFG New Footprint=RESC1005X40X25NL05T10
Change Component Footprint: Designator=R77 Old Footprint=FP-ERJ3EK-MFG New Footprint=RESC1005X40X25NL05T10
Change Component Footprint: Designator=R73 Old Footprint=FP-ERJ3EK-MFG New Footprint=RESC1608X55X30LL15T15
Change Component Footprint: Designator=R79 Old Footprint=FP-ERJ3EK-MFG New Footprint=RESC1609X55X30LL15T15
Change Footprint: Cannot match pads with new footprint in component :U7 Footprint:SOT95P285X140-6N
Change Component Footprint: Designator=R74 Old Footprint=RESC1005X40X25NL05T05 New Footprint=RESC1005X40X25NL05T10
Change Component Footprint: Designator=R78 Old Footprint=RESC1005X40X25NL05T05 New Footprint=RESC1608X55X30LL15T15
Change Component Footprint: Designator=R76 Old Footprint=RESC1005X40X25NL05T05 New Footprint=RESC1608X55X30ML15T15
Change Component Footprint: Designator=R30_PWR_PROT_0 Old Footprint=RESC1608X55X30LL15T15 New Footprint=RESC1608X55X30ML15T15
Change Component Footprint: Designator=R30_PWR_PROT_2 Old Footprint=RESC1608X55X30LL15T15 New Footprint=RESC1608X55X30ML15T15
Change Component Footprint: Designator=R29_PWR_PROT_0 Old Footprint=RESC1608X55X30ML15T15 New Footprint=RESC1608X55X30LL15T15
Change Component Footprint: Designator=R29_PWR_PROT_2 Old Footprint=RESC1608X55X30ML15T15 New Footprint=RESC1608X55X30LL15T15
Change Component Footprint: Designator=L1 Old Footprint=WE-PD_1280 New Footprint=WE-PD_1280
Change Component Comment : Designator=C11 Old Comment=1u New Comment=1u 10v
Change Component Comment : Designator=C17 Old Comment=1u New Comment=1u 10v
Change Component Comment : Designator=C19 Old Comment=1u New Comment=1u 10v
Change Component Comment : Designator=C13 Old Comment=2.2u New Comment=2.2u 10v
Change Component Comment : Designator=C15 Old Comment=2.2u New Comment=2.2u 10v
Change Component Comment : Designator=C5 Old Comment=4.7u New Comment=4.7u 10v
Change Component Comment : Designator=C2 Old Comment=100n New Comment=100n 10v
Change Component Comment : Designator=C3 Old Comment=100n New Comment=100n 10v
Change Component Comment : Designator=C4 Old Comment=100n New Comment=100n 10v
Change Component Comment : Designator=C6 Old Comment=100n New Comment=100n 10v
Change Component Comment : Designator=C7 Old Comment=100n New Comment=100n 10v
Change Component Comment : Designator=C8 Old Comment=100n New Comment=100n 10v
Change Component Comment : Designator=C9 Old Comment=100n New Comment=100n 10v
Change Component Comment : Designator=C10 Old Comment=100n New Comment=100n 10v
Change Component Comment : Designator=C12 Old Comment=100n New Comment=100n 10v
Change Component Comment : Designator=C14 Old Comment=100n New Comment=100n 10v
Change Component Comment : Designator=C16 Old Comment=100n New Comment=100n 10v
Change Component Comment : Designator=C18 Old Comment=100n New Comment=100n 10v
Change Component Comment : Designator=C20 Old Comment=100n New Comment=100n 10v
Change Component Comment : Designator=C23 Old Comment=100n New Comment=100n 10v
Change Component Comment : Designator=C24 Old Comment=100n New Comment=100n 10v
Change Component Comment : Designator=C46 Old Comment=100n New Comment=100n 25v
Change Component Comment : Designator=C47 Old Comment=100n New Comment=100n 25v
Change Component Comment : Designator=C45 Old Comment=100n New Comment=DNO (0805 CAP)
Change Component Comment : Designator=R78 Old Comment=0402 JUMPER 0 OHM New Comment=ERJ-3EKF1001V
Change Component Comment : Designator=R76 Old Comment=0402 JUMPER 0 OHM New Comment=ERJ-3EKF1003V
Change Component Comment : Designator=R74 Old Comment=0402 JUMPER 0 OHM New Comment=RC0402JR-070RL
Change Component Comment : Designator=C54_CAN_IF_0 Old Comment=DNO New Comment=6.6p 10v
Change Component Comment : Designator=C54_CAN_IF_1 Old Comment=DNO New Comment=6.6p 10v
Change Component Comment : Designator=C60_CAN_IF_0 Old Comment=DNO New Comment=6.6p 10v
Change Component Comment : Designator=C60_CAN_IF_1 Old Comment=DNO New Comment=6.6p 10v
Change Component Comment : Designator=C21 Old Comment=DNO New Comment=6.8p 10v
Change Component Comment : Designator=C22 Old Comment=DNO New Comment=6.8p 10v
Change Component Comment : Designator=C44 Old Comment=DNO - C0805C476M9PACTU New Comment=DNO (0805 CAP)
Change Component Comment : Designator=R79 Old Comment=ERJ-3EKF33R0V New Comment=ERJ3EKF1002V
Change Component Comment : Designator=R73 Old Comment=ERJ-3EKF33R0V New Comment=ERJ-3EKF1001V
Change Component Comment : Designator=R72 Old Comment=ERJ-3EKF33R0V New Comment=RC0402JR-070RL
Change Component Comment : Designator=R75 Old Comment=ERJ-3EKF33R0V New Comment=RC0402JR-070RL
Change Component Comment : Designator=R77 Old Comment=ERJ-3EKF33R0V New Comment=RC0402JR-070RL
Change Component Comment : Designator=R30_PWR_PROT_0 Old Comment=ERJ-3EKF1001V New Comment=ERJ-3EKF2001V
Change Component Comment : Designator=R30_PWR_PROT_2 Old Comment=ERJ-3EKF1001V New Comment=ERJ-3EKF2001V
Change Component Comment : Designator=R29_PWR_PROT_0 Old Comment=ERJ-3EKF2001V New Comment=ERJ-3EKF1001V
Change Component Comment : Designator=R29_PWR_PROT_2 Old Comment=ERJ-3EKF2001V New Comment=ERJ-3EKF1001V
Change Component Comment : Designator=C1 Old Comment=GRM188R71H104KA93D New Comment=100n 10v
Change Component Comment : Designator=C55_CAN_IF_0 Old Comment=GRM188R71H104KA93D New Comment=100n 10v
Change Component Comment : Designator=C55_CAN_IF_1 Old Comment=GRM188R71H104KA93D New Comment=100n 10v
Change Component Comment : Designator=C56_CAN_IF_0 Old Comment=GRM188R71H104KA93D New Comment=100n 10v
Change Component Comment : Designator=C56_CAN_IF_1 Old Comment=GRM188R71H104KA93D New Comment=100n 10v
Change Component Comment : Designator=C57_CAN_IF_0 Old Comment=GRM188R71H104KA93D New Comment=100n 10v
Change Component Comment : Designator=C57_CAN_IF_1 Old Comment=GRM188R71H104KA93D New Comment=100n 10v
Change Component Comment : Designator=C58_CAN_IF_0 Old Comment=GRM188R71H104KA93D New Comment=100n 10v
Change Component Comment : Designator=C58_CAN_IF_1 Old Comment=GRM188R71H104KA93D New Comment=100n 10v
Change Component Comment : Designator=C59_CAN_IF_0 Old Comment=GRM188R71H104KA93D New Comment=100n 10v
Change Component Comment : Designator=C59_CAN_IF_1 Old Comment=GRM188R71H104KA93D New Comment=100n 10v
Change Component Comment : Designator=C25 Old Comment=KGM05ACG1H180FH New Comment=18pf 10v
Change Component Comment : Designator=C26 Old Comment=KGM05ACG1H180FH New Comment=18pf 10v
Change Component Comment : Designator=U7 Old Comment=LTC4412ES6#TRMPBF New Comment=AP74700QW6-7
Change Managed Component Library Link : Designator=C44 Old VaultGUID=B7D15EC3-160A-466F-A46C-7801FE6295A7 New VaultGUID=B7D15EC3-160A-466F-A46C-7801FE6295A7 Old ItemGUID=7370C20F-B957-47C2-81CD-E891C79E7D54 New ItemGUID=B9488122-88ED-4EC5-84F7-203174F09D93 Old RevisionGUID=E793CB62-BAB0-4F29-8F02-3DC0B93E34D8 New RevisionGUID=3073E26B-F5D9-41D4-961E-5BC2B966745A
Change Managed Component Library Link : Designator=R29_PWR_PROT_0 Old VaultGUID=B7D15EC3-160A-466F-A46C-7801FE6295A7 New VaultGUID=B7D15EC3-160A-466F-A46C-7801FE6295A7 Old ItemGUID=3D9F9894-8BC7-4CCD-9CE1-AC3B7E9EFFDF New ItemGUID=15E99ED1-FE4D-4509-A4CB-202B754A1072 Old RevisionGUID=03D68258-C05D-4896-AC6B-C55B95C93FA6 New RevisionGUID=B5BF06F6-159E-4AE9-958F-413F2CF8C3A3
Change Managed Component Library Link : Designator=R29_PWR_PROT_2 Old VaultGUID=B7D15EC3-160A-466F-A46C-7801FE6295A7 New VaultGUID=B7D15EC3-160A-466F-A46C-7801FE6295A7 Old ItemGUID=3D9F9894-8BC7-4CCD-9CE1-AC3B7E9EFFDF New ItemGUID=15E99ED1-FE4D-4509-A4CB-202B754A1072 Old RevisionGUID=03D68258-C05D-4896-AC6B-C55B95C93FA6 New RevisionGUID=B5BF06F6-159E-4AE9-958F-413F2CF8C3A3
Change Managed Component Library Link : Designator=R30_PWR_PROT_0 Old VaultGUID=B7D15EC3-160A-466F-A46C-7801FE6295A7 New VaultGUID=B7D15EC3-160A-466F-A46C-7801FE6295A7 Old ItemGUID=15E99ED1-FE4D-4509-A4CB-202B754A1072 New ItemGUID=3D9F9894-8BC7-4CCD-9CE1-AC3B7E9EFFDF Old RevisionGUID=B5BF06F6-159E-4AE9-958F-413F2CF8C3A3 New RevisionGUID=03D68258-C05D-4896-AC6B-C55B95C93FA6
Change Managed Component Library Link : Designator=R30_PWR_PROT_2 Old VaultGUID=B7D15EC3-160A-466F-A46C-7801FE6295A7 New VaultGUID=B7D15EC3-160A-466F-A46C-7801FE6295A7 Old ItemGUID=15E99ED1-FE4D-4509-A4CB-202B754A1072 New ItemGUID=3D9F9894-8BC7-4CCD-9CE1-AC3B7E9EFFDF Old RevisionGUID=B5BF06F6-159E-4AE9-958F-413F2CF8C3A3 New RevisionGUID=03D68258-C05D-4896-AC6B-C55B95C93FA6
Change Managed Component Library Link : Designator=R72 Old VaultGUID=B7D15EC3-160A-466F-A46C-7801FE6295A7 New VaultGUID=B7D15EC3-160A-466F-A46C-7801FE6295A7 Old ItemGUID=B655B5E3-1AF4-432C-A28C-4A39A1AE041F New ItemGUID=BA82B1DB-3903-48AB-BE6C-7B43F7C4B2A3 Old RevisionGUID=0158D1B6-0AB6-4299-ACF2-EB6E30E7C7DF New RevisionGUID=CE7A1A62-0A8C-40B2-AE66-1FCF8A173D4A
Change Managed Component Library Link : Designator=R73 Old VaultGUID=B7D15EC3-160A-466F-A46C-7801FE6295A7 New VaultGUID=B7D15EC3-160A-466F-A46C-7801FE6295A7 Old ItemGUID=B655B5E3-1AF4-432C-A28C-4A39A1AE041F New ItemGUID=15E99ED1-FE4D-4509-A4CB-202B754A1072 Old RevisionGUID=0158D1B6-0AB6-4299-ACF2-EB6E30E7C7DF New RevisionGUID=B5BF06F6-159E-4AE9-958F-413F2CF8C3A3
Change Managed Component Library Link : Designator=R75 Old VaultGUID=B7D15EC3-160A-466F-A46C-7801FE6295A7 New VaultGUID=B7D15EC3-160A-466F-A46C-7801FE6295A7 Old ItemGUID=B655B5E3-1AF4-432C-A28C-4A39A1AE041F New ItemGUID=BA82B1DB-3903-48AB-BE6C-7B43F7C4B2A3 Old RevisionGUID=0158D1B6-0AB6-4299-ACF2-EB6E30E7C7DF New RevisionGUID=CE7A1A62-0A8C-40B2-AE66-1FCF8A173D4A
Change Managed Component Library Link : Designator=R77 Old VaultGUID=B7D15EC3-160A-466F-A46C-7801FE6295A7 New VaultGUID=B7D15EC3-160A-466F-A46C-7801FE6295A7 Old ItemGUID=B655B5E3-1AF4-432C-A28C-4A39A1AE041F New ItemGUID=BA82B1DB-3903-48AB-BE6C-7B43F7C4B2A3 Old RevisionGUID=0158D1B6-0AB6-4299-ACF2-EB6E30E7C7DF New RevisionGUID=CE7A1A62-0A8C-40B2-AE66-1FCF8A173D4A
Change Managed Component Library Link : Designator=R79 Old VaultGUID=B7D15EC3-160A-466F-A46C-7801FE6295A7 New VaultGUID=B7D15EC3-160A-466F-A46C-7801FE6295A7 Old ItemGUID=B655B5E3-1AF4-432C-A28C-4A39A1AE041F New ItemGUID=D6FF6A2E-237B-4D32-86D1-1B9665B5CB39 Old RevisionGUID=0158D1B6-0AB6-4299-ACF2-EB6E30E7C7DF New RevisionGUID=20C4B742-B9BD-484B-8674-15E5F2C7C3A3
Change Managed Component Library Link : Designator=C45 Old VaultGUID=275DD9A0-BDD9-47D7-8C38-F690E90B05B9 New VaultGUID=B7D15EC3-160A-466F-A46C-7801FE6295A7 Old ItemGUID=43a49740-5c66-4506-9ea2-07741095c73f New ItemGUID=B9488122-88ED-4EC5-84F7-203174F09D93 Old RevisionGUID=687d763b-7f8a-412e-93a6-e138853d33ff New RevisionGUID=3073E26B-F5D9-41D4-961E-5BC2B966745A
Change Managed Component Library Link : Designator=R74 Old VaultGUID=D5CACE43-709A-4464-BB04-ED577B050C2A New VaultGUID=B7D15EC3-160A-466F-A46C-7801FE6295A7 Old ItemGUID=a4c947ce-eb79-4604-83af-c065752d8420 New ItemGUID=BA82B1DB-3903-48AB-BE6C-7B43F7C4B2A3 Old RevisionGUID=f27b6633-d713-411b-a606-499a54c29a50 New RevisionGUID=CE7A1A62-0A8C-40B2-AE66-1FCF8A173D4A
Change Managed Component Library Link : Designator=R76 Old VaultGUID=D5CACE43-709A-4464-BB04-ED577B050C2A New VaultGUID=B7D15EC3-160A-466F-A46C-7801FE6295A7 Old ItemGUID=a4c947ce-eb79-4604-83af-c065752d8420 New ItemGUID=689D7475-5ACB-490F-95BF-6AB0267C0A99 Old RevisionGUID=f27b6633-d713-411b-a606-499a54c29a50 New RevisionGUID=9F6BA9D8-F86D-49F3-8299-770B4BCB722D
Change Managed Component Library Link : Designator=R78 Old VaultGUID=D5CACE43-709A-4464-BB04-ED577B050C2A New VaultGUID=B7D15EC3-160A-466F-A46C-7801FE6295A7 Old ItemGUID=a4c947ce-eb79-4604-83af-c065752d8420 New ItemGUID=15E99ED1-FE4D-4509-A4CB-202B754A1072 Old RevisionGUID=f27b6633-d713-411b-a606-499a54c29a50 New RevisionGUID=B5BF06F6-159E-4AE9-958F-413F2CF8C3A3
Change Managed Component Library Link : Designator=U7 Old VaultGUID=B7D15EC3-160A-466F-A46C-7801FE6295A7 New VaultGUID=275DD9A0-BDD9-47D7-8C38-F690E90B05B9 Old ItemGUID=2A9C1E45-DF11-45DA-8225-BDF801C9096B New ItemGUID=ccc68fc3-ebdf-4c2c-ae37-e1d214dacbcf Old RevisionGUID=4E5016DB-2C9A-48D0-9F7C-E6333FBD0F41 New RevisionGUID=435016b9-5193-4b52-b6c8-a25eefe064c2
Change component parameters: Designator = "C44" ("C44"); Footprint = "FP-C0805C476M9PACTU-MFG"; UniqueID = "\WOSTISLV\TDLXFNKA" ("\WOSTISLV\TDLXFNKA")
Change component parameters (AddParameter): Name = "Automotive"; Value = "No"; VariantName = "[No Variations]"
Change component parameters (AddParameter): Name = "Capacitance"; Value = "0.22 µF"; VariantName = "[No Variations]"
Change component parameters (AddParameter): Name = "Category"; Value = "Cap"; VariantName = "[No Variations]"
Change component parameters (AddParameter): Name = "ComponentLink2Description"; Value = "Datasheet"; VariantName = "[No Variations]"
Change component parameters (AddParameter): Name = "ComponentLink2URL"; Value = "https://content.kemet.com/datasheets/KEM_C1003_C0G_SMD.pdf"; VariantName = "[No Variations]"
Change component parameters (AddParameter): Name = "Device Class L1"; Value = "Passive Components"; VariantName = "[No Variations]"
Change component parameters (AddParameter): Name = "Device Class L2"; Value = "Capacitors"; VariantName = "[No Variations]"
Change component parameters (AddParameter): Name = "Device Class L3"; Value = "Ceramic Capacitors"; VariantName = "[No Variations]"
Change component parameters (AddParameter): Name = "Digikey Description"; Value = "CAP CER 0.22UF 50V X7R 0805"; VariantName = "[No Variations]"
Change component parameters (AddParameter): Name = "Height"; Value = "0.88mm"; VariantName = "[No Variations]"
Change component parameters (AddParameter): Name = "Ipc Land Pattern Name"; Value = "CAPC200125X78"; VariantName = "[No Variations]"
Change component parameters (AddParameter): Name = "Lead Free"; Value = "Yes"; VariantName = "[No Variations]"
Change component parameters (AddParameter): Name = "Manufacturer"; Value = "KEMET"; VariantName = "[No Variations]"
Change component parameters (AddParameter): Name = "Manufacturer Part Number"; Value = "C0805C224K5RACTU"; VariantName = "[No Variations]"
Change component parameters (AddParameter): Name = "Material"; Value = "Ceramic"; VariantName = "[No Variations]"
Change component parameters (AddParameter): Name = "Mouser Description"; Value = "CAP CER 0.22UF 50V X7R 0805"; VariantName = "[No Variations]"
Change component parameters (AddParameter): Name = "Octopart"; Value = "https://octopart.com/c0805c224k5ractu-kemet-144670"; VariantName = "[No Variations]"
Change component parameters (AddParameter): Name = "Package"; Value = "C0805C-DN"; VariantName = "[No Variations]"
Change component parameters (AddParameter): Name = "RoHS"; Value = "TRUE"; VariantName = "[No Variations]"
Change component parameters (AddParameter): Name = "Temperature"; Value = "-55°C to +125°C"; VariantName = "[No Variations]"
Change component parameters (AddParameter): Name = "Temperature Characteristic"; Value = "X7R"; VariantName = "[No Variations]"
Change component parameters (AddParameter): Name = "Temperature Coefficient"; Value = "30ppm/°C"; VariantName = "[No Variations]"
Change component parameters (AddParameter): Name = "Temperature Range High"; Value = "+125°C"; VariantName = "[No Variations]"
Change component parameters (AddParameter): Name = "Temperature Range Low"; Value = "-55°C"; VariantName = "[No Variations]"
Change component parameters (AddParameter): Name = "Tolerance"; Value = "0.1"; VariantName = "[No Variations]"
Change component parameters (AddParameter): Name = "Value"; Value = "0.22 µF"; VariantName = "[No Variations]"
Change component parameters (AddParameter): Name = "Voltage Rating"; Value = "50 V"; VariantName = "[No Variations]"
Change component parameters: Designator = "C45" ("C45"); Footprint = "FP-0402-L_1_0_0_05-W_0_5-IPC_A"; UniqueID = "\WOSTISLV\IKRCKMQX" ("\WOSTISLV\IKRCKMQX")
Change component parameters (AddParameter): Name = "Automotive"; Value = "No"; VariantName = "[No Variations]"
Change component parameters (AddParameter): Name = "Capacitance"; Value = "0.22 µF"; VariantName = "[No Variations]"
Change component parameters (AddParameter): Name = "Category"; Value = "Cap"; VariantName = "[No Variations]"
Change component parameters (AddParameter): Name = "ComponentLink2Description"; Value = "Datasheet"; VariantName = "[No Variations]"
Change component parameters (AddParameter): Name = "ComponentLink2URL"; Value = "https://content.kemet.com/datasheets/KEM_C1003_C0G_SMD.pdf"; VariantName = "[No Variations]"
Change component parameters (AddParameter): Name = "Device Class L1"; Value = "Passive Components"; VariantName = "[No Variations]"
Change component parameters (AddParameter): Name = "Device Class L2"; Value = "Capacitors"; VariantName = "[No Variations]"
Change component parameters (AddParameter): Name = "Device Class L3"; Value = "Ceramic Capacitors"; VariantName = "[No Variations]"
Change component parameters (AddParameter): Name = "Digikey Description"; Value = "CAP CER 0.22UF 50V X7R 0805"; VariantName = "[No Variations]"
Change component parameters (AddParameter): Name = "Height"; Value = "0.88mm"; VariantName = "[No Variations]"
Change component parameters (AddParameter): Name = "Ipc Land Pattern Name"; Value = "CAPC200125X78"; VariantName = "[No Variations]"
Change component parameters (AddParameter): Name = "Lead Free"; Value = "Yes"; VariantName = "[No Variations]"
Change component parameters (AddParameter): Name = "Manufacturer"; Value = "KEMET"; VariantName = "[No Variations]"
Change component parameters (AddParameter): Name = "Manufacturer Part Number"; Value = "C0805C224K5RACTU"; VariantName = "[No Variations]"
Change component parameters (AddParameter): Name = "Material"; Value = "Ceramic"; VariantName = "[No Variations]"
Change component parameters (AddParameter): Name = "Mouser Description"; Value = "CAP CER 0.22UF 50V X7R 0805"; VariantName = "[No Variations]"
Change component parameters (AddParameter): Name = "Octopart"; Value = "https://octopart.com/c0805c224k5ractu-kemet-144670"; VariantName = "[No Variations]"
Change component parameters (AddParameter): Name = "Package"; Value = "C0805C-DN"; VariantName = "[No Variations]"
Change component parameters (AddParameter): Name = "RoHS"; Value = "TRUE"; VariantName = "[No Variations]"
Change component parameters (AddParameter): Name = "Temperature"; Value = "-55°C to +125°C"; VariantName = "[No Variations]"
Change component parameters (AddParameter): Name = "Temperature Characteristic"; Value = "X7R"; VariantName = "[No Variations]"
Change component parameters (AddParameter): Name = "Temperature Coefficient"; Value = "30ppm/°C"; VariantName = "[No Variations]"
Change component parameters (AddParameter): Name = "Temperature Range High"; Value = "+125°C"; VariantName = "[No Variations]"
Change component parameters (AddParameter): Name = "Temperature Range Low"; Value = "-55°C"; VariantName = "[No Variations]"
Change component parameters (AddParameter): Name = "Tolerance"; Value = "0.1"; VariantName = "[No Variations]"
Change component parameters (AddParameter): Name = "Value"; Value = "0.22 µF"; VariantName = "[No Variations]"
Change component parameters (AddParameter): Name = "Voltage Rating"; Value = "50 V"; VariantName = "[No Variations]"
Change component parameters: Designator = "R29_PWR_PROT_0" ("R29"); Footprint = "RESC1608X55X30ML15T15"; UniqueID = "\OJSAWWBZ\ENLFOSBV" ("\OJSAWWBZ\ENLFOSBV")
Change component parameters (AddParameter): Name = "Manufacturer"; Value = "Panasonic"; VariantName = "[No Variations]"
Change component parameters (AddParameter): Name = "Part Number"; Value = "ERJ-3EKF1001V"; VariantName = "[No Variations]"
Change component parameters: Designator = "R29_PWR_PROT_2" ("R29"); Footprint = "RESC1608X55X30ML15T15"; UniqueID = "\RPICIVDG\ENLFOSBV" ("\RPICIVDG\ENLFOSBV")
Change component parameters (AddParameter): Name = "Manufacturer"; Value = "Panasonic"; VariantName = "[No Variations]"
Change component parameters (AddParameter): Name = "Part Number"; Value = "ERJ-3EKF1001V"; VariantName = "[No Variations]"
Change component parameters: Designator = "R30_PWR_PROT_0" ("R30"); Footprint = "RESC1608X55X30LL15T15"; UniqueID = "\OJSAWWBZ\ORKXVESI" ("\OJSAWWBZ\ORKXVESI")
Change component parameters (AddParameter): Name = "Manufacturer"; Value = "Panasonic"; VariantName = "[No Variations]"
Change component parameters (AddParameter): Name = "Part Number"; Value = "ERJ-3EKF2001V"; VariantName = "[No Variations]"
Change component parameters: Designator = "R30_PWR_PROT_2" ("R30"); Footprint = "RESC1608X55X30LL15T15"; UniqueID = "\RPICIVDG\ORKXVESI" ("\RPICIVDG\ORKXVESI")
Change component parameters (AddParameter): Name = "Manufacturer"; Value = "Panasonic"; VariantName = "[No Variations]"
Change component parameters (AddParameter): Name = "Part Number"; Value = "ERJ-3EKF2001V"; VariantName = "[No Variations]"
Change component parameters: Designator = "R72" ("R72"); Footprint = "FP-ERJ3EK-MFG"; UniqueID = "\WOSTISLV\WOVVQOEY" ("\WOSTISLV\WOVVQOEY")
Change component parameters (AddParameter): Name = "Manufacturer"; Value = "Yageo / Phycomp"; VariantName = "[No Variations]"
Change component parameters (AddParameter): Name = "Part Number"; Value = "RC0402JR-070RL"; VariantName = "[No Variations]"
Change component parameters: Designator = "R73" ("R73"); Footprint = "FP-ERJ3EK-MFG"; UniqueID = "\WOSTISLV\VAZMNNWM" ("\WOSTISLV\VAZMNNWM")
Change component parameters (AddParameter): Name = "Manufacturer"; Value = "Panasonic"; VariantName = "[No Variations]"
Change component parameters (AddParameter): Name = "Part Number"; Value = "ERJ-3EKF1001V"; VariantName = "[No Variations]"
Change component parameters: Designator = "R74" ("R74"); Footprint = "RESC1005X40X25NL05T05"; UniqueID = "\WOSTISLV\RLRWMGOB" ("\WOSTISLV\RLRWMGOB")
Change component parameters (AddParameter): Name = "Manufacturer"; Value = "Yageo / Phycomp"; VariantName = "[No Variations]"
Change component parameters (AddParameter): Name = "Part Number"; Value = "RC0402JR-070RL"; VariantName = "[No Variations]"
Change component parameters: Designator = "R75" ("R75"); Footprint = "FP-ERJ3EK-MFG"; UniqueID = "\WOSTISLV\DOHCPROM" ("\WOSTISLV\DOHCPROM")
Change component parameters (AddParameter): Name = "Manufacturer"; Value = "Yageo / Phycomp"; VariantName = "[No Variations]"
Change component parameters (AddParameter): Name = "Part Number"; Value = "RC0402JR-070RL"; VariantName = "[No Variations]"
Change component parameters: Designator = "R76" ("R76"); Footprint = "RESC1005X40X25NL05T05"; UniqueID = "\WOSTISLV\ZCIXCWSA" ("\WOSTISLV\ZCIXCWSA")
Change component parameters (AddParameter): Name = "Manufacturer"; Value = "Panasonic"; VariantName = "[No Variations]"
Change component parameters (AddParameter): Name = "Part Number"; Value = "ERJ-3EKF1003V"; VariantName = "[No Variations]"
Change component parameters: Designator = "R77" ("R77"); Footprint = "FP-ERJ3EK-MFG"; UniqueID = "\WOSTISLV\RSUFMAXY" ("\WOSTISLV\RSUFMAXY")
Change component parameters (AddParameter): Name = "Manufacturer"; Value = "Yageo / Phycomp"; VariantName = "[No Variations]"
Change component parameters (AddParameter): Name = "Part Number"; Value = "RC0402JR-070RL"; VariantName = "[No Variations]"
Change component parameters: Designator = "R78" ("R78"); Footprint = "RESC1005X40X25NL05T05"; UniqueID = "\WOSTISLV\SNIVWBWT" ("\WOSTISLV\SNIVWBWT")
Change component parameters (AddParameter): Name = "Manufacturer"; Value = "Panasonic"; VariantName = "[No Variations]"
Change component parameters (AddParameter): Name = "Part Number"; Value = "ERJ-3EKF1001V"; VariantName = "[No Variations]"
Change component parameters: Designator = "R79" ("R79"); Footprint = "FP-ERJ3EK-MFG"; UniqueID = "\UHMGCQXL\KNRNYVXU" ("\UHMGCQXL\KNRNYVXU")
Change component parameters (AddParameter): Name = "Case Code (Imperial)"; Value = "0603"; VariantName = "[No Variations]"
Change component parameters (AddParameter): Name = "Case Code (Metric)"; Value = "1608"; VariantName = "[No Variations]"
Change component parameters (AddParameter): Name = "Case\/Package"; Value = "0603"; VariantName = "[No Variations]"
Change component parameters (AddParameter): Name = "Composition"; Value = "ThickFilm"; VariantName = "[No Variations]"
Change component parameters (AddParameter): Name = "Contact Plating"; Value = "Tin"; VariantName = "[No Variations]"
Change component parameters (AddParameter): Name = "Datasheet URL"; Value = "https://industrial.panasonic.com/cdbs/www-data/pdf/RDA0000/AOA0000C304.pdf"; VariantName = "[No Variations]"
Change component parameters (AddParameter): Name = "Datasheet Version"; Value = "02/2017"; VariantName = "[No Variations]"
Change component parameters (AddParameter): Name = "Depth"; Value = "0.8mm"; VariantName = "[No Variations]"
Change component parameters (AddParameter): Name = "Height"; Value = "0.45mm"; VariantName = "[No Variations]"
Change component parameters (AddParameter): Name = "Lead Free"; Value = "LeadFree"; VariantName = "[No Variations]"
Change component parameters (AddParameter): Name = "Length"; Value = "1.6mm"; VariantName = "[No Variations]"
Change component parameters (AddParameter): Name = "Manufacturer"; Value = "Panasonic"; VariantName = "[No Variations]"
Change component parameters (AddParameter): Name = "Manufacturer URL"; Value = "http://www.panasonic.com/"; VariantName = "[No Variations]"
Change component parameters (AddParameter): Name = "Max Operating Temperature"; Value = "155degC"; VariantName = "[No Variations]"
Change component parameters (AddParameter): Name = "Max Power Dissipation"; Value = "100mW"; VariantName = "[No Variations]"
Change component parameters (AddParameter): Name = "Military Standard"; Value = "Not"; VariantName = "[No Variations]"
Change component parameters (AddParameter): Name = "Min Operating Temperature"; Value = "-55degC"; VariantName = "[No Variations]"
Change component parameters (AddParameter): Name = "Mount"; Value = "SurfaceMount"; VariantName = "[No Variations]"
Change component parameters (AddParameter): Name = "Mounting Technology"; Value = "SurfaceMount"; VariantName = "[No Variations]"
Change component parameters (AddParameter): Name = "Number of Pins"; Value = "2"; VariantName = "[No Variations]"
Change component parameters (AddParameter): Name = "Number of Terminations"; Value = "2"; VariantName = "[No Variations]"
Change component parameters (AddParameter): Name = "Package Description"; Value = "2-Pin Surface Mount Device, Body 1.6 x 0.85 mm"; VariantName = "[No Variations]"
Change component parameters (AddParameter): Name = "Package Quantity"; Value = "1"; VariantName = "[No Variations]"
Change component parameters (AddParameter): Name = "Package Reference"; Value = "603"; VariantName = "[No Variations]"
Change component parameters (AddParameter): Name = "Packaging"; Value = "TapeandReel"; VariantName = "[No Variations]"
Change component parameters (AddParameter): Name = "Power Rating"; Value = "100mW"; VariantName = "[No Variations]"
Change component parameters (AddParameter): Name = "Radiation Hardening"; Value = "No"; VariantName = "[No Variations]"
Change component parameters (AddParameter): Name = "REACH SVHC"; Value = "NoSVHC"; VariantName = "[No Variations]"
Change component parameters (AddParameter): Name = "Resistance"; Value = "10KOhm"; VariantName = "[No Variations]"
Change component parameters (AddParameter): Name = "RoHSCompliant"; Value = "true"; VariantName = "[No Variations]"
Change component parameters (AddParameter): Name = "Temperature Coefficient"; Value = "100ppm\/degreesC"; VariantName = "[No Variations]"
Change component parameters (AddParameter): Name = "Termination"; Value = "SMD/SMT"; VariantName = "[No Variations]"
Change component parameters (AddParameter): Name = "Tolerance"; Value = "1%"; VariantName = "[No Variations]"
Change component parameters (AddParameter): Name = "Voltage Rating"; Value = "75V"; VariantName = "[No Variations]"
Change component parameters (AddParameter): Name = "Voltage Rating (DC)"; Value = "75V"; VariantName = "[No Variations]"
Change component parameters (AddParameter): Name = "Width"; Value = "0.031inch"; VariantName = "[No Variations]"
Change component parameters: Designator = "U7" ("U7"); Footprint = "FP-S6-6-05-08-1636-IPC_C"; UniqueID = "\WOSTISLV\YOMDSYNM" ("\WOSTISLV\YOMDSYNM")
Change component parameters (AddParameter): Name = "Case/Package"; Value = ""; VariantName = "[No Variations]"
Change component parameters (AddParameter): Name = "Max Operating Temperature"; Value = ""; VariantName = "[No Variations]"
Change component parameters (AddParameter): Name = "Max Power Dissipation"; Value = ""; VariantName = "[No Variations]"
Change component parameters (AddParameter): Name = "Max Supply Voltage"; Value = ""; VariantName = "[No Variations]"
Change component parameters (AddParameter): Name = "Min Operating Temperature"; Value = ""; VariantName = "[No Variations]"
Change component parameters (AddParameter): Name = "Min Supply Voltage"; Value = ""; VariantName = "[No Variations]"
Change component parameters (AddParameter): Name = "Mounting Technology"; Value = ""; VariantName = "[No Variations]"
Change component parameters (AddParameter): Name = "Output Voltage"; Value = ""; VariantName = "[No Variations]"
Change component parameters (AddParameter): Name = "Pins"; Value = ""; VariantName = "[No Variations]"
Change component parameters (AddParameter): Name = "RoHS Compliant"; Value = ""; VariantName = "[No Variations]"
Added Component: Designator=D6_PWR_PROT_0(FP-SOD-123-IPC_A)
Add component (AddParameter): Name = "Average Rectified Current"; Value = "150mA"; VariantName = "[No Variations]"
Add component (AddParameter): Name = "Capacitance"; Value = "4pF"; VariantName = "[No Variations]"
Add component (AddParameter): Name = "Current Rating"; Value = "150mA"; VariantName = "[No Variations]"
Add component (AddParameter): Name = "Element Configuration"; Value = "Single"; VariantName = "[No Variations]"
Add component (AddParameter): Name = "Forward Current"; Value = "150mA"; VariantName = "[No Variations]"
Add component (AddParameter): Name = "Forward Voltage"; Value = "1V"; VariantName = "[No Variations]"
Add component (AddParameter): Name = "Height"; Value = "1.2mm"; VariantName = "[No Variations]"
Add component (AddParameter): Name = "Lead Free"; Value = "Lead Free"; VariantName = "[No Variations]"
Add component (AddParameter): Name = "Length"; Value = "2.85mm"; VariantName = "[No Variations]"
Add component (AddParameter): Name = "Max Forward Surge Current (Ifsm)"; Value = "1A"; VariantName = "[No Variations]"
Add component (AddParameter): Name = "Max Operating Temperature"; Value = "150°C"; VariantName = "[No Variations]"
Add component (AddParameter): Name = "Max Repetitive Reverse Voltage (Vrrm)"; Value = "100V"; VariantName = "[No Variations]"
Add component (AddParameter): Name = "Max Reverse Leakage Current"; Value = "5uA"; VariantName = "[No Variations]"
Add component (AddParameter): Name = "Max Reverse Voltage (DC)"; Value = "100V"; VariantName = "[No Variations]"
Add component (AddParameter): Name = "Max Surge Current"; Value = "2A"; VariantName = "[No Variations]"
Add component (AddParameter): Name = "Min Operating Temperature"; Value = "-65°C"; VariantName = "[No Variations]"
Add component (AddParameter): Name = "Mount"; Value = "Surface Mount"; VariantName = "[No Variations]"
Add component (AddParameter): Name = "Number of Pins"; Value = "2"; VariantName = "[No Variations]"
Add component (AddParameter): Name = "Output Current"; Value = "150mA"; VariantName = "[No Variations]"
Add component (AddParameter): Name = "Package Quantity"; Value = "3000"; VariantName = "[No Variations]"
Add component (AddParameter): Name = "Packaging"; Value = "Tape and Reel"; VariantName = "[No Variations]"
Add component (AddParameter): Name = "Peak Non-Repetitive Surge Current"; Value = "2A"; VariantName = "[No Variations]"
Add component (AddParameter): Name = "Polarity"; Value = "Standard"; VariantName = "[No Variations]"
Add component (AddParameter): Name = "Power Dissipation"; Value = "400mW"; VariantName = "[No Variations]"
Add component (AddParameter): Name = "Radiation Hardening"; Value = "No"; VariantName = "[No Variations]"
Add component (AddParameter): Name = "Recovery Time"; Value = "4ns"; VariantName = "[No Variations]"
Add component (AddParameter): Name = "Reverse Recovery Time"; Value = "4ns"; VariantName = "[No Variations]"
Add component (AddParameter): Name = "Voltage Rating (DC)"; Value = "100V"; VariantName = "[No Variations]"
Add component (AddParameter): Name = "Width"; Value = "1.8mm"; VariantName = "[No Variations]"
Added Component: Designator=D6_PWR_PROT_2(FP-SOD-123-IPC_A)
Add component (AddParameter): Name = "Average Rectified Current"; Value = "150mA"; VariantName = "[No Variations]"
Add component (AddParameter): Name = "Capacitance"; Value = "4pF"; VariantName = "[No Variations]"
Add component (AddParameter): Name = "Current Rating"; Value = "150mA"; VariantName = "[No Variations]"
Add component (AddParameter): Name = "Element Configuration"; Value = "Single"; VariantName = "[No Variations]"
Add component (AddParameter): Name = "Forward Current"; Value = "150mA"; VariantName = "[No Variations]"
Add component (AddParameter): Name = "Forward Voltage"; Value = "1V"; VariantName = "[No Variations]"
Add component (AddParameter): Name = "Height"; Value = "1.2mm"; VariantName = "[No Variations]"
Add component (AddParameter): Name = "Lead Free"; Value = "Lead Free"; VariantName = "[No Variations]"
Add component (AddParameter): Name = "Length"; Value = "2.85mm"; VariantName = "[No Variations]"
Add component (AddParameter): Name = "Max Forward Surge Current (Ifsm)"; Value = "1A"; VariantName = "[No Variations]"
Add component (AddParameter): Name = "Max Operating Temperature"; Value = "150°C"; VariantName = "[No Variations]"
Add component (AddParameter): Name = "Max Repetitive Reverse Voltage (Vrrm)"; Value = "100V"; VariantName = "[No Variations]"
Add component (AddParameter): Name = "Max Reverse Leakage Current"; Value = "5uA"; VariantName = "[No Variations]"
Add component (AddParameter): Name = "Max Reverse Voltage (DC)"; Value = "100V"; VariantName = "[No Variations]"
Add component (AddParameter): Name = "Max Surge Current"; Value = "2A"; VariantName = "[No Variations]"
Add component (AddParameter): Name = "Min Operating Temperature"; Value = "-65°C"; VariantName = "[No Variations]"
Add component (AddParameter): Name = "Mount"; Value = "Surface Mount"; VariantName = "[No Variations]"
Add component (AddParameter): Name = "Number of Pins"; Value = "2"; VariantName = "[No Variations]"
Add component (AddParameter): Name = "Output Current"; Value = "150mA"; VariantName = "[No Variations]"
Add component (AddParameter): Name = "Package Quantity"; Value = "3000"; VariantName = "[No Variations]"
Add component (AddParameter): Name = "Packaging"; Value = "Tape and Reel"; VariantName = "[No Variations]"
Add component (AddParameter): Name = "Peak Non-Repetitive Surge Current"; Value = "2A"; VariantName = "[No Variations]"
Add component (AddParameter): Name = "Polarity"; Value = "Standard"; VariantName = "[No Variations]"
Add component (AddParameter): Name = "Power Dissipation"; Value = "400mW"; VariantName = "[No Variations]"
Add component (AddParameter): Name = "Radiation Hardening"; Value = "No"; VariantName = "[No Variations]"
Add component (AddParameter): Name = "Recovery Time"; Value = "4ns"; VariantName = "[No Variations]"
Add component (AddParameter): Name = "Reverse Recovery Time"; Value = "4ns"; VariantName = "[No Variations]"
Add component (AddParameter): Name = "Voltage Rating (DC)"; Value = "100V"; VariantName = "[No Variations]"
Add component (AddParameter): Name = "Width"; Value = "1.8mm"; VariantName = "[No Variations]"
Added Component: Designator=D11_PWR_PROT_0(FP-SOD-123-IPC_A)
Add component (AddParameter): Name = "Average Rectified Current"; Value = "150mA"; VariantName = "[No Variations]"
Add component (AddParameter): Name = "Capacitance"; Value = "4pF"; VariantName = "[No Variations]"
Add component (AddParameter): Name = "Current Rating"; Value = "150mA"; VariantName = "[No Variations]"
Add component (AddParameter): Name = "Element Configuration"; Value = "Single"; VariantName = "[No Variations]"
Add component (AddParameter): Name = "Forward Current"; Value = "150mA"; VariantName = "[No Variations]"
Add component (AddParameter): Name = "Forward Voltage"; Value = "1V"; VariantName = "[No Variations]"
Add component (AddParameter): Name = "Height"; Value = "1.2mm"; VariantName = "[No Variations]"
Add component (AddParameter): Name = "Lead Free"; Value = "Lead Free"; VariantName = "[No Variations]"
Add component (AddParameter): Name = "Length"; Value = "2.85mm"; VariantName = "[No Variations]"
Add component (AddParameter): Name = "Max Forward Surge Current (Ifsm)"; Value = "1A"; VariantName = "[No Variations]"
Add component (AddParameter): Name = "Max Operating Temperature"; Value = "150°C"; VariantName = "[No Variations]"
Add component (AddParameter): Name = "Max Repetitive Reverse Voltage (Vrrm)"; Value = "100V"; VariantName = "[No Variations]"
Add component (AddParameter): Name = "Max Reverse Leakage Current"; Value = "5uA"; VariantName = "[No Variations]"
Add component (AddParameter): Name = "Max Reverse Voltage (DC)"; Value = "100V"; VariantName = "[No Variations]"
Add component (AddParameter): Name = "Max Surge Current"; Value = "2A"; VariantName = "[No Variations]"
Add component (AddParameter): Name = "Min Operating Temperature"; Value = "-65°C"; VariantName = "[No Variations]"
Add component (AddParameter): Name = "Mount"; Value = "Surface Mount"; VariantName = "[No Variations]"
Add component (AddParameter): Name = "Number of Pins"; Value = "2"; VariantName = "[No Variations]"
Add component (AddParameter): Name = "Output Current"; Value = "150mA"; VariantName = "[No Variations]"
Add component (AddParameter): Name = "Package Quantity"; Value = "3000"; VariantName = "[No Variations]"
Add component (AddParameter): Name = "Packaging"; Value = "Tape and Reel"; VariantName = "[No Variations]"
Add component (AddParameter): Name = "Peak Non-Repetitive Surge Current"; Value = "2A"; VariantName = "[No Variations]"
Add component (AddParameter): Name = "Polarity"; Value = "Standard"; VariantName = "[No Variations]"
Add component (AddParameter): Name = "Power Dissipation"; Value = "400mW"; VariantName = "[No Variations]"
Add component (AddParameter): Name = "Radiation Hardening"; Value = "No"; VariantName = "[No Variations]"
Add component (AddParameter): Name = "Recovery Time"; Value = "4ns"; VariantName = "[No Variations]"
Add component (AddParameter): Name = "Reverse Recovery Time"; Value = "4ns"; VariantName = "[No Variations]"
Add component (AddParameter): Name = "Voltage Rating (DC)"; Value = "100V"; VariantName = "[No Variations]"
Add component (AddParameter): Name = "Width"; Value = "1.8mm"; VariantName = "[No Variations]"
Added Component: Designator=D11_PWR_PROT_2(FP-SOD-123-IPC_A)
Add component (AddParameter): Name = "Average Rectified Current"; Value = "150mA"; VariantName = "[No Variations]"
Add component (AddParameter): Name = "Capacitance"; Value = "4pF"; VariantName = "[No Variations]"
Add component (AddParameter): Name = "Current Rating"; Value = "150mA"; VariantName = "[No Variations]"
Add component (AddParameter): Name = "Element Configuration"; Value = "Single"; VariantName = "[No Variations]"
Add component (AddParameter): Name = "Forward Current"; Value = "150mA"; VariantName = "[No Variations]"
Add component (AddParameter): Name = "Forward Voltage"; Value = "1V"; VariantName = "[No Variations]"
Add component (AddParameter): Name = "Height"; Value = "1.2mm"; VariantName = "[No Variations]"
Add component (AddParameter): Name = "Lead Free"; Value = "Lead Free"; VariantName = "[No Variations]"
Add component (AddParameter): Name = "Length"; Value = "2.85mm"; VariantName = "[No Variations]"
Add component (AddParameter): Name = "Max Forward Surge Current (Ifsm)"; Value = "1A"; VariantName = "[No Variations]"
Add component (AddParameter): Name = "Max Operating Temperature"; Value = "150°C"; VariantName = "[No Variations]"
Add component (AddParameter): Name = "Max Repetitive Reverse Voltage (Vrrm)"; Value = "100V"; VariantName = "[No Variations]"
Add component (AddParameter): Name = "Max Reverse Leakage Current"; Value = "5uA"; VariantName = "[No Variations]"
Add component (AddParameter): Name = "Max Reverse Voltage (DC)"; Value = "100V"; VariantName = "[No Variations]"
Add component (AddParameter): Name = "Max Surge Current"; Value = "2A"; VariantName = "[No Variations]"
Add component (AddParameter): Name = "Min Operating Temperature"; Value = "-65°C"; VariantName = "[No Variations]"
Add component (AddParameter): Name = "Mount"; Value = "Surface Mount"; VariantName = "[No Variations]"
Add component (AddParameter): Name = "Number of Pins"; Value = "2"; VariantName = "[No Variations]"
Add component (AddParameter): Name = "Output Current"; Value = "150mA"; VariantName = "[No Variations]"
Add component (AddParameter): Name = "Package Quantity"; Value = "3000"; VariantName = "[No Variations]"
Add component (AddParameter): Name = "Packaging"; Value = "Tape and Reel"; VariantName = "[No Variations]"
Add component (AddParameter): Name = "Peak Non-Repetitive Surge Current"; Value = "2A"; VariantName = "[No Variations]"
Add component (AddParameter): Name = "Polarity"; Value = "Standard"; VariantName = "[No Variations]"
Add component (AddParameter): Name = "Power Dissipation"; Value = "400mW"; VariantName = "[No Variations]"
Add component (AddParameter): Name = "Radiation Hardening"; Value = "No"; VariantName = "[No Variations]"
Add component (AddParameter): Name = "Recovery Time"; Value = "4ns"; VariantName = "[No Variations]"
Add component (AddParameter): Name = "Reverse Recovery Time"; Value = "4ns"; VariantName = "[No Variations]"
Add component (AddParameter): Name = "Voltage Rating (DC)"; Value = "100V"; VariantName = "[No Variations]"
Add component (AddParameter): Name = "Width"; Value = "1.8mm"; VariantName = "[No Variations]"
Added Component: Designator=Q11_PWR_PROT_0(DIOD-SOT323-3_V)
Add component (AddParameter): Name = "Brand"; Value = "DiodesIncorporated"; VariantName = "[No Variations]"
Add component (AddParameter): Name = "Channel Mode"; Value = "Enhancement"; VariantName = "[No Variations]"
Add component (AddParameter): Name = "Configuration"; Value = "Single"; VariantName = "[No Variations]"
Add component (AddParameter): Name = "Datasheet URL"; Value = "http://www.diodes.com/_files/datasheets/ds30206.pdf"; VariantName = "[No Variations]"
Add component (AddParameter): Name = "Datasheet Version"; Value = "Rev. 11-2, 09/2013"; VariantName = "[No Variations]"
Add component (AddParameter): Name = "Factory Pack Quantity"; Value = "3000"; VariantName = "[No Variations]"
Add component (AddParameter): Name = "Forward Transconductance - Min"; Value = "0.1S"; VariantName = "[No Variations]"
Add component (AddParameter): Name = "Height"; Value = "1mm"; VariantName = "[No Variations]"
Add component (AddParameter): Name = "Id - Continuous Drain Current"; Value = "200mA"; VariantName = "[No Variations]"
Add component (AddParameter): Name = "Length"; Value = "2.2mm"; VariantName = "[No Variations]"
Add component (AddParameter): Name = "Manufacturer"; Value = "DiodesIncorporated"; VariantName = "[No Variations]"
Add component (AddParameter): Name = "Manufacturer URL"; Value = "http://www.diodes.com/"; VariantName = "[No Variations]"
Add component (AddParameter): Name = "Maximum Operating Temperature"; Value = "+150C"; VariantName = "[No Variations]"
Add component (AddParameter): Name = "Minimum Operating Temperature"; Value = "-55C"; VariantName = "[No Variations]"
Add component (AddParameter): Name = "Mounting Style"; Value = "SMD/SMT"; VariantName = "[No Variations]"
Add component (AddParameter): Name = "Mounting Technology"; Value = "SurfaceMount"; VariantName = "[No Variations]"
Add component (AddParameter): Name = "Number of Channels"; Value = "1Channel"; VariantName = "[No Variations]"
Add component (AddParameter): Name = "Package / Case"; Value = "SOT-323-3"; VariantName = "[No Variations]"
Add component (AddParameter): Name = "Package Description"; Value = "3-Pin Small Outline Transistor, Body 2 x 1.25 mm, Pitch 0.65 mm"; VariantName = "[No Variations]"
Add component (AddParameter): Name = "Package Reference"; Value = "SOT323"; VariantName = "[No Variations]"
Add component (AddParameter): Name = "Packaging"; Value = "Reel"; VariantName = "[No Variations]"
Add component (AddParameter): Name = "Pd - Power Dissipation"; Value = "200mW"; VariantName = "[No Variations]"
Add component (AddParameter): Name = "Product"; Value = "MOSFETSmallSignal"; VariantName = "[No Variations]"
Add component (AddParameter): Name = "Product Category"; Value = "MOSFET"; VariantName = "[No Variations]"
Add component (AddParameter): Name = "Rds On - Drain-Source Resistance"; Value = "1.4Ohms"; VariantName = "[No Variations]"
Add component (AddParameter): Name = "RoHS"; Value = "True"; VariantName = "[No Variations]"
Add component (AddParameter): Name = "Series"; Value = "BSS138"; VariantName = "[No Variations]"
Add component (AddParameter): Name = "Technology"; Value = "Si"; VariantName = "[No Variations]"
Add component (AddParameter): Name = "Transistor Polarity"; Value = "N-Channel"; VariantName = "[No Variations]"
Add component (AddParameter): Name = "Transistor Type"; Value = "1N-Channel"; VariantName = "[No Variations]"
Add component (AddParameter): Name = "Type"; Value = "EnhancementModeFieldEffectTransistor"; VariantName = "[No Variations]"
Add component (AddParameter): Name = "Typical Turn-Off Delay Time"; Value = "20ns"; VariantName = "[No Variations]"
Add component (AddParameter): Name = "Typical Turn-On Delay Time"; Value = "20ns"; VariantName = "[No Variations]"
Add component (AddParameter): Name = "Unit Weight"; Value = "0.000212oz"; VariantName = "[No Variations]"
Add component (AddParameter): Name = "Vds - Drain-Source Breakdown Voltage"; Value = "75V"; VariantName = "[No Variations]"
Add component (AddParameter): Name = "Vgs - Gate-Source Voltage"; Value = "20V"; VariantName = "[No Variations]"
Add component (AddParameter): Name = "Width"; Value = "1.35mm"; VariantName = "[No Variations]"
Added Component: Designator=Q11_PWR_PROT_2(DIOD-SOT323-3_V)
Add component (AddParameter): Name = "Brand"; Value = "DiodesIncorporated"; VariantName = "[No Variations]"
Add component (AddParameter): Name = "Channel Mode"; Value = "Enhancement"; VariantName = "[No Variations]"
Add component (AddParameter): Name = "Configuration"; Value = "Single"; VariantName = "[No Variations]"
Add component (AddParameter): Name = "Datasheet URL"; Value = "http://www.diodes.com/_files/datasheets/ds30206.pdf"; VariantName = "[No Variations]"
Add component (AddParameter): Name = "Datasheet Version"; Value = "Rev. 11-2, 09/2013"; VariantName = "[No Variations]"
Add component (AddParameter): Name = "Factory Pack Quantity"; Value = "3000"; VariantName = "[No Variations]"
Add component (AddParameter): Name = "Forward Transconductance - Min"; Value = "0.1S"; VariantName = "[No Variations]"
Add component (AddParameter): Name = "Height"; Value = "1mm"; VariantName = "[No Variations]"
Add component (AddParameter): Name = "Id - Continuous Drain Current"; Value = "200mA"; VariantName = "[No Variations]"
Add component (AddParameter): Name = "Length"; Value = "2.2mm"; VariantName = "[No Variations]"
Add component (AddParameter): Name = "Manufacturer"; Value = "DiodesIncorporated"; VariantName = "[No Variations]"
Add component (AddParameter): Name = "Manufacturer URL"; Value = "http://www.diodes.com/"; VariantName = "[No Variations]"
Add component (AddParameter): Name = "Maximum Operating Temperature"; Value = "+150C"; VariantName = "[No Variations]"
Add component (AddParameter): Name = "Minimum Operating Temperature"; Value = "-55C"; VariantName = "[No Variations]"
Add component (AddParameter): Name = "Mounting Style"; Value = "SMD/SMT"; VariantName = "[No Variations]"
Add component (AddParameter): Name = "Mounting Technology"; Value = "SurfaceMount"; VariantName = "[No Variations]"
Add component (AddParameter): Name = "Number of Channels"; Value = "1Channel"; VariantName = "[No Variations]"
Add component (AddParameter): Name = "Package / Case"; Value = "SOT-323-3"; VariantName = "[No Variations]"
Add component (AddParameter): Name = "Package Description"; Value = "3-Pin Small Outline Transistor, Body 2 x 1.25 mm, Pitch 0.65 mm"; VariantName = "[No Variations]"
Add component (AddParameter): Name = "Package Reference"; Value = "SOT323"; VariantName = "[No Variations]"
Add component (AddParameter): Name = "Packaging"; Value = "Reel"; VariantName = "[No Variations]"
Add component (AddParameter): Name = "Pd - Power Dissipation"; Value = "200mW"; VariantName = "[No Variations]"
Add component (AddParameter): Name = "Product"; Value = "MOSFETSmallSignal"; VariantName = "[No Variations]"
Add component (AddParameter): Name = "Product Category"; Value = "MOSFET"; VariantName = "[No Variations]"
Add component (AddParameter): Name = "Rds On - Drain-Source Resistance"; Value = "1.4Ohms"; VariantName = "[No Variations]"
Add component (AddParameter): Name = "RoHS"; Value = "True"; VariantName = "[No Variations]"
Add component (AddParameter): Name = "Series"; Value = "BSS138"; VariantName = "[No Variations]"
Add component (AddParameter): Name = "Technology"; Value = "Si"; VariantName = "[No Variations]"
Add component (AddParameter): Name = "Transistor Polarity"; Value = "N-Channel"; VariantName = "[No Variations]"
Add component (AddParameter): Name = "Transistor Type"; Value = "1N-Channel"; VariantName = "[No Variations]"
Add component (AddParameter): Name = "Type"; Value = "EnhancementModeFieldEffectTransistor"; VariantName = "[No Variations]"
Add component (AddParameter): Name = "Typical Turn-Off Delay Time"; Value = "20ns"; VariantName = "[No Variations]"
Add component (AddParameter): Name = "Typical Turn-On Delay Time"; Value = "20ns"; VariantName = "[No Variations]"
Add component (AddParameter): Name = "Unit Weight"; Value = "0.000212oz"; VariantName = "[No Variations]"
Add component (AddParameter): Name = "Vds - Drain-Source Breakdown Voltage"; Value = "75V"; VariantName = "[No Variations]"
Add component (AddParameter): Name = "Vgs - Gate-Source Voltage"; Value = "20V"; VariantName = "[No Variations]"
Add component (AddParameter): Name = "Width"; Value = "1.35mm"; VariantName = "[No Variations]"
Added Component: Designator=Q26(FP-DQJ0008A-MFG)
Add component (AddParameter): Name = "Contact Plating"; Value = "Tin"; VariantName = "[No Variations]"
Add component (AddParameter): Name = "Continuous Drain Current (ID)"; Value = "25A"; VariantName = "[No Variations]"
Add component (AddParameter): Name = "Drain to Source Voltage (Vdss)"; Value = "30V"; VariantName = "[No Variations]"
Add component (AddParameter): Name = "Element Configuration"; Value = "Single"; VariantName = "[No Variations]"
Add component (AddParameter): Name = "Fall Time"; Value = "1ns"; VariantName = "[No Variations]"
Add component (AddParameter): Name = "Gate to Source Voltage (Vgs)"; Value = "20V"; VariantName = "[No Variations]"
Add component (AddParameter): Name = "Input Capacitance"; Value = "1.03nF"; VariantName = "[No Variations]"
Add component (AddParameter): Name = "Lead Free"; Value = "Contains Lead"; VariantName = "[No Variations]"
Add component (AddParameter): Name = "Max Operating Temperature"; Value = "150°C"; VariantName = "[No Variations]"
Add component (AddParameter): Name = "Max Power Dissipation"; Value = "3.1W"; VariantName = "[No Variations]"
Add component (AddParameter): Name = "Min Operating Temperature"; Value = "-55°C"; VariantName = "[No Variations]"
Add component (AddParameter): Name = "Mount"; Value = "Surface Mount"; VariantName = "[No Variations]"
Add component (AddParameter): Name = "Number of Pins"; Value = "8"; VariantName = "[No Variations]"
Add component (AddParameter): Name = "Packaging"; Value = "Tape and Reel"; VariantName = "[No Variations]"
Add component (AddParameter): Name = "Rds On Max"; Value = "9.7mR"; VariantName = "[No Variations]"
Add component (AddParameter): Name = "Rise Time"; Value = "7ns"; VariantName = "[No Variations]"
Add component (AddParameter): Name = "RoHS Compliant"; Value = "Yes"; VariantName = "[No Variations]"
Add component (AddParameter): Name = "Turn-Off Delay Time"; Value = "13ns"; VariantName = "[No Variations]"
Add component (AddParameter): Name = "Turn-On Delay Time"; Value = "3ns"; VariantName = "[No Variations]"
Added Component: Designator=Q27(FP-DQJ0008A-MFG)
Add component (AddParameter): Name = "Contact Plating"; Value = "Tin"; VariantName = "[No Variations]"
Add component (AddParameter): Name = "Continuous Drain Current (ID)"; Value = "25A"; VariantName = "[No Variations]"
Add component (AddParameter): Name = "Drain to Source Voltage (Vdss)"; Value = "30V"; VariantName = "[No Variations]"
Add component (AddParameter): Name = "Element Configuration"; Value = "Single"; VariantName = "[No Variations]"
Add component (AddParameter): Name = "Fall Time"; Value = "1ns"; VariantName = "[No Variations]"
Add component (AddParameter): Name = "Gate to Source Voltage (Vgs)"; Value = "20V"; VariantName = "[No Variations]"
Add component (AddParameter): Name = "Input Capacitance"; Value = "1.03nF"; VariantName = "[No Variations]"
Add component (AddParameter): Name = "Lead Free"; Value = "Contains Lead"; VariantName = "[No Variations]"
Add component (AddParameter): Name = "Max Operating Temperature"; Value = "150°C"; VariantName = "[No Variations]"
Add component (AddParameter): Name = "Max Power Dissipation"; Value = "3.1W"; VariantName = "[No Variations]"
Add component (AddParameter): Name = "Min Operating Temperature"; Value = "-55°C"; VariantName = "[No Variations]"
Add component (AddParameter): Name = "Mount"; Value = "Surface Mount"; VariantName = "[No Variations]"
Add component (AddParameter): Name = "Number of Pins"; Value = "8"; VariantName = "[No Variations]"
Add component (AddParameter): Name = "Packaging"; Value = "Tape and Reel"; VariantName = "[No Variations]"
Add component (AddParameter): Name = "Rds On Max"; Value = "9.7mR"; VariantName = "[No Variations]"
Add component (AddParameter): Name = "Rise Time"; Value = "7ns"; VariantName = "[No Variations]"
Add component (AddParameter): Name = "RoHS Compliant"; Value = "Yes"; VariantName = "[No Variations]"
Add component (AddParameter): Name = "Turn-Off Delay Time"; Value = "13ns"; VariantName = "[No Variations]"
Add component (AddParameter): Name = "Turn-On Delay Time"; Value = "3ns"; VariantName = "[No Variations]"
Added Component: Designator=Q28(DIOD-SOT323-3_V)
Add component (AddParameter): Name = "Brand"; Value = "DiodesIncorporated"; VariantName = "[No Variations]"
Add component (AddParameter): Name = "Channel Mode"; Value = "Enhancement"; VariantName = "[No Variations]"
Add component (AddParameter): Name = "Configuration"; Value = "Single"; VariantName = "[No Variations]"
Add component (AddParameter): Name = "Datasheet URL"; Value = "http://www.diodes.com/_files/datasheets/ds30206.pdf"; VariantName = "[No Variations]"
Add component (AddParameter): Name = "Datasheet Version"; Value = "Rev. 11-2, 09/2013"; VariantName = "[No Variations]"
Add component (AddParameter): Name = "Factory Pack Quantity"; Value = "3000"; VariantName = "[No Variations]"
Add component (AddParameter): Name = "Forward Transconductance - Min"; Value = "0.1S"; VariantName = "[No Variations]"
Add component (AddParameter): Name = "Height"; Value = "1mm"; VariantName = "[No Variations]"
Add component (AddParameter): Name = "Id - Continuous Drain Current"; Value = "200mA"; VariantName = "[No Variations]"
Add component (AddParameter): Name = "Length"; Value = "2.2mm"; VariantName = "[No Variations]"
Add component (AddParameter): Name = "Manufacturer"; Value = "DiodesIncorporated"; VariantName = "[No Variations]"
Add component (AddParameter): Name = "Manufacturer URL"; Value = "http://www.diodes.com/"; VariantName = "[No Variations]"
Add component (AddParameter): Name = "Maximum Operating Temperature"; Value = "+150C"; VariantName = "[No Variations]"
Add component (AddParameter): Name = "Minimum Operating Temperature"; Value = "-55C"; VariantName = "[No Variations]"
Add component (AddParameter): Name = "Mounting Style"; Value = "SMD/SMT"; VariantName = "[No Variations]"
Add component (AddParameter): Name = "Mounting Technology"; Value = "SurfaceMount"; VariantName = "[No Variations]"
Add component (AddParameter): Name = "Number of Channels"; Value = "1Channel"; VariantName = "[No Variations]"
Add component (AddParameter): Name = "Package / Case"; Value = "SOT-323-3"; VariantName = "[No Variations]"
Add component (AddParameter): Name = "Package Description"; Value = "3-Pin Small Outline Transistor, Body 2 x 1.25 mm, Pitch 0.65 mm"; VariantName = "[No Variations]"
Add component (AddParameter): Name = "Package Reference"; Value = "SOT323"; VariantName = "[No Variations]"
Add component (AddParameter): Name = "Packaging"; Value = "Reel"; VariantName = "[No Variations]"
Add component (AddParameter): Name = "Pd - Power Dissipation"; Value = "200mW"; VariantName = "[No Variations]"
Add component (AddParameter): Name = "Product"; Value = "MOSFETSmallSignal"; VariantName = "[No Variations]"
Add component (AddParameter): Name = "Product Category"; Value = "MOSFET"; VariantName = "[No Variations]"
Add component (AddParameter): Name = "Rds On - Drain-Source Resistance"; Value = "1.4Ohms"; VariantName = "[No Variations]"
Add component (AddParameter): Name = "RoHS"; Value = "True"; VariantName = "[No Variations]"
Add component (AddParameter): Name = "Series"; Value = "BSS138"; VariantName = "[No Variations]"
Add component (AddParameter): Name = "Technology"; Value = "Si"; VariantName = "[No Variations]"
Add component (AddParameter): Name = "Transistor Polarity"; Value = "N-Channel"; VariantName = "[No Variations]"
Add component (AddParameter): Name = "Transistor Type"; Value = "1N-Channel"; VariantName = "[No Variations]"
Add component (AddParameter): Name = "Type"; Value = "EnhancementModeFieldEffectTransistor"; VariantName = "[No Variations]"
Add component (AddParameter): Name = "Typical Turn-Off Delay Time"; Value = "20ns"; VariantName = "[No Variations]"
Add component (AddParameter): Name = "Typical Turn-On Delay Time"; Value = "20ns"; VariantName = "[No Variations]"
Add component (AddParameter): Name = "Unit Weight"; Value = "0.000212oz"; VariantName = "[No Variations]"
Add component (AddParameter): Name = "Vds - Drain-Source Breakdown Voltage"; Value = "75V"; VariantName = "[No Variations]"
Add component (AddParameter): Name = "Vgs - Gate-Source Voltage"; Value = "20V"; VariantName = "[No Variations]"
Add component (AddParameter): Name = "Width"; Value = "1.35mm"; VariantName = "[No Variations]"
Added Component: Designator=R52_PWR_PROT_0(RESC1608X55X30LL15T15)
Add component (AddParameter): Name = "Manufacturer"; Value = "Panasonic"; VariantName = "[No Variations]"
Add component (AddParameter): Name = "Part Number"; Value = "ERJ-3EKF1001V"; VariantName = "[No Variations]"
Added Component: Designator=R52_PWR_PROT_2(RESC1608X55X30LL15T15)
Add component (AddParameter): Name = "Manufacturer"; Value = "Panasonic"; VariantName = "[No Variations]"
Add component (AddParameter): Name = "Part Number"; Value = "ERJ-3EKF1001V"; VariantName = "[No Variations]"
Added Component: Designator=R71_PWR_PROT_0(RESC1609X55X30LL15T15)
Add component (AddParameter): Name = "Case Code (Imperial)"; Value = "0603"; VariantName = "[No Variations]"
Add component (AddParameter): Name = "Case Code (Metric)"; Value = "1608"; VariantName = "[No Variations]"
Add component (AddParameter): Name = "Case\/Package"; Value = "0603"; VariantName = "[No Variations]"
Add component (AddParameter): Name = "Composition"; Value = "ThickFilm"; VariantName = "[No Variations]"
Add component (AddParameter): Name = "Contact Plating"; Value = "Tin"; VariantName = "[No Variations]"
Add component (AddParameter): Name = "Datasheet URL"; Value = "https://industrial.panasonic.com/cdbs/www-data/pdf/RDA0000/AOA0000C304.pdf"; VariantName = "[No Variations]"
Add component (AddParameter): Name = "Datasheet Version"; Value = "02/2017"; VariantName = "[No Variations]"
Add component (AddParameter): Name = "Depth"; Value = "0.8mm"; VariantName = "[No Variations]"
Add component (AddParameter): Name = "Height"; Value = "0.45mm"; VariantName = "[No Variations]"
Add component (AddParameter): Name = "Lead Free"; Value = "LeadFree"; VariantName = "[No Variations]"
Add component (AddParameter): Name = "Length"; Value = "1.6mm"; VariantName = "[No Variations]"
Add component (AddParameter): Name = "Manufacturer"; Value = "Panasonic"; VariantName = "[No Variations]"
Add component (AddParameter): Name = "Manufacturer URL"; Value = "http://www.panasonic.com/"; VariantName = "[No Variations]"
Add component (AddParameter): Name = "Max Operating Temperature"; Value = "155degC"; VariantName = "[No Variations]"
Add component (AddParameter): Name = "Max Power Dissipation"; Value = "100mW"; VariantName = "[No Variations]"
Add component (AddParameter): Name = "Military Standard"; Value = "Not"; VariantName = "[No Variations]"
Add component (AddParameter): Name = "Min Operating Temperature"; Value = "-55degC"; VariantName = "[No Variations]"
Add component (AddParameter): Name = "Mount"; Value = "SurfaceMount"; VariantName = "[No Variations]"
Add component (AddParameter): Name = "Mounting Technology"; Value = "SurfaceMount"; VariantName = "[No Variations]"
Add component (AddParameter): Name = "Number of Pins"; Value = "2"; VariantName = "[No Variations]"
Add component (AddParameter): Name = "Number of Terminations"; Value = "2"; VariantName = "[No Variations]"
Add component (AddParameter): Name = "Package Description"; Value = "2-Pin Surface Mount Device, Body 1.6 x 0.85 mm"; VariantName = "[No Variations]"
Add component (AddParameter): Name = "Package Quantity"; Value = "1"; VariantName = "[No Variations]"
Add component (AddParameter): Name = "Package Reference"; Value = "603"; VariantName = "[No Variations]"
Add component (AddParameter): Name = "Packaging"; Value = "TapeandReel"; VariantName = "[No Variations]"
Add component (AddParameter): Name = "Power Rating"; Value = "100mW"; VariantName = "[No Variations]"
Add component (AddParameter): Name = "Radiation Hardening"; Value = "No"; VariantName = "[No Variations]"
Add component (AddParameter): Name = "REACH SVHC"; Value = "NoSVHC"; VariantName = "[No Variations]"
Add component (AddParameter): Name = "Resistance"; Value = "10KOhm"; VariantName = "[No Variations]"
Add component (AddParameter): Name = "RoHSCompliant"; Value = "true"; VariantName = "[No Variations]"
Add component (AddParameter): Name = "Temperature Coefficient"; Value = "100ppm\/degreesC"; VariantName = "[No Variations]"
Add component (AddParameter): Name = "Termination"; Value = "SMD/SMT"; VariantName = "[No Variations]"
Add component (AddParameter): Name = "Tolerance"; Value = "1%"; VariantName = "[No Variations]"
Add component (AddParameter): Name = "Voltage Rating"; Value = "75V"; VariantName = "[No Variations]"
Add component (AddParameter): Name = "Voltage Rating (DC)"; Value = "75V"; VariantName = "[No Variations]"
Add component (AddParameter): Name = "Width"; Value = "0.031inch"; VariantName = "[No Variations]"
Added Component: Designator=R71_PWR_PROT_2(RESC1609X55X30LL15T15)
Add component (AddParameter): Name = "Case Code (Imperial)"; Value = "0603"; VariantName = "[No Variations]"
Add component (AddParameter): Name = "Case Code (Metric)"; Value = "1608"; VariantName = "[No Variations]"
Add component (AddParameter): Name = "Case\/Package"; Value = "0603"; VariantName = "[No Variations]"
Add component (AddParameter): Name = "Composition"; Value = "ThickFilm"; VariantName = "[No Variations]"
Add component (AddParameter): Name = "Contact Plating"; Value = "Tin"; VariantName = "[No Variations]"
Add component (AddParameter): Name = "Datasheet URL"; Value = "https://industrial.panasonic.com/cdbs/www-data/pdf/RDA0000/AOA0000C304.pdf"; VariantName = "[No Variations]"
Add component (AddParameter): Name = "Datasheet Version"; Value = "02/2017"; VariantName = "[No Variations]"
Add component (AddParameter): Name = "Depth"; Value = "0.8mm"; VariantName = "[No Variations]"
Add component (AddParameter): Name = "Height"; Value = "0.45mm"; VariantName = "[No Variations]"
Add component (AddParameter): Name = "Lead Free"; Value = "LeadFree"; VariantName = "[No Variations]"
Add component (AddParameter): Name = "Length"; Value = "1.6mm"; VariantName = "[No Variations]"
Add component (AddParameter): Name = "Manufacturer"; Value = "Panasonic"; VariantName = "[No Variations]"
Add component (AddParameter): Name = "Manufacturer URL"; Value = "http://www.panasonic.com/"; VariantName = "[No Variations]"
Add component (AddParameter): Name = "Max Operating Temperature"; Value = "155degC"; VariantName = "[No Variations]"
Add component (AddParameter): Name = "Max Power Dissipation"; Value = "100mW"; VariantName = "[No Variations]"
Add component (AddParameter): Name = "Military Standard"; Value = "Not"; VariantName = "[No Variations]"
Add component (AddParameter): Name = "Min Operating Temperature"; Value = "-55degC"; VariantName = "[No Variations]"
Add component (AddParameter): Name = "Mount"; Value = "SurfaceMount"; VariantName = "[No Variations]"
Add component (AddParameter): Name = "Mounting Technology"; Value = "SurfaceMount"; VariantName = "[No Variations]"
Add component (AddParameter): Name = "Number of Pins"; Value = "2"; VariantName = "[No Variations]"
Add component (AddParameter): Name = "Number of Terminations"; Value = "2"; VariantName = "[No Variations]"
Add component (AddParameter): Name = "Package Description"; Value = "2-Pin Surface Mount Device, Body 1.6 x 0.85 mm"; VariantName = "[No Variations]"
Add component (AddParameter): Name = "Package Quantity"; Value = "1"; VariantName = "[No Variations]"
Add component (AddParameter): Name = "Package Reference"; Value = "603"; VariantName = "[No Variations]"
Add component (AddParameter): Name = "Packaging"; Value = "TapeandReel"; VariantName = "[No Variations]"
Add component (AddParameter): Name = "Power Rating"; Value = "100mW"; VariantName = "[No Variations]"
Add component (AddParameter): Name = "Radiation Hardening"; Value = "No"; VariantName = "[No Variations]"
Add component (AddParameter): Name = "REACH SVHC"; Value = "NoSVHC"; VariantName = "[No Variations]"
Add component (AddParameter): Name = "Resistance"; Value = "10KOhm"; VariantName = "[No Variations]"
Add component (AddParameter): Name = "RoHSCompliant"; Value = "true"; VariantName = "[No Variations]"
Add component (AddParameter): Name = "Temperature Coefficient"; Value = "100ppm\/degreesC"; VariantName = "[No Variations]"
Add component (AddParameter): Name = "Termination"; Value = "SMD/SMT"; VariantName = "[No Variations]"
Add component (AddParameter): Name = "Tolerance"; Value = "1%"; VariantName = "[No Variations]"
Add component (AddParameter): Name = "Voltage Rating"; Value = "75V"; VariantName = "[No Variations]"
Add component (AddParameter): Name = "Voltage Rating (DC)"; Value = "75V"; VariantName = "[No Variations]"
Add component (AddParameter): Name = "Width"; Value = "0.031inch"; VariantName = "[No Variations]"
Added Component: Designator=SW3_CAN_IF_0(FP-KXT331LHS-MFG)
Add component (AddParameter): Name = "Actuator Type"; Value = "Standard"; VariantName = "[No Variations]"
Add component (AddParameter): Name = "Connector Type"; Value = "USB"; VariantName = "[No Variations]"
Add component (AddParameter): Name = "Contact Plating"; Value = "Gold"; VariantName = "[No Variations]"
Add component (AddParameter): Name = "Current Rating"; Value = "5A"; VariantName = "[No Variations]"
Add component (AddParameter): Name = "Flammability Rating"; Value = "UL94 V-0"; VariantName = "[No Variations]"
Add component (AddParameter): Name = "Gender"; Value = "Receptacle"; VariantName = "[No Variations]"
Add component (AddParameter): Name = "Illumination Type"; Value = "Non-Illuminated"; VariantName = "[No Variations]"
Add component (AddParameter): Name = "Insulation Color"; Value = "Black"; VariantName = "[No Variations]"
Add component (AddParameter): Name = "Max Operating Temperature"; Value = "85°C"; VariantName = "[No Variations]"
Add component (AddParameter): Name = "Mechanical Life"; Value = "500000Cycles"; VariantName = "[No Variations]"
Add component (AddParameter): Name = "Min Operating Temperature"; Value = "-40°C"; VariantName = "[No Variations]"
Add component (AddParameter): Name = "Mount"; Value = "Surface Mount"; VariantName = "[No Variations]"
Add component (AddParameter): Name = "Number of Contacts"; Value = "24"; VariantName = "[No Variations]"
Add component (AddParameter): Name = "Number of Ports"; Value = "1"; VariantName = "[No Variations]"
Add component (AddParameter): Name = "Operating Force"; Value = "240gf"; VariantName = "[No Variations]"
Add component (AddParameter): Name = "Packaging"; Value = "Tape and Reel"; VariantName = "[No Variations]"
Add component (AddParameter): Name = "Switch Function"; Value = "Off-Mom"; VariantName = "[No Variations]"
Add component (AddParameter): Name = "Switch Travel"; Value = "0.13mm"; VariantName = "[No Variations]"
Add component (AddParameter): Name = "Termination"; Value = "Solder"; VariantName = "[No Variations]"
Add component (AddParameter): Name = "Throw Configuration"; Value = "SPST"; VariantName = "[No Variations]"
Added Component: Designator=SW3_CAN_IF_1(FP-KXT331LHS-MFG)
Add component (AddParameter): Name = "Actuator Type"; Value = "Standard"; VariantName = "[No Variations]"
Add component (AddParameter): Name = "Connector Type"; Value = "USB"; VariantName = "[No Variations]"
Add component (AddParameter): Name = "Contact Plating"; Value = "Gold"; VariantName = "[No Variations]"
Add component (AddParameter): Name = "Current Rating"; Value = "5A"; VariantName = "[No Variations]"
Add component (AddParameter): Name = "Flammability Rating"; Value = "UL94 V-0"; VariantName = "[No Variations]"
Add component (AddParameter): Name = "Gender"; Value = "Receptacle"; VariantName = "[No Variations]"
Add component (AddParameter): Name = "Illumination Type"; Value = "Non-Illuminated"; VariantName = "[No Variations]"
Add component (AddParameter): Name = "Insulation Color"; Value = "Black"; VariantName = "[No Variations]"
Add component (AddParameter): Name = "Max Operating Temperature"; Value = "85°C"; VariantName = "[No Variations]"
Add component (AddParameter): Name = "Mechanical Life"; Value = "500000Cycles"; VariantName = "[No Variations]"
Add component (AddParameter): Name = "Min Operating Temperature"; Value = "-40°C"; VariantName = "[No Variations]"
Add component (AddParameter): Name = "Mount"; Value = "Surface Mount"; VariantName = "[No Variations]"
Add component (AddParameter): Name = "Number of Contacts"; Value = "24"; VariantName = "[No Variations]"
Add component (AddParameter): Name = "Number of Ports"; Value = "1"; VariantName = "[No Variations]"
Add component (AddParameter): Name = "Operating Force"; Value = "240gf"; VariantName = "[No Variations]"
Add component (AddParameter): Name = "Packaging"; Value = "Tape and Reel"; VariantName = "[No Variations]"
Add component (AddParameter): Name = "Switch Function"; Value = "Off-Mom"; VariantName = "[No Variations]"
Add component (AddParameter): Name = "Switch Travel"; Value = "0.13mm"; VariantName = "[No Variations]"
Add component (AddParameter): Name = "Termination"; Value = "Solder"; VariantName = "[No Variations]"
Add component (AddParameter): Name = "Throw Configuration"; Value = "SPST"; VariantName = "[No Variations]"
Added Pin To Net: NetName=PWR_IN Pin=C44-1
Added Pin To Net: NetName=PWR_IN Pin=C45-1
Added Pin To Net: NetName=V_BATT Pin=F1_PWR_PROT_2-1
Added Pin To Net: NetName=V_BATT Pin=F3-2
Added Pin To Net: NetName=CAR_PWR Pin=J1-1
Added Pin To Net: NetName=CAR_PWR Pin=J1-2
Added Pin To Net: NetName=CAR_PWR Pin=J1-5
Added Pin To Net: NetName=CAR_PWR Pin=J1-6
Added Pin To Net: NetName=3V3 Pin=Q1-1
Added Pin To Net: NetName=NetD1_3 Pin=Q1-3
Added Pin To Net: NetName=3V3 Pin=Q1-4
Added Pin To Net: NetName=NetD1_2 Pin=Q1-6
Added Pin To Net: NetName=PWR_IN Pin=Q5_PWR_PROT_2-5-6-7-8
Added Pin To Net: NetName=GND Pin=Q11_PWR_PROT_0-2
Added Pin To Net: NetName=NetQ7_PWR_PROT_0_1 Pin=Q11_PWR_PROT_0-3
Added Pin To Net: NetName=GND Pin=Q11_PWR_PROT_2-2
Added Pin To Net: NetName=NetQ7_PWR_PROT_2_1 Pin=Q11_PWR_PROT_2-3
Added Pin To Net: NetName=PWR_IN Pin=Q26-5-6-7-8
Added Pin To Net: NetName=GND Pin=Q28-2
Added Pin To Net: NetName=NetQ14_1 Pin=Q28-3
Added Pin To Net: NetName=NetF1_PWR_PROT_0_2 Pin=R28_PWR_PROT_0-2
Added Pin To Net: NetName=NetF1_PWR_PROT_2_2 Pin=R28_PWR_PROT_2-2
Added Pin To Net: NetName=NetF1_PWR_PROT_0_2 Pin=R32_PWR_PROT_0-1
Added Pin To Net: NetName=NetF1_PWR_PROT_2_2 Pin=R32_PWR_PROT_2-1
Added Pin To Net: NetName=PRE_SHUNT_PWR_PROT_0 Pin=R35_PWR_PROT_0-2
Added Pin To Net: NetName=PRE_SHUNT_PWR_PROT_2 Pin=R35_PWR_PROT_2-2
Added Pin To Net: NetName=CAR_OC_TRIP Pin=R52_PWR_PROT_0-2
Added Pin To Net: NetName=BATT_OC_TRIP Pin=R52_PWR_PROT_2-2
Added Pin To Net: NetName=GND Pin=R71_PWR_PROT_0-1
Added Pin To Net: NetName=GND Pin=R71_PWR_PROT_2-1
Added Pin To Net: NetName=GND Pin=R76-1
Added Pin To Net: NetName=PWR_IN Pin=R77-2
Added Pin To Net: NetName=EN_MOSFET Pin=R78-1
Added Pin To Net: NetName=GND Pin=R79-1
Added Pin To Net: NetName=GND Pin=SW3_CAN_IF_0-1
Added Pin To Net: NetName=NetC59_CAN_IF_0_1 Pin=SW3_CAN_IF_0-2
Added Pin To Net: NetName=GND Pin=SW3_CAN_IF_1-1
Added Pin To Net: NetName=NetC59_CAN_IF_1_1 Pin=SW3_CAN_IF_1-2
Added Pin To Net: NetName=PRE_SHUNT_PWR_PROT_0 Pin=U3_PWR_PROT_0-6
Added Pin To Net: NetName=PRE_SHUNT_PWR_PROT_2 Pin=U3_PWR_PROT_2-6
Change Net Name : Old Net Name=NetQ7_PWR_PROT_0_1 New Net Name=FAULT_PMOS_PWR_PROT_0
Change Net Name : Old Net Name=NetQ7_PWR_PROT_2_1 New Net Name=FAULT_PMOS_PWR_PROT_2
Change Net Name : Old Net Name=PWR_IN_PWR_PROT_2 New Net Name=V_BATT_CAN_IF_0
Change Net Name : Old Net Name=V_BATT New Net Name=BATT_PWR
Added Pin To Net: NetName=CAR_GATE Pin=Q26-4
Added Pin To Net: NetName=CAR_GATE Pin=Q27-4
Added Pin To Net: NetName=CAR_GATE Pin=R75-2
Added Net: Name=CAR_GATE
Added Pin To Net: NetName=CAR_PWR_IN Pin=C46-2
Added Pin To Net: NetName=CAR_PWR_IN Pin=C47-2
Added Pin To Net: NetName=CAR_PWR_IN Pin=F2-1
Added Pin To Net: NetName=CAR_PWR_IN Pin=Q5_PWR_PROT_0-5-6-7-8
Added Pin To Net: NetName=CAR_PWR_IN Pin=Q27-5-6-7-8
Added Pin To Net: NetName=CAR_PWR_IN Pin=R72-2
Added Net: Name=CAR_PWR_IN
Added Pin To Net: NetName=NetC46_1 Pin=C46-1
Added Pin To Net: NetName=NetC46_1 Pin=C47-1
Added Pin To Net: NetName=NetC46_1 Pin=U7-1
Added Net: Name=NetC46_1
Added Pin To Net: NetName=NetD6_PWR_PROT_0_2 Pin=D6_PWR_PROT_0-2
Added Pin To Net: NetName=NetD6_PWR_PROT_0_2 Pin=Q9_PWR_PROT_0-6
Added Net: Name=NetD6_PWR_PROT_0_2
Added Pin To Net: NetName=NetD6_PWR_PROT_2_2 Pin=D6_PWR_PROT_2-2
Added Pin To Net: NetName=NetD6_PWR_PROT_2_2 Pin=Q9_PWR_PROT_2-6
Added Net: Name=NetD6_PWR_PROT_2_2
Added Pin To Net: NetName=NetD11_PWR_PROT_0_2 Pin=D11_PWR_PROT_0-2
Added Pin To Net: NetName=NetD11_PWR_PROT_0_2 Pin=Q9_PWR_PROT_0-3
Added Net: Name=NetD11_PWR_PROT_0_2
Added Pin To Net: NetName=NetD11_PWR_PROT_2_2 Pin=D11_PWR_PROT_2-2
Added Pin To Net: NetName=NetD11_PWR_PROT_2_2 Pin=Q9_PWR_PROT_2-3
Added Net: Name=NetD11_PWR_PROT_2_2
Added Pin To Net: NetName=NetQ11_PWR_PROT_0_1 Pin=Q11_PWR_PROT_0-1
Added Pin To Net: NetName=NetQ11_PWR_PROT_0_1 Pin=R52_PWR_PROT_0-1
Added Pin To Net: NetName=NetQ11_PWR_PROT_0_1 Pin=R71_PWR_PROT_0-2
Added Net: Name=NetQ11_PWR_PROT_0_1
Added Pin To Net: NetName=NetQ11_PWR_PROT_2_1 Pin=Q11_PWR_PROT_2-1
Added Pin To Net: NetName=NetQ11_PWR_PROT_2_1 Pin=R52_PWR_PROT_2-1
Added Pin To Net: NetName=NetQ11_PWR_PROT_2_1 Pin=R71_PWR_PROT_2-2
Added Net: Name=NetQ11_PWR_PROT_2_1
Added Pin To Net: NetName=NetQ13_3 Pin=Q13-3
Added Pin To Net: NetName=NetQ13_3 Pin=R55-1
Added Pin To Net: NetName=NetQ13_3 Pin=R78-2
Added Net: Name=NetQ13_3
Added Pin To Net: NetName=NetQ26_1 Pin=Q26-1
Added Pin To Net: NetName=NetQ26_1 Pin=Q27-3
Added Net: Name=NetQ26_1
Added Pin To Net: NetName=NetQ26_2 Pin=Q26-2
Added Pin To Net: NetName=NetQ26_2 Pin=Q27-2
Added Net: Name=NetQ26_2
Added Pin To Net: NetName=NetQ26_3 Pin=Q26-3
Added Pin To Net: NetName=NetQ26_3 Pin=Q27-1
Added Net: Name=NetQ26_3
Added Pin To Net: NetName=NetQ28_1 Pin=Q28-1
Added Pin To Net: NetName=NetQ28_1 Pin=R79-2
Added Net: Name=NetQ28_1
Added Pin To Net: NetName=NetR72_1 Pin=R72-1
Added Pin To Net: NetName=NetR72_1 Pin=U7-6
Added Net: Name=NetR72_1
Added Pin To Net: NetName=NetR73_1 Pin=R73-1
Added Pin To Net: NetName=NetR73_1 Pin=R74-1
Added Pin To Net: NetName=NetR73_1 Pin=R76-2
Added Net: Name=NetR73_1
Added Pin To Net: NetName=NetR73_2 Pin=R73-2
Added Net: Name=NetR73_2
Added Pin To Net: NetName=NetR74_2 Pin=R74-2
Added Pin To Net: NetName=NetR74_2 Pin=U7-3
Added Net: Name=NetR74_2
Added Pin To Net: NetName=NetR75_1 Pin=R75-1
Added Pin To Net: NetName=NetR75_1 Pin=U7-5
Added Net: Name=NetR75_1
Added Pin To Net: NetName=NetR77_1 Pin=R77-1
Added Pin To Net: NetName=NetR77_1 Pin=U7-4
Added Net: Name=NetR77_1
Added Pin To Net: NetName=PWR_FAULT_PWR_PROT_0 Pin=D6_PWR_PROT_0-1
Added Pin To Net: NetName=PWR_FAULT_PWR_PROT_0 Pin=D11_PWR_PROT_0-1
Added Pin To Net: NetName=PWR_FAULT_PWR_PROT_0 Pin=R37_PWR_PROT_0-2
Added Pin To Net: NetName=PWR_FAULT_PWR_PROT_0 Pin=TP4_PWR_PROT_0-1
Added Net: Name=PWR_FAULT_PWR_PROT_0
Added Pin To Net: NetName=PWR_FAULT_PWR_PROT_2 Pin=D6_PWR_PROT_2-1
Added Pin To Net: NetName=PWR_FAULT_PWR_PROT_2 Pin=D11_PWR_PROT_2-1
Added Pin To Net: NetName=PWR_FAULT_PWR_PROT_2 Pin=R37_PWR_PROT_2-2
Added Pin To Net: NetName=PWR_FAULT_PWR_PROT_2 Pin=TP4_PWR_PROT_2-1
Added Net: Name=PWR_FAULT_PWR_PROT_2
Add Net: Net with name "PWR_IN" already exists
Added Member To Class: ClassName=INT_REG Member=Component C44 DNO (0805 CAP)
Added Member To Class: ClassName=INT_REG Member=Component C45 DNO (0805 CAP)
Added Member To Class: ClassName=INT_REG Member=Component C46 100n 25v
Added Member To Class: ClassName=INT_REG Member=Component C47 100n 25v
Added Member To Class: ClassName=PWR_PROT_0 Member=Component D6_PWR_PROT_0 (D6) 1N4148W-TP
Added Member To Class: ClassName=PWR_PROT_2 Member=Component D6_PWR_PROT_2 (D6) 1N4148W-TP
Added Member To Class: ClassName=PWR_PROT_0 Member=Component D11_PWR_PROT_0 (D11) 1N4148W-TP
Added Member To Class: ClassName=PWR_PROT_2 Member=Component D11_PWR_PROT_2 (D11) 1N4148W-TP
Added Member To Class: ClassName=PWR_PROT_0 Member=Component Q11_PWR_PROT_0 (Q11) BSS138W-7-F
Added Member To Class: ClassName=PWR_PROT_2 Member=Component Q11_PWR_PROT_2 (Q11) BSS138W-7-F
Added Member To Class: ClassName=INT_REG Member=Component Q26 CSD17579Q5A
Added Member To Class: ClassName=INT_REG Member=Component Q27 CSD17579Q5A
Added Member To Class: ClassName=BATT_CHG Member=Component Q28 BSS138W-7-F
Added Member To Class: ClassName=PWR_PROT_0 Member=Component R52_PWR_PROT_0 (R52) ERJ-3EKF1001V
Added Member To Class: ClassName=PWR_PROT_2 Member=Component R52_PWR_PROT_2 (R52) ERJ-3EKF1001V
Added Member To Class: ClassName=PWR_PROT_0 Member=Component R71_PWR_PROT_0 (R71) ERJ3EKF1002V
Added Member To Class: ClassName=PWR_PROT_2 Member=Component R71_PWR_PROT_2 (R71) ERJ3EKF1002V
Added Member To Class: ClassName=INT_REG Member=Component R72 RC0402JR-070RL
Added Member To Class: ClassName=INT_REG Member=Component R73 ERJ-3EKF1001V
Added Member To Class: ClassName=INT_REG Member=Component R74 RC0402JR-070RL
Added Member To Class: ClassName=INT_REG Member=Component R75 RC0402JR-070RL
Added Member To Class: ClassName=INT_REG Member=Component R76 ERJ-3EKF1003V
Added Member To Class: ClassName=INT_REG Member=Component R77 RC0402JR-070RL
Added Member To Class: ClassName=INT_REG Member=Component R78 ERJ-3EKF1001V
Added Member To Class: ClassName=BATT_CHG Member=Component R79 ERJ3EKF1002V
Added Member To Class: ClassName=CAN_IF_0 Member=Component SW3_CAN_IF_0 (SW3) KXT331LHS
Added Member To Class: ClassName=CAN_IF_1 Member=Component SW3_CAN_IF_1 (SW3) KXT331LHS
