Added Pin To Net: NetName=GND Pin=C3-1
Added Pin To Net: NetName=GND Pin=C4-1
Added Pin To Net: NetName=GND Pin=C5-2
Added Pin To Net: NetName=GND Pin=C6-1
Added Pin To Net: NetName=GND Pin=C7-1
Added Pin To Net: NetName=GND Pin=C8-2
Added Pin To Net: NetName=GND Pin=C9-1
Added Pin To Net: NetName=GND Pin=C10-1
Added Pin To Net: NetName=GND Pin=C11-1
Added Pin To Net: NetName=GND Pin=C12-2
Added Pin To Net: NetName=GND Pin=C13-1
Added Pin To Net: NetName=GND Pin=C14-1
Added Pin To Net: NetName=GND Pin=C15-1
Added Pin To Net: NetName=GND Pin=C18-2
Added Pin To Net: NetName=GND Pin=C19-2
Added Pin To Net: NetName=GND Pin=Y1-2
Added Pin To Net: NetName=GND Pin=Y1-4
Added Member To Class: ClassName=STM32H753_PINOUT Member=Component C3 C0402C104K8PACTU
Added Member To Class: ClassName=STM32H753_PINOUT Member=Component C4 C0402C104K8PACTU
Added Member To Class: ClassName=STM32H753_PINOUT Member=Component C5 C1005X7S1A225K050BC
Added Member To Class: ClassName=STM32H753_PINOUT Member=Component C6 C0402C104K8PACTU
Added Member To Class: ClassName=STM32H753_PINOUT Member=Component C7 C0402C104K8PACTU
Added Member To Class: ClassName=STM32H753_PINOUT Member=Component C8 C0402C104K8PACTU
Added Member To Class: ClassName=STM32H753_PINOUT Member=Component C9 C0402C104K8PACTU
Added Member To Class: ClassName=STM32H753_PINOUT Member=Component C10 GRM155R71C104KA88D
Added Member To Class: ClassName=STM32H753_PINOUT Member=Component C11 C0402C104K8PACTU
Added Member To Class: ClassName=STM32H753_PINOUT Member=Component C12 C1005X7S1A225K050BC
Added Member To Class: ClassName=STM32H753_PINOUT Member=Component C13 C0402C104K8PACTU
Added Member To Class: ClassName=STM32H753_PINOUT Member=Component C14 08051A6R8CAT2A
Added Member To Class: ClassName=STM32H753_PINOUT Member=Component C15 08051A6R8CAT2A
Added Member To Class: ClassName=STM32H753_PINOUT Member=Component C18 C0805C180J5GACTU
Added Member To Class: ClassName=STM32H753_PINOUT Member=Component C19 C0805C180J5GACTU
Added Member To Class: ClassName=STM32H753_PINOUT Member=Component Y1 ABM8-48.000MHZ-B2-T
Added Member To Class: ClassName=STM32H753_PINOUT Member=Component Y2 ECS-.327-12.5-1210-TR
