Removed Pin From Net: NetName=STAT_12_MOSFET_BANK1 Pin=U8_MOSFET_BANK1-4
Removed Pin From Net: NetName=STAT_34_MOSFET_BANK1 Pin=U8_MOSFET_BANK1-8
Removed Pin From Net: NetName=STAT_12_MOSFET_BANK2 Pin=U8_MOSFET_BANK2-4
Removed Pin From Net: NetName=STAT_34_MOSFET_BANK2 Pin=U8_MOSFET_BANK2-8
Removed Pin From Net: NetName=STAT_12_MOSFET_BANK3 Pin=U8_MOSFET_BANK3-4
Removed Pin From Net: NetName=STAT_34_MOSFET_BANK3 Pin=U8_MOSFET_BANK3-8
Added Pin To Net: NetName=M1_TRIG Pin=U4-22
Added Pin To Net: NetName=M12_STAT Pin=U4-23
Added Pin To Net: NetName=M2_TRIG Pin=U4-24
Added Pin To Net: NetName=M3_TRIG Pin=U4-25
Added Pin To Net: NetName=M34_STAT Pin=U4-32
Added Pin To Net: NetName=M4_TRIG Pin=U4-33
Added Pin To Net: NetName=STAT_34_MOSFET_BANK1 Pin=U8_MOSFET_BANK1-4
Added Pin To Net: NetName=STAT_12_MOSFET_BANK1 Pin=U8_MOSFET_BANK1-8
Added Pin To Net: NetName=STAT_34_MOSFET_BANK2 Pin=U8_MOSFET_BANK2-4
Added Pin To Net: NetName=STAT_12_MOSFET_BANK2 Pin=U8_MOSFET_BANK2-8
Added Pin To Net: NetName=STAT_34_MOSFET_BANK3 Pin=U8_MOSFET_BANK3-4
Added Pin To Net: NetName=STAT_12_MOSFET_BANK3 Pin=U8_MOSFET_BANK3-8
Added Pin To Net: NetName=ADC_MISO_MOSFET_BANK3 Pin=U4-31
Added Pin To Net: NetName=ADC_MISO_MOSFET_BANK3 Pin=U9_MOSFET_BANK3-15
Added Net: Name=ADC_MISO_MOSFET_BANK3
Added Pin To Net: NetName=ADC_MOSI_MOSFET_BANK3 Pin=U4-30
Added Pin To Net: NetName=ADC_MOSI_MOSFET_BANK3 Pin=U9_MOSFET_BANK3-14
Added Net: Name=ADC_MOSI_MOSFET_BANK3
Added Pin To Net: NetName=ADC_nCS_MOSFET_BANK3 Pin=U4-28
Added Pin To Net: NetName=ADC_nCS_MOSFET_BANK3 Pin=U9_MOSFET_BANK3-1
Added Net: Name=ADC_nCS_MOSFET_BANK3
Added Pin To Net: NetName=ADC_SCLK_MOSFET_BANK3 Pin=U4-29
Added Pin To Net: NetName=ADC_SCLK_MOSFET_BANK3 Pin=U9_MOSFET_BANK3-16
Added Net: Name=ADC_SCLK_MOSFET_BANK3
