Removed Pin From Net: NetName=M2_V_SENSE_MOSFET_BANK1 Pin=R98_MOSFET_BANK1-1
Removed Pin From Net: NetName=M2_V_SENSE_MOSFET_BANK2 Pin=R98_MOSFET_BANK2-1
Removed Pin From Net: NetName=M2_V_SENSE_MOSFET_BANK3 Pin=R98_MOSFET_BANK3-1
Removed Pin From Net: NetName=M3_V_SENSE_MOSFET_BANK1 Pin=R101_MOSFET_BANK1-1
Removed Pin From Net: NetName=M3_V_SENSE_MOSFET_BANK2 Pin=R101_MOSFET_BANK2-1
Removed Pin From Net: NetName=M3_V_SENSE_MOSFET_BANK3 Pin=R101_MOSFET_BANK3-1
Removed Pin From Net: NetName=M4_V_SENSE_MOSFET_BANK1 Pin=R104_MOSFET_BANK1-1
Removed Pin From Net: NetName=M4_V_SENSE_MOSFET_BANK2 Pin=R104_MOSFET_BANK2-1
Removed Pin From Net: NetName=M4_V_SENSE_MOSFET_BANK3 Pin=R104_MOSFET_BANK3-1
Removed Pin From Net: NetName=M1_I_SENSE_MOSFET_BANK1 Pin=U9_MOSFET_BANK1-4
Removed Pin From Net: NetName=M2_I_SENSE_MOSFET_BANK1 Pin=U9_MOSFET_BANK1-5
Removed Pin From Net: NetName=M3_I_SENSE_MOSFET_BANK1 Pin=U9_MOSFET_BANK1-6
Removed Pin From Net: NetName=NetR97_MOSFET_BANK1_2 Pin=U9_MOSFET_BANK1-8
Removed Pin From Net: NetName=NetR98_MOSFET_BANK1_2 Pin=U9_MOSFET_BANK1-9
Removed Pin From Net: NetName=M1_I_SENSE_MOSFET_BANK2 Pin=U9_MOSFET_BANK2-4
Removed Pin From Net: NetName=M2_I_SENSE_MOSFET_BANK2 Pin=U9_MOSFET_BANK2-5
Removed Pin From Net: NetName=M3_I_SENSE_MOSFET_BANK2 Pin=U9_MOSFET_BANK2-6
Removed Pin From Net: NetName=NetR97_MOSFET_BANK2_2 Pin=U9_MOSFET_BANK2-8
Removed Pin From Net: NetName=NetR98_MOSFET_BANK2_2 Pin=U9_MOSFET_BANK2-9
Removed Pin From Net: NetName=M1_I_SENSE_MOSFET_BANK3 Pin=U9_MOSFET_BANK3-4
Removed Pin From Net: NetName=M2_I_SENSE_MOSFET_BANK3 Pin=U9_MOSFET_BANK3-5
Removed Pin From Net: NetName=M3_I_SENSE_MOSFET_BANK3 Pin=U9_MOSFET_BANK3-6
Removed Pin From Net: NetName=NetR97_MOSFET_BANK3_2 Pin=U9_MOSFET_BANK3-8
Removed Pin From Net: NetName=NetR98_MOSFET_BANK3_2 Pin=U9_MOSFET_BANK3-9
Added Pin To Net: NetName=M3_V_SENSE_MOSFET_BANK1 Pin=R97_MOSFET_BANK1-1
Added Pin To Net: NetName=M3_V_SENSE_MOSFET_BANK2 Pin=R97_MOSFET_BANK2-1
Added Pin To Net: NetName=M3_V_SENSE_MOSFET_BANK3 Pin=R97_MOSFET_BANK3-1
Added Pin To Net: NetName=M4_V_SENSE_MOSFET_BANK1 Pin=R98_MOSFET_BANK1-1
Added Pin To Net: NetName=M4_V_SENSE_MOSFET_BANK2 Pin=R98_MOSFET_BANK2-1
Added Pin To Net: NetName=M4_V_SENSE_MOSFET_BANK3 Pin=R98_MOSFET_BANK3-1
Added Pin To Net: NetName=M1_V_SENSE_MOSFET_BANK1 Pin=R101_MOSFET_BANK1-1
Added Pin To Net: NetName=M1_V_SENSE_MOSFET_BANK2 Pin=R101_MOSFET_BANK2-1
Added Pin To Net: NetName=M1_V_SENSE_MOSFET_BANK3 Pin=R101_MOSFET_BANK3-1
Added Pin To Net: NetName=M2_V_SENSE_MOSFET_BANK1 Pin=R104_MOSFET_BANK1-1
Added Pin To Net: NetName=M2_V_SENSE_MOSFET_BANK2 Pin=R104_MOSFET_BANK2-1
Added Pin To Net: NetName=M2_V_SENSE_MOSFET_BANK3 Pin=R104_MOSFET_BANK3-1
Added Pin To Net: NetName=NetR97_MOSFET_BANK1_2 Pin=U9_MOSFET_BANK1-4
Added Pin To Net: NetName=NetR98_MOSFET_BANK1_2 Pin=U9_MOSFET_BANK1-5
Added Pin To Net: NetName=M1_I_SENSE_MOSFET_BANK1 Pin=U9_MOSFET_BANK1-6
Added Pin To Net: NetName=M3_I_SENSE_MOSFET_BANK1 Pin=U9_MOSFET_BANK1-8
Added Pin To Net: NetName=M2_I_SENSE_MOSFET_BANK1 Pin=U9_MOSFET_BANK1-9
Added Pin To Net: NetName=NetR97_MOSFET_BANK2_2 Pin=U9_MOSFET_BANK2-4
Added Pin To Net: NetName=NetR98_MOSFET_BANK2_2 Pin=U9_MOSFET_BANK2-5
Added Pin To Net: NetName=M1_I_SENSE_MOSFET_BANK2 Pin=U9_MOSFET_BANK2-6
Added Pin To Net: NetName=M3_I_SENSE_MOSFET_BANK2 Pin=U9_MOSFET_BANK2-8
Added Pin To Net: NetName=M2_I_SENSE_MOSFET_BANK2 Pin=U9_MOSFET_BANK2-9
Added Pin To Net: NetName=NetR97_MOSFET_BANK3_2 Pin=U9_MOSFET_BANK3-4
Added Pin To Net: NetName=NetR98_MOSFET_BANK3_2 Pin=U9_MOSFET_BANK3-5
Added Pin To Net: NetName=M1_I_SENSE_MOSFET_BANK3 Pin=U9_MOSFET_BANK3-6
Added Pin To Net: NetName=M3_I_SENSE_MOSFET_BANK3 Pin=U9_MOSFET_BANK3-8
Added Pin To Net: NetName=M2_I_SENSE_MOSFET_BANK3 Pin=U9_MOSFET_BANK3-9
