Removed Pin From Net: NetName=SENSE_1_M1 Pin=R3_M1-2
Removed Pin From Net: NetName=SENSE_1_M2 Pin=R3_M2-2
Removed Pin From Net: NetName=SENSE_1_M3 Pin=R3_M3-2
Removed Pin From Net: NetName=SENSE_1_M4 Pin=R3_M4-2
Removed Pin From Net: NetName=SENSE_1_M5 Pin=R3_M5-2
Removed Pin From Net: NetName=SENSE_1_M6 Pin=R3_M6-2
Removed Pin From Net: NetName=SENSE_1_M7 Pin=R3_M7-2
Removed Pin From Net: NetName=SENSE_1_M8 Pin=R3_M8-2
Removed Pin From Net: NetName=SENSE_1_M9 Pin=R3_M9-2
Removed Pin From Net: NetName=SENSE_1_M10 Pin=R3_M10-2
Removed Pin From Net: NetName=SENSE_1_M11 Pin=R3_M11-2
Removed Pin From Net: NetName=SENSE_1_M12 Pin=R3_M12-2
Removed Pin From Net: NetName=SENSE_2_M1 Pin=R10_M1-2
Removed Pin From Net: NetName=SENSE_2_M2 Pin=R10_M2-2
Removed Pin From Net: NetName=SENSE_2_M3 Pin=R10_M3-2
Removed Pin From Net: NetName=SENSE_2_M4 Pin=R10_M4-2
Removed Pin From Net: NetName=SENSE_2_M5 Pin=R10_M5-2
Removed Pin From Net: NetName=SENSE_2_M6 Pin=R10_M6-2
Removed Pin From Net: NetName=SENSE_2_M7 Pin=R10_M7-2
Removed Pin From Net: NetName=SENSE_2_M8 Pin=R10_M8-2
Removed Pin From Net: NetName=SENSE_2_M9 Pin=R10_M9-2
Removed Pin From Net: NetName=SENSE_2_M10 Pin=R10_M10-2
Removed Pin From Net: NetName=SENSE_2_M11 Pin=R10_M11-2
Removed Pin From Net: NetName=SENSE_2_M12 Pin=R10_M12-2
Removed Member From Class: ClassName=M6 Member=D1_M1
Removed Member From Class: ClassName=M4 Member=D1_M3
Removed Member From Class: ClassName=M2 Member=D1_M5
Removed Member From Class: ClassName=M12 Member=D1_M7
Removed Member From Class: ClassName=M10 Member=D1_M9
Removed Member From Class: ClassName=M8 Member=D1_M11
Removed Member From Class: ClassName=M6 Member=D2_M1
Removed Member From Class: ClassName=M4 Member=D2_M3
Removed Member From Class: ClassName=M2 Member=D2_M5
Removed Member From Class: ClassName=M12 Member=D2_M7
Removed Member From Class: ClassName=M10 Member=D2_M9
Removed Member From Class: ClassName=M8 Member=D2_M11
Removed Member From Class: ClassName=M5 Member=Q1_M2
Removed Member From Class: ClassName=M3 Member=Q1_M4
Removed Member From Class: ClassName=M1 Member=Q1_M6
Removed Member From Class: ClassName=M12 Member=Q1_M7
Removed Member From Class: ClassName=M10 Member=Q1_M9
Removed Member From Class: ClassName=M8 Member=Q1_M11
Removed Member From Class: ClassName=M6 Member=Q2_M1
Removed Member From Class: ClassName=M4 Member=Q2_M3
Removed Member From Class: ClassName=M2 Member=Q2_M5
Removed Member From Class: ClassName=M12 Member=Q2_M7
Removed Member From Class: ClassName=M10 Member=Q2_M9
Removed Member From Class: ClassName=M8 Member=Q2_M11
Removed Member From Class: ClassName=M6 Member=Q3_M1
Removed Member From Class: ClassName=M4 Member=Q3_M3
Removed Member From Class: ClassName=M2 Member=Q3_M5
Removed Member From Class: ClassName=M12 Member=Q3_M7
Removed Member From Class: ClassName=M10 Member=Q3_M9
Removed Member From Class: ClassName=M8 Member=Q3_M11
Removed Member From Class: ClassName=M6 Member=R1_M1
Removed Member From Class: ClassName=M4 Member=R1_M3
Removed Member From Class: ClassName=M2 Member=R1_M5
Removed Member From Class: ClassName=M12 Member=R1_M7
Removed Member From Class: ClassName=M10 Member=R1_M9
Removed Member From Class: ClassName=M8 Member=R1_M11
Removed Member From Class: ClassName=M6 Member=R2_M1
Removed Member From Class: ClassName=M4 Member=R2_M3
Removed Member From Class: ClassName=M2 Member=R2_M5
Removed Member From Class: ClassName=M12 Member=R2_M7
Removed Member From Class: ClassName=M10 Member=R2_M9
Removed Member From Class: ClassName=M8 Member=R2_M11
Removed Member From Class: ClassName=M6 Member=R3_M1
Removed Member From Class: ClassName=M4 Member=R3_M3
Removed Member From Class: ClassName=M2 Member=R3_M5
Removed Member From Class: ClassName=M9 Member=R3_M10
Removed Member From Class: ClassName=M8 Member=R3_M11
Removed Member From Class: ClassName=M7 Member=R3_M12
Removed Member From Class: ClassName=M5 Member=R4_M2
Removed Member From Class: ClassName=M3 Member=R4_M4
Removed Member From Class: ClassName=M1 Member=R4_M6
Removed Member From Class: ClassName=M11 Member=R4_M8
Removed Member From Class: ClassName=M9 Member=R4_M10
Removed Member From Class: ClassName=M7 Member=R4_M12
Removed Member From Class: ClassName=M5 Member=R5_M2
Removed Member From Class: ClassName=M3 Member=R5_M4
Removed Member From Class: ClassName=M1 Member=R5_M6
Removed Member From Class: ClassName=M11 Member=R5_M8
Removed Member From Class: ClassName=M9 Member=R5_M10
Removed Member From Class: ClassName=M7 Member=R5_M12
Removed Member From Class: ClassName=M5 Member=R6_M2
Removed Member From Class: ClassName=M3 Member=R6_M4
Removed Member From Class: ClassName=M1 Member=R6_M6
Removed Member From Class: ClassName=M11 Member=R6_M8
Removed Member From Class: ClassName=M9 Member=R6_M10
Removed Member From Class: ClassName=M7 Member=R6_M12
Removed Member From Class: ClassName=M5 Member=R7_M2
Removed Member From Class: ClassName=M3 Member=R7_M4
Removed Member From Class: ClassName=M1 Member=R7_M6
Removed Member From Class: ClassName=M11 Member=R7_M8
Removed Member From Class: ClassName=M9 Member=R7_M10
Removed Member From Class: ClassName=M7 Member=R7_M12
Removed Member From Class: ClassName=M5 Member=R8_M2
Removed Member From Class: ClassName=M3 Member=R8_M4
Removed Member From Class: ClassName=M1 Member=R8_M6
Removed Member From Class: ClassName=M11 Member=R8_M8
Removed Member From Class: ClassName=M9 Member=R8_M10
Removed Member From Class: ClassName=M7 Member=R8_M12
Removed Member From Class: ClassName=M6 Member=R9_M1
Removed Member From Class: ClassName=M4 Member=R9_M3
Removed Member From Class: ClassName=M2 Member=R9_M5
Removed Member From Class: ClassName=M12 Member=R9_M7
Removed Member From Class: ClassName=M10 Member=R9_M9
Removed Member From Class: ClassName=M8 Member=R9_M11
Removed Member From Class: ClassName=M6 Member=R10_M1
Removed Member From Class: ClassName=M4 Member=R10_M3
Removed Member From Class: ClassName=M2 Member=R10_M5
Removed Member From Class: ClassName=M12 Member=R10_M7
Removed Member From Class: ClassName=M10 Member=R10_M9
Removed Member From Class: ClassName=M8 Member=R10_M11
Removed Member From Class: ClassName=M6 Member=R11_M1
Removed Member From Class: ClassName=M4 Member=R11_M3
Removed Member From Class: ClassName=M2 Member=R11_M5
Removed Member From Class: ClassName=M12 Member=R11_M7
Removed Member From Class: ClassName=M10 Member=R11_M9
Removed Member From Class: ClassName=M8 Member=R11_M11
Removed Member From Class: ClassName=M6 Member=R12_M1
Removed Member From Class: ClassName=M4 Member=R12_M3
Removed Member From Class: ClassName=M2 Member=R12_M5
Removed Member From Class: ClassName=M12 Member=R12_M7
Removed Member From Class: ClassName=M10 Member=R12_M9
Removed Member From Class: ClassName=M8 Member=R12_M11
Removed Member From Class: ClassName=M6 Member=R13_M1
Removed Member From Class: ClassName=M4 Member=R13_M3
Removed Member From Class: ClassName=M2 Member=R13_M5
Removed Member From Class: ClassName=M12 Member=R13_M7
Removed Member From Class: ClassName=M10 Member=R13_M9
Removed Member From Class: ClassName=M8 Member=R13_M11
Removed Member From Class: ClassName=M6 Member=R14_M1
Removed Member From Class: ClassName=M4 Member=R14_M3
Removed Member From Class: ClassName=M2 Member=R14_M5
Removed Member From Class: ClassName=M12 Member=R14_M7
Removed Member From Class: ClassName=M10 Member=R14_M9
Removed Member From Class: ClassName=M8 Member=R14_M11
Removed Member From Class: ClassName=M6 Member=R15_M1
Removed Member From Class: ClassName=M4 Member=R15_M3
Removed Member From Class: ClassName=M2 Member=R15_M5
Removed Member From Class: ClassName=M12 Member=R15_M7
Removed Member From Class: ClassName=M11 Member=R15_M8
Removed Member From Class: ClassName=M10 Member=R15_M9
Removed Member From Class: ClassName=M6 Member=U1_M1
Removed Member From Class: ClassName=M4 Member=U1_M3
Removed Member From Class: ClassName=M2 Member=U1_M5
Removed Member From Class: ClassName=M12 Member=U1_M7
Removed Member From Class: ClassName=M11 Member=U1_M8
Removed Member From Class: ClassName=M10 Member=U1_M9
Added Pin To Net: NetName=SENSE_2_M1 Pin=R3_M1-2
Added Pin To Net: NetName=SENSE_2_M2 Pin=R3_M2-2
Added Pin To Net: NetName=SENSE_2_M3 Pin=R3_M3-2
Added Pin To Net: NetName=SENSE_2_M4 Pin=R3_M4-2
Added Pin To Net: NetName=SENSE_2_M5 Pin=R3_M5-2
Added Pin To Net: NetName=SENSE_2_M6 Pin=R3_M6-2
Added Pin To Net: NetName=SENSE_2_M7 Pin=R3_M7-2
Added Pin To Net: NetName=SENSE_2_M8 Pin=R3_M8-2
Added Pin To Net: NetName=SENSE_2_M9 Pin=R3_M9-2
Added Pin To Net: NetName=SENSE_2_M10 Pin=R3_M10-2
Added Pin To Net: NetName=SENSE_2_M11 Pin=R3_M11-2
Added Pin To Net: NetName=SENSE_2_M12 Pin=R3_M12-2
Added Pin To Net: NetName=SENSE_1_M1 Pin=R10_M1-2
Added Pin To Net: NetName=SENSE_1_M2 Pin=R10_M2-2
Added Pin To Net: NetName=SENSE_1_M3 Pin=R10_M3-2
Added Pin To Net: NetName=SENSE_1_M4 Pin=R10_M4-2
Added Pin To Net: NetName=SENSE_1_M5 Pin=R10_M5-2
Added Pin To Net: NetName=SENSE_1_M6 Pin=R10_M6-2
Added Pin To Net: NetName=SENSE_1_M7 Pin=R10_M7-2
Added Pin To Net: NetName=SENSE_1_M8 Pin=R10_M8-2
Added Pin To Net: NetName=SENSE_1_M9 Pin=R10_M9-2
Added Pin To Net: NetName=SENSE_1_M10 Pin=R10_M10-2
Added Pin To Net: NetName=SENSE_1_M11 Pin=R10_M11-2
Added Pin To Net: NetName=SENSE_1_M12 Pin=R10_M12-2
Change Net Name : Old Net Name=DIV_1_M1 New Net Name=NetR3_M1_1
Change Net Name : Old Net Name=DIV_1_M2 New Net Name=NetR3_M2_1
Change Net Name : Old Net Name=DIV_1_M3 New Net Name=NetR3_M3_1
Change Net Name : Old Net Name=DIV_1_M4 New Net Name=NetR3_M4_1
Change Net Name : Old Net Name=DIV_1_M5 New Net Name=NetR3_M5_1
Change Net Name : Old Net Name=DIV_1_M6 New Net Name=NetR3_M6_1
Change Net Name : Old Net Name=DIV_1_M7 New Net Name=NetR3_M7_1
Change Net Name : Old Net Name=DIV_1_M8 New Net Name=NetR3_M8_1
Change Net Name : Old Net Name=DIV_1_M9 New Net Name=NetR3_M9_1
Change Net Name : Old Net Name=DIV_1_M10 New Net Name=NetR3_M10_1
Change Net Name : Old Net Name=DIV_1_M11 New Net Name=NetR3_M11_1
Change Net Name : Old Net Name=DIV_1_M12 New Net Name=NetR3_M12_1
Added Member To Class: ClassName=M2 Member=Component D1_M2 (D1) S5BC-13-F
Added Member To Class: ClassName=M4 Member=Component D1_M4 (D1) S5BC-13-F
Added Member To Class: ClassName=M6 Member=Component D1_M6 (D1) S5BC-13-F
Added Member To Class: ClassName=M8 Member=Component D1_M8 (D1) S5BC-13-F
Added Member To Class: ClassName=M10 Member=Component D1_M10 (D1) S5BC-13-F
Added Member To Class: ClassName=M12 Member=Component D1_M12 (D1) S5BC-13-F
Added Member To Class: ClassName=M2 Member=Component D2_M2 (D2) S5BC-13-F
Added Member To Class: ClassName=M4 Member=Component D2_M4 (D2) S5BC-13-F
Added Member To Class: ClassName=M6 Member=Component D2_M6 (D2) S5BC-13-F
Added Member To Class: ClassName=M8 Member=Component D2_M8 (D2) S5BC-13-F
Added Member To Class: ClassName=M10 Member=Component D2_M10 (D2) S5BC-13-F
Added Member To Class: ClassName=M12 Member=Component D2_M12 (D2) S5BC-13-F
Added Member To Class: ClassName=M1 Member=Component Q1_M1 (Q1) NTD25P03LT4G
Added Member To Class: ClassName=M3 Member=Component Q1_M3 (Q1) NTD25P03LT4G
Added Member To Class: ClassName=M5 Member=Component Q1_M5 (Q1) NTD25P03LT4G
Added Member To Class: ClassName=M8 Member=Component Q1_M8 (Q1) NTD25P03LT4G
Added Member To Class: ClassName=M10 Member=Component Q1_M10 (Q1) NTD25P03LT4G
Added Member To Class: ClassName=M12 Member=Component Q1_M12 (Q1) NTD25P03LT4G
Added Member To Class: ClassName=M2 Member=Component Q2_M2 (Q2A) SSM6N7002KFU,LF
Added Member To Class: ClassName=M4 Member=Component Q2_M4 (Q2A) SSM6N7002KFU,LF
Added Member To Class: ClassName=M6 Member=Component Q2_M6 (Q2A) SSM6N7002KFU,LF
Added Member To Class: ClassName=M8 Member=Component Q2_M8 (Q2A) SSM6N7002KFU,LF
Added Member To Class: ClassName=M10 Member=Component Q2_M10 (Q2A) SSM6N7002KFU,LF
Added Member To Class: ClassName=M12 Member=Component Q2_M12 (Q2A) SSM6N7002KFU,LF
Added Member To Class: ClassName=M2 Member=Component Q3_M2 (Q3) NTD25P03LT4G
Added Member To Class: ClassName=M4 Member=Component Q3_M4 (Q3) NTD25P03LT4G
Added Member To Class: ClassName=M6 Member=Component Q3_M6 (Q3) NTD25P03LT4G
Added Member To Class: ClassName=M8 Member=Component Q3_M8 (Q3) NTD25P03LT4G
Added Member To Class: ClassName=M10 Member=Component Q3_M10 (Q3) NTD25P03LT4G
Added Member To Class: ClassName=M12 Member=Component Q3_M12 (Q3) NTD25P03LT4G
Added Member To Class: ClassName=M2 Member=Component R1_M2 (R1) CRCW060343K0FKEA
Added Member To Class: ClassName=M4 Member=Component R1_M4 (R1) CRCW060343K0FKEA
Added Member To Class: ClassName=M6 Member=Component R1_M6 (R1) CRCW060343K0FKEA
Added Member To Class: ClassName=M8 Member=Component R1_M8 (R1) CRCW060343K0FKEA
Added Member To Class: ClassName=M10 Member=Component R1_M10 (R1) CRCW060343K0FKEA
Added Member To Class: ClassName=M12 Member=Component R1_M12 (R1) CRCW060343K0FKEA
Added Member To Class: ClassName=M2 Member=Component R2_M2 (R2) ERA-3AEB102V
Added Member To Class: ClassName=M4 Member=Component R2_M4 (R2) ERA-3AEB102V
Added Member To Class: ClassName=M6 Member=Component R2_M6 (R2) ERA-3AEB102V
Added Member To Class: ClassName=M8 Member=Component R2_M8 (R2) ERA-3AEB102V
Added Member To Class: ClassName=M10 Member=Component R2_M10 (R2) ERA-3AEB102V
Added Member To Class: ClassName=M12 Member=Component R2_M12 (R2) ERA-3AEB102V
Added Member To Class: ClassName=M2 Member=Component R3_M2 (R3) ERJ3EKF1002V
Added Member To Class: ClassName=M4 Member=Component R3_M4 (R3) ERJ3EKF1002V
Added Member To Class: ClassName=M6 Member=Component R3_M6 (R3) ERJ3EKF1002V
Added Member To Class: ClassName=M7 Member=Component R3_M7 (R3) ERJ3EKF1002V
Added Member To Class: ClassName=M8 Member=Component R3_M8 (R3) ERJ3EKF1002V
Added Member To Class: ClassName=M9 Member=Component R3_M9 (R3) ERJ3EKF1002V
Added Member To Class: ClassName=M1 Member=Component R4_M1 (R4) ERJ3EKF1002V
Added Member To Class: ClassName=M3 Member=Component R4_M3 (R4) ERJ3EKF1002V
Added Member To Class: ClassName=M5 Member=Component R4_M5 (R4) ERJ3EKF1002V
Added Member To Class: ClassName=M7 Member=Component R4_M7 (R4) ERJ3EKF1002V
Added Member To Class: ClassName=M9 Member=Component R4_M9 (R4) ERJ3EKF1002V
Added Member To Class: ClassName=M11 Member=Component R4_M11 (R4) ERJ3EKF1002V
Added Member To Class: ClassName=M1 Member=Component R5_M1 (R5) ERA-3AEB102V
Added Member To Class: ClassName=M3 Member=Component R5_M3 (R5) ERA-3AEB102V
Added Member To Class: ClassName=M5 Member=Component R5_M5 (R5) ERA-3AEB102V
Added Member To Class: ClassName=M7 Member=Component R5_M7 (R5) ERA-3AEB102V
Added Member To Class: ClassName=M9 Member=Component R5_M9 (R5) ERA-3AEB102V
Added Member To Class: ClassName=M11 Member=Component R5_M11 (R5) ERA-3AEB102V
Added Member To Class: ClassName=M1 Member=Component R6_M1 (R6) ERJ3EKF1002V
Added Member To Class: ClassName=M3 Member=Component R6_M3 (R6) ERJ3EKF1002V
Added Member To Class: ClassName=M5 Member=Component R6_M5 (R6) ERJ3EKF1002V
Added Member To Class: ClassName=M7 Member=Component R6_M7 (R6) ERJ3EKF1002V
Added Member To Class: ClassName=M9 Member=Component R6_M9 (R6) ERJ3EKF1002V
Added Member To Class: ClassName=M11 Member=Component R6_M11 (R6) ERJ3EKF1002V
Added Member To Class: ClassName=M1 Member=Component R7_M1 (R7) ERJ3EKF1002V
Added Member To Class: ClassName=M3 Member=Component R7_M3 (R7) ERJ3EKF1002V
Added Member To Class: ClassName=M5 Member=Component R7_M5 (R7) ERJ3EKF1002V
Added Member To Class: ClassName=M7 Member=Component R7_M7 (R7) ERJ3EKF1002V
Added Member To Class: ClassName=M9 Member=Component R7_M9 (R7) ERJ3EKF1002V
Added Member To Class: ClassName=M11 Member=Component R7_M11 (R7) ERJ3EKF1002V
Added Member To Class: ClassName=M1 Member=Component R8_M1 (R8) ERA-3AEB751V
Added Member To Class: ClassName=M3 Member=Component R8_M3 (R8) ERA-3AEB751V
Added Member To Class: ClassName=M5 Member=Component R8_M5 (R8) ERA-3AEB751V
Added Member To Class: ClassName=M7 Member=Component R8_M7 (R8) ERA-3AEB751V
Added Member To Class: ClassName=M9 Member=Component R8_M9 (R8) ERA-3AEB751V
Added Member To Class: ClassName=M11 Member=Component R8_M11 (R8) ERA-3AEB751V
Added Member To Class: ClassName=M2 Member=Component R9_M2 (R9) CRCW060343K0FKEA
Added Member To Class: ClassName=M4 Member=Component R9_M4 (R9) CRCW060343K0FKEA
Added Member To Class: ClassName=M6 Member=Component R9_M6 (R9) CRCW060343K0FKEA
Added Member To Class: ClassName=M8 Member=Component R9_M8 (R9) CRCW060343K0FKEA
Added Member To Class: ClassName=M10 Member=Component R9_M10 (R9) CRCW060343K0FKEA
Added Member To Class: ClassName=M12 Member=Component R9_M12 (R9) CRCW060343K0FKEA
Added Member To Class: ClassName=M2 Member=Component R10_M2 (R10) ERJ3EKF1002V
Added Member To Class: ClassName=M4 Member=Component R10_M4 (R10) ERJ3EKF1002V
Added Member To Class: ClassName=M6 Member=Component R10_M6 (R10) ERJ3EKF1002V
Added Member To Class: ClassName=M8 Member=Component R10_M8 (R10) ERJ3EKF1002V
Added Member To Class: ClassName=M10 Member=Component R10_M10 (R10) ERJ3EKF1002V
Added Member To Class: ClassName=M12 Member=Component R10_M12 (R10) ERJ3EKF1002V
Added Member To Class: ClassName=M2 Member=Component R11_M2 (R11) ERJ3EKF1002V
Added Member To Class: ClassName=M4 Member=Component R11_M4 (R11) ERJ3EKF1002V
Added Member To Class: ClassName=M6 Member=Component R11_M6 (R11) ERJ3EKF1002V
Added Member To Class: ClassName=M8 Member=Component R11_M8 (R11) ERJ3EKF1002V
Added Member To Class: ClassName=M10 Member=Component R11_M10 (R11) ERJ3EKF1002V
Added Member To Class: ClassName=M12 Member=Component R11_M12 (R11) ERJ3EKF1002V
Added Member To Class: ClassName=M2 Member=Component R12_M2 (R12) ERA3AEB242V
Added Member To Class: ClassName=M4 Member=Component R12_M4 (R12) ERA3AEB242V
Added Member To Class: ClassName=M6 Member=Component R12_M6 (R12) ERA3AEB242V
Added Member To Class: ClassName=M8 Member=Component R12_M8 (R12) ERA3AEB242V
Added Member To Class: ClassName=M10 Member=Component R12_M10 (R12) ERA3AEB242V
Added Member To Class: ClassName=M12 Member=Component R12_M12 (R12) ERA3AEB242V
Added Member To Class: ClassName=M2 Member=Component R13_M2 (R13) ERJ3EKF1002V
Added Member To Class: ClassName=M4 Member=Component R13_M4 (R13) ERJ3EKF1002V
Added Member To Class: ClassName=M6 Member=Component R13_M6 (R13) ERJ3EKF1002V
Added Member To Class: ClassName=M8 Member=Component R13_M8 (R13) ERJ3EKF1002V
Added Member To Class: ClassName=M10 Member=Component R13_M10 (R13) ERJ3EKF1002V
Added Member To Class: ClassName=M12 Member=Component R13_M12 (R13) ERJ3EKF1002V
Added Member To Class: ClassName=M2 Member=Component R14_M2 (R14) MCS3264R010FER
Added Member To Class: ClassName=M4 Member=Component R14_M4 (R14) MCS3264R010FER
Added Member To Class: ClassName=M6 Member=Component R14_M6 (R14) MCS3264R010FER
Added Member To Class: ClassName=M8 Member=Component R14_M8 (R14) MCS3264R010FER
Added Member To Class: ClassName=M10 Member=Component R14_M10 (R14) MCS3264R010FER
Added Member To Class: ClassName=M12 Member=Component R14_M12 (R14) MCS3264R010FER
Added Member To Class: ClassName=M2 Member=Component R15_M2 (R15) ERJ3EKF1002V
Added Member To Class: ClassName=M4 Member=Component R15_M4 (R15) ERJ3EKF1002V
Added Member To Class: ClassName=M6 Member=Component R15_M6 (R15) ERJ3EKF1002V
Added Member To Class: ClassName=M10 Member=Component R15_M10 (R15) ERJ3EKF1002V
Added Member To Class: ClassName=M11 Member=Component R15_M11 (R15) ERJ3EKF1002V
Added Member To Class: ClassName=M12 Member=Component R15_M12 (R15) ERJ3EKF1002V
Added Member To Class: ClassName=M2 Member=Component U1_M2 (U1A) LM324D
Added Member To Class: ClassName=M4 Member=Component U1_M4 (U1A) LM324D
Added Member To Class: ClassName=M6 Member=Component U1_M6 (U1A) LM324D
Added Member To Class: ClassName=M10 Member=Component U1_M10 (U1A) LM324D
Added Member To Class: ClassName=M11 Member=Component U1_M11 (U1A) LM324D
Added Member To Class: ClassName=M12 Member=Component U1_M12 (U1A) LM324D
