Change Component Designator: Old Designator=C? New Designator=C169
Change Component Designator: Old Designator=C? New Designator=C170
Change Component Designator: Old Designator=C? New Designator=C171
Change Component Designator: Old Designator=C? New Designator=C172
Change Component Designator: Old Designator=C? New Designator=C173
Change Component Designator: Old Designator=C? New Designator=C174
Change Component Designator: Old Designator=C? New Designator=C175
Change Component Designator: Old Designator=D? New Designator=D41
Change Component Designator: Old Designator=D? New Designator=D42
Change Component Designator: Old Designator=L? New Designator=L12
Change Component Designator: Old Designator=R? New Designator=R178
Change Component Designator: Old Designator=R? New Designator=R179
Change Component Designator: Old Designator=R? New Designator=R180
Change Component Designator: Old Designator=R? New Designator=R181
Change Component Designator: Old Designator=R? New Designator=R182
Change Component Designator: Old Designator=SW? New Designator=SW1
Change Component Designator: Old Designator=TP? New Designator=TP23
Change Component Designator: Old Designator=TP? New Designator=TP24
Change Component Designator: Old Designator=TP? New Designator=TP25
Change Component Designator: Old Designator=TP? New Designator=TP26
Change Component Designator: Old Designator=TP? New Designator=TP27
Change Component Designator: Old Designator=TP? New Designator=TP28
Change Component Designator: Old Designator=TP? New Designator=TP29
Change Component Designator: Old Designator=U? New Designator=U19
