Change Component Designator: Old Designator=C? New Designator=C269
Change Component Designator: Old Designator=C? New Designator=C270
Change Component Designator: Old Designator=C? New Designator=C271
Change Component Designator: Old Designator=C? New Designator=C272
Change Component Designator: Old Designator=C? New Designator=C273
Change Component Designator: Old Designator=C? New Designator=C274
Change Component Designator: Old Designator=C? New Designator=C275
Change Component Designator: Old Designator=C? New Designator=C276
Change Component Designator: Old Designator=D? New Designator=D48
Change Component Designator: Old Designator=D? New Designator=D49
Change Component Designator: Old Designator=R? New Designator=R360
Change Component Designator: Old Designator=R? New Designator=R361
Change Component Designator: Old Designator=R? New Designator=R362
Change Component Designator: Old Designator=R? New Designator=R363
Change Component Designator: Old Designator=R? New Designator=R364
Change Component Designator: Old Designator=R? New Designator=R365
Change Component Designator: Old Designator=R? New Designator=R366
Change Component Designator: Old Designator=R? New Designator=R367
Change Component Designator: Old Designator=R? New Designator=R368
Change Component Designator: Old Designator=R? New Designator=R369
Change Component Designator: Old Designator=R? New Designator=R370
Change Component Designator: Old Designator=R? New Designator=R371
Change Component Designator: Old Designator=R? New Designator=R372
Change Component Designator: Old Designator=R? New Designator=R373
Change Component Designator: Old Designator=R? New Designator=R374
Change Component Designator: Old Designator=R? New Designator=R375
Change Component Designator: Old Designator=R? New Designator=R376
Change Component Designator: Old Designator=R? New Designator=R377
Change Component Designator: Old Designator=R? New Designator=R378
Change Component Designator: Old Designator=R? New Designator=R379
Change Component Designator: Old Designator=R? New Designator=R380
Change Component Designator: Old Designator=R? New Designator=R381
Change Component Designator: Old Designator=R? New Designator=R382
Change Component Designator: Old Designator=R? New Designator=R383
Change Component Designator: Old Designator=R? New Designator=R384
Change Component Designator: Old Designator=R? New Designator=R385
Change Component Designator: Old Designator=R? New Designator=R386
Change Component Designator: Old Designator=R? New Designator=R387
Change Component Designator: Old Designator=R? New Designator=R388
Change Component Designator: Old Designator=R? New Designator=R389
Change Component Designator: Old Designator=R? New Designator=R390
Change Component Designator: Old Designator=R? New Designator=R391
Change Component Designator: Old Designator=R? New Designator=R392
Change Component Designator: Old Designator=R? New Designator=R393
Change Component Designator: Old Designator=R? New Designator=R394
Change Component Designator: Old Designator=R? New Designator=R395
Change Component Designator: Old Designator=R? New Designator=R396
Change Component Designator: Old Designator=R? New Designator=R397
Change Component Designator: Old Designator=R? New Designator=R398
Change Component Designator: Old Designator=R? New Designator=R399
Change Component Designator: Old Designator=R? New Designator=R400
Change Component Designator: Old Designator=R? New Designator=R401
Change Component Designator: Old Designator=R? New Designator=R402
Change Component Designator: Old Designator=R? New Designator=R403
Change Component Designator: Old Designator=R? New Designator=R404
Change Component Designator: Old Designator=R? New Designator=R405
Change Component Designator: Old Designator=R? New Designator=R406
Change Component Designator: Old Designator=R? New Designator=R407
Change Component Designator: Old Designator=R? New Designator=R408
Change Component Designator: Old Designator=R? New Designator=R409
Change Component Designator: Old Designator=TP? New Designator=TP88
Change Component Designator: Old Designator=U? New Designator=U43
Change Component Designator: Old Designator=U? New Designator=U44
Change Component Designator: Old Designator=U? New Designator=U45
Change Component Designator: Old Designator=U? New Designator=U46
Change Component Designator: Old Designator=U? New Designator=U47
Change Component Designator: Old Designator=U? New Designator=U48
Change Component Designator: Old Designator=U? New Designator=U49
Change Component Designator: Old Designator=U? New Designator=U50
Change Component Designator: Old Designator=U? New Designator=U51
Change Component Designator: Old Designator=U? New Designator=U52
