Added Component: Designator=C188(FP-C1005-050-0_05-IPC_C)
Add component (AddParameter): Name = "Capacitance"; Value = "100nF"; VariantName = "[No Variations]"
Add component (AddParameter): Name = "Case Code (Imperial)"; Value = "0402"; VariantName = "[No Variations]"
Add component (AddParameter): Name = "Case Code (Metric)"; Value = "1005"; VariantName = "[No Variations]"
Add component (AddParameter): Name = "Case/Package"; Value = "0402"; VariantName = "[No Variations]"
Add component (AddParameter): Name = "Construction"; Value = "Flat"; VariantName = "[No Variations]"
Add component (AddParameter): Name = "Depth"; Value = "0.5mm"; VariantName = "[No Variations]"
Add component (AddParameter): Name = "Dielectric"; Value = "X7R"; VariantName = "[No Variations]"
Add component (AddParameter): Name = "Dielectric Material"; Value = "Ceramic"; VariantName = "[No Variations]"
Add component (AddParameter): Name = "Height"; Value = "0.5mm"; VariantName = "[No Variations]"
Add component (AddParameter): Name = "Lead Free"; Value = "Lead Free"; VariantName = "[No Variations]"
Add component (AddParameter): Name = "Length"; Value = "1mm"; VariantName = "[No Variations]"
Add component (AddParameter): Name = "Max Operating Temperature"; Value = "125°C"; VariantName = "[No Variations]"
Add component (AddParameter): Name = "Min Operating Temperature"; Value = "-55°C"; VariantName = "[No Variations]"
Add component (AddParameter): Name = "Mount"; Value = "Surface Mount"; VariantName = "[No Variations]"
Add component (AddParameter): Name = "Package Quantity"; Value = "1"; VariantName = "[No Variations]"
Add component (AddParameter): Name = "Packaging"; Value = "Tape and Reel"; VariantName = "[No Variations]"
Add component (AddParameter): Name = "Radiation Hardening"; Value = "No"; VariantName = "[No Variations]"
Add component (AddParameter): Name = "REACH SVHC"; Value = "No SVHC"; VariantName = "[No Variations]"
Add component (AddParameter): Name = "Resistor Type"; Value = "Ceramic"; VariantName = "[No Variations]"
Add component (AddParameter): Name = "RoHS Compliant"; Value = "Yes"; VariantName = "[No Variations]"
Add component (AddParameter): Name = "Series"; Value = "C"; VariantName = "[No Variations]"
Add component (AddParameter): Name = "Termination"; Value = "SMD/SMT"; VariantName = "[No Variations]"
Add component (AddParameter): Name = "Thickness"; Value = "0.022inch"; VariantName = "[No Variations]"
Add component (AddParameter): Name = "Tolerance"; Value = "10%"; VariantName = "[No Variations]"
Add component (AddParameter): Name = "Voltage"; Value = "50V"; VariantName = "[No Variations]"
Add component (AddParameter): Name = "Voltage Rating"; Value = "50V"; VariantName = "[No Variations]"
Add component (AddParameter): Name = "Voltage Rating (DC)"; Value = "50V"; VariantName = "[No Variations]"
Add component (AddParameter): Name = "Weight"; Value = "2.3E-05oz"; VariantName = "[No Variations]"
Add component (AddParameter): Name = "Width"; Value = "0.02inch"; VariantName = "[No Variations]"
Added Pin To Net: NetName=BATT_PWR Pin=C188-1
Added Pin To Net: NetName=GND Pin=C188-2
Add Differential Pair: Number of nets in differential pair NetC15_GMSL_DESERIALIZER_1_1 is 1 instead of 2
Add Differential Pair: Number of nets in differential pair NetC16_GMSL_DESERIALIZER_1_1 is 1 instead of 2
Add Differential Pair: Number of nets in differential pair NetC17_GMSL_DESERIALIZER_1_1 is 1 instead of 2
Add Differential Pair: Number of nets in differential pair NetC18_GMSL_DESERIALIZER_1_1 is 1 instead of 2
Add Differential Pair: Number of nets in differential pair NetC19_GMSL_DESERIALIZER_1_1 is 1 instead of 2
Add Differential Pair: Number of nets in differential pair NetC20_GMSL_DESERIALIZER_1_1 is 1 instead of 2
Add Differential Pair: Number of nets in differential pair NetC23_GMSL_DESERIALIZER_1_1 is 1 instead of 2
Add Differential Pair: Number of nets in differential pair NetC24_GMSL_DESERIALIZER_1_1 is 1 instead of 2
Add Differential Pair: Number of nets in differential pair NetC25_GMSL_DESERIALIZER_1_1 is 1 instead of 2
Add Differential Pair: Number of nets in differential pair NetC28_GMSL_DESERIALIZER_1_1 is 1 instead of 2
Added Member To Class: ClassName=PWR_MGMT_0 Member=Component C188 C1005X7R1H104K050BB
