Removed Pin From Net: NetName=GND Pin=C?-1
Added Component: Designator=C?(CAPC1608X90X40ML10T20)
Added Component: Designator=C?(CAPC1608X90X40ML10T20)
Added Component: Designator=Q10(SISH615ADN-T1-GE3-Footprint-1)
Added Component: Designator=Q11(SISH615ADN-T1-GE3-Footprint-1)
Added Component: Designator=Q13(SISH615ADN-T1-GE3-Footprint-1)
Added Component: Designator=Q14(SISH615ADN-T1-GE3-Footprint-1)
Added Component: Designator=Q15(SISH615ADN-T1-GE3-Footprint-1)
Added Component: Designator=Q16(SISH615ADN-T1-GE3-Footprint-1)
Added Component: Designator=TP1_GMSL_DESERIALIZER_0(TP06R)
Added Component: Designator=TP1_GMSL_DESERIALIZER_1(TP06R)
Added Component: Designator=TP2_GMSL_DESERIALIZER_0(TP06R)
Added Component: Designator=TP2_GMSL_DESERIALIZER_1(TP06R)
Added Component: Designator=TP3_GMSL_DESERIALIZER_0(TP06R)
Added Component: Designator=TP3_GMSL_DESERIALIZER_1(TP06R)
Added Component: Designator=TP4_GMSL_DESERIALIZER_0(TP06R)
Added Component: Designator=TP4_GMSL_DESERIALIZER_1(TP06R)
Added Component: Designator=TP5(TP06R)
Added Component: Designator=TP6(TP06R)
Added Component: Designator=TP7(TP06R)
Added Component: Designator=TP8(TP06R)
Added Component: Designator=TP9(TP06R)
Added Component: Designator=TP10(TP06R)
Added Component: Designator=TP11(TP06R)
Added Component: Designator=TP12(TP06R)
Added Component: Designator=TP13(TP06R)
Added Component: Designator=TP14(TP06R)
Added Component: Designator=TP15(TP06R)
Added Component: Designator=TP16_REG_0(TP06R)
Added Component: Designator=TP16_REG_1(TP06R)
Added Component: Designator=TP17(TP06R)
Added Component: Designator=TP18(TP06R)
Added Component: Designator=TP19(TP06R)
Added Component: Designator=TP20(TP06R)
Added Component: Designator=TP21(TP06R)
Added Component: Designator=TP22(TP06R)
Added Component: Designator=TP23(TP06R)
Added Component: Designator=TP24(TP06R)
Added Component: Designator=TP25(TP06R)
Added Component: Designator=TP26(TP06R)
Added Component: Designator=TP27(TP06R)
Added Component: Designator=TP28(TP06R)
Added Component: Designator=TP29(TP06R)
Added Component: Designator=TP?(TP06R)
Added Component: Designator=TP?(TP06R)
Added Component: Designator=TP?(TP06R)
Added Component: Designator=U4(SOT95P285X130-5N)
Added Component: Designator=U6(SOT95P285X130-5N)
Added Component: Designator=U7(SOT95P285X130-5N)
Added Component: Designator=U8(SOT95P285X130-5N)
Added Component: Designator=U10(SOT95P285X130-5N)
Added Component: Designator=U11(SOT95P285X130-5N)
Added Component: Designator=U19(TCAN1146DYYRQ1-Footprint-1)
Added Pin To Net: NetName=GND Pin=C?-1
Added Pin To Net: NetName=NetC?_1 Pin=C?-1
Add Pin To Net: Unknown Pin: Pin Q10-1
Add Pin To Net: Unknown Pin: Pin Q10-2
Add Pin To Net: Unknown Pin: Pin Q10-3
Add Pin To Net: Unknown Pin: Pin Q10-4
Add Pin To Net: Unknown Pin: Pin Q10-5-6-7-8
Add Pin To Net: Unknown Pin: Pin Q11-1
Add Pin To Net: Unknown Pin: Pin Q11-2
Add Pin To Net: Unknown Pin: Pin Q11-3
Add Pin To Net: Unknown Pin: Pin Q11-4
Add Pin To Net: Unknown Pin: Pin Q11-5-6-7-8
Add Pin To Net: Unknown Pin: Pin Q13-1
Add Pin To Net: Unknown Pin: Pin Q13-2
Add Pin To Net: Unknown Pin: Pin Q13-3
Add Pin To Net: Unknown Pin: Pin Q13-4
Add Pin To Net: Unknown Pin: Pin Q13-5-6-7-8
Add Pin To Net: Unknown Pin: Pin Q14-1
Add Pin To Net: Unknown Pin: Pin Q14-2
Add Pin To Net: Unknown Pin: Pin Q14-3
Add Pin To Net: Unknown Pin: Pin Q14-4
Add Pin To Net: Unknown Pin: Pin Q14-5-6-7-8
Add Pin To Net: Unknown Pin: Pin Q15-1
Add Pin To Net: Unknown Pin: Pin Q15-2
Add Pin To Net: Unknown Pin: Pin Q15-3
Add Pin To Net: Unknown Pin: Pin Q15-4
Add Pin To Net: Unknown Pin: Pin Q15-5-6-7-8
Add Pin To Net: Unknown Pin: Pin Q16-1
Add Pin To Net: Unknown Pin: Pin Q16-2
Add Pin To Net: Unknown Pin: Pin Q16-3
Add Pin To Net: Unknown Pin: Pin Q16-4
Add Pin To Net: Unknown Pin: Pin Q16-5-6-7-8
Add Pin To Net: Unknown Pin: Pin TP1_GMSL_DESERIALIZER_0-1
Add Pin To Net: Unknown Pin: Pin TP1_GMSL_DESERIALIZER_1-1
Add Pin To Net: Unknown Pin: Pin TP2_GMSL_DESERIALIZER_0-1
Add Pin To Net: Unknown Pin: Pin TP2_GMSL_DESERIALIZER_1-1
Add Pin To Net: Unknown Pin: Pin TP3_GMSL_DESERIALIZER_0-1
Add Pin To Net: Unknown Pin: Pin TP3_GMSL_DESERIALIZER_1-1
Add Pin To Net: Unknown Pin: Pin TP4_GMSL_DESERIALIZER_0-1
Add Pin To Net: Unknown Pin: Pin TP4_GMSL_DESERIALIZER_1-1
Add Pin To Net: Unknown Pin: Pin TP5-1
Add Pin To Net: Unknown Pin: Pin TP6-1
Add Pin To Net: Unknown Pin: Pin TP7-1
Add Pin To Net: Unknown Pin: Pin TP8-1
Add Pin To Net: Unknown Pin: Pin TP9-1
Add Pin To Net: Unknown Pin: Pin TP10-1
Add Pin To Net: Unknown Pin: Pin TP11-1
Add Pin To Net: Unknown Pin: Pin TP12-1
Add Pin To Net: Unknown Pin: Pin TP13-1
Add Pin To Net: Unknown Pin: Pin TP14-1
Add Pin To Net: Unknown Pin: Pin TP15-1
Add Pin To Net: Unknown Pin: Pin TP16_REG_0-1
Add Pin To Net: Unknown Pin: Pin TP16_REG_1-1
Add Pin To Net: Unknown Pin: Pin TP17-1
Add Pin To Net: Unknown Pin: Pin TP18-1
Add Pin To Net: Unknown Pin: Pin TP19-1
Add Pin To Net: Unknown Pin: Pin TP20-1
Add Pin To Net: Unknown Pin: Pin TP21-1
Add Pin To Net: Unknown Pin: Pin TP22-1
Add Pin To Net: Unknown Pin: Pin TP23-1
Add Pin To Net: Unknown Pin: Pin TP24-1
Add Pin To Net: Unknown Pin: Pin TP25-1
Add Pin To Net: Unknown Pin: Pin TP26-1
Add Pin To Net: Unknown Pin: Pin TP27-1
Add Pin To Net: Unknown Pin: Pin TP28-1
Add Pin To Net: Unknown Pin: Pin TP29-1
Add Pin To Net: Unknown Pin: Pin TP?-1
Add Pin To Net: Unknown Pin: Pin TP?-1
Add Pin To Net: Unknown Pin: Pin TP?-1
Add Pin To Net: Unknown Pin: Pin U4-1
Add Pin To Net: Unknown Pin: Pin U4-2
Add Pin To Net: Unknown Pin: Pin U4-3
Add Pin To Net: Unknown Pin: Pin U4-4
Add Pin To Net: Unknown Pin: Pin U4-5
Add Pin To Net: Unknown Pin: Pin U6-1
Add Pin To Net: Unknown Pin: Pin U6-2
Add Pin To Net: Unknown Pin: Pin U6-3
Add Pin To Net: Unknown Pin: Pin U6-4
Add Pin To Net: Unknown Pin: Pin U6-5
Add Pin To Net: Unknown Pin: Pin U7-1
Add Pin To Net: Unknown Pin: Pin U7-2
Add Pin To Net: Unknown Pin: Pin U7-3
Add Pin To Net: Unknown Pin: Pin U7-4
Add Pin To Net: Unknown Pin: Pin U7-5
Add Pin To Net: Unknown Pin: Pin U8-1
Add Pin To Net: Unknown Pin: Pin U8-2
Add Pin To Net: Unknown Pin: Pin U8-3
Add Pin To Net: Unknown Pin: Pin U8-4
Add Pin To Net: Unknown Pin: Pin U8-5
Add Pin To Net: Unknown Pin: Pin U10-1
Add Pin To Net: Unknown Pin: Pin U10-2
Add Pin To Net: Unknown Pin: Pin U10-4
Add Pin To Net: Unknown Pin: Pin U10-5
Add Pin To Net: Unknown Pin: Pin U11-1
Add Pin To Net: Unknown Pin: Pin U11-2
Add Pin To Net: Unknown Pin: Pin U11-3
Add Pin To Net: Unknown Pin: Pin U11-4
Add Pin To Net: Unknown Pin: Pin U11-5
Add Pin To Net: Unknown Pin: Pin U19-1
Add Pin To Net: Unknown Pin: Pin U19-2
Add Pin To Net: Unknown Pin: Pin U19-3
Add Pin To Net: Unknown Pin: Pin U19-4
Add Pin To Net: Unknown Pin: Pin U19-5
Add Pin To Net: Unknown Pin: Pin U19-6
Add Pin To Net: Unknown Pin: Pin U19-7
Add Pin To Net: Unknown Pin: Pin U19-8
Add Pin To Net: Unknown Pin: Pin U19-9
Add Pin To Net: Unknown Pin: Pin U19-10
Add Pin To Net: Unknown Pin: Pin U19-11
Add Pin To Net: Unknown Pin: Pin U19-12
Add Pin To Net: Unknown Pin: Pin U19-13
Add Pin To Net: Unknown Pin: Pin U19-14
Add Net: Net with name "NetC?_1" already exists
Add Net: Net with name "NetC?_2" already exists
Add Net: Net with name "NetR?_1" already exists
Add Net: Net with name "NetR?_1" already exists
Add Net: Net with name "NetR?_1" already exists
Add Net: Net with name "NetR?_1" already exists
Add Net: Net with name "PCIE_WAKE" already exists
Add Differential Pair: Number of nets in differential pair NetC15_GMSL_DESERIALIZER_0_1 is 1 instead of 2
Add Differential Pair: Number of nets in differential pair NetC15_GMSL_DESERIALIZER_1_1 is 1 instead of 2
Add Differential Pair: Number of nets in differential pair NetC16_GMSL_DESERIALIZER_0_1 is 1 instead of 2
Add Differential Pair: Number of nets in differential pair NetC16_GMSL_DESERIALIZER_1_1 is 1 instead of 2
Add Differential Pair: Number of nets in differential pair NetC17_GMSL_DESERIALIZER_0_1 is 1 instead of 2
Add Differential Pair: Number of nets in differential pair NetC17_GMSL_DESERIALIZER_1_1 is 1 instead of 2
Add Differential Pair: Number of nets in differential pair NetC18_GMSL_DESERIALIZER_0_1 is 1 instead of 2
Add Differential Pair: Number of nets in differential pair NetC18_GMSL_DESERIALIZER_1_1 is 1 instead of 2
Add Differential Pair: Number of nets in differential pair NetC19_GMSL_DESERIALIZER_0_1 is 1 instead of 2
Add Differential Pair: Number of nets in differential pair NetC19_GMSL_DESERIALIZER_1_1 is 1 instead of 2
Add Differential Pair: Number of nets in differential pair NetC20_GMSL_DESERIALIZER_0_1 is 1 instead of 2
Add Differential Pair: Number of nets in differential pair NetC20_GMSL_DESERIALIZER_1_1 is 1 instead of 2
Add Differential Pair: Number of nets in differential pair NetC23_GMSL_DESERIALIZER_0_1 is 1 instead of 2
Add Differential Pair: Number of nets in differential pair NetC23_GMSL_DESERIALIZER_1_1 is 1 instead of 2
Add Differential Pair: Number of nets in differential pair NetC24_GMSL_DESERIALIZER_0_1 is 1 instead of 2
Add Differential Pair: Number of nets in differential pair NetC24_GMSL_DESERIALIZER_1_1 is 1 instead of 2
Add Differential Pair: Number of nets in differential pair NetC25_GMSL_DESERIALIZER_0_1 is 1 instead of 2
Add Differential Pair: Number of nets in differential pair NetC25_GMSL_DESERIALIZER_1_1 is 1 instead of 2
Add Differential Pair: Number of nets in differential pair NetC28_GMSL_DESERIALIZER_0_1 is 1 instead of 2
Add Differential Pair: Number of nets in differential pair NetC28_GMSL_DESERIALIZER_1_1 is 1 instead of 2
Added Member To Class: ClassName=DAC_0 Member=Component C? GRM188R60J106ME47D
Added Member To Class: ClassName=DAC_0 Member=Component C? C1005X7R1H104K050BB
Added Member To Class: ClassName=DAC_0 Member=Component C? 0603 CAP
Added Member To Class: ClassName=DAC_0 Member=Component C? C1005X7R1H104K050BB
Added Member To Class: ClassName=DAC_0 Member=Component C? GRM188R60J106ME47D
Added Member To Class: ClassName=DAC_0 Member=Component C? GRM188R60J106ME47D
Added Member To Class: ClassName=DAC_0 Member=Component C? GRM188R60J106ME47D
Added Member To Class: ClassName=DAC_0 Member=Component J? 35RASMT4BHNTRX
Added Member To Class: ClassName=DAC_0 Member=Component L? LQG18HN2N2S00D
Add Class Member: Failed to add class member : Component Q10 SISH615ADN-T1-GE3
Add Class Member: Failed to add class member : Component Q11 SISH615ADN-T1-GE3
Add Class Member: Failed to add class member : Component Q13 SISH615ADN-T1-GE3
Add Class Member: Failed to add class member : Component Q14 SISH615ADN-T1-GE3
Add Class Member: Failed to add class member : Component Q15 SISH615ADN-T1-GE3
Add Class Member: Failed to add class member : Component Q16 SISH615ADN-T1-GE3
Added Member To Class: ClassName=DAC_0 Member=Component R? 0402 JUMPER 0 OHM
Added Member To Class: ClassName=DAC_0 Member=Component R? ERJ3EKF1002V
Added Member To Class: ClassName=DAC_0 Member=Component R? ERJ-3EKF49R9V
Added Member To Class: ClassName=DAC_0 Member=Component R? ERJ-3EKF49R9V
Added Member To Class: ClassName=DAC_0 Member=Component R? ERJ3EKF1002V
Added Member To Class: ClassName=DAC_0 Member=Component R? ERJ-3EKF49R9V
Added Member To Class: ClassName=DAC_0 Member=Component R? ERJ-3EKF49R9V
Added Member To Class: ClassName=DAC_0 Member=Component R? ERJ3EKF1002V
Add Class Member: Failed to add class member : Component TP1_GMSL_DESERIALIZER_0 (TP1) TPAD6R
Add Class Member: Failed to add class member : Component TP1_GMSL_DESERIALIZER_1 (TP1) TPAD6R
Add Class Member: Failed to add class member : Component TP2_GMSL_DESERIALIZER_0 (TP2) TPAD6R
Add Class Member: Failed to add class member : Component TP2_GMSL_DESERIALIZER_1 (TP2) TPAD6R
Add Class Member: Failed to add class member : Component TP3_GMSL_DESERIALIZER_0 (TP3) TPAD6R
Add Class Member: Failed to add class member : Component TP3_GMSL_DESERIALIZER_1 (TP3) TPAD6R
Add Class Member: Failed to add class member : Component TP4_GMSL_DESERIALIZER_0 (TP4) TPAD6R
Add Class Member: Failed to add class member : Component TP4_GMSL_DESERIALIZER_1 (TP4) TPAD6R
Add Class Member: Failed to add class member : Component TP5 TPAD6R
Add Class Member: Failed to add class member : Component TP6 TPAD6R
Add Class Member: Failed to add class member : Component TP7 TPAD6R
Add Class Member: Failed to add class member : Component TP8 TPAD6R
Add Class Member: Failed to add class member : Component TP9 TPAD6R
Add Class Member: Failed to add class member : Component TP10 TPAD6R
Add Class Member: Failed to add class member : Component TP11 TPAD6R
Add Class Member: Failed to add class member : Component TP12 TPAD6R
Add Class Member: Failed to add class member : Component TP13 TPAD6R
Add Class Member: Failed to add class member : Component TP14 TPAD6R
Add Class Member: Failed to add class member : Component TP15 TPAD6R
Add Class Member: Failed to add class member : Component TP16_REG_0 (TP16) TPAD6R
Add Class Member: Failed to add class member : Component TP16_REG_1 (TP16) TPAD6R
Add Class Member: Failed to add class member : Component TP17 TPAD6R
Add Class Member: Failed to add class member : Component TP18 TPAD6R
Add Class Member: Failed to add class member : Component TP19 TPAD6R
Add Class Member: Failed to add class member : Component TP20 TPAD6R
Add Class Member: Failed to add class member : Component TP21 TPAD6R
Add Class Member: Failed to add class member : Component TP22 TPAD6R
Add Class Member: Failed to add class member : Component TP23 TPAD6R
Add Class Member: Failed to add class member : Component TP24 TPAD6R
Add Class Member: Failed to add class member : Component TP25 TPAD6R
Add Class Member: Failed to add class member : Component TP26 TPAD6R
Add Class Member: Failed to add class member : Component TP27 TPAD6R
Add Class Member: Failed to add class member : Component TP28 TPAD6R
Add Class Member: Failed to add class member : Component TP29 TPAD6R
Add Class Member: Failed to add class member : Component TP? TPAD6R
Add Class Member: Failed to add class member : Component TP? TPAD6R
Add Class Member: Failed to add class member : Component TP? TPAD6R
Add Class Member: Failed to add class member : Component U4 AP2171WG-7
Add Class Member: Failed to add class member : Component U6 AP2171WG-7
Add Class Member: Failed to add class member : Component U7 AP2171WG-7
Add Class Member: Failed to add class member : Component U8 AP2171WG-7
Add Class Member: Failed to add class member : Component U10 AP2171WG-7
Add Class Member: Failed to add class member : Component U11 AP2171WG-7
Add Class Member: Failed to add class member : Component U19 TCAN1146DYYRQ1
