Added Component: Designator=C?(CAPC1608X90X40ML10T20)
Added Component: Designator=C?(CAPC1608X90X40ML10T20)
Added Component: Designator=Q10(SISH615ADN-T1-GE3-Footprint-1)
Add component (AddParameter): Name = "Component Type"; Value = "Standard"; VariantName = "[No Variations]"
Add component (AddParameter): Name = "Design Item ID"; Value = "CMP-013-00036-4"; VariantName = "[No Variations]"
Add component (AddParameter): Name = "Pins"; Value = "5"; VariantName = "[No Variations]"
Add component (AddParameter): Name = "Source"; Value = "SISH615ADN-T1-GE3.SchLib"; VariantName = "[No Variations]"
Added Component: Designator=Q11(SISH615ADN-T1-GE3-Footprint-1)
Add component (AddParameter): Name = "Component Type"; Value = "Standard"; VariantName = "[No Variations]"
Add component (AddParameter): Name = "Design Item ID"; Value = "CMP-013-00036-4"; VariantName = "[No Variations]"
Add component (AddParameter): Name = "Pins"; Value = "5"; VariantName = "[No Variations]"
Add component (AddParameter): Name = "Source"; Value = "SISH615ADN-T1-GE3.SchLib"; VariantName = "[No Variations]"
Added Component: Designator=Q13(SISH615ADN-T1-GE3-Footprint-1)
Add component (AddParameter): Name = "Component Type"; Value = "Standard"; VariantName = "[No Variations]"
Add component (AddParameter): Name = "Design Item ID"; Value = "CMP-013-00036-4"; VariantName = "[No Variations]"
Add component (AddParameter): Name = "Pins"; Value = "5"; VariantName = "[No Variations]"
Add component (AddParameter): Name = "Source"; Value = "SISH615ADN-T1-GE3.SchLib"; VariantName = "[No Variations]"
Added Component: Designator=Q14(SISH615ADN-T1-GE3-Footprint-1)
Add component (AddParameter): Name = "Component Type"; Value = "Standard"; VariantName = "[No Variations]"
Add component (AddParameter): Name = "Design Item ID"; Value = "CMP-013-00036-4"; VariantName = "[No Variations]"
Add component (AddParameter): Name = "Pins"; Value = "5"; VariantName = "[No Variations]"
Add component (AddParameter): Name = "Source"; Value = "SISH615ADN-T1-GE3.SchLib"; VariantName = "[No Variations]"
Added Component: Designator=Q15(SISH615ADN-T1-GE3-Footprint-1)
Add component (AddParameter): Name = "Component Type"; Value = "Standard"; VariantName = "[No Variations]"
Add component (AddParameter): Name = "Design Item ID"; Value = "CMP-013-00036-4"; VariantName = "[No Variations]"
Add component (AddParameter): Name = "Pins"; Value = "5"; VariantName = "[No Variations]"
Add component (AddParameter): Name = "Source"; Value = "SISH615ADN-T1-GE3.SchLib"; VariantName = "[No Variations]"
Added Component: Designator=Q16(SISH615ADN-T1-GE3-Footprint-1)
Add component (AddParameter): Name = "Component Type"; Value = "Standard"; VariantName = "[No Variations]"
Add component (AddParameter): Name = "Design Item ID"; Value = "CMP-013-00036-4"; VariantName = "[No Variations]"
Add component (AddParameter): Name = "Pins"; Value = "5"; VariantName = "[No Variations]"
Add component (AddParameter): Name = "Source"; Value = "SISH615ADN-T1-GE3.SchLib"; VariantName = "[No Variations]"
Added Component: Designator=U19(TCAN1146DYYRQ1-Footprint-1)
Added Pin To Net: NetName=GND Pin=C?-1
Added Pin To Net: NetName=PRE_BATT_PWR Pin=Q10-1
Added Pin To Net: NetName=PRE_BATT_PWR Pin=Q10-2
Added Pin To Net: NetName=PRE_BATT_PWR Pin=Q10-3
Added Pin To Net: NetName=RP_MOS_LINK Pin=Q10-4
Added Pin To Net: NetName=NetF1_2 Pin=Q10-5-6-7-8
Added Pin To Net: NetName=NetQ11_1 Pin=Q11-1
Added Pin To Net: NetName=NetQ11_1 Pin=Q11-2
Added Pin To Net: NetName=NetQ11_1 Pin=Q11-3
Added Pin To Net: NetName=PWR_MOSFET Pin=Q11-4
Added Pin To Net: NetName=PRE_BATT_PWR Pin=Q11-5-6-7-8
Added Pin To Net: NetName=NetQ11_1 Pin=Q13-1
Added Pin To Net: NetName=NetQ11_1 Pin=Q13-2
Added Pin To Net: NetName=NetQ11_1 Pin=Q13-3
Added Pin To Net: NetName=PWR_MOSFET Pin=Q13-4
Added Pin To Net: NetName=BATT_PWR Pin=Q13-5-6-7-8
Added Pin To Net: NetName=PRE_BATT_PWR Pin=Q14-1
Added Pin To Net: NetName=PRE_BATT_PWR Pin=Q14-2
Added Pin To Net: NetName=PRE_BATT_PWR Pin=Q14-3
Added Pin To Net: NetName=RP_MOS_LINK Pin=Q14-4
Added Pin To Net: NetName=NetF1_2 Pin=Q14-5-6-7-8
Added Pin To Net: NetName=NetQ15_1 Pin=Q15-1
Added Pin To Net: NetName=NetQ15_1 Pin=Q15-2
Added Pin To Net: NetName=NetQ15_1 Pin=Q15-3
Added Pin To Net: NetName=PWR_MOSFET Pin=Q15-4
Added Pin To Net: NetName=PRE_BATT_PWR Pin=Q15-5-6-7-8
Added Pin To Net: NetName=NetQ15_1 Pin=Q16-1
Added Pin To Net: NetName=NetQ15_1 Pin=Q16-2
Added Pin To Net: NetName=NetQ15_1 Pin=Q16-3
Added Pin To Net: NetName=PWR_MOSFET Pin=Q16-4
Added Pin To Net: NetName=BATT_PWR Pin=Q16-5-6-7-8
Add Pin To Net: Unknown Pin: Pin U19-1
Add Pin To Net: Unknown Pin: Pin U19-2
Add Pin To Net: Unknown Pin: Pin U19-3
Add Pin To Net: Unknown Pin: Pin U19-4
Add Pin To Net: Unknown Pin: Pin U19-5
Add Pin To Net: Unknown Pin: Pin U19-6
Add Pin To Net: Unknown Pin: Pin U19-7
Add Pin To Net: Unknown Pin: Pin U19-8
Add Pin To Net: Unknown Pin: Pin U19-9
Add Pin To Net: Unknown Pin: Pin U19-10
Add Pin To Net: Unknown Pin: Pin U19-11
Add Pin To Net: Unknown Pin: Pin U19-12
Add Pin To Net: Unknown Pin: Pin U19-13
Add Pin To Net: Unknown Pin: Pin U19-14
Add Net: Net with name "NetC?_1" already exists
Add Net: Net with name "NetC?_2" already exists
Add Net: Net with name "NetR?_1" already exists
Add Net: Net with name "NetR?_1" already exists
Add Net: Net with name "NetR?_1" already exists
Add Net: Net with name "NetR?_1" already exists
Add Net: Net with name "PCIE_WAKE" already exists
Add Differential Pair: Number of nets in differential pair NetC15_GMSL_DESERIALIZER_0_1 is 1 instead of 2
Add Differential Pair: Number of nets in differential pair NetC15_GMSL_DESERIALIZER_1_1 is 1 instead of 2
Add Differential Pair: Number of nets in differential pair NetC16_GMSL_DESERIALIZER_0_1 is 1 instead of 2
Add Differential Pair: Number of nets in differential pair NetC16_GMSL_DESERIALIZER_1_1 is 1 instead of 2
Add Differential Pair: Number of nets in differential pair NetC17_GMSL_DESERIALIZER_0_1 is 1 instead of 2
Add Differential Pair: Number of nets in differential pair NetC17_GMSL_DESERIALIZER_1_1 is 1 instead of 2
Add Differential Pair: Number of nets in differential pair NetC18_GMSL_DESERIALIZER_0_1 is 1 instead of 2
Add Differential Pair: Number of nets in differential pair NetC18_GMSL_DESERIALIZER_1_1 is 1 instead of 2
Add Differential Pair: Number of nets in differential pair NetC19_GMSL_DESERIALIZER_0_1 is 1 instead of 2
Add Differential Pair: Number of nets in differential pair NetC19_GMSL_DESERIALIZER_1_1 is 1 instead of 2
Add Differential Pair: Number of nets in differential pair NetC20_GMSL_DESERIALIZER_0_1 is 1 instead of 2
Add Differential Pair: Number of nets in differential pair NetC20_GMSL_DESERIALIZER_1_1 is 1 instead of 2
Add Differential Pair: Number of nets in differential pair NetC23_GMSL_DESERIALIZER_0_1 is 1 instead of 2
Add Differential Pair: Number of nets in differential pair NetC23_GMSL_DESERIALIZER_1_1 is 1 instead of 2
Add Differential Pair: Number of nets in differential pair NetC24_GMSL_DESERIALIZER_0_1 is 1 instead of 2
Add Differential Pair: Number of nets in differential pair NetC24_GMSL_DESERIALIZER_1_1 is 1 instead of 2
Add Differential Pair: Number of nets in differential pair NetC25_GMSL_DESERIALIZER_0_1 is 1 instead of 2
Add Differential Pair: Number of nets in differential pair NetC25_GMSL_DESERIALIZER_1_1 is 1 instead of 2
Add Differential Pair: Number of nets in differential pair NetC28_GMSL_DESERIALIZER_0_1 is 1 instead of 2
Add Differential Pair: Number of nets in differential pair NetC28_GMSL_DESERIALIZER_1_1 is 1 instead of 2
Added Member To Class: ClassName=DAC_0 Member=Component C? C1005X7R1H104K050BB
Added Member To Class: ClassName=DAC_0 Member=Component C? GRM188R60J106ME47D
Added Member To Class: ClassName=DAC_0 Member=Component C? GRM188R60J106ME47D
Added Member To Class: ClassName=DAC_0 Member=Component C? GRM188R60J106ME47D
Added Member To Class: ClassName=DAC_0 Member=Component C? GRM188R60J106ME47D
Added Member To Class: ClassName=DAC_0 Member=Component C? C1005X7R1H104K050BB
Added Member To Class: ClassName=DAC_0 Member=Component C? 0603 CAP
Added Member To Class: ClassName=DAC_0 Member=Component J? 35RASMT4BHNTRX
Added Member To Class: ClassName=DAC_0 Member=Component L? LQG18HN2N2S00D
Added Member To Class: ClassName=PWR_MGMT_0 Member=Component Q10 CMP-013-00036-4
Added Member To Class: ClassName=PWR_MGMT_0 Member=Component Q11 CMP-013-00036-4
Added Member To Class: ClassName=PWR_MGMT_0 Member=Component Q13 CMP-013-00036-4
Added Member To Class: ClassName=PWR_MGMT_0 Member=Component Q14 CMP-013-00036-4
Added Member To Class: ClassName=PWR_MGMT_0 Member=Component Q15 CMP-013-00036-4
Added Member To Class: ClassName=PWR_MGMT_0 Member=Component Q16 CMP-013-00036-4
Added Member To Class: ClassName=DAC_0 Member=Component R? ERJ-3EKF49R9V
Added Member To Class: ClassName=DAC_0 Member=Component R? ERJ-3EKF49R9V
Added Member To Class: ClassName=DAC_0 Member=Component R? ERJ3EKF1002V
Added Member To Class: ClassName=DAC_0 Member=Component R? ERJ3EKF1002V
Added Member To Class: ClassName=DAC_0 Member=Component R? ERJ-3EKF49R9V
Added Member To Class: ClassName=DAC_0 Member=Component R? ERJ3EKF1002V
Added Member To Class: ClassName=DAC_0 Member=Component R? ERJ-3EKF49R9V
Added Member To Class: ClassName=DAC_0 Member=Component R? 0402 JUMPER 0 OHM
Added Member To Class: ClassName=DAC_0 Member=Component TP? TPAD6R
Added Member To Class: ClassName=DAC_0 Member=Component TP? TPAD6R
Add Class Member: Failed to add class member : Component U19 TCAN1146DYYRQ1
