Removed Member From Class: ClassName=50SINGLE Member=HDMI_CLK_N
Removed Member From Class: ClassName=50SINGLE Member=HDMI_CLK_P
Removed Member From Class: ClassName=50SINGLE Member=HDMI_D0_N
Removed Member From Class: ClassName=50SINGLE Member=HDMI_D0_P
Removed Member From Class: ClassName=50SINGLE Member=HDMI_D1_N
Removed Member From Class: ClassName=50SINGLE Member=HDMI_D1_P
Removed Member From Class: ClassName=50SINGLE Member=HDMI_D2_N
Removed Member From Class: ClassName=50SINGLE Member=HDMI_D2_P
Removed Member From Class: ClassName=50SINGLE Member=PLDWN_1
Removed Member From Class: ClassName=50SINGLE Member=PLDWN_2
Removed Member From Class: ClassName=50SINGLE Member=PLDWN_3
Removed Member From Class: ClassName=50SINGLE Member=PLDWN_4
Removed Member From Class: ClassName=50SINGLE Member=PLDWN_5
Removed Member From Class: ClassName=50SINGLE Member=PLDWN_6
Removed Member From Class: ClassName=50SINGLE Member=PLDWN_7
Removed Member From Class: ClassName=50SINGLE Member=PLDWN_8
Add Differential Pair: Number of nets in differential pair NetC3_1 is 1 instead of 2
Add Differential Pair: Number of nets in differential pair NetC4_1 is 1 instead of 2
Add Differential Pair: Number of nets in differential pair NetC5_1 is 1 instead of 2
Add Differential Pair: Number of nets in differential pair NetC6_1 is 1 instead of 2
Add Differential Pair: Number of nets in differential pair NetC7_1 is 1 instead of 2
Add Differential Pair: Number of nets in differential pair NetC8_1 is 1 instead of 2
Add Differential Pair: Number of nets in differential pair NetC10_1 is 1 instead of 2
Add Differential Pair: Number of nets in differential pair NetC11_1 is 1 instead of 2
Add Differential Pair: Number of nets in differential pair NetC12_1 is 1 instead of 2
Add Differential Pair: Number of nets in differential pair NetC14_1 is 1 instead of 2
Add Differential Pair: Number of nets in differential pair NetC15_GMSL_DESERIALIZER_1_1 is 1 instead of 2
Add Differential Pair: Number of nets in differential pair NetC16_GMSL_DESERIALIZER_1_1 is 1 instead of 2
Add Differential Pair: Number of nets in differential pair NetC17_GMSL_DESERIALIZER_1_1 is 1 instead of 2
Add Differential Pair: Number of nets in differential pair NetC18_GMSL_DESERIALIZER_1_1 is 1 instead of 2
Add Differential Pair: Number of nets in differential pair NetC19_GMSL_DESERIALIZER_1_1 is 1 instead of 2
Add Differential Pair: Number of nets in differential pair NetC20_GMSL_DESERIALIZER_1_1 is 1 instead of 2
Add Differential Pair: Number of nets in differential pair NetC23_GMSL_DESERIALIZER_1_1 is 1 instead of 2
Add Differential Pair: Number of nets in differential pair NetC24_GMSL_DESERIALIZER_1_1 is 1 instead of 2
Add Differential Pair: Number of nets in differential pair NetC25_GMSL_DESERIALIZER_1_1 is 1 instead of 2
Add Differential Pair: Number of nets in differential pair NetC28_GMSL_DESERIALIZER_1_1 is 1 instead of 2
Added Member To Class: ClassName=100DIFF Member=Wire DP1_TXD0_N
Added Member To Class: ClassName=100DIFF Member=Wire DP1_TXD0_P
Added Member To Class: ClassName=100DIFF Member=Wire DP1_TXD1_N
Added Member To Class: ClassName=100DIFF Member=Wire DP1_TXD1_P
Added Member To Class: ClassName=100DIFF Member=Wire DP1_TXD2_N
Added Member To Class: ClassName=100DIFF Member=Wire DP1_TXD2_P
Added Member To Class: ClassName=100DIFF Member=Wire DP1_TXD3_N
Added Member To Class: ClassName=100DIFF Member=Wire DP1_TXD3_P
Added Member To Class: ClassName=100DIFF Member=Wire HDMI_CLK_N
Added Member To Class: ClassName=100DIFF Member=Wire HDMI_CLK_P
Added Member To Class: ClassName=100DIFF Member=Wire HDMI_D0_N
Added Member To Class: ClassName=100DIFF Member=Wire HDMI_D0_P
Added Member To Class: ClassName=100DIFF Member=Wire HDMI_D1_N
Added Member To Class: ClassName=100DIFF Member=Wire HDMI_D1_P
Added Member To Class: ClassName=100DIFF Member=Wire HDMI_D2_N
Added Member To Class: ClassName=100DIFF Member=Wire HDMI_D2_P
Added Member To Class: ClassName=100DIFF Member=Wire PLDWN_1
Added Member To Class: ClassName=100DIFF Member=Wire PLDWN_2
Added Member To Class: ClassName=100DIFF Member=Wire PLDWN_3
Added Member To Class: ClassName=100DIFF Member=Wire PLDWN_4
Added Member To Class: ClassName=100DIFF Member=Wire PLDWN_5
Added Member To Class: ClassName=100DIFF Member=Wire PLDWN_6
Added Member To Class: ClassName=100DIFF Member=Wire PLDWN_7
Added Member To Class: ClassName=100DIFF Member=Wire PLDWN_8
