Removed Member From Class: ClassName=50SINGLE Member=DP1_AUX_N
Removed Member From Class: ClassName=50SINGLE Member=DP1_AUX_P
Removed Member From Class: ClassName=50SINGLE Member=DP1_TXD0_N
Removed Member From Class: ClassName=50SINGLE Member=DP1_TXD0_P
Removed Member From Class: ClassName=50SINGLE Member=DP1_TXD1_N
Removed Member From Class: ClassName=50SINGLE Member=DP1_TXD1_P
Removed Member From Class: ClassName=50SINGLE Member=DP1_TXD2_N
Removed Member From Class: ClassName=50SINGLE Member=DP1_TXD2_P
Removed Member From Class: ClassName=50SINGLE Member=DP1_TXD3_N
Removed Member From Class: ClassName=50SINGLE Member=DP1_TXD3_P
Removed Member From Class: ClassName=50SINGLE Member=GBE_MDI0_N
Removed Member From Class: ClassName=50SINGLE Member=GBE_MDI0_P
Removed Member From Class: ClassName=50SINGLE Member=GBE_MDI1_N
Removed Member From Class: ClassName=50SINGLE Member=GBE_MDI1_P
Removed Member From Class: ClassName=50SINGLE Member=GBE_MDI2_N
Removed Member From Class: ClassName=50SINGLE Member=GBE_MDI2_P
Removed Member From Class: ClassName=50SINGLE Member=GBE_MDI3_N
Removed Member From Class: ClassName=50SINGLE Member=GBE_MDI3_P
Removed Member From Class: ClassName=50SINGLE Member=HDMI_CLK_N
Removed Member From Class: ClassName=50SINGLE Member=HDMI_CLK_P
Removed Member From Class: ClassName=50SINGLE Member=HDMI_D0_N
Removed Member From Class: ClassName=50SINGLE Member=HDMI_D0_P
Removed Member From Class: ClassName=50SINGLE Member=HDMI_D1_N
Removed Member From Class: ClassName=50SINGLE Member=HDMI_D1_P
Removed Member From Class: ClassName=50SINGLE Member=HDMI_D2_N
Removed Member From Class: ClassName=50SINGLE Member=HDMI_D2_P
Removed Member From Class: ClassName=50SINGLE Member=PLDWN_1
Removed Member From Class: ClassName=50SINGLE Member=PLDWN_2
Removed Member From Class: ClassName=50SINGLE Member=PLDWN_3
Removed Member From Class: ClassName=50SINGLE Member=PLDWN_4
Removed Member From Class: ClassName=50SINGLE Member=PLDWN_5
Removed Member From Class: ClassName=50SINGLE Member=PLDWN_6
Removed Member From Class: ClassName=50SINGLE Member=PLDWN_7
Removed Member From Class: ClassName=50SINGLE Member=PLDWN_8
Removed Member From Class: ClassName=50SINGLE Member=PoC_C_GMSL_DESERIALIZER_0
Removed Member From Class: ClassName=50SINGLE Member=PoC_C_GMSL_DESERIALIZER_1
Removed Member From Class: ClassName=50SINGLE Member=PRE_CSI0_D1_N
Removed Member From Class: ClassName=50SINGLE Member=PRE_CSI0_D1_P
Removed Member From Class: ClassName=50SINGLE Member=PRE_CSI1_D0_N
Removed Member From Class: ClassName=50SINGLE Member=PRE_CSI1_D0_P
Added Component: Designator=C?(CAPC1608X90X40ML10T20)
Added Component: Designator=C?(CAPC1608X90X40ML10T20)
Added Pin To Net: NetName=GND Pin=C?-1
Add Net: Net with name "NetC?_1" already exists
Add Net: Net with name "NetC?_2" already exists
Add Net: Net with name "NetR?_1" already exists
Add Net: Net with name "NetR?_1" already exists
Add Net: Net with name "NetR?_1" already exists
Add Net: Net with name "NetR?_1" already exists
Add Net: Net with name "PCIE_WAKE" already exists
Change Class Name : Old Net Name=50SINGLE New Net Name=100DIFF
Added Class: Name=50SINGLE
Add Differential Pair: Number of nets in differential pair NetC15_GMSL_DESERIALIZER_0_1 is 1 instead of 2
Add Differential Pair: Number of nets in differential pair NetC15_GMSL_DESERIALIZER_1_1 is 1 instead of 2
Add Differential Pair: Number of nets in differential pair NetC16_GMSL_DESERIALIZER_0_1 is 1 instead of 2
Add Differential Pair: Number of nets in differential pair NetC16_GMSL_DESERIALIZER_1_1 is 1 instead of 2
Add Differential Pair: Number of nets in differential pair NetC17_GMSL_DESERIALIZER_0_1 is 1 instead of 2
Add Differential Pair: Number of nets in differential pair NetC17_GMSL_DESERIALIZER_1_1 is 1 instead of 2
Add Differential Pair: Number of nets in differential pair NetC18_GMSL_DESERIALIZER_0_1 is 1 instead of 2
Add Differential Pair: Number of nets in differential pair NetC18_GMSL_DESERIALIZER_1_1 is 1 instead of 2
Add Differential Pair: Number of nets in differential pair NetC19_GMSL_DESERIALIZER_0_1 is 1 instead of 2
Add Differential Pair: Number of nets in differential pair NetC19_GMSL_DESERIALIZER_1_1 is 1 instead of 2
Add Differential Pair: Number of nets in differential pair NetC20_GMSL_DESERIALIZER_0_1 is 1 instead of 2
Add Differential Pair: Number of nets in differential pair NetC20_GMSL_DESERIALIZER_1_1 is 1 instead of 2
Add Differential Pair: Number of nets in differential pair NetC23_GMSL_DESERIALIZER_0_1 is 1 instead of 2
Add Differential Pair: Number of nets in differential pair NetC23_GMSL_DESERIALIZER_1_1 is 1 instead of 2
Add Differential Pair: Number of nets in differential pair NetC24_GMSL_DESERIALIZER_0_1 is 1 instead of 2
Add Differential Pair: Number of nets in differential pair NetC24_GMSL_DESERIALIZER_1_1 is 1 instead of 2
Add Differential Pair: Number of nets in differential pair NetC25_GMSL_DESERIALIZER_0_1 is 1 instead of 2
Add Differential Pair: Number of nets in differential pair NetC25_GMSL_DESERIALIZER_1_1 is 1 instead of 2
Add Differential Pair: Number of nets in differential pair NetC28_GMSL_DESERIALIZER_0_1 is 1 instead of 2
Add Differential Pair: Number of nets in differential pair NetC28_GMSL_DESERIALIZER_1_1 is 1 instead of 2
Added Member To Class: ClassName=DAC_0 Member=Component C? GRM188R60J106ME47D
Added Member To Class: ClassName=DAC_0 Member=Component C? GRM188R60J106ME47D
Added Member To Class: ClassName=DAC_0 Member=Component C? 0603 CAP
Added Member To Class: ClassName=DAC_0 Member=Component C? C1005X7R1H104K050BB
Added Member To Class: ClassName=DAC_0 Member=Component C? GRM188R60J106ME47D
Added Member To Class: ClassName=DAC_0 Member=Component C? C1005X7R1H104K050BB
Added Member To Class: ClassName=DAC_0 Member=Component C? GRM188R60J106ME47D
Added Member To Class: ClassName=DAC_0 Member=Component J? 35RASMT4BHNTRX
Added Member To Class: ClassName=DAC_0 Member=Component L? LQG18HN2N2S00D
Added Member To Class: ClassName=DAC_0 Member=Component R? ERJ3EKF1002V
Added Member To Class: ClassName=DAC_0 Member=Component R? ERJ3EKF1002V
Added Member To Class: ClassName=DAC_0 Member=Component R? ERJ-3EKF49R9V
Added Member To Class: ClassName=DAC_0 Member=Component R? 0402 JUMPER
Added Member To Class: ClassName=DAC_0 Member=Component R? ERJ-3EKF49R9V
Added Member To Class: ClassName=DAC_0 Member=Component R? ERJ-3EKF49R9V
Added Member To Class: ClassName=DAC_0 Member=Component R? ERJ3EKF1002V
Added Member To Class: ClassName=DAC_0 Member=Component R? ERJ-3EKF49R9V
Added Member To Class: ClassName=DAC_0 Member=Component TP? TPAD6R
Added Member To Class: ClassName=DAC_0 Member=Component TP? TPAD6R
Added Room: Name=ETH_IF_0
Added Room: Name=GMSL_DESERIALIZER_0
Added Room: Name=GMSL_DESERIALIZER_1
Added Room: Name=HDMI_IF_0
Added Room: Name=JETSON_0
Added Room: Name=NVME_0
Added Room: Name=PWR_MGMT_0
Added Room: Name=REG_0
Added Room: Name=REG_1
Added Room: Name=REG_2
Added Room: Name=REG_3
Added Room: Name=USB3_0
