Removed Pin From Net: NetName=5V_REG_FB_REG_0 Pin=C58-1
Removed Pin From Net: NetName=5V_REG_FB_REG_0 Pin=C76-1
Removed Pin From Net: NetName=5V_REG_FB_REG_0 Pin=C88-1
Removed Pin From Net: NetName=5V_REG_FB_REG_0 Pin=C94-1
Removed Pin From Net: NetName=5V_REG_FB_REG_0 Pin=R31-1
Removed Pin From Net: NetName=5V_REG_FB_REG_0 Pin=R44-1
Removed Pin From Net: NetName=5V_REG_FB_REG_0 Pin=R48-1
Removed Pin From Net: NetName=5V_REG_FB_REG_0 Pin=R52-1
Removed Pin From Net: NetName=5V_REG_FB_REG_0 Pin=U4-5
Removed Pin From Net: NetName=5V_REG_FB_REG_0 Pin=U6-5
Removed Pin From Net: NetName=5V_REG_FB_REG_0 Pin=U7-5
Removed Pin From Net: NetName=5V_REG_FB_REG_0 Pin=U8-5
Added Pin To Net: NetName=5V_REG_FB_REG_1 Pin=C58-1
Added Pin To Net: NetName=5V_REG_FB_REG_1 Pin=C76-1
Added Pin To Net: NetName=5V_REG_FB_REG_1 Pin=C88-1
Added Pin To Net: NetName=5V_REG_FB_REG_1 Pin=C94-1
Added Pin To Net: NetName=5V_REG_FB_REG_1 Pin=R31-1
Added Pin To Net: NetName=5V_REG_FB_REG_1 Pin=R44-1
Added Pin To Net: NetName=5V_REG_FB_REG_1 Pin=R48-1
Added Pin To Net: NetName=5V_REG_FB_REG_1 Pin=R52-1
Added Pin To Net: NetName=5V_REG_FB_REG_1 Pin=U4-5
Added Pin To Net: NetName=5V_REG_FB_REG_1 Pin=U6-5
Added Pin To Net: NetName=5V_REG_FB_REG_1 Pin=U7-5
Added Pin To Net: NetName=5V_REG_FB_REG_1 Pin=U8-5
