Removed Pin From Net: NetName=GND Pin=C?-1
Removed Member From Class: ClassName=90DIFF Member=NetR186_2
Removed Member From Class: ClassName=90DIFF Member=NetR187_2
Removed Member From Class: ClassName=90DIFF Member=NetR188_2
Removed Member From Class: ClassName=90DIFF Member=NetR189_2
Removed Member From Class: ClassName=90DIFF Member=NetR190_2
Removed Member From Class: ClassName=90DIFF Member=NetR191_2
Removed Member From Class: ClassName=90DIFF Member=NetR192_2
Removed Member From Class: ClassName=90DIFF Member=NetR193_2
Added Component: Designator=C?(CAPC1608X90X40ML10T20)
Added Component: Designator=C?(CAPC1608X90X40ML10T20)
Added Pin To Net: NetName=GND Pin=C?-1
Added Pin To Net: NetName=NetC?_1 Pin=C?-1
Change Net Name : Old Net Name=NetR186_2 New Net Name=PRE_USB0_RX_N
Change Net Name : Old Net Name=NetR187_2 New Net Name=PRE_USB1_RX_N
Change Net Name : Old Net Name=NetR188_2 New Net Name=PRE_USB2_RX_N
Change Net Name : Old Net Name=NetR189_2 New Net Name=PRE_USB3_RX_N
Change Net Name : Old Net Name=NetR190_2 New Net Name=PRE_USB0_RX_P
Change Net Name : Old Net Name=NetR191_2 New Net Name=PRE_USB1_RX_P
Change Net Name : Old Net Name=NetR192_2 New Net Name=PRE_USB2_RX_P
Change Net Name : Old Net Name=NetR193_2 New Net Name=PRE_USB3_RX_P
Add Net: Net with name "NetC?_1" already exists
Add Net: Net with name "NetC?_2" already exists
Add Net: Net with name "NetR?_1" already exists
Add Net: Net with name "NetR?_1" already exists
Add Net: Net with name "NetR?_1" already exists
Add Net: Net with name "NetR?_1" already exists
Add Net: Net with name "PCIE_WAKE" already exists
Add Differential Pair: Number of nets in differential pair NetC15_GMSL_DESERIALIZER_0_1 is 1 instead of 2
Add Differential Pair: Number of nets in differential pair NetC15_GMSL_DESERIALIZER_1_1 is 1 instead of 2
Add Differential Pair: Number of nets in differential pair NetC16_GMSL_DESERIALIZER_0_1 is 1 instead of 2
Add Differential Pair: Number of nets in differential pair NetC16_GMSL_DESERIALIZER_1_1 is 1 instead of 2
Add Differential Pair: Number of nets in differential pair NetC17_GMSL_DESERIALIZER_0_1 is 1 instead of 2
Add Differential Pair: Number of nets in differential pair NetC17_GMSL_DESERIALIZER_1_1 is 1 instead of 2
Add Differential Pair: Number of nets in differential pair NetC18_GMSL_DESERIALIZER_0_1 is 1 instead of 2
Add Differential Pair: Number of nets in differential pair NetC18_GMSL_DESERIALIZER_1_1 is 1 instead of 2
Add Differential Pair: Number of nets in differential pair NetC19_GMSL_DESERIALIZER_0_1 is 1 instead of 2
Add Differential Pair: Number of nets in differential pair NetC19_GMSL_DESERIALIZER_1_1 is 1 instead of 2
Add Differential Pair: Number of nets in differential pair NetC20_GMSL_DESERIALIZER_0_1 is 1 instead of 2
Add Differential Pair: Number of nets in differential pair NetC20_GMSL_DESERIALIZER_1_1 is 1 instead of 2
Add Differential Pair: Number of nets in differential pair NetC23_GMSL_DESERIALIZER_0_1 is 1 instead of 2
Add Differential Pair: Number of nets in differential pair NetC23_GMSL_DESERIALIZER_1_1 is 1 instead of 2
Add Differential Pair: Number of nets in differential pair NetC24_GMSL_DESERIALIZER_0_1 is 1 instead of 2
Add Differential Pair: Number of nets in differential pair NetC24_GMSL_DESERIALIZER_1_1 is 1 instead of 2
Add Differential Pair: Number of nets in differential pair NetC25_GMSL_DESERIALIZER_0_1 is 1 instead of 2
Add Differential Pair: Number of nets in differential pair NetC25_GMSL_DESERIALIZER_1_1 is 1 instead of 2
Add Differential Pair: Number of nets in differential pair NetC28_GMSL_DESERIALIZER_0_1 is 1 instead of 2
Add Differential Pair: Number of nets in differential pair NetC28_GMSL_DESERIALIZER_1_1 is 1 instead of 2
Added Differential Pair: Name=PRE_USB0_RX
Added Differential Pair: Name=PRE_USB1_RX
Added Differential Pair: Name=PRE_USB2_RX
Added Differential Pair: Name=PRE_USB3_RX
Added Member To Class: ClassName=DAC_0 Member=Component C? GRM188R60J106ME47D
Added Member To Class: ClassName=DAC_0 Member=Component C? C1005X7R1H104K050BB
Added Member To Class: ClassName=DAC_0 Member=Component C? GRM188R60J106ME47D
Added Member To Class: ClassName=DAC_0 Member=Component C? GRM188R60J106ME47D
Added Member To Class: ClassName=DAC_0 Member=Component C? 0603 CAP
Added Member To Class: ClassName=DAC_0 Member=Component C? C1005X7R1H104K050BB
Added Member To Class: ClassName=DAC_0 Member=Component C? GRM188R60J106ME47D
Added Member To Class: ClassName=DAC_0 Member=Component J? 35RASMT4BHNTRX
Added Member To Class: ClassName=DAC_0 Member=Component L? LQG18HN2N2S00D
Added Member To Class: ClassName=DAC_0 Member=Component R? ERJ3EKF1002V
Added Member To Class: ClassName=DAC_0 Member=Component R? ERJ-3EKF49R9V
Added Member To Class: ClassName=DAC_0 Member=Component R? ERJ-3EKF49R9V
Added Member To Class: ClassName=DAC_0 Member=Component R? ERJ3EKF1002V
Added Member To Class: ClassName=DAC_0 Member=Component R? ERJ3EKF1002V
Added Member To Class: ClassName=DAC_0 Member=Component R? ERJ-3EKF49R9V
Added Member To Class: ClassName=DAC_0 Member=Component R? ERJ-3EKF49R9V
Added Member To Class: ClassName=DAC_0 Member=Component R? 0402 JUMPER
Added Member To Class: ClassName=DAC_0 Member=Component TP? TPAD6R
Added Member To Class: ClassName=DAC_0 Member=Component TP? TPAD6R
Added Member To Class: ClassName=90DIFF Member=Wire PRE_USB0_RX_N
Added Member To Class: ClassName=90DIFF Member=Wire PRE_USB0_RX_P
Added Member To Class: ClassName=90DIFF Member=Wire PRE_USB1_RX_N
Added Member To Class: ClassName=90DIFF Member=Wire PRE_USB1_RX_P
Added Member To Class: ClassName=90DIFF Member=Wire PRE_USB2_RX_N
Added Member To Class: ClassName=90DIFF Member=Wire PRE_USB2_RX_P
Added Member To Class: ClassName=90DIFF Member=Wire PRE_USB3_RX_N
Added Member To Class: ClassName=90DIFF Member=Wire PRE_USB3_RX_P
Added Member To Class: ClassName=90DIFF Member=PRE_USB0_RX
Added Member To Class: ClassName=90DIFF Member=PRE_USB1_RX
Added Member To Class: ClassName=90DIFF Member=PRE_USB2_RX
Added Member To Class: ClassName=90DIFF Member=PRE_USB3_RX
