Removed Pin From Net: NetName=3V3 Pin=C125-1
Removed Pin From Net: NetName=3V3 Pin=C126-1
Removed Pin From Net: NetName=3V3 Pin=C127-1
Removed Pin From Net: NetName=3V3 Pin=C129-2
Removed Pin From Net: NetName=3V3 Pin=C130-2
Removed Pin From Net: NetName=3V3 Pin=C131-2
Removed Pin From Net: NetName=3V3 Pin=C132-2
Removed Pin From Net: NetName=3V3 Pin=C133-2
Removed Pin From Net: NetName=3V3 Pin=C134-2
Removed Pin From Net: NetName=3V3 Pin=D36-2
Removed Pin From Net: NetName=3V3 Pin=J7-2
Removed Pin From Net: NetName=3V3 Pin=J7-4
Removed Pin From Net: NetName=3V3 Pin=J7-12
Removed Pin From Net: NetName=3V3 Pin=J7-14
Removed Pin From Net: NetName=3V3 Pin=J7-16
Removed Pin From Net: NetName=3V3 Pin=J7-18
Removed Pin From Net: NetName=3V3 Pin=J7-70
Removed Pin From Net: NetName=3V3 Pin=J7-72
Removed Pin From Net: NetName=3V3 Pin=J7-74
Removed Pin From Net: NetName=3V3 Pin=R226-1
Added Pin To Net: NetName=3V3_AUX_FB Pin=C125-1
Added Pin To Net: NetName=3V3_AUX_FB Pin=C126-1
Added Pin To Net: NetName=3V3_AUX_FB Pin=C127-1
Added Pin To Net: NetName=3V3_AUX_FB Pin=C129-2
Added Pin To Net: NetName=3V3_AUX_FB Pin=C130-2
Added Pin To Net: NetName=3V3_AUX_FB Pin=C131-2
Added Pin To Net: NetName=3V3_AUX_FB Pin=C132-2
Added Pin To Net: NetName=3V3_AUX_FB Pin=C133-2
Added Pin To Net: NetName=3V3_AUX_FB Pin=C134-2
Added Pin To Net: NetName=3V3_AUX_FB Pin=D36-2
Added Pin To Net: NetName=3V3_AUX_FB Pin=J7-2
Added Pin To Net: NetName=3V3_AUX_FB Pin=J7-4
Added Pin To Net: NetName=3V3_AUX_FB Pin=J7-12
Added Pin To Net: NetName=3V3_AUX_FB Pin=J7-14
Added Pin To Net: NetName=3V3_AUX_FB Pin=J7-16
Added Pin To Net: NetName=3V3_AUX_FB Pin=J7-18
Added Pin To Net: NetName=3V3_AUX_FB Pin=J7-70
Added Pin To Net: NetName=3V3_AUX_FB Pin=J7-72
Added Pin To Net: NetName=3V3_AUX_FB Pin=J7-74
Added Pin To Net: NetName=3V3_AUX_FB Pin=R226-1
