Added Component: Designator=C253(CAPC1812(4532)125_M)
Add component (AddParameter): Name = "Case-EIA"; Value = "1812"; VariantName = "[No Variations]"
Add component (AddParameter): Name = "Case-Metric"; Value = "4532"; VariantName = "[No Variations]"
Add component (AddParameter): Name = "Max Thickness"; Value = "1.25 mm"; VariantName = "[No Variations]"
Add component (AddParameter): Name = "Rated Voltage"; Value = "50 V"; VariantName = "[No Variations]"
Add component (AddParameter): Name = "Technology"; Value = "SMT"; VariantName = "[No Variations]"
Add component (AddParameter): Name = "Tolerance"; Value = "±10%"; VariantName = "[No Variations]"
Add component (AddParameter): Name = "Value"; Value = "470nF"; VariantName = "[No Variations]"
Added Component: Designator=C254(CAPC1812(4532)125_M)
Add component (AddParameter): Name = "Case-EIA"; Value = "1812"; VariantName = "[No Variations]"
Add component (AddParameter): Name = "Case-Metric"; Value = "4532"; VariantName = "[No Variations]"
Add component (AddParameter): Name = "Max Thickness"; Value = "1.25 mm"; VariantName = "[No Variations]"
Add component (AddParameter): Name = "Rated Voltage"; Value = "50 V"; VariantName = "[No Variations]"
Add component (AddParameter): Name = "Technology"; Value = "SMT"; VariantName = "[No Variations]"
Add component (AddParameter): Name = "Tolerance"; Value = "±10%"; VariantName = "[No Variations]"
Add component (AddParameter): Name = "Value"; Value = "470nF"; VariantName = "[No Variations]"
Added Component: Designator=C255(CAPC1812(4532)125_M)
Add component (AddParameter): Name = "Case-EIA"; Value = "1812"; VariantName = "[No Variations]"
Add component (AddParameter): Name = "Case-Metric"; Value = "4532"; VariantName = "[No Variations]"
Add component (AddParameter): Name = "Max Thickness"; Value = "1.25 mm"; VariantName = "[No Variations]"
Add component (AddParameter): Name = "Rated Voltage"; Value = "50 V"; VariantName = "[No Variations]"
Add component (AddParameter): Name = "Technology"; Value = "SMT"; VariantName = "[No Variations]"
Add component (AddParameter): Name = "Tolerance"; Value = "±10%"; VariantName = "[No Variations]"
Add component (AddParameter): Name = "Value"; Value = "470nF"; VariantName = "[No Variations]"
Added Component: Designator=C256(CAPC1812(4532)125_M)
Add component (AddParameter): Name = "Case-EIA"; Value = "1812"; VariantName = "[No Variations]"
Add component (AddParameter): Name = "Case-Metric"; Value = "4532"; VariantName = "[No Variations]"
Add component (AddParameter): Name = "Max Thickness"; Value = "1.25 mm"; VariantName = "[No Variations]"
Add component (AddParameter): Name = "Rated Voltage"; Value = "50 V"; VariantName = "[No Variations]"
Add component (AddParameter): Name = "Technology"; Value = "SMT"; VariantName = "[No Variations]"
Add component (AddParameter): Name = "Tolerance"; Value = "±10%"; VariantName = "[No Variations]"
Add component (AddParameter): Name = "Value"; Value = "470nF"; VariantName = "[No Variations]"
Added Pin To Net: NetName=GND Pin=C253-1
Added Pin To Net: NetName=2V_AUX_OUT Pin=C253-2
Added Pin To Net: NetName=GND Pin=C254-1
Added Pin To Net: NetName=2V_AUX_OUT Pin=C254-2
Added Pin To Net: NetName=GND Pin=C255-1
Added Pin To Net: NetName=2V_AUX_OUT Pin=C255-2
Added Pin To Net: NetName=GND Pin=C256-1
Added Pin To Net: NetName=2V_AUX_OUT Pin=C256-2
Added Member To Class: ClassName=REG_3 Member=Component C253 CAP 470nF 50V 1812(4532)
Added Member To Class: ClassName=REG_3 Member=Component C254 CAP 470nF 50V 1812(4532)
Added Member To Class: ClassName=REG_3 Member=Component C255 CAP 470nF 50V 1812(4532)
Added Member To Class: ClassName=REG_3 Member=Component C256 CAP 470nF 50V 1812(4532)
