Removed Pin From Net: NetName=GND Pin=C?-1
Added Component: Designator=C?(CAPC1608X90X40ML10T20)
Added Component: Designator=C?(CAPC1608X90X40ML10T20)
Added Component: Designator=Q10(SISH615ADN-T1-GE3-Footprint-1)
Added Component: Designator=Q11(SISH615ADN-T1-GE3-Footprint-1)
Added Component: Designator=Q13(SISH615ADN-T1-GE3-Footprint-1)
Added Component: Designator=Q14(SISH615ADN-T1-GE3-Footprint-1)
Added Component: Designator=Q15(SISH615ADN-T1-GE3-Footprint-1)
Added Component: Designator=Q16(SISH615ADN-T1-GE3-Footprint-1)
Added Component: Designator=U19(TCAN1146DYYRQ1-Footprint-1)
Added Pin To Net: NetName=GND Pin=C?-1
Added Pin To Net: NetName=NetC?_1 Pin=C?-1
Add Pin To Net: Unknown Pin: Pin Q10-1
Add Pin To Net: Unknown Pin: Pin Q10-2
Add Pin To Net: Unknown Pin: Pin Q10-3
Add Pin To Net: Unknown Pin: Pin Q10-4
Add Pin To Net: Unknown Pin: Pin Q10-5-6-7-8
Add Pin To Net: Unknown Pin: Pin Q11-1
Add Pin To Net: Unknown Pin: Pin Q11-2
Add Pin To Net: Unknown Pin: Pin Q11-3
Add Pin To Net: Unknown Pin: Pin Q11-4
Add Pin To Net: Unknown Pin: Pin Q11-5-6-7-8
Add Pin To Net: Unknown Pin: Pin Q13-1
Add Pin To Net: Unknown Pin: Pin Q13-2
Add Pin To Net: Unknown Pin: Pin Q13-3
Add Pin To Net: Unknown Pin: Pin Q13-4
Add Pin To Net: Unknown Pin: Pin Q13-5-6-7-8
Add Pin To Net: Unknown Pin: Pin Q14-1
Add Pin To Net: Unknown Pin: Pin Q14-2
Add Pin To Net: Unknown Pin: Pin Q14-3
Add Pin To Net: Unknown Pin: Pin Q14-4
Add Pin To Net: Unknown Pin: Pin Q14-5-6-7-8
Add Pin To Net: Unknown Pin: Pin Q15-1
Add Pin To Net: Unknown Pin: Pin Q15-2
Add Pin To Net: Unknown Pin: Pin Q15-3
Add Pin To Net: Unknown Pin: Pin Q15-4
Add Pin To Net: Unknown Pin: Pin Q15-5-6-7-8
Add Pin To Net: Unknown Pin: Pin Q16-1
Add Pin To Net: Unknown Pin: Pin Q16-2
Add Pin To Net: Unknown Pin: Pin Q16-3
Add Pin To Net: Unknown Pin: Pin Q16-4
Add Pin To Net: Unknown Pin: Pin Q16-5-6-7-8
Add Pin To Net: Unknown Pin: Pin U19-1
Add Pin To Net: Unknown Pin: Pin U19-2
Add Pin To Net: Unknown Pin: Pin U19-3
Add Pin To Net: Unknown Pin: Pin U19-4
Add Pin To Net: Unknown Pin: Pin U19-5
Add Pin To Net: Unknown Pin: Pin U19-6
Add Pin To Net: Unknown Pin: Pin U19-7
Add Pin To Net: Unknown Pin: Pin U19-8
Add Pin To Net: Unknown Pin: Pin U19-9
Add Pin To Net: Unknown Pin: Pin U19-10
Add Pin To Net: Unknown Pin: Pin U19-11
Add Pin To Net: Unknown Pin: Pin U19-12
Add Pin To Net: Unknown Pin: Pin U19-13
Add Pin To Net: Unknown Pin: Pin U19-14
Add Net: Net with name "NetC?_1" already exists
Add Net: Net with name "NetC?_2" already exists
Add Net: Net with name "NetR?_1" already exists
Add Net: Net with name "NetR?_1" already exists
Add Net: Net with name "NetR?_1" already exists
Add Net: Net with name "NetR?_1" already exists
Add Net: Net with name "PCIE_WAKE" already exists
Add Differential Pair: Number of nets in differential pair NetC15_GMSL_DESERIALIZER_0_1 is 1 instead of 2
Add Differential Pair: Number of nets in differential pair NetC15_GMSL_DESERIALIZER_1_1 is 1 instead of 2
Add Differential Pair: Number of nets in differential pair NetC16_GMSL_DESERIALIZER_0_1 is 1 instead of 2
Add Differential Pair: Number of nets in differential pair NetC16_GMSL_DESERIALIZER_1_1 is 1 instead of 2
Add Differential Pair: Number of nets in differential pair NetC17_GMSL_DESERIALIZER_0_1 is 1 instead of 2
Add Differential Pair: Number of nets in differential pair NetC17_GMSL_DESERIALIZER_1_1 is 1 instead of 2
Add Differential Pair: Number of nets in differential pair NetC18_GMSL_DESERIALIZER_0_1 is 1 instead of 2
Add Differential Pair: Number of nets in differential pair NetC18_GMSL_DESERIALIZER_1_1 is 1 instead of 2
Add Differential Pair: Number of nets in differential pair NetC19_GMSL_DESERIALIZER_0_1 is 1 instead of 2
Add Differential Pair: Number of nets in differential pair NetC19_GMSL_DESERIALIZER_1_1 is 1 instead of 2
Add Differential Pair: Number of nets in differential pair NetC20_GMSL_DESERIALIZER_0_1 is 1 instead of 2
Add Differential Pair: Number of nets in differential pair NetC20_GMSL_DESERIALIZER_1_1 is 1 instead of 2
Add Differential Pair: Number of nets in differential pair NetC23_GMSL_DESERIALIZER_0_1 is 1 instead of 2
Add Differential Pair: Number of nets in differential pair NetC23_GMSL_DESERIALIZER_1_1 is 1 instead of 2
Add Differential Pair: Number of nets in differential pair NetC24_GMSL_DESERIALIZER_0_1 is 1 instead of 2
Add Differential Pair: Number of nets in differential pair NetC24_GMSL_DESERIALIZER_1_1 is 1 instead of 2
Add Differential Pair: Number of nets in differential pair NetC25_GMSL_DESERIALIZER_0_1 is 1 instead of 2
Add Differential Pair: Number of nets in differential pair NetC25_GMSL_DESERIALIZER_1_1 is 1 instead of 2
Add Differential Pair: Number of nets in differential pair NetC28_GMSL_DESERIALIZER_0_1 is 1 instead of 2
Add Differential Pair: Number of nets in differential pair NetC28_GMSL_DESERIALIZER_1_1 is 1 instead of 2
Added Member To Class: ClassName=DAC_0 Member=Component C? GRM188R60J106ME47D
Added Member To Class: ClassName=DAC_0 Member=Component C? C1005X7R1H104K050BB
Added Member To Class: ClassName=DAC_0 Member=Component C? GRM188R60J106ME47D
Added Member To Class: ClassName=DAC_0 Member=Component C? C1005X7R1H104K050BB
Added Member To Class: ClassName=DAC_0 Member=Component C? GRM188R60J106ME47D
Added Member To Class: ClassName=DAC_0 Member=Component C? 0603 CAP
Added Member To Class: ClassName=DAC_0 Member=Component C? GRM188R60J106ME47D
Added Member To Class: ClassName=DAC_0 Member=Component J? 35RASMT4BHNTRX
Added Member To Class: ClassName=DAC_0 Member=Component L? LQG18HN2N2S00D
Add Class Member: Failed to add class member : Component Q10 SISH615ADN-T1-GE3
Add Class Member: Failed to add class member : Component Q11 SISH615ADN-T1-GE3
Add Class Member: Failed to add class member : Component Q13 SISH615ADN-T1-GE3
Add Class Member: Failed to add class member : Component Q14 SISH615ADN-T1-GE3
Add Class Member: Failed to add class member : Component Q15 SISH615ADN-T1-GE3
Add Class Member: Failed to add class member : Component Q16 SISH615ADN-T1-GE3
Added Member To Class: ClassName=DAC_0 Member=Component R? ERJ-3EKF49R9V
Added Member To Class: ClassName=DAC_0 Member=Component R? ERJ3EKF1002V
Added Member To Class: ClassName=DAC_0 Member=Component R? ERJ-3EKF49R9V
Added Member To Class: ClassName=DAC_0 Member=Component R? 0402 JUMPER 0 OHM
Added Member To Class: ClassName=DAC_0 Member=Component R? ERJ-3EKF49R9V
Added Member To Class: ClassName=DAC_0 Member=Component R? ERJ-3EKF49R9V
Added Member To Class: ClassName=DAC_0 Member=Component R? ERJ3EKF1002V
Added Member To Class: ClassName=DAC_0 Member=Component R? ERJ3EKF1002V
Added Member To Class: ClassName=DAC_0 Member=Component TP? TPAD6R
Added Member To Class: ClassName=DAC_0 Member=Component TP? TPAD6R
Add Class Member: Failed to add class member : Component U19 TCAN1146DYYRQ1
