Removed Pin From Net: NetName=FAN_VDDIO_SoC_FAN_IF Pin=R349-2
Removed Pin From Net: NetName=FAN_VDDIO_SoC_FAN_IF Pin=R353-2
Added Component: Designator=R35(RESC1005X40X25ML05T05)
Add component (AddParameter): Name = "Case/Package"; Value = ""; VariantName = "[No Variations]"
Add component (AddParameter): Name = "Component Type"; Value = "Standard"; VariantName = "[No Variations]"
Add component (AddParameter): Name = "Design Item ID"; Value = "CMP-009-00206-2"; VariantName = "[No Variations]"
Add component (AddParameter): Name = "Max Operating Temperature"; Value = ""; VariantName = "[No Variations]"
Add component (AddParameter): Name = "Min Operating Temperature"; Value = ""; VariantName = "[No Variations]"
Add component (AddParameter): Name = "Mounting Technology"; Value = ""; VariantName = "[No Variations]"
Add component (AddParameter): Name = "Pins"; Value = "2"; VariantName = "[No Variations]"
Add component (AddParameter): Name = "Power"; Value = ""; VariantName = "[No Variations]"
Add component (AddParameter): Name = "RoHS Compliant"; Value = ""; VariantName = "[No Variations]"
Add component (AddParameter): Name = "Source"; Value = "0402jump.SchLib"; VariantName = "[No Variations]"
Add component (AddParameter): Name = "Tolerance"; Value = ""; VariantName = "[No Variations]"
Add component (AddParameter): Name = "Value"; Value = ""; VariantName = "[No Variations]"
Add component (AddParameter): Name = "Voltage Rating"; Value = ""; VariantName = "[No Variations]"
Added Pin To Net: NetName=FAN_VDDIO_SoC_FAN_IF Pin=R35-2
Added Pin To Net: NetName=PWR_MGMT_1V8 Pin=R35-1
Added Pin To Net: NetName=PWR_MGMT_1V8 Pin=R349-2
Added Pin To Net: NetName=PWR_MGMT_1V8 Pin=R353-2
Added Net: Name=PWR_MGMT_1V8
Added Member To Class: ClassName=CAN_IF_0 Member=Component R35 0402 JUMPER
