(---------------------------------------------------------------------)
(                                                                     )
(    NC ROUTE Log                                                     )
(                                                                     )
(    Drawing          : 142-13509-1000-A01.brd                        )
(    Software Version : 17.2S050                                      )
(    Date/Time        : Wed Nov 27 16:14:26 2019                      )
(                                                                     )
(---------------------------------------------------------------------)



 Processing NC Parameters file 'nc_param.txt' ...

 NC PARAMETERS
 -------------

 FORMAT   		3.4
 MACHINE-OFFSET		x:0.00000	y:0.00000   (mm)
 FEEDRATE		1
 COORDINATES		ABSOLUTE
 OUTPUT-UNITS		METRIC
 TOOL-ORDER		INCREASING
 REPEAT-CODES		YES
 SUPPRESS-LEAD-ZEROES	YES
 SUPPRESS-TRAIL-ZEROES	NO
 SUPPRESS-EQUAL		YES
 TOOL-SELECT		YES
 HEADER			none
 LEADER			12
 CODE			ASCII
 SEPARATE		NO
 SEPARATE-ROUTING	NO
 OPTIMIZE_DRILLING	NO
 ENHANCED_EXCELLON	YES
 SCALE			1.000000


 WARNING(SPMHMF-326): Cannot find NC Route bit tool file 'ncroutebits.txt'
 WARNING(SPMHMF-327): ... will auto-generate bit tool file 'ncroutebits_auto.txt'.

 Auto-generating tool file 'ncroutebits_auto.txt' ...

     0.5500  T01       
     0.8000  T02       
     0.8500  T03       
     1.0000  T04       

-------------------------------------------------------------

 Pre_processing route path data ...

 WARNING(SPMHMF-296): No route path data was found for processing.


-------------------------------------------------------------

 Processing slot hole data ... TOP to BOTTOM 

 OVAL      slots routed: 19
 RECTANGLE slots routed: 0

-------------------------------------------------------------

 NC Route file 'ncslot_1-6.tap' created ...

-------------------------------------------------------------

 Program completed.

