Removed Member From Class: ClassName=100DIFF Member=CK_CAMIF_1_N
Removed Member From Class: ClassName=100DIFF Member=CK_CAMIF_1_P
Removed Member From Class: ClassName=100DIFF Member=CK_CAMIF_2_N
Removed Member From Class: ClassName=100DIFF Member=CK_CAMIF_2_P
Removed Member From Class: ClassName=100DIFF Member=DA0_CAMIF_1_N
Removed Member From Class: ClassName=100DIFF Member=DA0_CAMIF_1_P
Removed Member From Class: ClassName=100DIFF Member=DA0_CAMIF_2_N
Removed Member From Class: ClassName=100DIFF Member=DA0_CAMIF_2_P
Removed Member From Class: ClassName=100DIFF Member=DA1_CAMIF_1_N
Removed Member From Class: ClassName=100DIFF Member=DA1_CAMIF_1_P
Removed Member From Class: ClassName=100DIFF Member=DA1_CAMIF_2_N
Removed Member From Class: ClassName=100DIFF Member=DA1_CAMIF_2_P
Removed Member From Class: ClassName=100DIFF Member=DA2_CAMIF_1_N
Removed Member From Class: ClassName=100DIFF Member=DA2_CAMIF_1_P
Removed Member From Class: ClassName=100DIFF Member=DA2_CAMIF_2_N
Removed Member From Class: ClassName=100DIFF Member=DA2_CAMIF_2_P
Removed Member From Class: ClassName=100DIFF Member=DA3_CAMIF_1_N
Removed Member From Class: ClassName=100DIFF Member=DA3_CAMIF_1_P
Removed Member From Class: ClassName=100DIFF Member=DA3_CAMIF_2_N
Removed Member From Class: ClassName=100DIFF Member=DA3_CAMIF_2_P
Added Member To Class: ClassName=50SINGLE Member=Wire CK_CAMIF_1_N
Added Member To Class: ClassName=50SINGLE Member=Wire CK_CAMIF_1_P
Added Member To Class: ClassName=50SINGLE Member=Wire CK_CAMIF_2_N
Added Member To Class: ClassName=50SINGLE Member=Wire CK_CAMIF_2_P
Added Member To Class: ClassName=50SINGLE Member=Wire CSI0_CLK_N
Added Member To Class: ClassName=50SINGLE Member=Wire CSI0_CLK_P
Added Member To Class: ClassName=50SINGLE Member=Wire CSI0_D0_N
Added Member To Class: ClassName=50SINGLE Member=Wire CSI0_D0_P
Added Member To Class: ClassName=50SINGLE Member=Wire CSI0_D1_N
Added Member To Class: ClassName=50SINGLE Member=Wire CSI0_D1_P
Added Member To Class: ClassName=50SINGLE Member=Wire CSI1_D0_N
Added Member To Class: ClassName=50SINGLE Member=Wire CSI1_D0_P
Added Member To Class: ClassName=50SINGLE Member=Wire CSI1_D1_N
Added Member To Class: ClassName=50SINGLE Member=Wire CSI1_D1_P
Added Member To Class: ClassName=50SINGLE Member=Wire CSI2_CLK_N
Added Member To Class: ClassName=50SINGLE Member=Wire CSI2_CLK_P
Added Member To Class: ClassName=50SINGLE Member=Wire CSI2_D0_N
Added Member To Class: ClassName=50SINGLE Member=Wire CSI2_D0_P
Added Member To Class: ClassName=50SINGLE Member=Wire CSI2_D1_N
Added Member To Class: ClassName=50SINGLE Member=Wire CSI2_D1_P
Added Member To Class: ClassName=50SINGLE Member=Wire CSI3_D0_N
Added Member To Class: ClassName=50SINGLE Member=Wire CSI3_D0_P
Added Member To Class: ClassName=50SINGLE Member=Wire CSI3_D1_N
Added Member To Class: ClassName=50SINGLE Member=Wire CSI3_D1_P
Added Member To Class: ClassName=50SINGLE Member=Wire DA0_CAMIF_1_N
Added Member To Class: ClassName=50SINGLE Member=Wire DA0_CAMIF_1_P
Added Member To Class: ClassName=50SINGLE Member=Wire DA0_CAMIF_2_N
Added Member To Class: ClassName=50SINGLE Member=Wire DA0_CAMIF_2_P
Added Member To Class: ClassName=50SINGLE Member=Wire DA1_CAMIF_1_N
Added Member To Class: ClassName=50SINGLE Member=Wire DA1_CAMIF_1_P
Added Member To Class: ClassName=50SINGLE Member=Wire DA1_CAMIF_2_N
Added Member To Class: ClassName=50SINGLE Member=Wire DA1_CAMIF_2_P
Added Member To Class: ClassName=50SINGLE Member=Wire DA2_CAMIF_1_N
Added Member To Class: ClassName=50SINGLE Member=Wire DA2_CAMIF_1_P
Added Member To Class: ClassName=50SINGLE Member=Wire DA2_CAMIF_2_N
Added Member To Class: ClassName=50SINGLE Member=Wire DA2_CAMIF_2_P
Added Member To Class: ClassName=50SINGLE Member=Wire DA3_CAMIF_1_N
Added Member To Class: ClassName=50SINGLE Member=Wire DA3_CAMIF_1_P
Added Member To Class: ClassName=50SINGLE Member=Wire DA3_CAMIF_2_N
Added Member To Class: ClassName=50SINGLE Member=Wire DA3_CAMIF_2_P
