Removed Pin From Net: NetName=CAM_I2C_SDA Pin=R17_CAMIF_1-1
Removed Pin From Net: NetName=CAM_I2C_SCL Pin=R21_CAMIF_1-1
Removed Pin From Net: NetName=CAM_I2C_SDA Pin=U1_CAMIF_1-28
Removed Pin From Net: NetName=CAM_I2C_SCL Pin=U1_CAMIF_1-29
Added Pin To Net: NetName=CAM_I2C_SCL_CAMIF_1 Pin=R21_CAMIF_1-1
Added Pin To Net: NetName=CAM_I2C_SCL_CAMIF_1 Pin=U1_CAMIF_1-29
Added Net: Name=CAM_I2C_SCL_CAMIF_1
Added Pin To Net: NetName=CAM_I2C_SCL_CAMIF_2 Pin=R21_CAMIF_2-1
Added Pin To Net: NetName=CAM_I2C_SCL_CAMIF_2 Pin=U1_CAMIF_2-29
Added Net: Name=CAM_I2C_SCL_CAMIF_2
Add Net: Net with name "CAM_I2C_SCL" already exists
Added Pin To Net: NetName=CAM_I2C_SDA_CAMIF_1 Pin=R17_CAMIF_1-1
Added Pin To Net: NetName=CAM_I2C_SDA_CAMIF_1 Pin=U1_CAMIF_1-28
Added Net: Name=CAM_I2C_SDA_CAMIF_1
Added Pin To Net: NetName=CAM_I2C_SDA_CAMIF_2 Pin=R17_CAMIF_2-1
Added Pin To Net: NetName=CAM_I2C_SDA_CAMIF_2 Pin=U1_CAMIF_2-28
Added Net: Name=CAM_I2C_SDA_CAMIF_2
Add Net: Net with name "CAM_I2C_SDA" already exists
Add Net: Net with name "CAN_RX" already exists
Add Net: Net with name "CAN_TX" already exists
Add Net: Net with name "nMOD_SLEEP" already exists
Add Net: Net with name "PCIE0_RX0_N" already exists
Add Net: Net with name "PCIE0_RX0_P" already exists
Add Net: Net with name "PCIE0_RX1_N" already exists
Add Net: Net with name "PCIE0_RX1_P" already exists
Add Net: Net with name "PCIE0_RX2_N" already exists
Add Net: Net with name "PCIE0_RX2_P" already exists
Add Net: Net with name "PCIE0_RX3_N" already exists
Add Net: Net with name "PCIE0_RX3_P" already exists
Add Net: Net with name "USB0_D_N" already exists
Add Net: Net with name "USB0_D_P" already exists
Add Net: Net with name "USB1_D_N" already exists
Add Net: Net with name "USB1_D_P" already exists
Add Net: Net with name "VBUS_1" already exists
