Removed Pin From Net: NetName=M1_OUT_MOSFET_BANK_0 Pin=J1-1
Removed Pin From Net: NetName=M2_OUT_MOSFET_BANK_0 Pin=J1-2
Removed Pin From Net: NetName=M3_OUT_MOSFET_BANK_0 Pin=J1-3
Removed Pin From Net: NetName=M4_OUT_MOSFET_BANK_0 Pin=J1-4
Removed Pin From Net: NetName=M1_OUT_MOSFET_BANK_1 Pin=J1-5
Removed Pin From Net: NetName=M2_OUT_MOSFET_BANK_1 Pin=J1-6
Removed Pin From Net: NetName=M3_OUT_MOSFET_BANK_1 Pin=J1-13
Removed Pin From Net: NetName=M4_OUT_MOSFET_BANK_1 Pin=J1-14
Removed Pin From Net: NetName=M1_OUT_MOSFET_BANK_2 Pin=J1-15
Removed Pin From Net: NetName=M2_OUT_MOSFET_BANK_2 Pin=J1-16
Removed Pin From Net: NetName=M3_OUT_MOSFET_BANK_2 Pin=J1-17
Removed Pin From Net: NetName=M4_OUT_MOSFET_BANK_2 Pin=J1-24
Removed Pin From Net: NetName=M1_OUT_MOSFET_BANK_3 Pin=J1-25
Removed Pin From Net: NetName=M2_OUT_MOSFET_BANK_3 Pin=J1-26
Removed Pin From Net: NetName=M3_OUT_MOSFET_BANK_3 Pin=J1-27
Removed Pin From Net: NetName=M4_OUT_MOSFET_BANK_3 Pin=J1-28
Removed Pin From Net: NetName=M1_OUT_MOSFET_BANK_0 Pin=Q7_BYPASS_0-5-6-7-8
Removed Pin From Net: NetName=M2_OUT_MOSFET_BANK_0 Pin=Q7_BYPASS_1-5-6-7-8
Removed Pin From Net: NetName=M3_OUT_MOSFET_BANK_0 Pin=Q7_BYPASS_2-5-6-7-8
Removed Pin From Net: NetName=M4_OUT_MOSFET_BANK_0 Pin=Q7_BYPASS_3-5-6-7-8
Change Component Comment : Designator=R51_12V_REG_0 Old Comment=10k New Comment=DNP
Change Component Comment : Designator=R51_12V_REG_1 Old Comment=10k New Comment=DNP
Added Component: Designator=F2_MOSFET_BANK_0(FP-0466-MFG)
Add component (AddParameter): Name = "Automotive"; Value = "No"; VariantName = "[No Variations]"
Add component (AddParameter): Name = "Category"; Value = "Fuse"; VariantName = "[No Variations]"
Add component (AddParameter): Name = "ComponentLink2Description"; Value = "Datasheet"; VariantName = "[No Variations]"
Add component (AddParameter): Name = "ComponentLink2URL"; Value = "https://www.littelfuse.com/~/media/electronics/datasheets/fuses/littelfuse_fuse_466_datasheet.pdf.pdf"; VariantName = "[No Variations]"
Add component (AddParameter): Name = "Device Class L1"; Value = "Circuit Protection"; VariantName = "[No Variations]"
Add component (AddParameter): Name = "Device Class L2"; Value = "Fuses"; VariantName = "[No Variations]"
Add component (AddParameter): Name = "Device Class L3"; Value = "unset"; VariantName = "[No Variations]"
Add component (AddParameter): Name = "Digikey Description"; Value = "FUSE BOARD MNT 3A 32VAC/VDC 1206"; VariantName = "[No Variations]"
Add component (AddParameter): Name = "Fuse Blow Speed"; Value = "Fast"; VariantName = "[No Variations]"
Add component (AddParameter): Name = "Fuse Current"; Value = "3A"; VariantName = "[No Variations]"
Add component (AddParameter): Name = "Fuse I2T"; Value = "0.576A2Sec"; VariantName = "[No Variations]"
Add component (AddParameter): Name = "Fuse Interrupt Ac Current"; Value = "50A"; VariantName = "[No Variations]"
Add component (AddParameter): Name = "Fuse Interrupt Dc Current"; Value = "50A"; VariantName = "[No Variations]"
Add component (AddParameter): Name = "Fuse Voltage Drop"; Value = "75.99mV"; VariantName = "[No Variations]"
Add component (AddParameter): Name = "Height"; Value = "0.66mm"; VariantName = "[No Variations]"
Add component (AddParameter): Name = "Lead Free"; Value = "Yes"; VariantName = "[No Variations]"
Add component (AddParameter): Name = "Manufacturer"; Value = "Littelfuse"; VariantName = "[No Variations]"
Add component (AddParameter): Name = "Manufacturer Part Number"; Value = "0466003.NR"; VariantName = "[No Variations]"
Add component (AddParameter): Name = "Max Fuse Ac Voltage"; Value = "32V"; VariantName = "[No Variations]"
Add component (AddParameter): Name = "Max Fuse Dc Voltage"; Value = "32V"; VariantName = "[No Variations]"
Add component (AddParameter): Name = "Mouser Description"; Value = "Surface Mount Fuses 32V 3A VFA Slimline"; VariantName = "[No Variations]"
Add component (AddParameter): Name = "Octopart"; Value = "https://octopart.com/0466003.nr-littelfuse-565175"; VariantName = "[No Variations]"
Add component (AddParameter): Name = "Package"; Value = "0466"; VariantName = "[No Variations]"
Add component (AddParameter): Name = "Resistance"; Value = "0.019O"; VariantName = "[No Variations]"
Add component (AddParameter): Name = "RoHS"; Value = "TRUE"; VariantName = "[No Variations]"
Add component (AddParameter): Name = "Temperature"; Value = "-55°C to +90°C"; VariantName = "[No Variations]"
Add component (AddParameter): Name = "Temperature Range High"; Value = "+90°C"; VariantName = "[No Variations]"
Add component (AddParameter): Name = "Temperature Range Low"; Value = "-55°C"; VariantName = "[No Variations]"
Add component (AddParameter): Name = "Value"; Value = "0.019O"; VariantName = "[No Variations]"
Add component (AddParameter): Name = "Voltage Rating"; Value = "32V"; VariantName = "[No Variations]"
Added Component: Designator=F2_MOSFET_BANK_1(FP-0466-MFG)
Add component (AddParameter): Name = "Automotive"; Value = "No"; VariantName = "[No Variations]"
Add component (AddParameter): Name = "Category"; Value = "Fuse"; VariantName = "[No Variations]"
Add component (AddParameter): Name = "ComponentLink2Description"; Value = "Datasheet"; VariantName = "[No Variations]"
Add component (AddParameter): Name = "ComponentLink2URL"; Value = "https://www.littelfuse.com/~/media/electronics/datasheets/fuses/littelfuse_fuse_466_datasheet.pdf.pdf"; VariantName = "[No Variations]"
Add component (AddParameter): Name = "Device Class L1"; Value = "Circuit Protection"; VariantName = "[No Variations]"
Add component (AddParameter): Name = "Device Class L2"; Value = "Fuses"; VariantName = "[No Variations]"
Add component (AddParameter): Name = "Device Class L3"; Value = "unset"; VariantName = "[No Variations]"
Add component (AddParameter): Name = "Digikey Description"; Value = "FUSE BOARD MNT 3A 32VAC/VDC 1206"; VariantName = "[No Variations]"
Add component (AddParameter): Name = "Fuse Blow Speed"; Value = "Fast"; VariantName = "[No Variations]"
Add component (AddParameter): Name = "Fuse Current"; Value = "3A"; VariantName = "[No Variations]"
Add component (AddParameter): Name = "Fuse I2T"; Value = "0.576A2Sec"; VariantName = "[No Variations]"
Add component (AddParameter): Name = "Fuse Interrupt Ac Current"; Value = "50A"; VariantName = "[No Variations]"
Add component (AddParameter): Name = "Fuse Interrupt Dc Current"; Value = "50A"; VariantName = "[No Variations]"
Add component (AddParameter): Name = "Fuse Voltage Drop"; Value = "75.99mV"; VariantName = "[No Variations]"
Add component (AddParameter): Name = "Height"; Value = "0.66mm"; VariantName = "[No Variations]"
Add component (AddParameter): Name = "Lead Free"; Value = "Yes"; VariantName = "[No Variations]"
Add component (AddParameter): Name = "Manufacturer"; Value = "Littelfuse"; VariantName = "[No Variations]"
Add component (AddParameter): Name = "Manufacturer Part Number"; Value = "0466003.NR"; VariantName = "[No Variations]"
Add component (AddParameter): Name = "Max Fuse Ac Voltage"; Value = "32V"; VariantName = "[No Variations]"
Add component (AddParameter): Name = "Max Fuse Dc Voltage"; Value = "32V"; VariantName = "[No Variations]"
Add component (AddParameter): Name = "Mouser Description"; Value = "Surface Mount Fuses 32V 3A VFA Slimline"; VariantName = "[No Variations]"
Add component (AddParameter): Name = "Octopart"; Value = "https://octopart.com/0466003.nr-littelfuse-565175"; VariantName = "[No Variations]"
Add component (AddParameter): Name = "Package"; Value = "0466"; VariantName = "[No Variations]"
Add component (AddParameter): Name = "Resistance"; Value = "0.019O"; VariantName = "[No Variations]"
Add component (AddParameter): Name = "RoHS"; Value = "TRUE"; VariantName = "[No Variations]"
Add component (AddParameter): Name = "Temperature"; Value = "-55°C to +90°C"; VariantName = "[No Variations]"
Add component (AddParameter): Name = "Temperature Range High"; Value = "+90°C"; VariantName = "[No Variations]"
Add component (AddParameter): Name = "Temperature Range Low"; Value = "-55°C"; VariantName = "[No Variations]"
Add component (AddParameter): Name = "Value"; Value = "0.019O"; VariantName = "[No Variations]"
Add component (AddParameter): Name = "Voltage Rating"; Value = "32V"; VariantName = "[No Variations]"
Added Component: Designator=F2_MOSFET_BANK_2(FP-0466-MFG)
Add component (AddParameter): Name = "Automotive"; Value = "No"; VariantName = "[No Variations]"
Add component (AddParameter): Name = "Category"; Value = "Fuse"; VariantName = "[No Variations]"
Add component (AddParameter): Name = "ComponentLink2Description"; Value = "Datasheet"; VariantName = "[No Variations]"
Add component (AddParameter): Name = "ComponentLink2URL"; Value = "https://www.littelfuse.com/~/media/electronics/datasheets/fuses/littelfuse_fuse_466_datasheet.pdf.pdf"; VariantName = "[No Variations]"
Add component (AddParameter): Name = "Device Class L1"; Value = "Circuit Protection"; VariantName = "[No Variations]"
Add component (AddParameter): Name = "Device Class L2"; Value = "Fuses"; VariantName = "[No Variations]"
Add component (AddParameter): Name = "Device Class L3"; Value = "unset"; VariantName = "[No Variations]"
Add component (AddParameter): Name = "Digikey Description"; Value = "FUSE BOARD MNT 3A 32VAC/VDC 1206"; VariantName = "[No Variations]"
Add component (AddParameter): Name = "Fuse Blow Speed"; Value = "Fast"; VariantName = "[No Variations]"
Add component (AddParameter): Name = "Fuse Current"; Value = "3A"; VariantName = "[No Variations]"
Add component (AddParameter): Name = "Fuse I2T"; Value = "0.576A2Sec"; VariantName = "[No Variations]"
Add component (AddParameter): Name = "Fuse Interrupt Ac Current"; Value = "50A"; VariantName = "[No Variations]"
Add component (AddParameter): Name = "Fuse Interrupt Dc Current"; Value = "50A"; VariantName = "[No Variations]"
Add component (AddParameter): Name = "Fuse Voltage Drop"; Value = "75.99mV"; VariantName = "[No Variations]"
Add component (AddParameter): Name = "Height"; Value = "0.66mm"; VariantName = "[No Variations]"
Add component (AddParameter): Name = "Lead Free"; Value = "Yes"; VariantName = "[No Variations]"
Add component (AddParameter): Name = "Manufacturer"; Value = "Littelfuse"; VariantName = "[No Variations]"
Add component (AddParameter): Name = "Manufacturer Part Number"; Value = "0466003.NR"; VariantName = "[No Variations]"
Add component (AddParameter): Name = "Max Fuse Ac Voltage"; Value = "32V"; VariantName = "[No Variations]"
Add component (AddParameter): Name = "Max Fuse Dc Voltage"; Value = "32V"; VariantName = "[No Variations]"
Add component (AddParameter): Name = "Mouser Description"; Value = "Surface Mount Fuses 32V 3A VFA Slimline"; VariantName = "[No Variations]"
Add component (AddParameter): Name = "Octopart"; Value = "https://octopart.com/0466003.nr-littelfuse-565175"; VariantName = "[No Variations]"
Add component (AddParameter): Name = "Package"; Value = "0466"; VariantName = "[No Variations]"
Add component (AddParameter): Name = "Resistance"; Value = "0.019O"; VariantName = "[No Variations]"
Add component (AddParameter): Name = "RoHS"; Value = "TRUE"; VariantName = "[No Variations]"
Add component (AddParameter): Name = "Temperature"; Value = "-55°C to +90°C"; VariantName = "[No Variations]"
Add component (AddParameter): Name = "Temperature Range High"; Value = "+90°C"; VariantName = "[No Variations]"
Add component (AddParameter): Name = "Temperature Range Low"; Value = "-55°C"; VariantName = "[No Variations]"
Add component (AddParameter): Name = "Value"; Value = "0.019O"; VariantName = "[No Variations]"
Add component (AddParameter): Name = "Voltage Rating"; Value = "32V"; VariantName = "[No Variations]"
Added Component: Designator=F2_MOSFET_BANK_3(FP-0466-MFG)
Add component (AddParameter): Name = "Automotive"; Value = "No"; VariantName = "[No Variations]"
Add component (AddParameter): Name = "Category"; Value = "Fuse"; VariantName = "[No Variations]"
Add component (AddParameter): Name = "ComponentLink2Description"; Value = "Datasheet"; VariantName = "[No Variations]"
Add component (AddParameter): Name = "ComponentLink2URL"; Value = "https://www.littelfuse.com/~/media/electronics/datasheets/fuses/littelfuse_fuse_466_datasheet.pdf.pdf"; VariantName = "[No Variations]"
Add component (AddParameter): Name = "Device Class L1"; Value = "Circuit Protection"; VariantName = "[No Variations]"
Add component (AddParameter): Name = "Device Class L2"; Value = "Fuses"; VariantName = "[No Variations]"
Add component (AddParameter): Name = "Device Class L3"; Value = "unset"; VariantName = "[No Variations]"
Add component (AddParameter): Name = "Digikey Description"; Value = "FUSE BOARD MNT 3A 32VAC/VDC 1206"; VariantName = "[No Variations]"
Add component (AddParameter): Name = "Fuse Blow Speed"; Value = "Fast"; VariantName = "[No Variations]"
Add component (AddParameter): Name = "Fuse Current"; Value = "3A"; VariantName = "[No Variations]"
Add component (AddParameter): Name = "Fuse I2T"; Value = "0.576A2Sec"; VariantName = "[No Variations]"
Add component (AddParameter): Name = "Fuse Interrupt Ac Current"; Value = "50A"; VariantName = "[No Variations]"
Add component (AddParameter): Name = "Fuse Interrupt Dc Current"; Value = "50A"; VariantName = "[No Variations]"
Add component (AddParameter): Name = "Fuse Voltage Drop"; Value = "75.99mV"; VariantName = "[No Variations]"
Add component (AddParameter): Name = "Height"; Value = "0.66mm"; VariantName = "[No Variations]"
Add component (AddParameter): Name = "Lead Free"; Value = "Yes"; VariantName = "[No Variations]"
Add component (AddParameter): Name = "Manufacturer"; Value = "Littelfuse"; VariantName = "[No Variations]"
Add component (AddParameter): Name = "Manufacturer Part Number"; Value = "0466003.NR"; VariantName = "[No Variations]"
Add component (AddParameter): Name = "Max Fuse Ac Voltage"; Value = "32V"; VariantName = "[No Variations]"
Add component (AddParameter): Name = "Max Fuse Dc Voltage"; Value = "32V"; VariantName = "[No Variations]"
Add component (AddParameter): Name = "Mouser Description"; Value = "Surface Mount Fuses 32V 3A VFA Slimline"; VariantName = "[No Variations]"
Add component (AddParameter): Name = "Octopart"; Value = "https://octopart.com/0466003.nr-littelfuse-565175"; VariantName = "[No Variations]"
Add component (AddParameter): Name = "Package"; Value = "0466"; VariantName = "[No Variations]"
Add component (AddParameter): Name = "Resistance"; Value = "0.019O"; VariantName = "[No Variations]"
Add component (AddParameter): Name = "RoHS"; Value = "TRUE"; VariantName = "[No Variations]"
Add component (AddParameter): Name = "Temperature"; Value = "-55°C to +90°C"; VariantName = "[No Variations]"
Add component (AddParameter): Name = "Temperature Range High"; Value = "+90°C"; VariantName = "[No Variations]"
Add component (AddParameter): Name = "Temperature Range Low"; Value = "-55°C"; VariantName = "[No Variations]"
Add component (AddParameter): Name = "Value"; Value = "0.019O"; VariantName = "[No Variations]"
Add component (AddParameter): Name = "Voltage Rating"; Value = "32V"; VariantName = "[No Variations]"
Added Component: Designator=F3_MOSFET_BANK_0(FP-0466-MFG)
Add component (AddParameter): Name = "Automotive"; Value = "No"; VariantName = "[No Variations]"
Add component (AddParameter): Name = "Category"; Value = "Fuse"; VariantName = "[No Variations]"
Add component (AddParameter): Name = "ComponentLink2Description"; Value = "Datasheet"; VariantName = "[No Variations]"
Add component (AddParameter): Name = "ComponentLink2URL"; Value = "https://www.littelfuse.com/~/media/electronics/datasheets/fuses/littelfuse_fuse_466_datasheet.pdf.pdf"; VariantName = "[No Variations]"
Add component (AddParameter): Name = "Device Class L1"; Value = "Circuit Protection"; VariantName = "[No Variations]"
Add component (AddParameter): Name = "Device Class L2"; Value = "Fuses"; VariantName = "[No Variations]"
Add component (AddParameter): Name = "Device Class L3"; Value = "unset"; VariantName = "[No Variations]"
Add component (AddParameter): Name = "Digikey Description"; Value = "FUSE BOARD MNT 3A 32VAC/VDC 1206"; VariantName = "[No Variations]"
Add component (AddParameter): Name = "Fuse Blow Speed"; Value = "Fast"; VariantName = "[No Variations]"
Add component (AddParameter): Name = "Fuse Current"; Value = "3A"; VariantName = "[No Variations]"
Add component (AddParameter): Name = "Fuse I2T"; Value = "0.576A2Sec"; VariantName = "[No Variations]"
Add component (AddParameter): Name = "Fuse Interrupt Ac Current"; Value = "50A"; VariantName = "[No Variations]"
Add component (AddParameter): Name = "Fuse Interrupt Dc Current"; Value = "50A"; VariantName = "[No Variations]"
Add component (AddParameter): Name = "Fuse Voltage Drop"; Value = "75.99mV"; VariantName = "[No Variations]"
Add component (AddParameter): Name = "Height"; Value = "0.66mm"; VariantName = "[No Variations]"
Add component (AddParameter): Name = "Lead Free"; Value = "Yes"; VariantName = "[No Variations]"
Add component (AddParameter): Name = "Manufacturer"; Value = "Littelfuse"; VariantName = "[No Variations]"
Add component (AddParameter): Name = "Manufacturer Part Number"; Value = "0466003.NR"; VariantName = "[No Variations]"
Add component (AddParameter): Name = "Max Fuse Ac Voltage"; Value = "32V"; VariantName = "[No Variations]"
Add component (AddParameter): Name = "Max Fuse Dc Voltage"; Value = "32V"; VariantName = "[No Variations]"
Add component (AddParameter): Name = "Mouser Description"; Value = "Surface Mount Fuses 32V 3A VFA Slimline"; VariantName = "[No Variations]"
Add component (AddParameter): Name = "Octopart"; Value = "https://octopart.com/0466003.nr-littelfuse-565175"; VariantName = "[No Variations]"
Add component (AddParameter): Name = "Package"; Value = "0466"; VariantName = "[No Variations]"
Add component (AddParameter): Name = "Resistance"; Value = "0.019O"; VariantName = "[No Variations]"
Add component (AddParameter): Name = "RoHS"; Value = "TRUE"; VariantName = "[No Variations]"
Add component (AddParameter): Name = "Temperature"; Value = "-55°C to +90°C"; VariantName = "[No Variations]"
Add component (AddParameter): Name = "Temperature Range High"; Value = "+90°C"; VariantName = "[No Variations]"
Add component (AddParameter): Name = "Temperature Range Low"; Value = "-55°C"; VariantName = "[No Variations]"
Add component (AddParameter): Name = "Value"; Value = "0.019O"; VariantName = "[No Variations]"
Add component (AddParameter): Name = "Voltage Rating"; Value = "32V"; VariantName = "[No Variations]"
Added Component: Designator=F3_MOSFET_BANK_1(FP-0466-MFG)
Add component (AddParameter): Name = "Automotive"; Value = "No"; VariantName = "[No Variations]"
Add component (AddParameter): Name = "Category"; Value = "Fuse"; VariantName = "[No Variations]"
Add component (AddParameter): Name = "ComponentLink2Description"; Value = "Datasheet"; VariantName = "[No Variations]"
Add component (AddParameter): Name = "ComponentLink2URL"; Value = "https://www.littelfuse.com/~/media/electronics/datasheets/fuses/littelfuse_fuse_466_datasheet.pdf.pdf"; VariantName = "[No Variations]"
Add component (AddParameter): Name = "Device Class L1"; Value = "Circuit Protection"; VariantName = "[No Variations]"
Add component (AddParameter): Name = "Device Class L2"; Value = "Fuses"; VariantName = "[No Variations]"
Add component (AddParameter): Name = "Device Class L3"; Value = "unset"; VariantName = "[No Variations]"
Add component (AddParameter): Name = "Digikey Description"; Value = "FUSE BOARD MNT 3A 32VAC/VDC 1206"; VariantName = "[No Variations]"
Add component (AddParameter): Name = "Fuse Blow Speed"; Value = "Fast"; VariantName = "[No Variations]"
Add component (AddParameter): Name = "Fuse Current"; Value = "3A"; VariantName = "[No Variations]"
Add component (AddParameter): Name = "Fuse I2T"; Value = "0.576A2Sec"; VariantName = "[No Variations]"
Add component (AddParameter): Name = "Fuse Interrupt Ac Current"; Value = "50A"; VariantName = "[No Variations]"
Add component (AddParameter): Name = "Fuse Interrupt Dc Current"; Value = "50A"; VariantName = "[No Variations]"
Add component (AddParameter): Name = "Fuse Voltage Drop"; Value = "75.99mV"; VariantName = "[No Variations]"
Add component (AddParameter): Name = "Height"; Value = "0.66mm"; VariantName = "[No Variations]"
Add component (AddParameter): Name = "Lead Free"; Value = "Yes"; VariantName = "[No Variations]"
Add component (AddParameter): Name = "Manufacturer"; Value = "Littelfuse"; VariantName = "[No Variations]"
Add component (AddParameter): Name = "Manufacturer Part Number"; Value = "0466003.NR"; VariantName = "[No Variations]"
Add component (AddParameter): Name = "Max Fuse Ac Voltage"; Value = "32V"; VariantName = "[No Variations]"
Add component (AddParameter): Name = "Max Fuse Dc Voltage"; Value = "32V"; VariantName = "[No Variations]"
Add component (AddParameter): Name = "Mouser Description"; Value = "Surface Mount Fuses 32V 3A VFA Slimline"; VariantName = "[No Variations]"
Add component (AddParameter): Name = "Octopart"; Value = "https://octopart.com/0466003.nr-littelfuse-565175"; VariantName = "[No Variations]"
Add component (AddParameter): Name = "Package"; Value = "0466"; VariantName = "[No Variations]"
Add component (AddParameter): Name = "Resistance"; Value = "0.019O"; VariantName = "[No Variations]"
Add component (AddParameter): Name = "RoHS"; Value = "TRUE"; VariantName = "[No Variations]"
Add component (AddParameter): Name = "Temperature"; Value = "-55°C to +90°C"; VariantName = "[No Variations]"
Add component (AddParameter): Name = "Temperature Range High"; Value = "+90°C"; VariantName = "[No Variations]"
Add component (AddParameter): Name = "Temperature Range Low"; Value = "-55°C"; VariantName = "[No Variations]"
Add component (AddParameter): Name = "Value"; Value = "0.019O"; VariantName = "[No Variations]"
Add component (AddParameter): Name = "Voltage Rating"; Value = "32V"; VariantName = "[No Variations]"
Added Component: Designator=F3_MOSFET_BANK_2(FP-0466-MFG)
Add component (AddParameter): Name = "Automotive"; Value = "No"; VariantName = "[No Variations]"
Add component (AddParameter): Name = "Category"; Value = "Fuse"; VariantName = "[No Variations]"
Add component (AddParameter): Name = "ComponentLink2Description"; Value = "Datasheet"; VariantName = "[No Variations]"
Add component (AddParameter): Name = "ComponentLink2URL"; Value = "https://www.littelfuse.com/~/media/electronics/datasheets/fuses/littelfuse_fuse_466_datasheet.pdf.pdf"; VariantName = "[No Variations]"
Add component (AddParameter): Name = "Device Class L1"; Value = "Circuit Protection"; VariantName = "[No Variations]"
Add component (AddParameter): Name = "Device Class L2"; Value = "Fuses"; VariantName = "[No Variations]"
Add component (AddParameter): Name = "Device Class L3"; Value = "unset"; VariantName = "[No Variations]"
Add component (AddParameter): Name = "Digikey Description"; Value = "FUSE BOARD MNT 3A 32VAC/VDC 1206"; VariantName = "[No Variations]"
Add component (AddParameter): Name = "Fuse Blow Speed"; Value = "Fast"; VariantName = "[No Variations]"
Add component (AddParameter): Name = "Fuse Current"; Value = "3A"; VariantName = "[No Variations]"
Add component (AddParameter): Name = "Fuse I2T"; Value = "0.576A2Sec"; VariantName = "[No Variations]"
Add component (AddParameter): Name = "Fuse Interrupt Ac Current"; Value = "50A"; VariantName = "[No Variations]"
Add component (AddParameter): Name = "Fuse Interrupt Dc Current"; Value = "50A"; VariantName = "[No Variations]"
Add component (AddParameter): Name = "Fuse Voltage Drop"; Value = "75.99mV"; VariantName = "[No Variations]"
Add component (AddParameter): Name = "Height"; Value = "0.66mm"; VariantName = "[No Variations]"
Add component (AddParameter): Name = "Lead Free"; Value = "Yes"; VariantName = "[No Variations]"
Add component (AddParameter): Name = "Manufacturer"; Value = "Littelfuse"; VariantName = "[No Variations]"
Add component (AddParameter): Name = "Manufacturer Part Number"; Value = "0466003.NR"; VariantName = "[No Variations]"
Add component (AddParameter): Name = "Max Fuse Ac Voltage"; Value = "32V"; VariantName = "[No Variations]"
Add component (AddParameter): Name = "Max Fuse Dc Voltage"; Value = "32V"; VariantName = "[No Variations]"
Add component (AddParameter): Name = "Mouser Description"; Value = "Surface Mount Fuses 32V 3A VFA Slimline"; VariantName = "[No Variations]"
Add component (AddParameter): Name = "Octopart"; Value = "https://octopart.com/0466003.nr-littelfuse-565175"; VariantName = "[No Variations]"
Add component (AddParameter): Name = "Package"; Value = "0466"; VariantName = "[No Variations]"
Add component (AddParameter): Name = "Resistance"; Value = "0.019O"; VariantName = "[No Variations]"
Add component (AddParameter): Name = "RoHS"; Value = "TRUE"; VariantName = "[No Variations]"
Add component (AddParameter): Name = "Temperature"; Value = "-55°C to +90°C"; VariantName = "[No Variations]"
Add component (AddParameter): Name = "Temperature Range High"; Value = "+90°C"; VariantName = "[No Variations]"
Add component (AddParameter): Name = "Temperature Range Low"; Value = "-55°C"; VariantName = "[No Variations]"
Add component (AddParameter): Name = "Value"; Value = "0.019O"; VariantName = "[No Variations]"
Add component (AddParameter): Name = "Voltage Rating"; Value = "32V"; VariantName = "[No Variations]"
Added Component: Designator=F3_MOSFET_BANK_3(FP-0466-MFG)
Add component (AddParameter): Name = "Automotive"; Value = "No"; VariantName = "[No Variations]"
Add component (AddParameter): Name = "Category"; Value = "Fuse"; VariantName = "[No Variations]"
Add component (AddParameter): Name = "ComponentLink2Description"; Value = "Datasheet"; VariantName = "[No Variations]"
Add component (AddParameter): Name = "ComponentLink2URL"; Value = "https://www.littelfuse.com/~/media/electronics/datasheets/fuses/littelfuse_fuse_466_datasheet.pdf.pdf"; VariantName = "[No Variations]"
Add component (AddParameter): Name = "Device Class L1"; Value = "Circuit Protection"; VariantName = "[No Variations]"
Add component (AddParameter): Name = "Device Class L2"; Value = "Fuses"; VariantName = "[No Variations]"
Add component (AddParameter): Name = "Device Class L3"; Value = "unset"; VariantName = "[No Variations]"
Add component (AddParameter): Name = "Digikey Description"; Value = "FUSE BOARD MNT 3A 32VAC/VDC 1206"; VariantName = "[No Variations]"
Add component (AddParameter): Name = "Fuse Blow Speed"; Value = "Fast"; VariantName = "[No Variations]"
Add component (AddParameter): Name = "Fuse Current"; Value = "3A"; VariantName = "[No Variations]"
Add component (AddParameter): Name = "Fuse I2T"; Value = "0.576A2Sec"; VariantName = "[No Variations]"
Add component (AddParameter): Name = "Fuse Interrupt Ac Current"; Value = "50A"; VariantName = "[No Variations]"
Add component (AddParameter): Name = "Fuse Interrupt Dc Current"; Value = "50A"; VariantName = "[No Variations]"
Add component (AddParameter): Name = "Fuse Voltage Drop"; Value = "75.99mV"; VariantName = "[No Variations]"
Add component (AddParameter): Name = "Height"; Value = "0.66mm"; VariantName = "[No Variations]"
Add component (AddParameter): Name = "Lead Free"; Value = "Yes"; VariantName = "[No Variations]"
Add component (AddParameter): Name = "Manufacturer"; Value = "Littelfuse"; VariantName = "[No Variations]"
Add component (AddParameter): Name = "Manufacturer Part Number"; Value = "0466003.NR"; VariantName = "[No Variations]"
Add component (AddParameter): Name = "Max Fuse Ac Voltage"; Value = "32V"; VariantName = "[No Variations]"
Add component (AddParameter): Name = "Max Fuse Dc Voltage"; Value = "32V"; VariantName = "[No Variations]"
Add component (AddParameter): Name = "Mouser Description"; Value = "Surface Mount Fuses 32V 3A VFA Slimline"; VariantName = "[No Variations]"
Add component (AddParameter): Name = "Octopart"; Value = "https://octopart.com/0466003.nr-littelfuse-565175"; VariantName = "[No Variations]"
Add component (AddParameter): Name = "Package"; Value = "0466"; VariantName = "[No Variations]"
Add component (AddParameter): Name = "Resistance"; Value = "0.019O"; VariantName = "[No Variations]"
Add component (AddParameter): Name = "RoHS"; Value = "TRUE"; VariantName = "[No Variations]"
Add component (AddParameter): Name = "Temperature"; Value = "-55°C to +90°C"; VariantName = "[No Variations]"
Add component (AddParameter): Name = "Temperature Range High"; Value = "+90°C"; VariantName = "[No Variations]"
Add component (AddParameter): Name = "Temperature Range Low"; Value = "-55°C"; VariantName = "[No Variations]"
Add component (AddParameter): Name = "Value"; Value = "0.019O"; VariantName = "[No Variations]"
Add component (AddParameter): Name = "Voltage Rating"; Value = "32V"; VariantName = "[No Variations]"
Added Component: Designator=F4_MOSFET_BANK_0(FP-0466-MFG)
Add component (AddParameter): Name = "Automotive"; Value = "No"; VariantName = "[No Variations]"
Add component (AddParameter): Name = "Category"; Value = "Fuse"; VariantName = "[No Variations]"
Add component (AddParameter): Name = "ComponentLink2Description"; Value = "Datasheet"; VariantName = "[No Variations]"
Add component (AddParameter): Name = "ComponentLink2URL"; Value = "https://www.littelfuse.com/~/media/electronics/datasheets/fuses/littelfuse_fuse_466_datasheet.pdf.pdf"; VariantName = "[No Variations]"
Add component (AddParameter): Name = "Device Class L1"; Value = "Circuit Protection"; VariantName = "[No Variations]"
Add component (AddParameter): Name = "Device Class L2"; Value = "Fuses"; VariantName = "[No Variations]"
Add component (AddParameter): Name = "Device Class L3"; Value = "unset"; VariantName = "[No Variations]"
Add component (AddParameter): Name = "Digikey Description"; Value = "FUSE BOARD MNT 3A 32VAC/VDC 1206"; VariantName = "[No Variations]"
Add component (AddParameter): Name = "Fuse Blow Speed"; Value = "Fast"; VariantName = "[No Variations]"
Add component (AddParameter): Name = "Fuse Current"; Value = "3A"; VariantName = "[No Variations]"
Add component (AddParameter): Name = "Fuse I2T"; Value = "0.576A2Sec"; VariantName = "[No Variations]"
Add component (AddParameter): Name = "Fuse Interrupt Ac Current"; Value = "50A"; VariantName = "[No Variations]"
Add component (AddParameter): Name = "Fuse Interrupt Dc Current"; Value = "50A"; VariantName = "[No Variations]"
Add component (AddParameter): Name = "Fuse Voltage Drop"; Value = "75.99mV"; VariantName = "[No Variations]"
Add component (AddParameter): Name = "Height"; Value = "0.66mm"; VariantName = "[No Variations]"
Add component (AddParameter): Name = "Lead Free"; Value = "Yes"; VariantName = "[No Variations]"
Add component (AddParameter): Name = "Manufacturer"; Value = "Littelfuse"; VariantName = "[No Variations]"
Add component (AddParameter): Name = "Manufacturer Part Number"; Value = "0466003.NR"; VariantName = "[No Variations]"
Add component (AddParameter): Name = "Max Fuse Ac Voltage"; Value = "32V"; VariantName = "[No Variations]"
Add component (AddParameter): Name = "Max Fuse Dc Voltage"; Value = "32V"; VariantName = "[No Variations]"
Add component (AddParameter): Name = "Mouser Description"; Value = "Surface Mount Fuses 32V 3A VFA Slimline"; VariantName = "[No Variations]"
Add component (AddParameter): Name = "Octopart"; Value = "https://octopart.com/0466003.nr-littelfuse-565175"; VariantName = "[No Variations]"
Add component (AddParameter): Name = "Package"; Value = "0466"; VariantName = "[No Variations]"
Add component (AddParameter): Name = "Resistance"; Value = "0.019O"; VariantName = "[No Variations]"
Add component (AddParameter): Name = "RoHS"; Value = "TRUE"; VariantName = "[No Variations]"
Add component (AddParameter): Name = "Temperature"; Value = "-55°C to +90°C"; VariantName = "[No Variations]"
Add component (AddParameter): Name = "Temperature Range High"; Value = "+90°C"; VariantName = "[No Variations]"
Add component (AddParameter): Name = "Temperature Range Low"; Value = "-55°C"; VariantName = "[No Variations]"
Add component (AddParameter): Name = "Value"; Value = "0.019O"; VariantName = "[No Variations]"
Add component (AddParameter): Name = "Voltage Rating"; Value = "32V"; VariantName = "[No Variations]"
Added Component: Designator=F4_MOSFET_BANK_1(FP-0466-MFG)
Add component (AddParameter): Name = "Automotive"; Value = "No"; VariantName = "[No Variations]"
Add component (AddParameter): Name = "Category"; Value = "Fuse"; VariantName = "[No Variations]"
Add component (AddParameter): Name = "ComponentLink2Description"; Value = "Datasheet"; VariantName = "[No Variations]"
Add component (AddParameter): Name = "ComponentLink2URL"; Value = "https://www.littelfuse.com/~/media/electronics/datasheets/fuses/littelfuse_fuse_466_datasheet.pdf.pdf"; VariantName = "[No Variations]"
Add component (AddParameter): Name = "Device Class L1"; Value = "Circuit Protection"; VariantName = "[No Variations]"
Add component (AddParameter): Name = "Device Class L2"; Value = "Fuses"; VariantName = "[No Variations]"
Add component (AddParameter): Name = "Device Class L3"; Value = "unset"; VariantName = "[No Variations]"
Add component (AddParameter): Name = "Digikey Description"; Value = "FUSE BOARD MNT 3A 32VAC/VDC 1206"; VariantName = "[No Variations]"
Add component (AddParameter): Name = "Fuse Blow Speed"; Value = "Fast"; VariantName = "[No Variations]"
Add component (AddParameter): Name = "Fuse Current"; Value = "3A"; VariantName = "[No Variations]"
Add component (AddParameter): Name = "Fuse I2T"; Value = "0.576A2Sec"; VariantName = "[No Variations]"
Add component (AddParameter): Name = "Fuse Interrupt Ac Current"; Value = "50A"; VariantName = "[No Variations]"
Add component (AddParameter): Name = "Fuse Interrupt Dc Current"; Value = "50A"; VariantName = "[No Variations]"
Add component (AddParameter): Name = "Fuse Voltage Drop"; Value = "75.99mV"; VariantName = "[No Variations]"
Add component (AddParameter): Name = "Height"; Value = "0.66mm"; VariantName = "[No Variations]"
Add component (AddParameter): Name = "Lead Free"; Value = "Yes"; VariantName = "[No Variations]"
Add component (AddParameter): Name = "Manufacturer"; Value = "Littelfuse"; VariantName = "[No Variations]"
Add component (AddParameter): Name = "Manufacturer Part Number"; Value = "0466003.NR"; VariantName = "[No Variations]"
Add component (AddParameter): Name = "Max Fuse Ac Voltage"; Value = "32V"; VariantName = "[No Variations]"
Add component (AddParameter): Name = "Max Fuse Dc Voltage"; Value = "32V"; VariantName = "[No Variations]"
Add component (AddParameter): Name = "Mouser Description"; Value = "Surface Mount Fuses 32V 3A VFA Slimline"; VariantName = "[No Variations]"
Add component (AddParameter): Name = "Octopart"; Value = "https://octopart.com/0466003.nr-littelfuse-565175"; VariantName = "[No Variations]"
Add component (AddParameter): Name = "Package"; Value = "0466"; VariantName = "[No Variations]"
Add component (AddParameter): Name = "Resistance"; Value = "0.019O"; VariantName = "[No Variations]"
Add component (AddParameter): Name = "RoHS"; Value = "TRUE"; VariantName = "[No Variations]"
Add component (AddParameter): Name = "Temperature"; Value = "-55°C to +90°C"; VariantName = "[No Variations]"
Add component (AddParameter): Name = "Temperature Range High"; Value = "+90°C"; VariantName = "[No Variations]"
Add component (AddParameter): Name = "Temperature Range Low"; Value = "-55°C"; VariantName = "[No Variations]"
Add component (AddParameter): Name = "Value"; Value = "0.019O"; VariantName = "[No Variations]"
Add component (AddParameter): Name = "Voltage Rating"; Value = "32V"; VariantName = "[No Variations]"
Added Component: Designator=F4_MOSFET_BANK_2(FP-0466-MFG)
Add component (AddParameter): Name = "Automotive"; Value = "No"; VariantName = "[No Variations]"
Add component (AddParameter): Name = "Category"; Value = "Fuse"; VariantName = "[No Variations]"
Add component (AddParameter): Name = "ComponentLink2Description"; Value = "Datasheet"; VariantName = "[No Variations]"
Add component (AddParameter): Name = "ComponentLink2URL"; Value = "https://www.littelfuse.com/~/media/electronics/datasheets/fuses/littelfuse_fuse_466_datasheet.pdf.pdf"; VariantName = "[No Variations]"
Add component (AddParameter): Name = "Device Class L1"; Value = "Circuit Protection"; VariantName = "[No Variations]"
Add component (AddParameter): Name = "Device Class L2"; Value = "Fuses"; VariantName = "[No Variations]"
Add component (AddParameter): Name = "Device Class L3"; Value = "unset"; VariantName = "[No Variations]"
Add component (AddParameter): Name = "Digikey Description"; Value = "FUSE BOARD MNT 3A 32VAC/VDC 1206"; VariantName = "[No Variations]"
Add component (AddParameter): Name = "Fuse Blow Speed"; Value = "Fast"; VariantName = "[No Variations]"
Add component (AddParameter): Name = "Fuse Current"; Value = "3A"; VariantName = "[No Variations]"
Add component (AddParameter): Name = "Fuse I2T"; Value = "0.576A2Sec"; VariantName = "[No Variations]"
Add component (AddParameter): Name = "Fuse Interrupt Ac Current"; Value = "50A"; VariantName = "[No Variations]"
Add component (AddParameter): Name = "Fuse Interrupt Dc Current"; Value = "50A"; VariantName = "[No Variations]"
Add component (AddParameter): Name = "Fuse Voltage Drop"; Value = "75.99mV"; VariantName = "[No Variations]"
Add component (AddParameter): Name = "Height"; Value = "0.66mm"; VariantName = "[No Variations]"
Add component (AddParameter): Name = "Lead Free"; Value = "Yes"; VariantName = "[No Variations]"
Add component (AddParameter): Name = "Manufacturer"; Value = "Littelfuse"; VariantName = "[No Variations]"
Add component (AddParameter): Name = "Manufacturer Part Number"; Value = "0466003.NR"; VariantName = "[No Variations]"
Add component (AddParameter): Name = "Max Fuse Ac Voltage"; Value = "32V"; VariantName = "[No Variations]"
Add component (AddParameter): Name = "Max Fuse Dc Voltage"; Value = "32V"; VariantName = "[No Variations]"
Add component (AddParameter): Name = "Mouser Description"; Value = "Surface Mount Fuses 32V 3A VFA Slimline"; VariantName = "[No Variations]"
Add component (AddParameter): Name = "Octopart"; Value = "https://octopart.com/0466003.nr-littelfuse-565175"; VariantName = "[No Variations]"
Add component (AddParameter): Name = "Package"; Value = "0466"; VariantName = "[No Variations]"
Add component (AddParameter): Name = "Resistance"; Value = "0.019O"; VariantName = "[No Variations]"
Add component (AddParameter): Name = "RoHS"; Value = "TRUE"; VariantName = "[No Variations]"
Add component (AddParameter): Name = "Temperature"; Value = "-55°C to +90°C"; VariantName = "[No Variations]"
Add component (AddParameter): Name = "Temperature Range High"; Value = "+90°C"; VariantName = "[No Variations]"
Add component (AddParameter): Name = "Temperature Range Low"; Value = "-55°C"; VariantName = "[No Variations]"
Add component (AddParameter): Name = "Value"; Value = "0.019O"; VariantName = "[No Variations]"
Add component (AddParameter): Name = "Voltage Rating"; Value = "32V"; VariantName = "[No Variations]"
Added Component: Designator=F4_MOSFET_BANK_3(FP-0466-MFG)
Add component (AddParameter): Name = "Automotive"; Value = "No"; VariantName = "[No Variations]"
Add component (AddParameter): Name = "Category"; Value = "Fuse"; VariantName = "[No Variations]"
Add component (AddParameter): Name = "ComponentLink2Description"; Value = "Datasheet"; VariantName = "[No Variations]"
Add component (AddParameter): Name = "ComponentLink2URL"; Value = "https://www.littelfuse.com/~/media/electronics/datasheets/fuses/littelfuse_fuse_466_datasheet.pdf.pdf"; VariantName = "[No Variations]"
Add component (AddParameter): Name = "Device Class L1"; Value = "Circuit Protection"; VariantName = "[No Variations]"
Add component (AddParameter): Name = "Device Class L2"; Value = "Fuses"; VariantName = "[No Variations]"
Add component (AddParameter): Name = "Device Class L3"; Value = "unset"; VariantName = "[No Variations]"
Add component (AddParameter): Name = "Digikey Description"; Value = "FUSE BOARD MNT 3A 32VAC/VDC 1206"; VariantName = "[No Variations]"
Add component (AddParameter): Name = "Fuse Blow Speed"; Value = "Fast"; VariantName = "[No Variations]"
Add component (AddParameter): Name = "Fuse Current"; Value = "3A"; VariantName = "[No Variations]"
Add component (AddParameter): Name = "Fuse I2T"; Value = "0.576A2Sec"; VariantName = "[No Variations]"
Add component (AddParameter): Name = "Fuse Interrupt Ac Current"; Value = "50A"; VariantName = "[No Variations]"
Add component (AddParameter): Name = "Fuse Interrupt Dc Current"; Value = "50A"; VariantName = "[No Variations]"
Add component (AddParameter): Name = "Fuse Voltage Drop"; Value = "75.99mV"; VariantName = "[No Variations]"
Add component (AddParameter): Name = "Height"; Value = "0.66mm"; VariantName = "[No Variations]"
Add component (AddParameter): Name = "Lead Free"; Value = "Yes"; VariantName = "[No Variations]"
Add component (AddParameter): Name = "Manufacturer"; Value = "Littelfuse"; VariantName = "[No Variations]"
Add component (AddParameter): Name = "Manufacturer Part Number"; Value = "0466003.NR"; VariantName = "[No Variations]"
Add component (AddParameter): Name = "Max Fuse Ac Voltage"; Value = "32V"; VariantName = "[No Variations]"
Add component (AddParameter): Name = "Max Fuse Dc Voltage"; Value = "32V"; VariantName = "[No Variations]"
Add component (AddParameter): Name = "Mouser Description"; Value = "Surface Mount Fuses 32V 3A VFA Slimline"; VariantName = "[No Variations]"
Add component (AddParameter): Name = "Octopart"; Value = "https://octopart.com/0466003.nr-littelfuse-565175"; VariantName = "[No Variations]"
Add component (AddParameter): Name = "Package"; Value = "0466"; VariantName = "[No Variations]"
Add component (AddParameter): Name = "Resistance"; Value = "0.019O"; VariantName = "[No Variations]"
Add component (AddParameter): Name = "RoHS"; Value = "TRUE"; VariantName = "[No Variations]"
Add component (AddParameter): Name = "Temperature"; Value = "-55°C to +90°C"; VariantName = "[No Variations]"
Add component (AddParameter): Name = "Temperature Range High"; Value = "+90°C"; VariantName = "[No Variations]"
Add component (AddParameter): Name = "Temperature Range Low"; Value = "-55°C"; VariantName = "[No Variations]"
Add component (AddParameter): Name = "Value"; Value = "0.019O"; VariantName = "[No Variations]"
Add component (AddParameter): Name = "Voltage Rating"; Value = "32V"; VariantName = "[No Variations]"
Added Component: Designator=F5_MOSFET_BANK_0(FP-0466-MFG)
Add component (AddParameter): Name = "Automotive"; Value = "No"; VariantName = "[No Variations]"
Add component (AddParameter): Name = "Category"; Value = "Fuse"; VariantName = "[No Variations]"
Add component (AddParameter): Name = "ComponentLink2Description"; Value = "Datasheet"; VariantName = "[No Variations]"
Add component (AddParameter): Name = "ComponentLink2URL"; Value = "https://www.littelfuse.com/~/media/electronics/datasheets/fuses/littelfuse_fuse_466_datasheet.pdf.pdf"; VariantName = "[No Variations]"
Add component (AddParameter): Name = "Device Class L1"; Value = "Circuit Protection"; VariantName = "[No Variations]"
Add component (AddParameter): Name = "Device Class L2"; Value = "Fuses"; VariantName = "[No Variations]"
Add component (AddParameter): Name = "Device Class L3"; Value = "unset"; VariantName = "[No Variations]"
Add component (AddParameter): Name = "Digikey Description"; Value = "FUSE BOARD MNT 3A 32VAC/VDC 1206"; VariantName = "[No Variations]"
Add component (AddParameter): Name = "Fuse Blow Speed"; Value = "Fast"; VariantName = "[No Variations]"
Add component (AddParameter): Name = "Fuse Current"; Value = "3A"; VariantName = "[No Variations]"
Add component (AddParameter): Name = "Fuse I2T"; Value = "0.576A2Sec"; VariantName = "[No Variations]"
Add component (AddParameter): Name = "Fuse Interrupt Ac Current"; Value = "50A"; VariantName = "[No Variations]"
Add component (AddParameter): Name = "Fuse Interrupt Dc Current"; Value = "50A"; VariantName = "[No Variations]"
Add component (AddParameter): Name = "Fuse Voltage Drop"; Value = "75.99mV"; VariantName = "[No Variations]"
Add component (AddParameter): Name = "Height"; Value = "0.66mm"; VariantName = "[No Variations]"
Add component (AddParameter): Name = "Lead Free"; Value = "Yes"; VariantName = "[No Variations]"
Add component (AddParameter): Name = "Manufacturer"; Value = "Littelfuse"; VariantName = "[No Variations]"
Add component (AddParameter): Name = "Manufacturer Part Number"; Value = "0466003.NR"; VariantName = "[No Variations]"
Add component (AddParameter): Name = "Max Fuse Ac Voltage"; Value = "32V"; VariantName = "[No Variations]"
Add component (AddParameter): Name = "Max Fuse Dc Voltage"; Value = "32V"; VariantName = "[No Variations]"
Add component (AddParameter): Name = "Mouser Description"; Value = "Surface Mount Fuses 32V 3A VFA Slimline"; VariantName = "[No Variations]"
Add component (AddParameter): Name = "Octopart"; Value = "https://octopart.com/0466003.nr-littelfuse-565175"; VariantName = "[No Variations]"
Add component (AddParameter): Name = "Package"; Value = "0466"; VariantName = "[No Variations]"
Add component (AddParameter): Name = "Resistance"; Value = "0.019O"; VariantName = "[No Variations]"
Add component (AddParameter): Name = "RoHS"; Value = "TRUE"; VariantName = "[No Variations]"
Add component (AddParameter): Name = "Temperature"; Value = "-55°C to +90°C"; VariantName = "[No Variations]"
Add component (AddParameter): Name = "Temperature Range High"; Value = "+90°C"; VariantName = "[No Variations]"
Add component (AddParameter): Name = "Temperature Range Low"; Value = "-55°C"; VariantName = "[No Variations]"
Add component (AddParameter): Name = "Value"; Value = "0.019O"; VariantName = "[No Variations]"
Add component (AddParameter): Name = "Voltage Rating"; Value = "32V"; VariantName = "[No Variations]"
Added Component: Designator=F5_MOSFET_BANK_1(FP-0466-MFG)
Add component (AddParameter): Name = "Automotive"; Value = "No"; VariantName = "[No Variations]"
Add component (AddParameter): Name = "Category"; Value = "Fuse"; VariantName = "[No Variations]"
Add component (AddParameter): Name = "ComponentLink2Description"; Value = "Datasheet"; VariantName = "[No Variations]"
Add component (AddParameter): Name = "ComponentLink2URL"; Value = "https://www.littelfuse.com/~/media/electronics/datasheets/fuses/littelfuse_fuse_466_datasheet.pdf.pdf"; VariantName = "[No Variations]"
Add component (AddParameter): Name = "Device Class L1"; Value = "Circuit Protection"; VariantName = "[No Variations]"
Add component (AddParameter): Name = "Device Class L2"; Value = "Fuses"; VariantName = "[No Variations]"
Add component (AddParameter): Name = "Device Class L3"; Value = "unset"; VariantName = "[No Variations]"
Add component (AddParameter): Name = "Digikey Description"; Value = "FUSE BOARD MNT 3A 32VAC/VDC 1206"; VariantName = "[No Variations]"
Add component (AddParameter): Name = "Fuse Blow Speed"; Value = "Fast"; VariantName = "[No Variations]"
Add component (AddParameter): Name = "Fuse Current"; Value = "3A"; VariantName = "[No Variations]"
Add component (AddParameter): Name = "Fuse I2T"; Value = "0.576A2Sec"; VariantName = "[No Variations]"
Add component (AddParameter): Name = "Fuse Interrupt Ac Current"; Value = "50A"; VariantName = "[No Variations]"
Add component (AddParameter): Name = "Fuse Interrupt Dc Current"; Value = "50A"; VariantName = "[No Variations]"
Add component (AddParameter): Name = "Fuse Voltage Drop"; Value = "75.99mV"; VariantName = "[No Variations]"
Add component (AddParameter): Name = "Height"; Value = "0.66mm"; VariantName = "[No Variations]"
Add component (AddParameter): Name = "Lead Free"; Value = "Yes"; VariantName = "[No Variations]"
Add component (AddParameter): Name = "Manufacturer"; Value = "Littelfuse"; VariantName = "[No Variations]"
Add component (AddParameter): Name = "Manufacturer Part Number"; Value = "0466003.NR"; VariantName = "[No Variations]"
Add component (AddParameter): Name = "Max Fuse Ac Voltage"; Value = "32V"; VariantName = "[No Variations]"
Add component (AddParameter): Name = "Max Fuse Dc Voltage"; Value = "32V"; VariantName = "[No Variations]"
Add component (AddParameter): Name = "Mouser Description"; Value = "Surface Mount Fuses 32V 3A VFA Slimline"; VariantName = "[No Variations]"
Add component (AddParameter): Name = "Octopart"; Value = "https://octopart.com/0466003.nr-littelfuse-565175"; VariantName = "[No Variations]"
Add component (AddParameter): Name = "Package"; Value = "0466"; VariantName = "[No Variations]"
Add component (AddParameter): Name = "Resistance"; Value = "0.019O"; VariantName = "[No Variations]"
Add component (AddParameter): Name = "RoHS"; Value = "TRUE"; VariantName = "[No Variations]"
Add component (AddParameter): Name = "Temperature"; Value = "-55°C to +90°C"; VariantName = "[No Variations]"
Add component (AddParameter): Name = "Temperature Range High"; Value = "+90°C"; VariantName = "[No Variations]"
Add component (AddParameter): Name = "Temperature Range Low"; Value = "-55°C"; VariantName = "[No Variations]"
Add component (AddParameter): Name = "Value"; Value = "0.019O"; VariantName = "[No Variations]"
Add component (AddParameter): Name = "Voltage Rating"; Value = "32V"; VariantName = "[No Variations]"
Added Component: Designator=F5_MOSFET_BANK_2(FP-0466-MFG)
Add component (AddParameter): Name = "Automotive"; Value = "No"; VariantName = "[No Variations]"
Add component (AddParameter): Name = "Category"; Value = "Fuse"; VariantName = "[No Variations]"
Add component (AddParameter): Name = "ComponentLink2Description"; Value = "Datasheet"; VariantName = "[No Variations]"
Add component (AddParameter): Name = "ComponentLink2URL"; Value = "https://www.littelfuse.com/~/media/electronics/datasheets/fuses/littelfuse_fuse_466_datasheet.pdf.pdf"; VariantName = "[No Variations]"
Add component (AddParameter): Name = "Device Class L1"; Value = "Circuit Protection"; VariantName = "[No Variations]"
Add component (AddParameter): Name = "Device Class L2"; Value = "Fuses"; VariantName = "[No Variations]"
Add component (AddParameter): Name = "Device Class L3"; Value = "unset"; VariantName = "[No Variations]"
Add component (AddParameter): Name = "Digikey Description"; Value = "FUSE BOARD MNT 3A 32VAC/VDC 1206"; VariantName = "[No Variations]"
Add component (AddParameter): Name = "Fuse Blow Speed"; Value = "Fast"; VariantName = "[No Variations]"
Add component (AddParameter): Name = "Fuse Current"; Value = "3A"; VariantName = "[No Variations]"
Add component (AddParameter): Name = "Fuse I2T"; Value = "0.576A2Sec"; VariantName = "[No Variations]"
Add component (AddParameter): Name = "Fuse Interrupt Ac Current"; Value = "50A"; VariantName = "[No Variations]"
Add component (AddParameter): Name = "Fuse Interrupt Dc Current"; Value = "50A"; VariantName = "[No Variations]"
Add component (AddParameter): Name = "Fuse Voltage Drop"; Value = "75.99mV"; VariantName = "[No Variations]"
Add component (AddParameter): Name = "Height"; Value = "0.66mm"; VariantName = "[No Variations]"
Add component (AddParameter): Name = "Lead Free"; Value = "Yes"; VariantName = "[No Variations]"
Add component (AddParameter): Name = "Manufacturer"; Value = "Littelfuse"; VariantName = "[No Variations]"
Add component (AddParameter): Name = "Manufacturer Part Number"; Value = "0466003.NR"; VariantName = "[No Variations]"
Add component (AddParameter): Name = "Max Fuse Ac Voltage"; Value = "32V"; VariantName = "[No Variations]"
Add component (AddParameter): Name = "Max Fuse Dc Voltage"; Value = "32V"; VariantName = "[No Variations]"
Add component (AddParameter): Name = "Mouser Description"; Value = "Surface Mount Fuses 32V 3A VFA Slimline"; VariantName = "[No Variations]"
Add component (AddParameter): Name = "Octopart"; Value = "https://octopart.com/0466003.nr-littelfuse-565175"; VariantName = "[No Variations]"
Add component (AddParameter): Name = "Package"; Value = "0466"; VariantName = "[No Variations]"
Add component (AddParameter): Name = "Resistance"; Value = "0.019O"; VariantName = "[No Variations]"
Add component (AddParameter): Name = "RoHS"; Value = "TRUE"; VariantName = "[No Variations]"
Add component (AddParameter): Name = "Temperature"; Value = "-55°C to +90°C"; VariantName = "[No Variations]"
Add component (AddParameter): Name = "Temperature Range High"; Value = "+90°C"; VariantName = "[No Variations]"
Add component (AddParameter): Name = "Temperature Range Low"; Value = "-55°C"; VariantName = "[No Variations]"
Add component (AddParameter): Name = "Value"; Value = "0.019O"; VariantName = "[No Variations]"
Add component (AddParameter): Name = "Voltage Rating"; Value = "32V"; VariantName = "[No Variations]"
Added Component: Designator=F5_MOSFET_BANK_3(FP-0466-MFG)
Add component (AddParameter): Name = "Automotive"; Value = "No"; VariantName = "[No Variations]"
Add component (AddParameter): Name = "Category"; Value = "Fuse"; VariantName = "[No Variations]"
Add component (AddParameter): Name = "ComponentLink2Description"; Value = "Datasheet"; VariantName = "[No Variations]"
Add component (AddParameter): Name = "ComponentLink2URL"; Value = "https://www.littelfuse.com/~/media/electronics/datasheets/fuses/littelfuse_fuse_466_datasheet.pdf.pdf"; VariantName = "[No Variations]"
Add component (AddParameter): Name = "Device Class L1"; Value = "Circuit Protection"; VariantName = "[No Variations]"
Add component (AddParameter): Name = "Device Class L2"; Value = "Fuses"; VariantName = "[No Variations]"
Add component (AddParameter): Name = "Device Class L3"; Value = "unset"; VariantName = "[No Variations]"
Add component (AddParameter): Name = "Digikey Description"; Value = "FUSE BOARD MNT 3A 32VAC/VDC 1206"; VariantName = "[No Variations]"
Add component (AddParameter): Name = "Fuse Blow Speed"; Value = "Fast"; VariantName = "[No Variations]"
Add component (AddParameter): Name = "Fuse Current"; Value = "3A"; VariantName = "[No Variations]"
Add component (AddParameter): Name = "Fuse I2T"; Value = "0.576A2Sec"; VariantName = "[No Variations]"
Add component (AddParameter): Name = "Fuse Interrupt Ac Current"; Value = "50A"; VariantName = "[No Variations]"
Add component (AddParameter): Name = "Fuse Interrupt Dc Current"; Value = "50A"; VariantName = "[No Variations]"
Add component (AddParameter): Name = "Fuse Voltage Drop"; Value = "75.99mV"; VariantName = "[No Variations]"
Add component (AddParameter): Name = "Height"; Value = "0.66mm"; VariantName = "[No Variations]"
Add component (AddParameter): Name = "Lead Free"; Value = "Yes"; VariantName = "[No Variations]"
Add component (AddParameter): Name = "Manufacturer"; Value = "Littelfuse"; VariantName = "[No Variations]"
Add component (AddParameter): Name = "Manufacturer Part Number"; Value = "0466003.NR"; VariantName = "[No Variations]"
Add component (AddParameter): Name = "Max Fuse Ac Voltage"; Value = "32V"; VariantName = "[No Variations]"
Add component (AddParameter): Name = "Max Fuse Dc Voltage"; Value = "32V"; VariantName = "[No Variations]"
Add component (AddParameter): Name = "Mouser Description"; Value = "Surface Mount Fuses 32V 3A VFA Slimline"; VariantName = "[No Variations]"
Add component (AddParameter): Name = "Octopart"; Value = "https://octopart.com/0466003.nr-littelfuse-565175"; VariantName = "[No Variations]"
Add component (AddParameter): Name = "Package"; Value = "0466"; VariantName = "[No Variations]"
Add component (AddParameter): Name = "Resistance"; Value = "0.019O"; VariantName = "[No Variations]"
Add component (AddParameter): Name = "RoHS"; Value = "TRUE"; VariantName = "[No Variations]"
Add component (AddParameter): Name = "Temperature"; Value = "-55°C to +90°C"; VariantName = "[No Variations]"
Add component (AddParameter): Name = "Temperature Range High"; Value = "+90°C"; VariantName = "[No Variations]"
Add component (AddParameter): Name = "Temperature Range Low"; Value = "-55°C"; VariantName = "[No Variations]"
Add component (AddParameter): Name = "Value"; Value = "0.019O"; VariantName = "[No Variations]"
Add component (AddParameter): Name = "Voltage Rating"; Value = "32V"; VariantName = "[No Variations]"
Added Pin To Net: NetName=M1_OUT_MOSFET_BANK_0 Pin=F2_MOSFET_BANK_0-1
Added Pin To Net: NetName=M1_OUT_MOSFET_BANK_1 Pin=F2_MOSFET_BANK_1-1
Added Pin To Net: NetName=M1_OUT_MOSFET_BANK_2 Pin=F2_MOSFET_BANK_2-1
Added Pin To Net: NetName=M1_OUT_MOSFET_BANK_3 Pin=F2_MOSFET_BANK_3-1
Added Pin To Net: NetName=M2_OUT_MOSFET_BANK_0 Pin=F3_MOSFET_BANK_0-1
Added Pin To Net: NetName=M2_OUT_MOSFET_BANK_1 Pin=F3_MOSFET_BANK_1-1
Added Pin To Net: NetName=M2_OUT_MOSFET_BANK_2 Pin=F3_MOSFET_BANK_2-1
Added Pin To Net: NetName=M2_OUT_MOSFET_BANK_3 Pin=F3_MOSFET_BANK_3-1
Added Pin To Net: NetName=M3_OUT_MOSFET_BANK_0 Pin=F4_MOSFET_BANK_0-1
Added Pin To Net: NetName=M3_OUT_MOSFET_BANK_1 Pin=F4_MOSFET_BANK_1-1
Added Pin To Net: NetName=M3_OUT_MOSFET_BANK_2 Pin=F4_MOSFET_BANK_2-1
Added Pin To Net: NetName=M3_OUT_MOSFET_BANK_3 Pin=F4_MOSFET_BANK_3-1
Added Pin To Net: NetName=M4_OUT_MOSFET_BANK_0 Pin=F5_MOSFET_BANK_0-1
Added Pin To Net: NetName=M4_OUT_MOSFET_BANK_1 Pin=F5_MOSFET_BANK_1-1
Added Pin To Net: NetName=M4_OUT_MOSFET_BANK_2 Pin=F5_MOSFET_BANK_2-1
Added Pin To Net: NetName=M4_OUT_MOSFET_BANK_3 Pin=F5_MOSFET_BANK_3-1
Added Pin To Net: NetName=OUT_0 Pin=F2_MOSFET_BANK_0-2
Added Pin To Net: NetName=OUT_0 Pin=J1-1
Added Pin To Net: NetName=OUT_0 Pin=Q7_BYPASS_0-5-6-7-8
Added Net: Name=OUT_0
Added Pin To Net: NetName=OUT_1 Pin=F3_MOSFET_BANK_0-2
Added Pin To Net: NetName=OUT_1 Pin=J1-2
Added Pin To Net: NetName=OUT_1 Pin=Q7_BYPASS_1-5-6-7-8
Added Net: Name=OUT_1
Added Pin To Net: NetName=OUT_2 Pin=F4_MOSFET_BANK_0-2
Added Pin To Net: NetName=OUT_2 Pin=J1-3
Added Pin To Net: NetName=OUT_2 Pin=Q7_BYPASS_2-5-6-7-8
Added Net: Name=OUT_2
Added Pin To Net: NetName=OUT_3 Pin=F5_MOSFET_BANK_0-2
Added Pin To Net: NetName=OUT_3 Pin=J1-4
Added Pin To Net: NetName=OUT_3 Pin=Q7_BYPASS_3-5-6-7-8
Added Net: Name=OUT_3
Added Pin To Net: NetName=OUT_4 Pin=F2_MOSFET_BANK_1-2
Added Pin To Net: NetName=OUT_4 Pin=J1-5
Added Net: Name=OUT_4
Added Pin To Net: NetName=OUT_5 Pin=F3_MOSFET_BANK_1-2
Added Pin To Net: NetName=OUT_5 Pin=J1-6
Added Net: Name=OUT_5
Added Pin To Net: NetName=OUT_6 Pin=F4_MOSFET_BANK_1-2
Added Pin To Net: NetName=OUT_6 Pin=J1-13
Added Net: Name=OUT_6
Added Pin To Net: NetName=OUT_7 Pin=F5_MOSFET_BANK_1-2
Added Pin To Net: NetName=OUT_7 Pin=J1-14
Added Net: Name=OUT_7
Added Pin To Net: NetName=OUT_8 Pin=F2_MOSFET_BANK_2-2
Added Pin To Net: NetName=OUT_8 Pin=J1-15
Added Net: Name=OUT_8
Added Pin To Net: NetName=OUT_9 Pin=F3_MOSFET_BANK_2-2
Added Pin To Net: NetName=OUT_9 Pin=J1-16
Added Net: Name=OUT_9
Added Pin To Net: NetName=OUT_10 Pin=F4_MOSFET_BANK_2-2
Added Pin To Net: NetName=OUT_10 Pin=J1-17
Added Net: Name=OUT_10
Added Pin To Net: NetName=OUT_11 Pin=F5_MOSFET_BANK_2-2
Added Pin To Net: NetName=OUT_11 Pin=J1-24
Added Net: Name=OUT_11
Added Pin To Net: NetName=OUT_12 Pin=F2_MOSFET_BANK_3-2
Added Pin To Net: NetName=OUT_12 Pin=J1-25
Added Net: Name=OUT_12
Added Pin To Net: NetName=OUT_13 Pin=F3_MOSFET_BANK_3-2
Added Pin To Net: NetName=OUT_13 Pin=J1-26
Added Net: Name=OUT_13
Added Pin To Net: NetName=OUT_14 Pin=F4_MOSFET_BANK_3-2
Added Pin To Net: NetName=OUT_14 Pin=J1-27
Added Net: Name=OUT_14
Added Pin To Net: NetName=OUT_15 Pin=F5_MOSFET_BANK_3-2
Added Pin To Net: NetName=OUT_15 Pin=J1-28
Added Net: Name=OUT_15
Added Member To Class: ClassName=MOSFET_BANK_0 Member=Component F2_MOSFET_BANK_0 (F2) 0466003.NR
Added Member To Class: ClassName=MOSFET_BANK_1 Member=Component F2_MOSFET_BANK_1 (F2) 0466003.NR
Added Member To Class: ClassName=MOSFET_BANK_2 Member=Component F2_MOSFET_BANK_2 (F2) 0466003.NR
Added Member To Class: ClassName=MOSFET_BANK_3 Member=Component F2_MOSFET_BANK_3 (F2) 0466003.NR
Added Member To Class: ClassName=MOSFET_BANK_0 Member=Component F3_MOSFET_BANK_0 (F3) 0466003.NR
Added Member To Class: ClassName=MOSFET_BANK_1 Member=Component F3_MOSFET_BANK_1 (F3) 0466003.NR
Added Member To Class: ClassName=MOSFET_BANK_2 Member=Component F3_MOSFET_BANK_2 (F3) 0466003.NR
Added Member To Class: ClassName=MOSFET_BANK_3 Member=Component F3_MOSFET_BANK_3 (F3) 0466003.NR
Added Member To Class: ClassName=MOSFET_BANK_0 Member=Component F4_MOSFET_BANK_0 (F4) 0466003.NR
Added Member To Class: ClassName=MOSFET_BANK_1 Member=Component F4_MOSFET_BANK_1 (F4) 0466003.NR
Added Member To Class: ClassName=MOSFET_BANK_2 Member=Component F4_MOSFET_BANK_2 (F4) 0466003.NR
Added Member To Class: ClassName=MOSFET_BANK_3 Member=Component F4_MOSFET_BANK_3 (F4) 0466003.NR
Added Member To Class: ClassName=MOSFET_BANK_0 Member=Component F5_MOSFET_BANK_0 (F5) 0466003.NR
Added Member To Class: ClassName=MOSFET_BANK_1 Member=Component F5_MOSFET_BANK_1 (F5) 0466003.NR
Added Member To Class: ClassName=MOSFET_BANK_2 Member=Component F5_MOSFET_BANK_2 (F5) 0466003.NR
Added Member To Class: ClassName=MOSFET_BANK_3 Member=Component F5_MOSFET_BANK_3 (F5) 0466003.NR
Added Member To Class: ClassName=12V_REG_1 Member=Component R53_12V_REG_1 (R53) 100k
