Removed Pin From Net: NetName=3V3 Pin=R5_MOSFET_BANK_0-2
Removed Pin From Net: NetName=3V3 Pin=R5_MOSFET_BANK_1-2
Removed Pin From Net: NetName=3V3 Pin=R5_MOSFET_BANK_2-2
Removed Pin From Net: NetName=3V3 Pin=R5_MOSFET_BANK_3-2
Removed Pin From Net: NetName=3V3 Pin=R7_MOSFET_BANK_0-2
Removed Pin From Net: NetName=3V3 Pin=R7_MOSFET_BANK_1-2
Removed Pin From Net: NetName=3V3 Pin=R7_MOSFET_BANK_2-2
Removed Pin From Net: NetName=3V3 Pin=R7_MOSFET_BANK_3-2
Removed Member From Class: ClassName=MOSFET_BANK_0 Member=R5_MOSFET_BANK_0
Removed Member From Class: ClassName=MOSFET_BANK_1 Member=R5_MOSFET_BANK_1
Removed Member From Class: ClassName=MOSFET_BANK_2 Member=R5_MOSFET_BANK_2
Removed Member From Class: ClassName=MOSFET_BANK_3 Member=R5_MOSFET_BANK_3
Removed Member From Class: ClassName=MOSFET_BANK_0 Member=R7_MOSFET_BANK_0
Removed Member From Class: ClassName=MOSFET_BANK_1 Member=R7_MOSFET_BANK_1
Removed Member From Class: ClassName=MOSFET_BANK_2 Member=R7_MOSFET_BANK_2
Removed Member From Class: ClassName=MOSFET_BANK_3 Member=R7_MOSFET_BANK_3
Removed Member From Class: ClassName=PWR_MGMT Member=R46
Removed Member From Class: ClassName=PWR_MGMT Member=R48
Removed Member From Class: ClassName=MCU_0 Member=SW1
Removed Member From Class: ClassName=MCU_0 Member=U9
Added Pin To Net: NetName=NetR6_MOSFET_BANK_0_1 Pin=R6_MOSFET_BANK_0-1
Added Net: Name=NetR6_MOSFET_BANK_0_1
Added Pin To Net: NetName=NetR6_MOSFET_BANK_1_1 Pin=R6_MOSFET_BANK_1-1
Added Net: Name=NetR6_MOSFET_BANK_1_1
Added Pin To Net: NetName=NetR6_MOSFET_BANK_2_1 Pin=R6_MOSFET_BANK_2-1
Added Net: Name=NetR6_MOSFET_BANK_2_1
Added Pin To Net: NetName=NetR6_MOSFET_BANK_3_1 Pin=R6_MOSFET_BANK_3-1
Added Net: Name=NetR6_MOSFET_BANK_3_1
Added Pin To Net: NetName=NetR8_MOSFET_BANK_0_1 Pin=R8_MOSFET_BANK_0-1
Added Net: Name=NetR8_MOSFET_BANK_0_1
Added Pin To Net: NetName=NetR8_MOSFET_BANK_1_1 Pin=R8_MOSFET_BANK_1-1
Added Net: Name=NetR8_MOSFET_BANK_1_1
Added Pin To Net: NetName=NetR8_MOSFET_BANK_2_1 Pin=R8_MOSFET_BANK_2-1
Added Net: Name=NetR8_MOSFET_BANK_2_1
Added Pin To Net: NetName=NetR8_MOSFET_BANK_3_1 Pin=R8_MOSFET_BANK_3-1
Added Net: Name=NetR8_MOSFET_BANK_3_1
Added Member To Class: ClassName=MOSFET_BANK_0 Member=Component R13_MOSFET_BANK_0 (R13) ERT-J1VR103J
Added Member To Class: ClassName=MOSFET_BANK_1 Member=Component R13_MOSFET_BANK_1 (R13) ERT-J1VR103J
Added Member To Class: ClassName=MOSFET_BANK_2 Member=Component R13_MOSFET_BANK_2 (R13) ERT-J1VR103J
Added Member To Class: ClassName=MOSFET_BANK_3 Member=Component R13_MOSFET_BANK_3 (R13) ERT-J1VR103J
Added Member To Class: ClassName=MOSFET_BANK_0 Member=Component R14_MOSFET_BANK_0 (R14) 1k
Added Member To Class: ClassName=MOSFET_BANK_1 Member=Component R14_MOSFET_BANK_1 (R14) 1k
Added Member To Class: ClassName=MOSFET_BANK_2 Member=Component R14_MOSFET_BANK_2 (R14) 1k
Added Member To Class: ClassName=MOSFET_BANK_3 Member=Component R14_MOSFET_BANK_3 (R14) 1k
Added Member To Class: ClassName=MOSFET_BANK_0 Member=Component R15_MOSFET_BANK_0 (R15) 1k
Added Member To Class: ClassName=MOSFET_BANK_1 Member=Component R15_MOSFET_BANK_1 (R15) 1k
Added Member To Class: ClassName=MOSFET_BANK_2 Member=Component R15_MOSFET_BANK_2 (R15) 1k
Added Member To Class: ClassName=MOSFET_BANK_3 Member=Component R15_MOSFET_BANK_3 (R15) 1k
Added Member To Class: ClassName=MOSFET_BANK_0 Member=Component R16_MOSFET_BANK_0 (R16) 1k
Added Member To Class: ClassName=MOSFET_BANK_1 Member=Component R16_MOSFET_BANK_1 (R16) 1k
Added Member To Class: ClassName=MOSFET_BANK_2 Member=Component R16_MOSFET_BANK_2 (R16) 1k
Added Member To Class: ClassName=MOSFET_BANK_3 Member=Component R16_MOSFET_BANK_3 (R16) 1k
Added Member To Class: ClassName=MOSFET_BANK_0 Member=Component R18_MOSFET_BANK_0 (R18) 56
Added Member To Class: ClassName=MOSFET_BANK_1 Member=Component R18_MOSFET_BANK_1 (R18) 56
Added Member To Class: ClassName=MOSFET_BANK_2 Member=Component R18_MOSFET_BANK_2 (R18) 56
Added Member To Class: ClassName=MOSFET_BANK_3 Member=Component R18_MOSFET_BANK_3 (R18) 56
Added Member To Class: ClassName=MOSFET_BANK_0 Member=Component R20_MOSFET_BANK_0 (R20) 10k
Added Member To Class: ClassName=MOSFET_BANK_1 Member=Component R20_MOSFET_BANK_1 (R20) 10k
Added Member To Class: ClassName=MOSFET_BANK_2 Member=Component R20_MOSFET_BANK_2 (R20) 10k
Added Member To Class: ClassName=MOSFET_BANK_3 Member=Component R20_MOSFET_BANK_3 (R20) 10k
Added Member To Class: ClassName=MOSFET_BANK_0 Member=Component R21_MOSFET_BANK_0 (R21) 10k
Added Member To Class: ClassName=MOSFET_BANK_1 Member=Component R21_MOSFET_BANK_1 (R21) 10k
Added Member To Class: ClassName=MOSFET_BANK_2 Member=Component R21_MOSFET_BANK_2 (R21) 10k
Added Member To Class: ClassName=MOSFET_BANK_3 Member=Component R21_MOSFET_BANK_3 (R21) 10k
Added Member To Class: ClassName=MOSFET_BANK_0 Member=Component R22_MOSFET_BANK_0 (R22) 10k
Added Member To Class: ClassName=MOSFET_BANK_1 Member=Component R22_MOSFET_BANK_1 (R22) 10k
Added Member To Class: ClassName=MOSFET_BANK_2 Member=Component R22_MOSFET_BANK_2 (R22) 10k
Added Member To Class: ClassName=MOSFET_BANK_3 Member=Component R22_MOSFET_BANK_3 (R22) 10k
Added Member To Class: ClassName=PWR_MGMT Member=Component R29 100k
Added Member To Class: ClassName=PWR_MGMT Member=Component R31 100k
Added Member To Class: ClassName=PWR_MGMT Member=Component R33 100k
Added Member To Class: ClassName=PWR_MGMT Member=Component R35 1k
Added Member To Class: ClassName=PWR_MGMT Member=Component R37 120
Added Member To Class: ClassName=PWR_MGMT Member=Component R39 100k
Added Member To Class: ClassName=MCU_0 Member=Component R42 330
Added Member To Class: ClassName=MCU_0 Member=Component R43 330
Added Member To Class: ClassName=MCU_0 Member=Component R44 10k
Added Member To Class: ClassName=MCU_0 Member=Component R45 10k
Added Member To Class: ClassName=12V_REG_1 Member=Component R50_12V_REG_1 (R50) 1k
Added Member To Class: ClassName=12V_REG_0 Member=Component R51_12V_REG_0 (R51) 10k
Added Member To Class: ClassName=12V_REG_1 Member=Component R51_12V_REG_1 (R51) 10k
Added Member To Class: ClassName=BYPASS_0 Member=Component R56_BYPASS_0 (R56) 100k
Added Member To Class: ClassName=BYPASS_1 Member=Component R56_BYPASS_1 (R56) 100k
Added Member To Class: ClassName=BYPASS_2 Member=Component R56_BYPASS_2 (R56) 100k
Added Member To Class: ClassName=BYPASS_3 Member=Component R56_BYPASS_3 (R56) 100k
Added Member To Class: ClassName=BYPASS_0 Member=Component R57_BYPASS_0 (R57) 1k
Added Member To Class: ClassName=BYPASS_1 Member=Component R57_BYPASS_1 (R57) 1k
Added Member To Class: ClassName=BYPASS_2 Member=Component R57_BYPASS_2 (R57) 1k
Added Member To Class: ClassName=BYPASS_3 Member=Component R57_BYPASS_3 (R57) 1k
Added Member To Class: ClassName=ADC_0 Member=Component R62 56
Added Member To Class: ClassName=ADC_0 Member=Component R63 100k
Added Member To Class: ClassName=ADC_0 Member=Component R64 100k
Added Member To Class: ClassName=ADC_0 Member=Component R65 100k
Added Member To Class: ClassName=ADC_0 Member=Component R66 100k
Added Member To Class: ClassName=ADC_0 Member=Component R67 100k
Added Member To Class: ClassName=ADC_0 Member=Component R68 100k
Added Member To Class: ClassName=ADC_0 Member=Component R69 100k
Added Member To Class: ClassName=ADC_0 Member=Component R70 100k
Added Member To Class: ClassName=ADC_0 Member=Component R71 100k
Added Member To Class: ClassName=ADC_0 Member=Component R72 100k
Added Member To Class: ClassName=ADC_0 Member=Component R73 100k
Added Member To Class: ClassName=ADC_0 Member=Component R74 100k
Added Member To Class: ClassName=ADC_0 Member=Component R75 100k
Added Member To Class: ClassName=ADC_0 Member=Component R76 100k
Added Member To Class: ClassName=ADC_0 Member=Component R77 100k
Added Member To Class: ClassName=ADC_0 Member=Component R78 100k
Added Member To Class: ClassName=ADC_0 Member=Component R79 24k
Added Member To Class: ClassName=ADC_0 Member=Component R80 24k
Added Member To Class: ClassName=ADC_0 Member=Component R81 24k
Added Member To Class: ClassName=ADC_0 Member=Component R82 24k
Added Member To Class: ClassName=MCU_0 Member=Component SW3 KXT331LHS
Added Member To Class: ClassName=MOSFET_BANK_3 Member=Component U2_MOSFET_BANK_3 (U2) ACS711KLCTR-12AB-T
Added Member To Class: ClassName=PWR_MGMT Member=Component U7 ACS711KLCTR-25AB-T
Added Member To Class: ClassName=MCU_0 Member=Component U10 STM32H730VBT6
Added Room: Name=12V_REG_0
Added Room: Name=12V_REG_1
Added Room: Name=BYPASS_0
Added Room: Name=BYPASS_1
Added Room: Name=BYPASS_2
Added Room: Name=BYPASS_3
Added Room: Name=MOSFET_BANK_0
Added Room: Name=MOSFET_BANK_1
Added Room: Name=MOSFET_BANK_2
Added Room: Name=MOSFET_BANK_3
