Change Component Designator: Old Designator=C3 New Designator=C222
Change Component Designator: Old Designator=C4 New Designator=C223
Change Component Designator: Old Designator=C5 New Designator=C224
Change Component Designator: Old Designator=C6 New Designator=C225
Change Component Designator: Old Designator=C7 New Designator=C226
Change Component Designator: Old Designator=C8 New Designator=C227
Change Component Designator: Old Designator=C9 New Designator=C228
Change Component Designator: Old Designator=C10 New Designator=C229
Change Component Designator: Old Designator=C11 New Designator=C230
Change Component Designator: Old Designator=C12 New Designator=C231
Change Component Designator: Old Designator=C13 New Designator=C232
Change Component Designator: Old Designator=C14 New Designator=C233
Change Component Designator: Old Designator=C15 New Designator=C234
Change Component Designator: Old Designator=C16 New Designator=C235
Change Component Designator: Old Designator=C17 New Designator=C236
Change Component Designator: Old Designator=C18 New Designator=C237
Change Component Designator: Old Designator=C19 New Designator=C238
Change Component Designator: Old Designator=C20 New Designator=C239
Change Component Designator: Old Designator=C21 New Designator=C240
Change Component Designator: Old Designator=C22 New Designator=C241
Change Component Designator: Old Designator=C23 New Designator=C242
Change Component Designator: Old Designator=C24 New Designator=C243
Change Component Designator: Old Designator=C25 New Designator=C244
Change Component Designator: Old Designator=C26 New Designator=C245
Change Component Designator: Old Designator=C27 New Designator=C246
Change Component Designator: Old Designator=C28 New Designator=C247
Change Component Designator: Old Designator=C29 New Designator=C248
Change Component Designator: Old Designator=C53 New Designator=C249
Change Component Designator: Old Designator=C54 New Designator=C250
Change Component Designator: Old Designator=C55 New Designator=C251
Change Component Designator: Old Designator=C56 New Designator=C252
Change Component Designator: Old Designator=D1 New Designator=D45
Change Component Designator: Old Designator=F1 New Designator=F7
Change Component Designator: Old Designator=J2 New Designator=J15
Change Component Designator: Old Designator=L1 New Designator=L13
Change Component Designator: Old Designator=L2 New Designator=L14
Change Component Designator: Old Designator=R17 New Designator=R146
Change Component Designator: Old Designator=R18 New Designator=R147
Change Component Designator: Old Designator=R19 New Designator=R148
Change Component Designator: Old Designator=R20 New Designator=R149
Change Component Designator: Old Designator=R21 New Designator=R160
Change Component Designator: Old Designator=R22 New Designator=R161
Change Component Designator: Old Designator=R23 New Designator=R162
Change Component Designator: Old Designator=R24 New Designator=R165
Change Component Designator: Old Designator=R25 New Designator=R166
Change Component Designator: Old Designator=R26 New Designator=R167
Change Component Designator: Old Designator=R27 New Designator=R168
Change Component Designator: Old Designator=R28 New Designator=R169
Change Component Designator: Old Designator=R29 New Designator=R170
Change Component Designator: Old Designator=R30 New Designator=R171
Change Component Designator: Old Designator=R45 New Designator=R174
Change Component Designator: Old Designator=R50 New Designator=R175
Change Component Designator: Old Designator=R51 New Designator=R176
Change Component Designator: Old Designator=R52 New Designator=R177
Change Component Designator: Old Designator=R53 New Designator=R172
Change Component Designator: Old Designator=R54 New Designator=R173
Change Component Designator: Old Designator=TP5 New Designator=TP12
Change Component Designator: Old Designator=TP6 New Designator=TP13
Change Component Designator: Old Designator=TP7 New Designator=TP75
Change Component Designator: Old Designator=TP8 New Designator=TP76
Change Component Designator: Old Designator=TP9 New Designator=TP77
Change Component Designator: Old Designator=TP10 New Designator=TP78
Change Component Designator: Old Designator=TP11 New Designator=TP79
Change Component Designator: Old Designator=TP12 New Designator=TP80
Change Component Designator: Old Designator=TP17 New Designator=TP83
Change Component Designator: Old Designator=TP18 New Designator=TP84
Change Component Designator: Old Designator=TP19 New Designator=TP82
Change Component Designator: Old Designator=TP20 New Designator=TP81
Change Component Designator: Old Designator=U1 New Designator=U28
Change Component Designator: Old Designator=U1 New Designator=U28
Change Component Designator: Old Designator=U1 New Designator=U28
Change Component Designator: Old Designator=U4 New Designator=U29
Change Component Designator: Old Designator=U5 New Designator=U30
Change Component Designator: Old Designator=Y1 New Designator=Y6
