Change Component Designator: Old Designator=C? New Designator=C260
Change Component Designator: Old Designator=C? New Designator=C261
Change Component Designator: Old Designator=C? New Designator=C262
Change Component Designator: Old Designator=C? New Designator=C263
Change Component Designator: Old Designator=C? New Designator=C264
Change Component Designator: Old Designator=C? New Designator=C265
Change Component Designator: Old Designator=C? New Designator=C266
Change Component Designator: Old Designator=C? New Designator=C267
Change Component Designator: Old Designator=C? New Designator=C268
Change Component Designator: Old Designator=D? New Designator=D46
Change Component Designator: Old Designator=D? New Designator=D47
Change Component Designator: Old Designator=P? New Designator=P1
Change Component Designator: Old Designator=R? New Designator=R304
Change Component Designator: Old Designator=R? New Designator=R305
Change Component Designator: Old Designator=R? New Designator=R306
Change Component Designator: Old Designator=R? New Designator=R307
Change Component Designator: Old Designator=R? New Designator=R308
Change Component Designator: Old Designator=R? New Designator=R309
Change Component Designator: Old Designator=R? New Designator=R310
Change Component Designator: Old Designator=R? New Designator=R311
Change Component Designator: Old Designator=R? New Designator=R312
Change Component Designator: Old Designator=R? New Designator=R313
Change Component Designator: Old Designator=R? New Designator=R314
Change Component Designator: Old Designator=R? New Designator=R315
Change Component Designator: Old Designator=R? New Designator=R316
Change Component Designator: Old Designator=R? New Designator=R317
Change Component Designator: Old Designator=R? New Designator=R318
Change Component Designator: Old Designator=R? New Designator=R319
Change Component Designator: Old Designator=R? New Designator=R320
Change Component Designator: Old Designator=R? New Designator=R321
Change Component Designator: Old Designator=R? New Designator=R322
Change Component Designator: Old Designator=R? New Designator=R323
Change Component Designator: Old Designator=R? New Designator=R324
Change Component Designator: Old Designator=R? New Designator=R325
Change Component Designator: Old Designator=R? New Designator=R326
Change Component Designator: Old Designator=R? New Designator=R327
Change Component Designator: Old Designator=R? New Designator=R328
Change Component Designator: Old Designator=R? New Designator=R329
Change Component Designator: Old Designator=R? New Designator=R330
Change Component Designator: Old Designator=R? New Designator=R331
Change Component Designator: Old Designator=R? New Designator=R332
Change Component Designator: Old Designator=R? New Designator=R333
Change Component Designator: Old Designator=R? New Designator=R334
Change Component Designator: Old Designator=R? New Designator=R335
Change Component Designator: Old Designator=R? New Designator=R336
Change Component Designator: Old Designator=R? New Designator=R337
Change Component Designator: Old Designator=R? New Designator=R338
Change Component Designator: Old Designator=R? New Designator=R339
Change Component Designator: Old Designator=R? New Designator=R340
Change Component Designator: Old Designator=R? New Designator=R341
Change Component Designator: Old Designator=R? New Designator=R342
Change Component Designator: Old Designator=R? New Designator=R343
Change Component Designator: Old Designator=R? New Designator=R344
Change Component Designator: Old Designator=R? New Designator=R345
Change Component Designator: Old Designator=R? New Designator=R346
Change Component Designator: Old Designator=R? New Designator=R347
Change Component Designator: Old Designator=R? New Designator=R348
Change Component Designator: Old Designator=R? New Designator=R349
Change Component Designator: Old Designator=R? New Designator=R350
Change Component Designator: Old Designator=R? New Designator=R351
Change Component Designator: Old Designator=R? New Designator=R352
Change Component Designator: Old Designator=R? New Designator=R353
Change Component Designator: Old Designator=R? New Designator=R354
Change Component Designator: Old Designator=R? New Designator=R355
Change Component Designator: Old Designator=R? New Designator=R356
Change Component Designator: Old Designator=R? New Designator=R357
Change Component Designator: Old Designator=R? New Designator=R358
Change Component Designator: Old Designator=R? New Designator=R359
Change Component Designator: Old Designator=SW? New Designator=SW4
Change Component Designator: Old Designator=TP? New Designator=TP21
Change Component Designator: Old Designator=U? New Designator=U33
Change Component Designator: Old Designator=U? New Designator=U34
Change Component Designator: Old Designator=U? New Designator=U35
Change Component Designator: Old Designator=U? New Designator=U36
Change Component Designator: Old Designator=U? New Designator=U37
Change Component Designator: Old Designator=U? New Designator=U38
Change Component Designator: Old Designator=U? New Designator=U39
Change Component Designator: Old Designator=U? New Designator=U40
Change Component Designator: Old Designator=U? New Designator=U41
Change Component Designator: Old Designator=U? New Designator=U42
