Removed Pin From Net: NetName=NetC47_GMSL_DESERIALIZER_0_1 Pin=L15_GMSL_DESERIALIZER_0-2
Removed Pin From Net: NetName=NetC47_GMSL_DESERIALIZER_1_1 Pin=L15_GMSL_DESERIALIZER_1-2
Removed Pin From Net: NetName=NetC48_GMSL_DESERIALIZER_0_1 Pin=L16_GMSL_DESERIALIZER_0-2
Removed Pin From Net: NetName=NetC48_GMSL_DESERIALIZER_1_1 Pin=L16_GMSL_DESERIALIZER_1-2
Removed Pin From Net: NetName=NetC49_GMSL_DESERIALIZER_0_1 Pin=L17_GMSL_DESERIALIZER_0-2
Removed Pin From Net: NetName=NetC49_GMSL_DESERIALIZER_1_1 Pin=L17_GMSL_DESERIALIZER_1-2
Removed Pin From Net: NetName=NetC54_GMSL_DESERIALIZER_0_1 Pin=L18_GMSL_DESERIALIZER_0-2
Removed Pin From Net: NetName=NetC54_GMSL_DESERIALIZER_1_1 Pin=L18_GMSL_DESERIALIZER_1-2
Removed Pin From Net: NetName=NetC248_1 Pin=L19-2
Removed Member From Class: ClassName=GMSL_DESERIALIZER_0 Member=L15_GMSL_DESERIALIZER_0
Removed Member From Class: ClassName=GMSL_DESERIALIZER_1 Member=L15_GMSL_DESERIALIZER_1
Removed Member From Class: ClassName=GMSL_DESERIALIZER_0 Member=L16_GMSL_DESERIALIZER_0
Removed Member From Class: ClassName=GMSL_DESERIALIZER_1 Member=L16_GMSL_DESERIALIZER_1
Removed Member From Class: ClassName=GMSL_DESERIALIZER_0 Member=L17_GMSL_DESERIALIZER_0
Removed Member From Class: ClassName=GMSL_DESERIALIZER_1 Member=L17_GMSL_DESERIALIZER_1
Removed Member From Class: ClassName=GMSL_DESERIALIZER_0 Member=L18_GMSL_DESERIALIZER_0
Removed Member From Class: ClassName=GMSL_DESERIALIZER_1 Member=L18_GMSL_DESERIALIZER_1
Removed Member From Class: ClassName=GMSL_SERIALIZER_0 Member=L19
Removed Member From Class: ClassName=PWR Member=PoC_PWR
Added Pin To Net: NetName=NetC47_GMSL_DESERIALIZER_0_1 Pin=F2_GMSL_DESERIALIZER_0-2
Added Pin To Net: NetName=NetC47_GMSL_DESERIALIZER_1_1 Pin=F2_GMSL_DESERIALIZER_1-2
Added Pin To Net: NetName=NetC48_GMSL_DESERIALIZER_0_1 Pin=F3_GMSL_DESERIALIZER_0-2
Added Pin To Net: NetName=NetC48_GMSL_DESERIALIZER_1_1 Pin=F3_GMSL_DESERIALIZER_1-2
Added Pin To Net: NetName=NetC49_GMSL_DESERIALIZER_0_1 Pin=F4_GMSL_DESERIALIZER_0-2
Added Pin To Net: NetName=NetC49_GMSL_DESERIALIZER_1_1 Pin=F4_GMSL_DESERIALIZER_1-2
Added Pin To Net: NetName=NetC54_GMSL_DESERIALIZER_0_1 Pin=F5_GMSL_DESERIALIZER_0-2
Added Pin To Net: NetName=NetC54_GMSL_DESERIALIZER_1_1 Pin=F5_GMSL_DESERIALIZER_1-2
Added Pin To Net: NetName=NetC248_1 Pin=F7-2
Added Member To Class: ClassName=PWR Member=Wire INT_VCC
