Removed Pin From Net: NetName=USBSS0_RX_N Pin=J1-161
Removed Pin From Net: NetName=USBSS0_RX_P Pin=J1-163
Removed Pin From Net: NetName=USBSS0_TX_N Pin=J1-166
Removed Pin From Net: NetName=USBSS0_TX_P Pin=J1-168
Removed Pin From Net: NetName=USBSS0_RX_N Pin=R35-1
Removed Pin From Net: NetName=USBSS0_RX_P Pin=R36-1
Removed Pin From Net: NetName=USBSS0_TX_N Pin=R37-1
Removed Pin From Net: NetName=USBSS0_TX_P Pin=R38-1
Removed Member From Class: ClassName=USB3_0 Member=R35
Removed Member From Class: ClassName=USB3_0 Member=R36
Removed Member From Class: ClassName=USB3_0 Member=R37
Removed Member From Class: ClassName=USB3_0 Member=R38
Removed Member From Class: ClassName=90DIFF Member=NetC59_2
Removed Member From Class: ClassName=90DIFF Member=NetC60_2
Removed Member From Class: ClassName=90DIFF Member=NetR35_2
Removed Member From Class: ClassName=90DIFF Member=NetR36_2
Added Pin To Net: NetName=USBSS0_TX_N Pin=C59-2
Added Pin To Net: NetName=USBSS0_TX_P Pin=C60-2
Added Pin To Net: NetName=USBSS0_RX_N Pin=R35-2
Added Pin To Net: NetName=USBSS0_RX_P Pin=R36-2
Added Pin To Net: NetName=USBSS0_TX_N Pin=R37-2
Added Pin To Net: NetName=USBSS0_TX_P Pin=R38-2
Added Pin To Net: NetName=USBSS0_RX_N Pin=R184-1
Added Pin To Net: NetName=USBSS0_RX_P Pin=R185-1
Added Pin To Net: NetName=NetJ1_161 Pin=J1-161
Added Pin To Net: NetName=NetJ1_161 Pin=R35-1
Added Net: Name=NetJ1_161
Added Pin To Net: NetName=NetJ1_163 Pin=J1-163
Added Pin To Net: NetName=NetJ1_163 Pin=R36-1
Added Net: Name=NetJ1_163
Added Pin To Net: NetName=NetJ1_166 Pin=J1-166
Added Pin To Net: NetName=NetJ1_166 Pin=R37-1
Added Net: Name=NetJ1_166
Added Pin To Net: NetName=NetJ1_168 Pin=J1-168
Added Pin To Net: NetName=NetJ1_168 Pin=R38-1
Added Net: Name=NetJ1_168
Add Differential Pair: Number of nets in differential pair NetC15_GMSL_DESERIALIZER_1_1 is 1 instead of 2
Add Differential Pair: Number of nets in differential pair NetC16_GMSL_DESERIALIZER_1_1 is 1 instead of 2
Add Differential Pair: Number of nets in differential pair NetC17_GMSL_DESERIALIZER_1_1 is 1 instead of 2
Add Differential Pair: Number of nets in differential pair NetC18_GMSL_DESERIALIZER_1_1 is 1 instead of 2
Add Differential Pair: Number of nets in differential pair NetC19_GMSL_DESERIALIZER_1_1 is 1 instead of 2
Add Differential Pair: Number of nets in differential pair NetC20_GMSL_DESERIALIZER_1_1 is 1 instead of 2
Add Differential Pair: Number of nets in differential pair NetC23_GMSL_DESERIALIZER_1_1 is 1 instead of 2
Add Differential Pair: Number of nets in differential pair NetC24_GMSL_DESERIALIZER_1_1 is 1 instead of 2
Add Differential Pair: Number of nets in differential pair NetC25_GMSL_DESERIALIZER_1_1 is 1 instead of 2
Add Differential Pair: Number of nets in differential pair NetC28_GMSL_DESERIALIZER_1_1 is 1 instead of 2
Added Member To Class: ClassName=JETSON_0 Member=Component R35 0402 JUMPER
Added Member To Class: ClassName=JETSON_0 Member=Component R36 0402 JUMPER
Added Member To Class: ClassName=JETSON_0 Member=Component R37 0402 JUMPER
Added Member To Class: ClassName=JETSON_0 Member=Component R38 0402 JUMPER
Added Member To Class: ClassName=90DIFF Member=Wire USBSS0_RX_N
Added Member To Class: ClassName=90DIFF Member=Wire USBSS0_RX_P
Added Member To Class: ClassName=90DIFF Member=Wire USBSS0_TX_N
Added Member To Class: ClassName=90DIFF Member=Wire USBSS0_TX_P
