Removed Member From Class: ClassName=425SINGLE Member=PCIE0_RX0_N
Removed Member From Class: ClassName=425SINGLE Member=PCIE0_RX0_P
Removed Member From Class: ClassName=425SINGLE Member=PCIE0_RX1_N
Removed Member From Class: ClassName=425SINGLE Member=PCIE0_RX1_P
Removed Member From Class: ClassName=425SINGLE Member=PCIE0_RX2_N
Removed Member From Class: ClassName=425SINGLE Member=PCIE0_RX2_P
Removed Member From Class: ClassName=425SINGLE Member=PCIE0_RX3_N
Removed Member From Class: ClassName=425SINGLE Member=PCIE0_RX3_P
Removed Member From Class: ClassName=425SINGLE Member=PCIE0_TX0_N
Removed Member From Class: ClassName=425SINGLE Member=PCIE0_TX0_P
Removed Member From Class: ClassName=425SINGLE Member=PCIE0_TX1_N
Removed Member From Class: ClassName=425SINGLE Member=PCIE0_TX1_P
Change Net Name : Old Net Name=PCIE0_RX0_N New Net Name=FLIP4_P
Change Net Name : Old Net Name=PCIE0_RX0_P New Net Name=FLIP4_N
Change Net Name : Old Net Name=PCIE0_RX1_N New Net Name=FLIP5_P
Change Net Name : Old Net Name=PCIE0_RX1_P New Net Name=FLIP5_N
Change Net Name : Old Net Name=PCIE0_RX2_N New Net Name=FLIP6_P
Change Net Name : Old Net Name=PCIE0_RX2_P New Net Name=FLIP6_N
Change Net Name : Old Net Name=PCIE0_RX3_N New Net Name=FLIP7_P
Change Net Name : Old Net Name=PCIE0_RX3_P New Net Name=FLIP7_N
Change Net Name : Old Net Name=PCIE0_TX0_N New Net Name=FLIP0_P
Change Net Name : Old Net Name=PCIE0_TX0_N New Net Name=FLIP3_P
Change Net Name : Old Net Name=PCIE0_TX0_P New Net Name=FLIP0_N
Change Net Name : Old Net Name=PCIE0_TX0_P New Net Name=FLIP3_N
Change Net Name : Old Net Name=PCIE0_TX1_N New Net Name=FLIP1_P
Change Net Name : Old Net Name=PCIE0_TX1_N New Net Name=FLIP2_P
Change Net Name : Old Net Name=PCIE0_TX1_P New Net Name=FLIP1_N
Change Net Name : Old Net Name=PCIE0_TX1_P New Net Name=FLIP2_N
Added Differential Pair: Name=FLIP0
Added Differential Pair: Name=FLIP1
Added Differential Pair: Name=FLIP2
Added Differential Pair: Name=FLIP3
Added Differential Pair: Name=FLIP4
Added Differential Pair: Name=FLIP5
Added Differential Pair: Name=FLIP6
Added Differential Pair: Name=FLIP7
Add Differential Pair: Number of nets in differential pair NetC15_GMSL_DESERIALIZER_1_1 is 1 instead of 2
Add Differential Pair: Number of nets in differential pair NetC16_GMSL_DESERIALIZER_1_1 is 1 instead of 2
Add Differential Pair: Number of nets in differential pair NetC17_GMSL_DESERIALIZER_1_1 is 1 instead of 2
Add Differential Pair: Number of nets in differential pair NetC18_GMSL_DESERIALIZER_1_1 is 1 instead of 2
Add Differential Pair: Number of nets in differential pair NetC19_GMSL_DESERIALIZER_1_1 is 1 instead of 2
Add Differential Pair: Number of nets in differential pair NetC20_GMSL_DESERIALIZER_1_1 is 1 instead of 2
Add Differential Pair: Number of nets in differential pair NetC23_GMSL_DESERIALIZER_1_1 is 1 instead of 2
Add Differential Pair: Number of nets in differential pair NetC24_GMSL_DESERIALIZER_1_1 is 1 instead of 2
Add Differential Pair: Number of nets in differential pair NetC25_GMSL_DESERIALIZER_1_1 is 1 instead of 2
Add Differential Pair: Number of nets in differential pair NetC28_GMSL_DESERIALIZER_1_1 is 1 instead of 2
Added Member To Class: ClassName=100DIFF Member=Wire FLIP0_N
Added Member To Class: ClassName=425SINGLE Member=Wire FLIP0_N
Added Member To Class: ClassName=100DIFF Member=Wire FLIP0_P
Added Member To Class: ClassName=425SINGLE Member=Wire FLIP0_P
Added Member To Class: ClassName=100DIFF Member=Wire FLIP1_N
Added Member To Class: ClassName=425SINGLE Member=Wire FLIP1_N
Added Member To Class: ClassName=100DIFF Member=Wire FLIP1_P
Added Member To Class: ClassName=425SINGLE Member=Wire FLIP1_P
Added Member To Class: ClassName=100DIFF Member=Wire FLIP2_N
Added Member To Class: ClassName=425SINGLE Member=Wire FLIP2_N
Added Member To Class: ClassName=100DIFF Member=Wire FLIP2_P
Added Member To Class: ClassName=425SINGLE Member=Wire FLIP2_P
Added Member To Class: ClassName=100DIFF Member=Wire FLIP3_N
Added Member To Class: ClassName=425SINGLE Member=Wire FLIP3_N
Added Member To Class: ClassName=100DIFF Member=Wire FLIP3_P
Added Member To Class: ClassName=425SINGLE Member=Wire FLIP3_P
Added Member To Class: ClassName=100DIFF Member=Wire FLIP4_N
Added Member To Class: ClassName=425SINGLE Member=Wire FLIP4_N
Added Member To Class: ClassName=100DIFF Member=Wire FLIP4_P
Added Member To Class: ClassName=425SINGLE Member=Wire FLIP4_P
Added Member To Class: ClassName=100DIFF Member=Wire FLIP5_N
Added Member To Class: ClassName=425SINGLE Member=Wire FLIP5_N
Added Member To Class: ClassName=100DIFF Member=Wire FLIP5_P
Added Member To Class: ClassName=425SINGLE Member=Wire FLIP5_P
Added Member To Class: ClassName=100DIFF Member=Wire FLIP6_N
Added Member To Class: ClassName=425SINGLE Member=Wire FLIP6_N
Added Member To Class: ClassName=100DIFF Member=Wire FLIP6_P
Added Member To Class: ClassName=425SINGLE Member=Wire FLIP6_P
Added Member To Class: ClassName=100DIFF Member=Wire FLIP7_N
Added Member To Class: ClassName=425SINGLE Member=Wire FLIP7_N
Added Member To Class: ClassName=100DIFF Member=Wire FLIP7_P
Added Member To Class: ClassName=425SINGLE Member=Wire FLIP7_P
Remove Class Member: Failed to remove class member
Remove Class Member: Failed to remove class member
Remove Class Member: Failed to remove class member
Remove Class Member: Failed to remove class member
Remove Class Member: Failed to remove class member
Remove Class Member: Failed to remove class member
Added Member To Class: ClassName=85DIFF Member=FLIP0
Added Member To Class: ClassName=85DIFF Member=FLIP1
Added Member To Class: ClassName=85DIFF Member=FLIP2
Added Member To Class: ClassName=85DIFF Member=FLIP3
Added Member To Class: ClassName=85DIFF Member=FLIP4
Added Member To Class: ClassName=85DIFF Member=FLIP5
Added Member To Class: ClassName=85DIFF Member=FLIP6
Added Member To Class: ClassName=85DIFF Member=FLIP7
