Removed Pin From Net: NetName=FAN_TACH Pin=Q17_AUX_FAN_IF-6
Removed Pin From Net: NetName=FAN_TACH Pin=R214_AUX_FAN_IF-2
Removed Pin From Net: NetName=FAN_PWM Pin=R231_AUX_FAN_IF-1
Added Component: Designator=R262(RESC1005X40X25ML05T05)
Add component (AddParameter): Name = "Case/Package"; Value = ""; VariantName = "[No Variations]"
Add component (AddParameter): Name = "Component Type"; Value = "Standard"; VariantName = "[No Variations]"
Add component (AddParameter): Name = "Design Item ID"; Value = "CMP-009-00206-2"; VariantName = "[No Variations]"
Add component (AddParameter): Name = "Max Operating Temperature"; Value = ""; VariantName = "[No Variations]"
Add component (AddParameter): Name = "Min Operating Temperature"; Value = ""; VariantName = "[No Variations]"
Add component (AddParameter): Name = "Mounting Technology"; Value = ""; VariantName = "[No Variations]"
Add component (AddParameter): Name = "Pins"; Value = "2"; VariantName = "[No Variations]"
Add component (AddParameter): Name = "Power"; Value = ""; VariantName = "[No Variations]"
Add component (AddParameter): Name = "RoHS Compliant"; Value = ""; VariantName = "[No Variations]"
Add component (AddParameter): Name = "Source"; Value = "0402jump.SchLib"; VariantName = "[No Variations]"
Add component (AddParameter): Name = "Tolerance"; Value = ""; VariantName = "[No Variations]"
Add component (AddParameter): Name = "Value"; Value = ""; VariantName = "[No Variations]"
Add component (AddParameter): Name = "Voltage Rating"; Value = ""; VariantName = "[No Variations]"
Added Component: Designator=R263(RESC1005X40X25ML05T05)
Add component (AddParameter): Name = "Case/Package"; Value = ""; VariantName = "[No Variations]"
Add component (AddParameter): Name = "Component Type"; Value = "Standard"; VariantName = "[No Variations]"
Add component (AddParameter): Name = "Design Item ID"; Value = "CMP-009-00206-2"; VariantName = "[No Variations]"
Add component (AddParameter): Name = "Max Operating Temperature"; Value = ""; VariantName = "[No Variations]"
Add component (AddParameter): Name = "Min Operating Temperature"; Value = ""; VariantName = "[No Variations]"
Add component (AddParameter): Name = "Mounting Technology"; Value = ""; VariantName = "[No Variations]"
Add component (AddParameter): Name = "Pins"; Value = "2"; VariantName = "[No Variations]"
Add component (AddParameter): Name = "Power"; Value = ""; VariantName = "[No Variations]"
Add component (AddParameter): Name = "RoHS Compliant"; Value = ""; VariantName = "[No Variations]"
Add component (AddParameter): Name = "Source"; Value = "0402jump.SchLib"; VariantName = "[No Variations]"
Add component (AddParameter): Name = "Tolerance"; Value = ""; VariantName = "[No Variations]"
Add component (AddParameter): Name = "Value"; Value = ""; VariantName = "[No Variations]"
Add component (AddParameter): Name = "Voltage Rating"; Value = ""; VariantName = "[No Variations]"
Added Pin To Net: NetName=FAN_PWM_AUX_FAN_IF Pin=R231_AUX_FAN_IF-1
Added Pin To Net: NetName=FAN_PWM_AUX_FAN_IF Pin=R262-2
Added Net: Name=FAN_PWM_AUX_FAN_IF
Added Pin To Net: NetName=FAN_TACH_AUX_FAN_IF Pin=Q17_AUX_FAN_IF-6
Added Pin To Net: NetName=FAN_TACH_AUX_FAN_IF Pin=R214_AUX_FAN_IF-2
Added Pin To Net: NetName=FAN_TACH_AUX_FAN_IF Pin=R263-2
Added Net: Name=FAN_TACH_AUX_FAN_IF
Added Pin To Net: NetName=MCU_FAN_PWM Pin=R262-1
Added Net: Name=MCU_FAN_PWM
Added Pin To Net: NetName=MCU_FAN_TACH Pin=R263-1
Added Net: Name=MCU_FAN_TACH
Added Member To Class: ClassName=SUPPORT_MCU Member=Component R262 0402 JUMPER
Added Member To Class: ClassName=SUPPORT_MCU Member=Component R263 0402 JUMPER
