Removed Pin From Net: NetName=USBSS0_RX_N Pin=D16-1
Removed Pin From Net: NetName=USBSS0_RX_P Pin=D16-2
Removed Pin From Net: NetName=USBSS0_TX_N Pin=D16-4
Removed Pin From Net: NetName=USBSS0_TX_P Pin=D16-5
Removed Pin From Net: NetName=USBSS0_TX_P Pin=D16-6
Removed Pin From Net: NetName=USBSS0_TX_N Pin=D16-7
Removed Pin From Net: NetName=USBSS0_RX_P Pin=D16-9
Removed Pin From Net: NetName=USBSS0_RX_N Pin=D16-10
Removed Pin From Net: NetName=FLIP6_P Pin=D17-1
Removed Pin From Net: NetName=FLIP6_N Pin=D17-2
Removed Pin From Net: NetName=FLIP7_P Pin=D17-4
Removed Pin From Net: NetName=FLIP7_N Pin=D17-5
Removed Pin From Net: NetName=FLIP7_N Pin=D17-6
Removed Pin From Net: NetName=FLIP7_P Pin=D17-7
Removed Pin From Net: NetName=FLIP6_N Pin=D17-9
Removed Pin From Net: NetName=FLIP6_P Pin=D17-10
Removed Pin From Net: NetName=FLIP6_P Pin=J1-149
Removed Pin From Net: NetName=FLIP6_N Pin=J1-151
Removed Pin From Net: NetName=FLIP7_P Pin=J1-155
Removed Pin From Net: NetName=FLIP7_N Pin=J1-157
Removed Pin From Net: NetName=FLIP6_P Pin=R101-2
Removed Pin From Net: NetName=FLIP6_N Pin=R103-2
Removed Pin From Net: NetName=FLIP7_P Pin=R104-2
Removed Pin From Net: NetName=FLIP7_N Pin=R105-2
Added Pin To Net: NetName=FLIP7_N Pin=D16-1
Added Pin To Net: NetName=FLIP7_P Pin=D16-2
Added Pin To Net: NetName=USBSS0_RX_N Pin=D16-4
Added Pin To Net: NetName=USBSS0_RX_P Pin=D16-5
Added Pin To Net: NetName=USBSS0_RX_P Pin=D16-6
Added Pin To Net: NetName=USBSS0_RX_N Pin=D16-7
Added Pin To Net: NetName=FLIP7_P Pin=D16-9
Added Pin To Net: NetName=FLIP7_N Pin=D16-10
Added Pin To Net: NetName=CAN_RX Pin=D17-1
Added Pin To Net: NetName=CAN_TX Pin=D17-2
Added Pin To Net: NetName=FLIP6_N Pin=D17-4
Added Pin To Net: NetName=FLIP6_P Pin=D17-5
Added Pin To Net: NetName=FLIP6_P Pin=D17-6
Added Pin To Net: NetName=FLIP6_N Pin=D17-7
Added Pin To Net: NetName=CAN_RX Pin=D17-9
Added Pin To Net: NetName=CAN_TX Pin=D17-10
Added Pin To Net: NetName=FLIP6_N Pin=J1-149
Added Pin To Net: NetName=FLIP6_P Pin=J1-151
Added Pin To Net: NetName=FLIP7_N Pin=J1-155
Added Pin To Net: NetName=FLIP7_P Pin=J1-157
Added Pin To Net: NetName=FLIP6_N Pin=R101-2
Added Pin To Net: NetName=FLIP6_P Pin=R103-2
Added Pin To Net: NetName=FLIP7_N Pin=R104-2
Added Pin To Net: NetName=FLIP7_P Pin=R105-2
Change Net Name : Old Net Name=FLIP0_N New Net Name=FLIP0_P
Change Net Name : Old Net Name=FLIP0_P New Net Name=FLIP0_N
Change Net Name : Old Net Name=FLIP1_N New Net Name=FLIP1_P
Change Net Name : Old Net Name=FLIP1_P New Net Name=FLIP1_N
Change Net Name : Old Net Name=FLIP2_N New Net Name=FLIP2_P
Change Net Name : Old Net Name=FLIP2_P New Net Name=FLIP2_N
Change Net Name : Old Net Name=FLIP3_N New Net Name=FLIP3_P
Change Net Name : Old Net Name=FLIP3_P New Net Name=FLIP3_N
Change Net Name : Old Net Name=FLIP4_N New Net Name=FLIP4_P
Change Net Name : Old Net Name=FLIP4_P New Net Name=FLIP4_N
Change Net Name : Old Net Name=FLIP5_N New Net Name=FLIP5_P
Change Net Name : Old Net Name=FLIP5_P New Net Name=FLIP5_N
