Change Component Designator: Old Designator=C47 New Designator=C64
Change Component Designator: Old Designator=C48 New Designator=C65
Change Component Designator: Old Designator=C49 New Designator=C66
Change Component Designator: Old Designator=C50 New Designator=C45
Change Component Designator: Old Designator=C51 New Designator=C59
Change Component Designator: Old Designator=C54 New Designator=C67
Change Component Designator: Old Designator=C? New Designator=C14
Change Component Designator: Old Designator=C? New Designator=C15
Change Component Designator: Old Designator=C? New Designator=C16
Change Component Designator: Old Designator=C? New Designator=C17
Change Component Designator: Old Designator=C? New Designator=C18
Change Component Designator: Old Designator=C? New Designator=C19
Change Component Designator: Old Designator=C? New Designator=C20
Change Component Designator: Old Designator=C? New Designator=C21
Change Component Designator: Old Designator=C? New Designator=C22
Change Component Designator: Old Designator=C? New Designator=C23
Change Component Designator: Old Designator=C? New Designator=C24
Change Component Designator: Old Designator=C? New Designator=C25
Change Component Designator: Old Designator=C? New Designator=C26
Change Component Designator: Old Designator=C? New Designator=C27
Change Component Designator: Old Designator=C? New Designator=C28
Change Component Designator: Old Designator=C? New Designator=C29
Change Component Designator: Old Designator=C? New Designator=C30
Change Component Designator: Old Designator=C? New Designator=C31
Change Component Designator: Old Designator=C? New Designator=C32
Change Component Designator: Old Designator=C? New Designator=C33
Change Component Designator: Old Designator=C? New Designator=C34
Change Component Designator: Old Designator=C? New Designator=C35
Change Component Designator: Old Designator=C? New Designator=C36
Change Component Designator: Old Designator=C? New Designator=C37
Change Component Designator: Old Designator=C? New Designator=C38
Change Component Designator: Old Designator=C? New Designator=C39
Change Component Designator: Old Designator=C? New Designator=C40
Change Component Designator: Old Designator=C? New Designator=C41
Change Component Designator: Old Designator=C? New Designator=C42
Change Component Designator: Old Designator=C? New Designator=C43
Change Component Designator: Old Designator=C? New Designator=C44
Change Component Designator: Old Designator=C? New Designator=C46
Change Component Designator: Old Designator=C? New Designator=C47
Change Component Designator: Old Designator=C? New Designator=C48
Change Component Designator: Old Designator=C? New Designator=C49
Change Component Designator: Old Designator=C? New Designator=C50
Change Component Designator: Old Designator=C? New Designator=C51
Change Component Designator: Old Designator=C? New Designator=C52
Change Component Designator: Old Designator=C? New Designator=C53
Change Component Designator: Old Designator=C? New Designator=C54
Change Component Designator: Old Designator=C? New Designator=C55
Change Component Designator: Old Designator=C? New Designator=C56
Change Component Designator: Old Designator=C? New Designator=C57
Change Component Designator: Old Designator=C? New Designator=C58
Change Component Designator: Old Designator=C? New Designator=C60
Change Component Designator: Old Designator=C? New Designator=C61
Change Component Designator: Old Designator=C? New Designator=C62
Change Component Designator: Old Designator=C? New Designator=C63
Change Component Designator: Old Designator=D22 New Designator=D1
Change Component Designator: Old Designator=D23 New Designator=D2
Change Component Designator: Old Designator=D24 New Designator=D3
Change Component Designator: Old Designator=D25 New Designator=D4
Change Component Designator: Old Designator=J2 New Designator=J8
Change Component Designator: Old Designator=R7 New Designator=R28
Change Component Designator: Old Designator=R8 New Designator=R29
Change Component Designator: Old Designator=R9 New Designator=R30
Change Component Designator: Old Designator=R10 New Designator=R31
Change Component Designator: Old Designator=R11 New Designator=R32
Change Component Designator: Old Designator=R12 New Designator=R33
Change Component Designator: Old Designator=R13 New Designator=R34
Change Component Designator: Old Designator=R14 New Designator=R35
Change Component Designator: Old Designator=R15 New Designator=R25
Change Component Designator: Old Designator=R16 New Designator=R36
Change Component Designator: Old Designator=R17 New Designator=R37
Change Component Designator: Old Designator=R18 New Designator=R27
Change Component Designator: Old Designator=R19 New Designator=R26
Change Component Designator: Old Designator=R20 New Designator=R38
Change Component Designator: Old Designator=R21 New Designator=R39
Change Component Designator: Old Designator=R22 New Designator=R40
Change Component Designator: Old Designator=R23 New Designator=R41
Change Component Designator: Old Designator=R24 New Designator=R42
Change Component Designator: Old Designator=R25 New Designator=R43
Change Component Designator: Old Designator=R26 New Designator=R44
Change Component Designator: Old Designator=R27 New Designator=R45
Change Component Designator: Old Designator=R28 New Designator=R46
Change Component Designator: Old Designator=R29 New Designator=R47
Change Component Designator: Old Designator=TP1 New Designator=TP18
Change Component Designator: Old Designator=TP2 New Designator=TP19
Change Component Designator: Old Designator=TP3 New Designator=TP20
Change Component Designator: Old Designator=TP4 New Designator=TP21
Change Component Designator: Old Designator=TP40 New Designator=TP22
Change Component Designator: Old Designator=TP41 New Designator=TP23
Change Component Designator: Old Designator=TP42 New Designator=TP24
Change Component Designator: Old Designator=TP43 New Designator=TP25
Change Component Designator: Old Designator=TP44 New Designator=TP26
Change Component Designator: Old Designator=TP45 New Designator=TP27
Change Component Designator: Old Designator=TP46 New Designator=TP28
Change Component Designator: Old Designator=TP47 New Designator=TP29
Change Component Designator: Old Designator=TP48 New Designator=TP30
Change Component Designator: Old Designator=TP49 New Designator=TP31
Change Component Designator: Old Designator=TP50 New Designator=TP33
Change Component Designator: Old Designator=TP51 New Designator=TP32
Change Component Designator: Old Designator=TP52 New Designator=TP35
Change Component Designator: Old Designator=TP53 New Designator=TP34
