Change Component Designator: Old Designator=D6 New Designator=D4
Change Component Designator: Old Designator=D7 New Designator=D5
Change Component Designator: Old Designator=Q3 New Designator=Q2
Change Component Designator: Old Designator=Q4 New Designator=Q3
Change Component Designator: Old Designator=Q5 New Designator=Q4
Change Component Designator: Old Designator=Q6 New Designator=Q5
Change Component Designator: Old Designator=Q7 New Designator=Q6
Change Component Designator: Old Designator=Q8 New Designator=Q7
Change Component Designator: Old Designator=Q9 New Designator=Q8
Change Component Designator: Old Designator=Q10 New Designator=Q9
Change Component Designator: Old Designator=Q10 New Designator=Q9
Change Component Designator: Old Designator=R30 New Designator=R23
Change Component Designator: Old Designator=R31 New Designator=R24
Change Component Designator: Old Designator=R32 New Designator=R25
Change Component Designator: Old Designator=R33 New Designator=R26
Change Component Designator: Old Designator=R34 New Designator=R27
Change Component Designator: Old Designator=R35 New Designator=R28
Change Component Designator: Old Designator=R36 New Designator=R29
Change Component Designator: Old Designator=R37 New Designator=R30
Change Component Designator: Old Designator=R38 New Designator=R31
Change Component Designator: Old Designator=R39 New Designator=R32
Change Component Designator: Old Designator=R40 New Designator=R33
Change Component Designator: Old Designator=R41 New Designator=R34
Change Component Designator: Old Designator=R42 New Designator=R35
Change Component Designator: Old Designator=R43 New Designator=R36
Change Component Designator: Old Designator=R44 New Designator=R37
Change Component Designator: Old Designator=R45 New Designator=R38
Change Component Designator: Old Designator=R46 New Designator=R39
Change Component Designator: Old Designator=R47 New Designator=R40
Change Component Designator: Old Designator=R48 New Designator=R41
Change Component Designator: Old Designator=R49 New Designator=R42
Change Component Designator: Old Designator=R50 New Designator=R43
Change Component Designator: Old Designator=R51 New Designator=R44
Change Component Designator: Old Designator=R52 New Designator=R45
Change Component Designator: Old Designator=R53 New Designator=R46
Change Component Designator: Old Designator=R54 New Designator=R47
Change Component Designator: Old Designator=R55 New Designator=R48
Change Component Designator: Old Designator=R56 New Designator=R49
Change Component Designator: Old Designator=R? New Designator=R22
Change Component Designator: Old Designator=U4 New Designator=U3
Change Component Designator: Old Designator=U5 New Designator=U4
Change Component Designator: Old Designator=U5 New Designator=U4
Change Component Designator: Old Designator=U5 New Designator=U4
Change Component Designator: Old Designator=U6 New Designator=U5
