Removed Pin From Net: NetName=GND Pin=R1-2
Removed Pin From Net: NetName=CSI_D0_N Pin=R2-2
Removed Pin From Net: NetName=CSI_D0_P Pin=R3-2
Removed Pin From Net: NetName=GND Pin=R4-2
Removed Pin From Net: NetName=CSI_D1_N Pin=R5-2
Removed Pin From Net: NetName=CSI_D1_P Pin=R6-2
Removed Pin From Net: NetName=GND Pin=R7-2
Removed Pin From Net: NetName=CSI_CLK_N Pin=R8-2
Removed Pin From Net: NetName=CSI_CLK_P Pin=R9-2
Removed Pin From Net: NetName=GND Pin=R10-2
Removed Pin From Net: NetName=CAM_IO0 Pin=R11-2
Removed Pin From Net: NetName=CAM_IO1 Pin=R12-2
Removed Pin From Net: NetName=CAM_SCL Pin=R13-2
Removed Pin From Net: NetName=CAM_SDA Pin=R14-2
Removed Pin From Net: NetName=NetC1_1 Pin=R15-2
Removed Member From Class: ClassName=CamLink Member=R1
Removed Member From Class: ClassName=CamLink Member=R2
Removed Member From Class: ClassName=CamLink Member=R3
Removed Member From Class: ClassName=CamLink Member=R4
Removed Member From Class: ClassName=CamLink Member=R5
Removed Member From Class: ClassName=CamLink Member=R6
Removed Member From Class: ClassName=CamLink Member=R7
Removed Member From Class: ClassName=CamLink Member=R8
Removed Member From Class: ClassName=CamLink Member=R9
Removed Member From Class: ClassName=CamLink Member=R10
Removed Member From Class: ClassName=CamLink Member=R11
Removed Member From Class: ClassName=CamLink Member=R12
Removed Member From Class: ClassName=CamLink Member=R13
Removed Member From Class: ClassName=CamLink Member=R14
Removed Member From Class: ClassName=CamLink Member=R15
Added Pin To Net: NetName=GND Pin=J1-1
Added Pin To Net: NetName=GND Pin=J1-1
Added Pin To Net: NetName=CSI_D0_N Pin=J1-2
Added Pin To Net: NetName=CSI_D0_N Pin=J1-2
Added Pin To Net: NetName=CSI_D0_P Pin=J1-3
Added Pin To Net: NetName=CSI_D0_P Pin=J1-3
Added Pin To Net: NetName=GND Pin=J1-4
Added Pin To Net: NetName=GND Pin=J1-4
Added Pin To Net: NetName=CSI_D1_N Pin=J1-5
Added Pin To Net: NetName=CSI_D1_N Pin=J1-5
Added Pin To Net: NetName=CSI_D1_P Pin=J1-6
Added Pin To Net: NetName=CSI_D1_P Pin=J1-6
Added Pin To Net: NetName=GND Pin=J1-7
Added Pin To Net: NetName=GND Pin=J1-7
Added Pin To Net: NetName=CSI_CLK_N Pin=J1-8
Added Pin To Net: NetName=CSI_CLK_N Pin=J1-8
Added Pin To Net: NetName=CSI_CLK_P Pin=J1-9
Added Pin To Net: NetName=CSI_CLK_P Pin=J1-9
Added Pin To Net: NetName=GND Pin=J1-10
Added Pin To Net: NetName=GND Pin=J1-10
Added Pin To Net: NetName=CAM_IO0 Pin=J1-11
Added Pin To Net: NetName=CAM_IO0 Pin=J1-11
Added Pin To Net: NetName=CAM_IO1 Pin=J1-12
Added Pin To Net: NetName=CAM_IO1 Pin=J1-12
Added Pin To Net: NetName=CAM_SCL Pin=J1-13
Added Pin To Net: NetName=CAM_SCL Pin=J1-13
Added Pin To Net: NetName=CAM_SDA Pin=J1-14
Added Pin To Net: NetName=CAM_SDA Pin=J1-14
Added Pin To Net: NetName=NetC1_1 Pin=J1-15
Added Pin To Net: NetName=NetC1_1 Pin=J1-15
Added Class: Name=100DIFF
