Added Component: Designator=TP16(New footprint 1)
Added Component: Designator=TP21(New footprint 1)
Added Component: Designator=TP22(New footprint 1)
Added Component: Designator=TP23(New footprint 1)
Added Component: Designator=TP24(New footprint 1)
Added Component: Designator=TP25(New footprint 1)
Added Pin To Net: NetName=CAM_SCL Pin=TP16-1
Added Pin To Net: NetName=I2C2_SDA Pin=TP21-1
Added Pin To Net: NetName=CAM_SDA Pin=TP22-1
Added Pin To Net: NetName=I2C2_SCL Pin=TP23-1
Added Pin To Net: NetName=CAM_IO0 Pin=TP24-1
Added Pin To Net: NetName=CAM_IO1 Pin=TP25-1
Add Differential Pair: Number of nets in differential pair NetC7_1 is 1 instead of 2
Add Differential Pair: Number of nets in differential pair NetC8_1 is 1 instead of 2
Add Differential Pair: Number of nets in differential pair NetC10_1 is 1 instead of 2
Add Differential Pair: Number of nets in differential pair NetC11_1 is 1 instead of 2
Added Member To Class: ClassName=CamLink Member=Component TP16 TPAD6R
Added Member To Class: ClassName=CamLink Member=Component TP21 TPAD6R
Added Member To Class: ClassName=CamLink Member=Component TP22 TPAD6R
Added Member To Class: ClassName=CamLink Member=Component TP23 TPAD6R
Added Member To Class: ClassName=CamLink Member=Component TP24 TPAD6R
Added Member To Class: ClassName=CamLink Member=Component TP25 TPAD6R
