Added Component: Designator=TP1(TP06R)
Add component (AddParameter): Name = "Case/Package"; Value = ""; VariantName = "[No Variations]"
Add component (AddParameter): Name = "Max Operating Temperature"; Value = ""; VariantName = "[No Variations]"
Add component (AddParameter): Name = "Min Operating Temperature"; Value = ""; VariantName = "[No Variations]"
Add component (AddParameter): Name = "Mounting Technology"; Value = ""; VariantName = "[No Variations]"
Add component (AddParameter): Name = "Pins"; Value = "1"; VariantName = "[No Variations]"
Add component (AddParameter): Name = "RoHS Compliant"; Value = ""; VariantName = "[No Variations]"
Added Component: Designator=TP2(TP06R)
Add component (AddParameter): Name = "Case/Package"; Value = ""; VariantName = "[No Variations]"
Add component (AddParameter): Name = "Max Operating Temperature"; Value = ""; VariantName = "[No Variations]"
Add component (AddParameter): Name = "Min Operating Temperature"; Value = ""; VariantName = "[No Variations]"
Add component (AddParameter): Name = "Mounting Technology"; Value = ""; VariantName = "[No Variations]"
Add component (AddParameter): Name = "Pins"; Value = "1"; VariantName = "[No Variations]"
Add component (AddParameter): Name = "RoHS Compliant"; Value = ""; VariantName = "[No Variations]"
Added Pin To Net: NetName=NetJ9_2 Pin=J9-2
Added Pin To Net: NetName=NetJ9_2 Pin=TP1-1
Added Net: Name=NetJ9_2
Added Pin To Net: NetName=NetJ9_5 Pin=J9-5
Added Pin To Net: NetName=NetJ9_5 Pin=TP2-1
Added Net: Name=NetJ9_5
Added Member To Class: ClassName=STM32H730_PINOUT Member=Component C26 C0402C104K8PACTU
Added Member To Class: ClassName=STM32H730_PINOUT Member=Component R19 ERJ-3EKF3300V
Added Member To Class: ClassName=STM32H730_PINOUT Member=Component R20 ERJ3EKF1002V
Added Member To Class: ClassName=LightLink_V4 Member=Component TP1 TPAD6R
Added Member To Class: ClassName=LightLink_V4 Member=Component TP2 TPAD6R
Added Member To Class: ClassName=STM32H730_PINOUT Member=Component U5 LM324D
