Change Net Name : Old Net Name=OUT New Net Name=2V_AUX_OUT
Added Pin To Net: NetName=5V_MAIN_OUT Pin=C2-2
Added Pin To Net: NetName=5V_MAIN_OUT Pin=C31-1
Added Pin To Net: NetName=5V_MAIN_OUT Pin=C32-1
Added Pin To Net: NetName=5V_MAIN_OUT Pin=C33-1
Added Pin To Net: NetName=5V_MAIN_OUT Pin=C34-1
Added Pin To Net: NetName=5V_MAIN_OUT Pin=C35-1
Added Pin To Net: NetName=5V_MAIN_OUT Pin=J4-1
Added Pin To Net: NetName=5V_MAIN_OUT Pin=J4-2
Added Pin To Net: NetName=5V_MAIN_OUT Pin=J4-3
Added Pin To Net: NetName=5V_MAIN_OUT Pin=J4-4
Added Pin To Net: NetName=5V_MAIN_OUT Pin=J4-5
Added Pin To Net: NetName=5V_MAIN_OUT Pin=J4-6
Added Pin To Net: NetName=5V_MAIN_OUT Pin=L4-2
Added Pin To Net: NetName=5V_MAIN_OUT Pin=R65-2
Added Pin To Net: NetName=5V_MAIN_OUT Pin=R70-2
Added Pin To Net: NetName=5V_MAIN_OUT Pin=U2-3
Added Pin To Net: NetName=5V_MAIN_OUT Pin=U6-5
Added Pin To Net: NetName=5V_MAIN_OUT Pin=U6-7
Added Net: Name=5V_MAIN_OUT
Add Net: Net with name "INT_VCC" already exists
