Removed Member From Class: ClassName=100DIFF Member=CSI0_D1_N
Removed Member From Class: ClassName=100DIFF Member=CSI0_D1_P
Added Pin To Net: NetName=CSI0_D1_A Pin=D13-2
Added Pin To Net: NetName=CSI0_D1_A Pin=J1-18
Added Pin To Net: NetName=CSI0_D1_A Pin=R4-1
Added Net: Name=CSI0_D1_A
Added Pin To Net: NetName=CSI0_D1_B Pin=D13-1
Added Pin To Net: NetName=CSI0_D1_B Pin=J1-16
Added Pin To Net: NetName=CSI0_D1_B Pin=R3-1
Added Net: Name=CSI0_D1_B
Added Pin To Net: NetName=NetC3_CAMIF_1_1 Pin=C3_CAMIF_1-1
Added Pin To Net: NetName=NetC3_CAMIF_1_1 Pin=R4-2
Added Net: Name=NetC3_CAMIF_1_1
Added Pin To Net: NetName=NetC4_CAMIF_1_1 Pin=C4_CAMIF_1-1
Added Pin To Net: NetName=NetC4_CAMIF_1_1 Pin=R3-2
Added Net: Name=NetC4_CAMIF_1_1
Add Net: Net with name "PCIE_WAKE" already exists
Add Differential Pair: Number of nets in differential pair NetC3_CAMIF_1_1 is 1 instead of 2
Add Differential Pair: Number of nets in differential pair NetC4_CAMIF_1_1 is 1 instead of 2
Added Member To Class: ClassName=100DIFF Member=Wire CSI0_D1_A
Added Member To Class: ClassName=100DIFF Member=Wire CSI0_D1_B
Added Member To Class: ClassName=100DIFF Member=Wire NetC3_CAMIF_1_1
Added Member To Class: ClassName=100DIFF Member=Wire NetC4_CAMIF_1_1
