Added Pin To Net: NetName=SPI0_nCS_0 Pin=D1-6
Added Pin To Net: NetName=SPI0_MISO Pin=D1-7
Added Pin To Net: NetName=SPI0_SCLK Pin=D1-9
Added Pin To Net: NetName=SPI0_MOSI Pin=D1-10
Added Pin To Net: NetName=I2C0_SDA Pin=D2-6
Added Pin To Net: NetName=I2C0_SCL Pin=D2-7
Added Pin To Net: NetName=PCIE0_nRST Pin=D2-9
Added Pin To Net: NetName=PCIE_WAKE Pin=D2-10
Added Pin To Net: NetName=SPI1_nCS_0 Pin=D3-6
Added Pin To Net: NetName=SPI1_MISO Pin=D3-7
Added Pin To Net: NetName=SPI1_SCLK Pin=D3-9
Added Pin To Net: NetName=SPI1_MOSI Pin=D3-10
Added Pin To Net: NetName=I2S0_SCLK Pin=D4-6
Added Pin To Net: NetName=I2S0_FS Pin=D4-7
Added Pin To Net: NetName=I2S0_DIN Pin=D4-9
Added Pin To Net: NetName=I2S0_DOUT Pin=D4-10
Added Pin To Net: NetName=GBE_MDI1_P Pin=D5-6
Added Pin To Net: NetName=GBE_MDI1_N Pin=D5-7
Added Pin To Net: NetName=GBE_MDI0_P Pin=D5-9
Added Pin To Net: NetName=GBE_MDI0_N Pin=D5-10
Added Pin To Net: NetName=CSI1_D1_P Pin=D7-6
Added Pin To Net: NetName=CSI1_D1_N Pin=D7-7
Added Pin To Net: NetName=CSI1_D0_P Pin=D7-9
Added Pin To Net: NetName=CSI1_D0_N Pin=D7-10
Added Pin To Net: NetName=USB1_D_P Pin=D9-6
Added Pin To Net: NetName=USB1_D_N Pin=D9-7
Added Pin To Net: NetName=USB0_D_P Pin=D9-9
Added Pin To Net: NetName=USB0_D_N Pin=D9-10
Added Pin To Net: NetName=PCIE0_RX1_P Pin=D10-6
Added Pin To Net: NetName=PCIE0_RX1_N Pin=D10-7
Added Pin To Net: NetName=PCIE0_RX0_P Pin=D10-9
Added Pin To Net: NetName=PCIE0_RX0_N Pin=D10-10
Added Pin To Net: NetName=PCIE0_TX3_P Pin=D11-6
Added Pin To Net: NetName=PCIE0_TX3_N Pin=D11-7
Added Pin To Net: NetName=PCIE0_TX2_P Pin=D11-9
Added Pin To Net: NetName=PCIE0_TX2_N Pin=D11-10
Added Pin To Net: NetName=GBE_MDI3_P Pin=D12-6
Added Pin To Net: NetName=GBE_MDI3_N Pin=D12-7
Added Pin To Net: NetName=GBE_MDI2_P Pin=D12-9
Added Pin To Net: NetName=GBE_MDI2_N Pin=D12-10
Added Pin To Net: NetName=CSI3_D1_P Pin=D14-6
Added Pin To Net: NetName=CSI3_D1_N Pin=D14-7
Added Pin To Net: NetName=CSI3_D0_P Pin=D14-9
Added Pin To Net: NetName=CSI3_D0_N Pin=D14-10
Added Pin To Net: NetName=USBSS0_RX_P Pin=D16-9
Added Pin To Net: NetName=USBSS0_RX_N Pin=D16-10
Added Pin To Net: NetName=PCIE0_RX3_P Pin=D17-6
Added Pin To Net: NetName=PCIE0_RX3_N Pin=D17-7
Added Pin To Net: NetName=PCIE0_RX2_P Pin=D17-9
Added Pin To Net: NetName=PCIE0_RX2_N Pin=D17-10
Added Pin To Net: NetName=USBSS0_TX_P Pin=D18-6
Added Pin To Net: NetName=USBSS0_TX_N Pin=D18-7
Added Pin To Net: NetName=PCIE0_CLK_P Pin=D18-9
Added Pin To Net: NetName=PCIE0_CLK_N Pin=D18-10
Added Pin To Net: NetName=CSI2_CLK_P Pin=D19-6
Added Pin To Net: NetName=CSI2_CLK_N Pin=D19-7
Added Pin To Net: NetName=CSI2_D1_P Pin=D19-9
Added Pin To Net: NetName=CSI2_D1_N Pin=D19-10
Added Pin To Net: NetName=PCIE0_TX1_P Pin=D21-6
Added Pin To Net: NetName=PCIE0_TX1_N Pin=D21-7
Added Pin To Net: NetName=PCIE0_TX0_P Pin=D21-9
Added Pin To Net: NetName=PCIE0_TX0_N Pin=D21-10
Add Net: Net with name "PCIE_WAKE" already exists
Add Differential Pair: Number of nets in differential pair NetC3_CAMIF_1_1 is 1 instead of 2
Add Differential Pair: Number of nets in differential pair NetC4_CAMIF_1_1 is 1 instead of 2
