(-------------------------------------------------------------------------)
(                                                                         )
(        ARTWORK LOG (Output By Valor)                                    )
(                                                                         )
(        Valor Job        : 142-13509-1000-a01                            )
(        Drawing          : 142-13509-1000-a01.brd                        )
(        Software Version : 102                                           )
(        Date/Time        : Wed Nov 27 16:19:38 2019                      )
(                                                                         )
(-------------------------------------------------------------------------)

Base output parameters ...

OUTPUT FORMAT         Gerber274x                                        
OUTPUT-UNITS          mm                                                
FORMAT                4.4 (NC-Drill data may *not* be same number format)                   
COORDINATES           absolute                                          
SCALE                 1                                                 
SUPPRESS-ZEROES       leading                                           
BREAK SYMBOLS         no                                                
MIRROR                No                                                
Rotate Angle          0                                                 
Offset x:             0.0                                               
Offset y:             0.0                                               
Plot negative         No                                                


Output folder ---> C:/perforce/syseng/LMARTINEZ-DT-se/Projects/Jakku/Baseboard/P3509/A01/worklib/physical

Valor run time output log follows(PID = 4296) ...

output_layer_reset (0)
***********  COMMAND 27Nov2019.161938.803 valornpi 4296 lmartinez 10.2(10600175) Windows 7
output_layer_set,layer=maskbot,angle=0,mirror=no,x_scale=1,y_scale=1, comp=0,polarity=positive,line_units=inch (0)
***********  COMMAND 27Nov2019.161938.803 valornpi 4296 lmartinez 10.2(10600175) Windows 7
output_layer_set,layer=fab,angle=0,mirror=no,x_scale=1,y_scale=1, comp=0,polarity=positive,line_units=inch (0)
***********  COMMAND 27Nov2019.161938.803 valornpi 4296 lmartinez 10.2(10600175) Windows 7
output_layer_set,layer=fabnotes,angle=0,mirror=no,x_scale=1,y_scale=1, comp=0,polarity=positive,line_units=inch (0)
***********  COMMAND 27Nov2019.161938.803 valornpi 4296 lmartinez 10.2(10600175) Windows 7
output_layer_set,layer=silktop,angle=0,mirror=no,x_scale=1,y_scale=1, comp=0,polarity=positive,line_units=inch (0)
***********  COMMAND 27Nov2019.161938.804 valornpi 4296 lmartinez 10.2(10600175) Windows 7
output_layer_set,layer=l4,angle=0,mirror=no,x_scale=1,y_scale=1, comp=0,polarity=positive,line_units=inch (0)
***********  COMMAND 27Nov2019.161938.804 valornpi 4296 lmartinez 10.2(10600175) Windows 7
output_layer_set,layer=l5,angle=0,mirror=no,x_scale=1,y_scale=1, comp=0,polarity=positive,line_units=inch (0)
***********  COMMAND 27Nov2019.161938.804 valornpi 4296 lmartinez 10.2(10600175) Windows 7
output_layer_set,layer=l6_bottom,angle=0,mirror=no,x_scale=1,y_scale=1, comp=0,polarity=positive,line_units=inch (0)
***********  COMMAND 27Nov2019.161938.805 valornpi 4296 lmartinez 10.2(10600175) Windows 7
output_layer_set,layer=asytop,angle=0,mirror=no,x_scale=1,y_scale=1, comp=0,polarity=positive,line_units=inch (0)
***********  COMMAND 27Nov2019.161938.805 valornpi 4296 lmartinez 10.2(10600175) Windows 7
output_layer_set,layer=pastebot,angle=0,mirror=no,x_scale=1,y_scale=1, comp=0,polarity=positive,line_units=inch (0)
***********  COMMAND 27Nov2019.161938.805 valornpi 4296 lmartinez 10.2(10600175) Windows 7
output_layer_set,layer=l1_top,angle=0,mirror=no,x_scale=1,y_scale=1, comp=0,polarity=positive,line_units=inch (0)
***********  COMMAND 27Nov2019.161938.806 valornpi 4296 lmartinez 10.2(10600175) Windows 7
output_layer_set,layer=l3,angle=0,mirror=no,x_scale=1,y_scale=1, comp=0,polarity=positive,line_units=inch (0)
***********  COMMAND 27Nov2019.161938.806 valornpi 4296 lmartinez 10.2(10600175) Windows 7
output_layer_set,layer=masktop,angle=0,mirror=no,x_scale=1,y_scale=1, comp=0,polarity=positive,line_units=inch (0)
***********  COMMAND 27Nov2019.161938.806 valornpi 4296 lmartinez 10.2(10600175) Windows 7
output_layer_set,layer=l2,angle=0,mirror=no,x_scale=1,y_scale=1, comp=0,polarity=positive,line_units=inch (0)
***********  COMMAND 27Nov2019.161938.806 valornpi 4296 lmartinez 10.2(10600175) Windows 7
output_layer_set,layer=pastetop,angle=0,mirror=no,x_scale=1,y_scale=1, comp=0,polarity=positive,line_units=inch (0)
***********  COMMAND 27Nov2019.161938.807 valornpi 4296 lmartinez 10.2(10600175) Windows 7
output_layer_set,layer=asybot,angle=0,mirror=no,x_scale=1,y_scale=1, comp=0,polarity=positive,line_units=inch (0)
***********  COMMAND 27Nov2019.161938.807 valornpi 4296 lmartinez 10.2(10600175) Windows 7
output_layer_set,layer=silkbot,angle=0,mirror=no,x_scale=1,y_scale=1, comp=0,polarity=positive,line_units=inch (0)
***********  COMMAND 27Nov2019.161938.807 valornpi 4296 lmartinez 10.2(10600175) Windows 7
output,job=142-13509-1000-a01,step=cad,format=Gerber274x,dir_path=C:/perforce/syseng/LMARTINEZ-DT-se/Projects/Jakku/Baseboard/P3509/A01/worklib/physical, prefix=,suffix=.art,break_sr=yes,break_symbols=no, break_arc=yes,scale_mode=all,surface_mode=contour,min_brush=1,units=mm, coordinates=absolute,zeroes=leading,nf1=4,nf2=4, x_anchor=0,y_anchor=0,wheel=,x_offset=0,y_offset=0, line_units=inch,override_online=yes (0)
*********** WARNING  27Nov2019.161939.126 valornpi 4296 lmartinez 10.2(10600175) Windows 7
Numbering format changed to 4.5 .
***********  COMMAND 27Nov2019.161940.358 valornpi 4296 lmartinez 10.2(10600175) Windows 7
editor_group,job=142-13509-1000-a01,is_step=yes,name=cad (-1)
***********  COMMAND 27Nov2019.161941.539 valornpi 4296 lmartinez 10.2(10600175) Windows 7
disp_on (-1)
***********  COMMAND 27Nov2019.161941.539 valornpi 4296 lmartinez 10.2(10600175) Windows 7
origin_on (-1)


Gerber274x output finished...

