Removed Pin From Net: NetName=CSI0_CK_N Pin=R1-2
Removed Pin From Net: NetName=CSI0_CK_N Pin=R2-2
Removed Pin From Net: NetName=CSI0_CK_P Pin=R3-2
Removed Pin From Net: NetName=CSI0_CK_P Pin=R4-2
Removed Member From Class: ClassName=MAX96724_COUPON Member=R1
Removed Member From Class: ClassName=MAX96724_COUPON Member=R2
Removed Member From Class: ClassName=MAX96724_COUPON Member=R3
Removed Member From Class: ClassName=MAX96724_COUPON Member=R4
Removed Member From Class: ClassName=GMSL_DESERIALIZER_0 Member=TP18
Removed Member From Class: ClassName=GMSL_DESERIALIZER_0 Member=TP19
Added Pin To Net: NetName=CSI0_CK_N Pin=J1-8
Added Pin To Net: NetName=CSI0_CK_N Pin=J1-8
Added Pin To Net: NetName=CSI0_CK_P Pin=J1-9
Added Pin To Net: NetName=CSI0_CK_P Pin=J1-9
Added Pin To Net: NetName=CSI0_CKALT_N Pin=C69-1
Added Pin To Net: NetName=CSI0_CKALT_N Pin=J2-8
Added Pin To Net: NetName=CSI0_CKALT_N Pin=J2-8
Added Net: Name=CSI0_CKALT_N
Added Pin To Net: NetName=CSI0_CKALT_P Pin=C68-1
Added Pin To Net: NetName=CSI0_CKALT_P Pin=J2-9
Added Pin To Net: NetName=CSI0_CKALT_P Pin=J2-9
Added Net: Name=CSI0_CKALT_P
Add Class: Class already exists: 100DIFF
Added Class: Name=CSI1_PRE
Change Class Name : Old Net Name=100DIFF New Net Name=CSI0_PRE
Removed Member From Class: ClassName=CSI0 Member=CKA
Removed Member From Class: ClassName=CSI1 Member=CKF
Removed Member From Class: ClassName=CSI0_PRE Member=CSI1_CK
Removed Member From Class: ClassName=CSI0_PRE Member=CSI1_D0
Removed Member From Class: ClassName=CSI0_PRE Member=CSI1_D1
Removed Member From Class: ClassName=CSI0_PRE Member=CSI1_D2
Removed Member From Class: ClassName=CSI0_PRE Member=CSI1_D3
Remove Class Member: Failed to remove class member
Remove Class Member: Failed to remove class member
Removed Member From Class: ClassName=CSI0_PRE Member=J3
Removed Member From Class: ClassName=CSI0_PRE Member=J4
Removed Member From Class: ClassName=CSI0_PRE Member=SIOA
Removed Member From Class: ClassName=CSI0_PRE Member=SIOB
Removed Member From Class: ClassName=CSI0_PRE Member=SIOC
Removed Member From Class: ClassName=CSI0_PRE Member=SIOD
