Removed Pin From Net: NetName=GND Pin=C34_SWITCH1-2
Removed Pin From Net: NetName=GND Pin=C34_SWITCH2-2
Removed Pin From Net: NetName=GND Pin=C34_SWITCH3-2
Removed Pin From Net: NetName=GND Pin=C34_SWITCH4-2
Removed Pin From Net: NetName=GND Pin=C34_SWITCH5-2
Removed Pin From Net: NetName=GND Pin=C34_SWITCH6-2
Removed Pin From Net: NetName=GND Pin=C34_SWITCH7-2
Removed Pin From Net: NetName=GND Pin=C34_SWITCH8-2
Removed Pin From Net: NetName=3V3 Pin=R18_SWITCH1-2
Removed Pin From Net: NetName=3V3 Pin=R18_SWITCH2-2
Removed Pin From Net: NetName=3V3 Pin=R18_SWITCH3-2
Removed Pin From Net: NetName=3V3 Pin=R18_SWITCH4-2
Removed Pin From Net: NetName=3V3 Pin=R18_SWITCH5-2
Removed Pin From Net: NetName=3V3 Pin=R18_SWITCH6-2
Removed Pin From Net: NetName=3V3 Pin=R18_SWITCH7-2
Removed Pin From Net: NetName=3V3 Pin=R18_SWITCH8-2
Removed Pin From Net: NetName=SW_1 Pin=R19_SWITCH1-1
Removed Pin From Net: NetName=SW_2 Pin=R19_SWITCH2-1
Removed Pin From Net: NetName=SW_3 Pin=R19_SWITCH3-1
Removed Pin From Net: NetName=SW_4 Pin=R19_SWITCH4-1
Removed Pin From Net: NetName=SW_5 Pin=R19_SWITCH5-1
Removed Pin From Net: NetName=SW_6 Pin=R19_SWITCH6-1
Removed Pin From Net: NetName=SW_7 Pin=R19_SWITCH7-1
Removed Pin From Net: NetName=SW_8 Pin=R19_SWITCH8-1
Removed Member From Class: ClassName=SWITCH1 Member=C34_SWITCH1
Removed Member From Class: ClassName=SWITCH2 Member=C34_SWITCH2
Removed Member From Class: ClassName=SWITCH3 Member=C34_SWITCH3
Removed Member From Class: ClassName=SWITCH4 Member=C34_SWITCH4
Removed Member From Class: ClassName=SWITCH5 Member=C34_SWITCH5
Removed Member From Class: ClassName=SWITCH6 Member=C34_SWITCH6
Removed Member From Class: ClassName=SWITCH7 Member=C34_SWITCH7
Removed Member From Class: ClassName=SWITCH8 Member=C34_SWITCH8
Removed Member From Class: ClassName=SWITCH1 Member=R18_SWITCH1
Removed Member From Class: ClassName=SWITCH2 Member=R18_SWITCH2
Removed Member From Class: ClassName=SWITCH3 Member=R18_SWITCH3
Removed Member From Class: ClassName=SWITCH4 Member=R18_SWITCH4
Removed Member From Class: ClassName=SWITCH5 Member=R18_SWITCH5
Removed Member From Class: ClassName=SWITCH6 Member=R18_SWITCH6
Removed Member From Class: ClassName=SWITCH7 Member=R18_SWITCH7
Removed Member From Class: ClassName=SWITCH8 Member=R18_SWITCH8
Removed Member From Class: ClassName=SWITCH1 Member=R19_SWITCH1
Removed Member From Class: ClassName=SWITCH2 Member=R19_SWITCH2
Removed Member From Class: ClassName=SWITCH3 Member=R19_SWITCH3
Removed Member From Class: ClassName=SWITCH4 Member=R19_SWITCH4
Removed Member From Class: ClassName=SWITCH5 Member=R19_SWITCH5
Removed Member From Class: ClassName=SWITCH6 Member=R19_SWITCH6
Removed Member From Class: ClassName=SWITCH7 Member=R19_SWITCH7
Removed Member From Class: ClassName=SWITCH8 Member=R19_SWITCH8
Added Pin To Net: NetName=SW_1 Pin=SW1_SWITCH1-1
Added Pin To Net: NetName=SW_1 Pin=SW1_SWITCH1-2
Added Pin To Net: NetName=SW_2 Pin=SW1_SWITCH2-1
Added Pin To Net: NetName=SW_2 Pin=SW1_SWITCH2-2
Added Pin To Net: NetName=SW_3 Pin=SW1_SWITCH3-1
Added Pin To Net: NetName=SW_3 Pin=SW1_SWITCH3-2
Added Pin To Net: NetName=SW_4 Pin=SW1_SWITCH4-1
Added Pin To Net: NetName=SW_4 Pin=SW1_SWITCH4-2
Added Pin To Net: NetName=SW_5 Pin=SW1_SWITCH5-1
Added Pin To Net: NetName=SW_5 Pin=SW1_SWITCH5-2
Added Pin To Net: NetName=SW_6 Pin=SW1_SWITCH6-1
Added Pin To Net: NetName=SW_6 Pin=SW1_SWITCH6-2
Added Pin To Net: NetName=SW_7 Pin=SW1_SWITCH7-1
Added Pin To Net: NetName=SW_7 Pin=SW1_SWITCH7-2
Added Pin To Net: NetName=SW_8 Pin=SW1_SWITCH8-1
Added Pin To Net: NetName=SW_8 Pin=SW1_SWITCH8-2
