Removed Pin From Net: NetName=I2C2_SDA Pin=U3-30
Removed Pin From Net: NetName=I2C2_SCL Pin=U3-31
Removed Pin From Net: NetName=CAM_SCL Pin=U3-39
Removed Pin From Net: NetName=CAM_SDA Pin=U3-44
Added Component: Designator=R46(RESC1005X40X25NL05T10)
Add component (AddParameter): Name = "Manufacturer"; Value = "Yageo / Phycomp"; VariantName = "[No Variations]"
Add component (AddParameter): Name = "Part Number"; Value = "RC0402JR-070RL"; VariantName = "[No Variations]"
Added Component: Designator=R47(RESC1005X40X25NL05T10)
Add component (AddParameter): Name = "Manufacturer"; Value = "Yageo / Phycomp"; VariantName = "[No Variations]"
Add component (AddParameter): Name = "Part Number"; Value = "RC0402JR-070RL"; VariantName = "[No Variations]"
Added Component: Designator=R48(RESC1005X40X25NL05T10)
Add component (AddParameter): Name = "Manufacturer"; Value = "Yageo / Phycomp"; VariantName = "[No Variations]"
Add component (AddParameter): Name = "Part Number"; Value = "RC0402JR-070RL"; VariantName = "[No Variations]"
Added Component: Designator=R49(RESC1005X40X25NL05T10)
Add component (AddParameter): Name = "Manufacturer"; Value = "Yageo / Phycomp"; VariantName = "[No Variations]"
Add component (AddParameter): Name = "Part Number"; Value = "RC0402JR-070RL"; VariantName = "[No Variations]"
Added Pin To Net: NetName=CAM_SDA Pin=R46-2
Added Pin To Net: NetName=I2C2_SDA Pin=R47-1
Added Pin To Net: NetName=I2C2_SCL Pin=R48-1
Added Pin To Net: NetName=CAM_SCL Pin=R49-1
Added Pin To Net: NetName=NetR46_1 Pin=R46-1
Added Pin To Net: NetName=NetR46_1 Pin=U3-44
Added Net: Name=NetR46_1
Added Pin To Net: NetName=NetR47_2 Pin=R47-2
Added Pin To Net: NetName=NetR47_2 Pin=U3-30
Added Net: Name=NetR47_2
Added Pin To Net: NetName=NetR48_2 Pin=R48-2
Added Pin To Net: NetName=NetR48_2 Pin=U3-31
Added Net: Name=NetR48_2
Added Pin To Net: NetName=NetR49_2 Pin=R49-2
Added Pin To Net: NetName=NetR49_2 Pin=U3-39
Added Net: Name=NetR49_2
Add Differential Pair: Number of nets in differential pair NetC7_1 is 1 instead of 2
Add Differential Pair: Number of nets in differential pair NetC8_1 is 1 instead of 2
Add Differential Pair: Number of nets in differential pair NetC10_1 is 1 instead of 2
Add Differential Pair: Number of nets in differential pair NetC11_1 is 1 instead of 2
Added Member To Class: ClassName=CONFIG_MCU Member=Component R46 RC0402JR-070RL
Added Member To Class: ClassName=CONFIG_MCU Member=Component R47 RC0402JR-070RL
Added Member To Class: ClassName=CONFIG_MCU Member=Component R48 RC0402JR-070RL
Added Member To Class: ClassName=CONFIG_MCU Member=Component R49 RC0402JR-070RL
