Change Component Designator: Old Designator=C77 New Designator=C82
Change Component Designator: Old Designator=C78 New Designator=C83
Change Component Designator: Old Designator=C79 New Designator=C84
Change Component Designator: Old Designator=C80 New Designator=C85
Change Component Designator: Old Designator=C81 New Designator=C86
Change Component Designator: Old Designator=C82 New Designator=C87
Change Component Designator: Old Designator=C83 New Designator=C88
Change Component Designator: Old Designator=C84 New Designator=C89
Change Component Designator: Old Designator=C85 New Designator=C90
Change Component Designator: Old Designator=C86 New Designator=C91
Change Component Designator: Old Designator=C87 New Designator=C92
Change Component Designator: Old Designator=C88 New Designator=C93
Change Component Designator: Old Designator=C89 New Designator=C94
Change Component Designator: Old Designator=C90 New Designator=C95
Change Component Designator: Old Designator=C91 New Designator=C96
Change Component Designator: Old Designator=C92 New Designator=C97
Change Component Designator: Old Designator=D21 New Designator=D33
Change Component Designator: Old Designator=D? New Designator=D30
Change Component Designator: Old Designator=D? New Designator=D31
Change Component Designator: Old Designator=D? New Designator=D32
Change Component Designator: Old Designator=J9 New Designator=J6
Change Component Designator: Old Designator=Q? New Designator=Q1
Change Component Designator: Old Designator=Q? New Designator=Q2
Change Component Designator: Old Designator=Q? New Designator=Q3
Change Component Designator: Old Designator=Q? New Designator=Q4
Change Component Designator: Old Designator=Q? New Designator=Q5
Change Component Designator: Old Designator=R27 New Designator=R65
Change Component Designator: Old Designator=R28 New Designator=R66
Change Component Designator: Old Designator=R29 New Designator=R67
Change Component Designator: Old Designator=R30 New Designator=R68
Change Component Designator: Old Designator=R31 New Designator=R69
Change Component Designator: Old Designator=R32 New Designator=R70
Change Component Designator: Old Designator=R33 New Designator=R71
Change Component Designator: Old Designator=R34 New Designator=R72
Change Component Designator: Old Designator=R35 New Designator=R73
Change Component Designator: Old Designator=R36 New Designator=R74
Change Component Designator: Old Designator=R37 New Designator=R75
Change Component Designator: Old Designator=R38 New Designator=R76
Change Component Designator: Old Designator=R39 New Designator=R77
Change Component Designator: Old Designator=R40 New Designator=R78
Change Component Designator: Old Designator=R41 New Designator=R79
Change Component Designator: Old Designator=R42 New Designator=R80
Change Component Designator: Old Designator=R43 New Designator=R81
Change Component Designator: Old Designator=R44 New Designator=R82
Change Component Designator: Old Designator=R45 New Designator=R83
Change Component Designator: Old Designator=R46 New Designator=R84
Change Component Designator: Old Designator=R47 New Designator=R85
Change Component Designator: Old Designator=R48 New Designator=R86
Change Component Designator: Old Designator=R49 New Designator=R87
Change Component Designator: Old Designator=R50 New Designator=R88
Change Component Designator: Old Designator=R51 New Designator=R89
Change Component Designator: Old Designator=R52 New Designator=R90
Change Component Designator: Old Designator=R53 New Designator=R91
Change Component Designator: Old Designator=R54 New Designator=R92
Change Component Designator: Old Designator=R55 New Designator=R93
Change Component Designator: Old Designator=R56 New Designator=R94
Change Component Designator: Old Designator=R57 New Designator=R95
Change Component Designator: Old Designator=R58 New Designator=R96
