Change Component Footprint: Designator=R80 Old Footprint=RESC1005X40X25LL05T05 New Footprint=RESC1608X55X30LL15T15
Change Component Footprint: Designator=R88 Old Footprint=RESC1005X40X25LL05T05 New Footprint=RESC1608X55X30LL15T15
Change Component Comment : Designator=R80 Old Comment=ERJ2RKF1801X New Comment=ERJ3EKF2701V
Change Component Comment : Designator=R88 Old Comment=ERJ2RKF1801X New Comment=ERJ3EKF2701V
Change Managed Component Library Link : Designator=R80 Old VaultGUID=B7D15EC3-160A-466F-A46C-7801FE6295A7 New VaultGUID=B7D15EC3-160A-466F-A46C-7801FE6295A7 Old ItemGUID=1FA5649F-8459-4153-990F-E213E56C2680 New ItemGUID=103AB79C-D75B-44A6-BB95-FC951944A283 Old RevisionGUID=2CC5B134-154F-42FA-AAA8-F06F23C0C70E New RevisionGUID=AABF9F0D-F541-4F17-BE2D-18A57F52743A
Change Managed Component Library Link : Designator=R88 Old VaultGUID=B7D15EC3-160A-466F-A46C-7801FE6295A7 New VaultGUID=B7D15EC3-160A-466F-A46C-7801FE6295A7 Old ItemGUID=1FA5649F-8459-4153-990F-E213E56C2680 New ItemGUID=103AB79C-D75B-44A6-BB95-FC951944A283 Old RevisionGUID=2CC5B134-154F-42FA-AAA8-F06F23C0C70E New RevisionGUID=AABF9F0D-F541-4F17-BE2D-18A57F52743A
Change component parameters: Designator = "R80" ("R80"); Footprint = "RESC1005X40X25LL05T05"; UniqueID = "\NRDGNKGK\HTQDZWSA" ("\NRDGNKGK\HTQDZWSA")
Change component parameters (AddParameter): Name = "Manufacturer"; Value = "Panasonic"; VariantName = "[No Variations]"
Change component parameters (AddParameter): Name = "Part Number"; Value = "ERJ3EKF2701V"; VariantName = "[No Variations]"
Change component parameters: Designator = "R88" ("R88"); Footprint = "RESC1005X40X25LL05T05"; UniqueID = "\NRDGNKGK\MWQMPYZR" ("\NRDGNKGK\MWQMPYZR")
Change component parameters (AddParameter): Name = "Manufacturer"; Value = "Panasonic"; VariantName = "[No Variations]"
Change component parameters (AddParameter): Name = "Part Number"; Value = "ERJ3EKF2701V"; VariantName = "[No Variations]"
Added Component: Designator=J8(FP-22-28-4146-MFG)
Add component (AddParameter): Name = "Color"; Value = "Black"; VariantName = "[No Variations]"
Add component (AddParameter): Name = "Connector Type"; Value = "Male Pin"; VariantName = "[No Variations]"
Add component (AddParameter): Name = "Contact Gender"; Value = "Male"; VariantName = "[No Variations]"
Add component (AddParameter): Name = "Contact Material"; Value = "Brass"; VariantName = "[No Variations]"
Add component (AddParameter): Name = "Contact Mating Length"; Value = "0.24inch"; VariantName = "[No Variations]"
Add component (AddParameter): Name = "Contact Plating"; Value = "Gold"; VariantName = "[No Variations]"
Add component (AddParameter): Name = "Contact Type"; Value = "Male Pin"; VariantName = "[No Variations]"
Add component (AddParameter): Name = "Current Rating"; Value = "4A"; VariantName = "[No Variations]"
Add component (AddParameter): Name = "Gender"; Value = "Male"; VariantName = "[No Variations]"
Add component (AddParameter): Name = "Glow Wire Compliant"; Value = "Non-compliant"; VariantName = "[No Variations]"
Add component (AddParameter): Name = "Height"; Value = "2.29mm"; VariantName = "[No Variations]"
Add component (AddParameter): Name = "Housing Color"; Value = "Black"; VariantName = "[No Variations]"
Add component (AddParameter): Name = "Housing Material"; Value = "Thermoplastic"; VariantName = "[No Variations]"
Add component (AddParameter): Name = "Lead Free"; Value = "Lead Free"; VariantName = "[No Variations]"
Add component (AddParameter): Name = "Length"; Value = "35.6mm"; VariantName = "[No Variations]"
Add component (AddParameter): Name = "Mount"; Value = "Through Hole"; VariantName = "[No Variations]"
Add component (AddParameter): Name = "Number of Circuits"; Value = "14"; VariantName = "[No Variations]"
Add component (AddParameter): Name = "Number of Contacts"; Value = "14"; VariantName = "[No Variations]"
Add component (AddParameter): Name = "Number of Positions"; Value = "14"; VariantName = "[No Variations]"
Add component (AddParameter): Name = "Number of Rows"; Value = "1"; VariantName = "[No Variations]"
Add component (AddParameter): Name = "Orientation"; Value = "Vertical"; VariantName = "[No Variations]"
Add component (AddParameter): Name = "Package Quantity"; Value = "1"; VariantName = "[No Variations]"
Add component (AddParameter): Name = "Packaging"; Value = "Bulk"; VariantName = "[No Variations]"
Add component (AddParameter): Name = "Pitch"; Value = "0.1inch"; VariantName = "[No Variations]"
Add component (AddParameter): Name = "RoHS Compliant"; Value = "Yes"; VariantName = "[No Variations]"
Add component (AddParameter): Name = "Series"; Value = "KK® 42375"; VariantName = "[No Variations]"
Add component (AddParameter): Name = "Termination"; Value = "Solder"; VariantName = "[No Variations]"
Add component (AddParameter): Name = "Voltage Rating"; Value = "250V"; VariantName = "[No Variations]"
Add component (AddParameter): Name = "Width"; Value = "2.49mm"; VariantName = "[No Variations]"
Added Component: Designator=J9(FP-22-28-4146-MFG)
Add component (AddParameter): Name = "Color"; Value = "Black"; VariantName = "[No Variations]"
Add component (AddParameter): Name = "Connector Type"; Value = "Male Pin"; VariantName = "[No Variations]"
Add component (AddParameter): Name = "Contact Gender"; Value = "Male"; VariantName = "[No Variations]"
Add component (AddParameter): Name = "Contact Material"; Value = "Brass"; VariantName = "[No Variations]"
Add component (AddParameter): Name = "Contact Mating Length"; Value = "0.24inch"; VariantName = "[No Variations]"
Add component (AddParameter): Name = "Contact Plating"; Value = "Gold"; VariantName = "[No Variations]"
Add component (AddParameter): Name = "Contact Type"; Value = "Male Pin"; VariantName = "[No Variations]"
Add component (AddParameter): Name = "Current Rating"; Value = "4A"; VariantName = "[No Variations]"
Add component (AddParameter): Name = "Gender"; Value = "Male"; VariantName = "[No Variations]"
Add component (AddParameter): Name = "Glow Wire Compliant"; Value = "Non-compliant"; VariantName = "[No Variations]"
Add component (AddParameter): Name = "Height"; Value = "2.29mm"; VariantName = "[No Variations]"
Add component (AddParameter): Name = "Housing Color"; Value = "Black"; VariantName = "[No Variations]"
Add component (AddParameter): Name = "Housing Material"; Value = "Thermoplastic"; VariantName = "[No Variations]"
Add component (AddParameter): Name = "Lead Free"; Value = "Lead Free"; VariantName = "[No Variations]"
Add component (AddParameter): Name = "Length"; Value = "35.6mm"; VariantName = "[No Variations]"
Add component (AddParameter): Name = "Mount"; Value = "Through Hole"; VariantName = "[No Variations]"
Add component (AddParameter): Name = "Number of Circuits"; Value = "14"; VariantName = "[No Variations]"
Add component (AddParameter): Name = "Number of Contacts"; Value = "14"; VariantName = "[No Variations]"
Add component (AddParameter): Name = "Number of Positions"; Value = "14"; VariantName = "[No Variations]"
Add component (AddParameter): Name = "Number of Rows"; Value = "1"; VariantName = "[No Variations]"
Add component (AddParameter): Name = "Orientation"; Value = "Vertical"; VariantName = "[No Variations]"
Add component (AddParameter): Name = "Package Quantity"; Value = "1"; VariantName = "[No Variations]"
Add component (AddParameter): Name = "Packaging"; Value = "Bulk"; VariantName = "[No Variations]"
Add component (AddParameter): Name = "Pitch"; Value = "0.1inch"; VariantName = "[No Variations]"
Add component (AddParameter): Name = "RoHS Compliant"; Value = "Yes"; VariantName = "[No Variations]"
Add component (AddParameter): Name = "Series"; Value = "KK® 42375"; VariantName = "[No Variations]"
Add component (AddParameter): Name = "Termination"; Value = "Solder"; VariantName = "[No Variations]"
Add component (AddParameter): Name = "Voltage Rating"; Value = "250V"; VariantName = "[No Variations]"
Add component (AddParameter): Name = "Width"; Value = "2.49mm"; VariantName = "[No Variations]"
Added Component: Designator=J10(FP-22-28-4146-MFG)
Add component (AddParameter): Name = "Color"; Value = "Black"; VariantName = "[No Variations]"
Add component (AddParameter): Name = "Connector Type"; Value = "Male Pin"; VariantName = "[No Variations]"
Add component (AddParameter): Name = "Contact Gender"; Value = "Male"; VariantName = "[No Variations]"
Add component (AddParameter): Name = "Contact Material"; Value = "Brass"; VariantName = "[No Variations]"
Add component (AddParameter): Name = "Contact Mating Length"; Value = "0.24inch"; VariantName = "[No Variations]"
Add component (AddParameter): Name = "Contact Plating"; Value = "Gold"; VariantName = "[No Variations]"
Add component (AddParameter): Name = "Contact Type"; Value = "Male Pin"; VariantName = "[No Variations]"
Add component (AddParameter): Name = "Current Rating"; Value = "4A"; VariantName = "[No Variations]"
Add component (AddParameter): Name = "Gender"; Value = "Male"; VariantName = "[No Variations]"
Add component (AddParameter): Name = "Glow Wire Compliant"; Value = "Non-compliant"; VariantName = "[No Variations]"
Add component (AddParameter): Name = "Height"; Value = "2.29mm"; VariantName = "[No Variations]"
Add component (AddParameter): Name = "Housing Color"; Value = "Black"; VariantName = "[No Variations]"
Add component (AddParameter): Name = "Housing Material"; Value = "Thermoplastic"; VariantName = "[No Variations]"
Add component (AddParameter): Name = "Lead Free"; Value = "Lead Free"; VariantName = "[No Variations]"
Add component (AddParameter): Name = "Length"; Value = "35.6mm"; VariantName = "[No Variations]"
Add component (AddParameter): Name = "Mount"; Value = "Through Hole"; VariantName = "[No Variations]"
Add component (AddParameter): Name = "Number of Circuits"; Value = "14"; VariantName = "[No Variations]"
Add component (AddParameter): Name = "Number of Contacts"; Value = "14"; VariantName = "[No Variations]"
Add component (AddParameter): Name = "Number of Positions"; Value = "14"; VariantName = "[No Variations]"
Add component (AddParameter): Name = "Number of Rows"; Value = "1"; VariantName = "[No Variations]"
Add component (AddParameter): Name = "Orientation"; Value = "Vertical"; VariantName = "[No Variations]"
Add component (AddParameter): Name = "Package Quantity"; Value = "1"; VariantName = "[No Variations]"
Add component (AddParameter): Name = "Packaging"; Value = "Bulk"; VariantName = "[No Variations]"
Add component (AddParameter): Name = "Pitch"; Value = "0.1inch"; VariantName = "[No Variations]"
Add component (AddParameter): Name = "RoHS Compliant"; Value = "Yes"; VariantName = "[No Variations]"
Add component (AddParameter): Name = "Series"; Value = "KK® 42375"; VariantName = "[No Variations]"
Add component (AddParameter): Name = "Termination"; Value = "Solder"; VariantName = "[No Variations]"
Add component (AddParameter): Name = "Voltage Rating"; Value = "250V"; VariantName = "[No Variations]"
Add component (AddParameter): Name = "Width"; Value = "2.49mm"; VariantName = "[No Variations]"
Added Component: Designator=J11(FP-22-28-4146-MFG)
Add component (AddParameter): Name = "Color"; Value = "Black"; VariantName = "[No Variations]"
Add component (AddParameter): Name = "Connector Type"; Value = "Male Pin"; VariantName = "[No Variations]"
Add component (AddParameter): Name = "Contact Gender"; Value = "Male"; VariantName = "[No Variations]"
Add component (AddParameter): Name = "Contact Material"; Value = "Brass"; VariantName = "[No Variations]"
Add component (AddParameter): Name = "Contact Mating Length"; Value = "0.24inch"; VariantName = "[No Variations]"
Add component (AddParameter): Name = "Contact Plating"; Value = "Gold"; VariantName = "[No Variations]"
Add component (AddParameter): Name = "Contact Type"; Value = "Male Pin"; VariantName = "[No Variations]"
Add component (AddParameter): Name = "Current Rating"; Value = "4A"; VariantName = "[No Variations]"
Add component (AddParameter): Name = "Gender"; Value = "Male"; VariantName = "[No Variations]"
Add component (AddParameter): Name = "Glow Wire Compliant"; Value = "Non-compliant"; VariantName = "[No Variations]"
Add component (AddParameter): Name = "Height"; Value = "2.29mm"; VariantName = "[No Variations]"
Add component (AddParameter): Name = "Housing Color"; Value = "Black"; VariantName = "[No Variations]"
Add component (AddParameter): Name = "Housing Material"; Value = "Thermoplastic"; VariantName = "[No Variations]"
Add component (AddParameter): Name = "Lead Free"; Value = "Lead Free"; VariantName = "[No Variations]"
Add component (AddParameter): Name = "Length"; Value = "35.6mm"; VariantName = "[No Variations]"
Add component (AddParameter): Name = "Mount"; Value = "Through Hole"; VariantName = "[No Variations]"
Add component (AddParameter): Name = "Number of Circuits"; Value = "14"; VariantName = "[No Variations]"
Add component (AddParameter): Name = "Number of Contacts"; Value = "14"; VariantName = "[No Variations]"
Add component (AddParameter): Name = "Number of Positions"; Value = "14"; VariantName = "[No Variations]"
Add component (AddParameter): Name = "Number of Rows"; Value = "1"; VariantName = "[No Variations]"
Add component (AddParameter): Name = "Orientation"; Value = "Vertical"; VariantName = "[No Variations]"
Add component (AddParameter): Name = "Package Quantity"; Value = "1"; VariantName = "[No Variations]"
Add component (AddParameter): Name = "Packaging"; Value = "Bulk"; VariantName = "[No Variations]"
Add component (AddParameter): Name = "Pitch"; Value = "0.1inch"; VariantName = "[No Variations]"
Add component (AddParameter): Name = "RoHS Compliant"; Value = "Yes"; VariantName = "[No Variations]"
Add component (AddParameter): Name = "Series"; Value = "KK® 42375"; VariantName = "[No Variations]"
Add component (AddParameter): Name = "Termination"; Value = "Solder"; VariantName = "[No Variations]"
Add component (AddParameter): Name = "Voltage Rating"; Value = "250V"; VariantName = "[No Variations]"
Add component (AddParameter): Name = "Width"; Value = "2.49mm"; VariantName = "[No Variations]"
Added Pin To Net: NetName=5V_MAIN Pin=J8-1
Added Pin To Net: NetName=5V_MAIN Pin=J8-2
Added Pin To Net: NetName=5V_MAIN Pin=J8-3
Added Pin To Net: NetName=5V_MAIN Pin=J8-4
Added Pin To Net: NetName=GND Pin=J8-5
Added Pin To Net: NetName=GND Pin=J8-6
Added Pin To Net: NetName=5V_AUX Pin=J8-7
Added Pin To Net: NetName=5V_AUX Pin=J8-8
Added Pin To Net: NetName=GND Pin=J8-9
Added Pin To Net: NetName=GND Pin=J8-10
Added Pin To Net: NetName=3V3_AUX Pin=J8-11
Added Pin To Net: NetName=3V3_AUX Pin=J8-12
Added Pin To Net: NetName=GND Pin=J8-13
Added Pin To Net: NetName=GND Pin=J8-14
Added Pin To Net: NetName=5V_MAIN Pin=J9-1
Added Pin To Net: NetName=5V_MAIN Pin=J9-2
Added Pin To Net: NetName=5V_MAIN Pin=J9-3
Added Pin To Net: NetName=5V_MAIN Pin=J9-4
Added Pin To Net: NetName=GND Pin=J9-5
Added Pin To Net: NetName=GND Pin=J9-6
Added Pin To Net: NetName=5V_AUX Pin=J9-7
Added Pin To Net: NetName=5V_AUX Pin=J9-8
Added Pin To Net: NetName=GND Pin=J9-9
Added Pin To Net: NetName=GND Pin=J9-10
Added Pin To Net: NetName=3V3_AUX Pin=J9-11
Added Pin To Net: NetName=3V3_AUX Pin=J9-12
Added Pin To Net: NetName=GND Pin=J9-13
Added Pin To Net: NetName=GND Pin=J9-14
Added Pin To Net: NetName=I2S_SCLK Pin=J10-1
Added Pin To Net: NetName=I2S_FS Pin=J10-2
Added Pin To Net: NetName=GND Pin=J10-3
Added Pin To Net: NetName=nDAC_CONFIG Pin=J10-4
Added Pin To Net: NetName=DAC_SDA Pin=J10-5
Added Pin To Net: NetName=GND Pin=J10-6
Added Pin To Net: NetName=CAN_TX Pin=J10-7
Added Pin To Net: NetName=GND Pin=J10-8
Added Pin To Net: NetName=ADC_MOSI Pin=J10-9
Added Pin To Net: NetName=ADC_SCLK Pin=J10-10
Added Pin To Net: NetName=GND Pin=J10-11
Added Pin To Net: NetName=GND Pin=J10-12
Added Pin To Net: NetName=GND Pin=J10-13
Added Pin To Net: NetName=GND Pin=J10-14
Added Pin To Net: NetName=I2S_DOUT Pin=J11-1
Added Pin To Net: NetName=I2S_DIN Pin=J11-2
Added Pin To Net: NetName=GND Pin=J11-3
Added Pin To Net: NetName=DAC_SCL Pin=J11-5
Added Pin To Net: NetName=GND Pin=J11-6
Added Pin To Net: NetName=CAN_RX Pin=J11-7
Added Pin To Net: NetName=GND Pin=J11-8
Added Pin To Net: NetName=ADC_MISO Pin=J11-9
Added Pin To Net: NetName=nADC_CS Pin=J11-10
Added Pin To Net: NetName=GND Pin=J11-11
Added Pin To Net: NetName=GND Pin=J11-12
Added Pin To Net: NetName=GND Pin=J11-13
Added Pin To Net: NetName=GND Pin=J11-14
Add Net: Net with name "PCIE_WAKE" already exists
Added Member To Class: ClassName=MAIN_BOARD Member=Component J8 22-28-4146
Added Member To Class: ClassName=MAIN_BOARD Member=Component J9 22-28-4146
Added Member To Class: ClassName=MAIN_BOARD Member=Component J10 22-28-4146
Added Member To Class: ClassName=MAIN_BOARD Member=Component J11 22-28-4146
