Removed Pin From Net: NetName=3V3 Pin=C74-1
Removed Pin From Net: NetName=GND Pin=C74-2
Removed Pin From Net: NetName=GND Pin=C75-2
Removed Pin From Net: NetName=GND Pin=C76-2
Removed Pin From Net: NetName=3V3 Pin=IC2-1
Removed Pin From Net: NetName=3V3 Pin=IC2-2
Removed Pin From Net: NetName=3V3 Pin=IC2-5
Removed Pin From Net: NetName=3V3 Pin=IC2-6
Removed Pin From Net: NetName=GND Pin=IC2-7
Removed Pin From Net: NetName=GND Pin=IC2-8
Removed Pin From Net: NetName=GND Pin=IC2-10
Removed Pin From Net: NetName=GND Pin=IC2-11
Removed Pin From Net: NetName=GND Pin=IC2-12
Removed Pin From Net: NetName=3V3 Pin=IC2-16
Removed Pin From Net: NetName=GND Pin=IC2-17
Removed Pin From Net: NetName=3V3 Pin=R53-2
Removed Pin From Net: NetName=GND Pin=R55-1
Removed Member From Class: ClassName=USB3_0 Member=C74
Removed Member From Class: ClassName=USB3_0 Member=C75
Removed Member From Class: ClassName=USB3_0 Member=C76
Removed Member From Class: ClassName=USB3_0 Member=IC2
Removed Member From Class: ClassName=USB3_0 Member=L10
Removed Member From Class: ClassName=USB3_0 Member=R53
Removed Member From Class: ClassName=USB3_0 Member=R54
Removed Member From Class: ClassName=USB3_0 Member=R55
Added Pin To Net: NetName=1V8 Pin=C78-2
Added Pin To Net: NetName=1V8 Pin=U7-3
Added Net: Name=1V8
Add Net: Net with name "PCIE_WAKE" already exists
