Add Net: Net with name "CAN_RX" already exists
Add Net: Net with name "CAN_TX" already exists
Add Net: Net with name "nMOD_SLEEP" already exists
Add Net: Net with name "PCIE0_RX0_N" already exists
Add Net: Net with name "PCIE0_RX0_P" already exists
Add Net: Net with name "PCIE0_RX1_N" already exists
Add Net: Net with name "PCIE0_RX1_P" already exists
Add Net: Net with name "PCIE0_RX2_N" already exists
Add Net: Net with name "PCIE0_RX2_P" already exists
Add Net: Net with name "PCIE0_RX3_N" already exists
Add Net: Net with name "PCIE0_RX3_P" already exists
Add Net: Net with name "USB0_D_N" already exists
Add Net: Net with name "USB0_D_P" already exists
Add Net: Net with name "USB1_D_N" already exists
Add Net: Net with name "USB1_D_P" already exists
Add Net: Net with name "VBUS_1" already exists
Change Class Name : Old Net Name=USB0 New Net Name=USB3_0
Change Class Name : Old Net Name=USB3_0 New Net Name=REC_USB
Change Room Name: Old Name=USB0 New Name=REC_USB
Change Room Scope: Old Scope=InComponentClass('USB0') New Scope=InComponentClass('REC_USB')
