Removed Pin From Net: NetName=DIAG_9 Pin=U9-1
Removed Pin From Net: NetName=NetR1_1 Pin=U9-2
Removed Pin From Net: NetName=GND Pin=U9-3
Removed Pin From Net: NetName=5V_BUS_REGULATOR Pin=U9-4
Removed Pin From Net: NetName=GND Pin=U9-5
Removed Pin From Net: NetName=NetR2_1 Pin=U9-6
Removed Pin From Net: NetName=DIAG_10 Pin=U9-7
Removed Pin From Net: NetName=GND Pin=U9-11
Removed Pin From Net: NetName=5V_BUS_REGULATOR Pin=U10-4
Removed Pin From Net: NetName=GND Pin=U10-5
Removed Pin From Net: NetName=NetR7_1 Pin=U10-6
Removed Pin From Net: NetName=DIAG_11 Pin=U10-7
Removed Pin From Net: NetName=GND Pin=U10-11
Removed Pin From Net: NetName=NetR8_1 Pin=U11-6
Removed Pin From Net: NetName=DIAG_12 Pin=U11-7
Removed Member From Class: ClassName=MOSFET_schematic Member=U10
Removed Member From Class: ClassName=MOSFET_schematic Member=U11
Change Component Designator: OldDesignator=U11 NewDesignator=U9
Added Pin To Net: NetName=DIAG_9 Pin=U9-1
Added Pin To Net: NetName=NetR1_1 Pin=U9-2
Added Pin To Net: NetName=GND Pin=U9-3
Added Pin To Net: NetName=NetR2_1 Pin=U9-6
Added Pin To Net: NetName=DIAG_10 Pin=U9-7
Added Pin To Net: NetName=DIAG_11 Pin=U9-8
Added Pin To Net: NetName=NetR7_1 Pin=U9-9
Added Pin To Net: NetName=GND Pin=U9-10
Added Pin To Net: NetName=GND Pin=U9-12
Added Pin To Net: NetName=NetR8_1 Pin=U9-13
Added Pin To Net: NetName=DIAG_12 Pin=U9-14
