Change Component Designator: OldDesignator=D1_M13 NewDesignator=D1_M5
Change Component Designator: OldDesignator=D2_M13 NewDesignator=D2_M5
Change Component Designator: OldDesignator=Q1_M13 NewDesignator=Q1_M5
Change Component Designator: OldDesignator=Q2_M13 NewDesignator=Q2_M5
Change Component Designator: OldDesignator=Q3_M13 NewDesignator=Q3_M5
Change Component Designator: OldDesignator=R1_M13 NewDesignator=R1_M5
Change Component Designator: OldDesignator=R2_M13 NewDesignator=R2_M5
Change Component Designator: OldDesignator=R3_M13 NewDesignator=R3_M5
Change Component Designator: OldDesignator=R4_M13 NewDesignator=R4_M5
Change Component Designator: OldDesignator=R5_M13 NewDesignator=R5_M5
Change Component Designator: OldDesignator=R6_M13 NewDesignator=R6_M5
Change Component Designator: OldDesignator=R7_M13 NewDesignator=R7_M5
Change Component Designator: OldDesignator=R8_M13 NewDesignator=R8_M5
Change Component Designator: OldDesignator=R9_M13 NewDesignator=R9_M5
Change Component Designator: OldDesignator=R10_M13 NewDesignator=R10_M5
Change Component Designator: OldDesignator=R36_M13 NewDesignator=R36_M5
Change Component Designator: OldDesignator=R37_M13 NewDesignator=R37_M5
Change Component Designator: OldDesignator=U1_M13 NewDesignator=U1_M5
Added Pin To Net: NetName=POST_SENSE_M5 Pin=D1_M5-1
Added Pin To Net: NetName=SENSE_1_M5 Pin=D1_M5-2
Added Pin To Net: NetName=POST_SENSE_M5 Pin=D2_M5-1
Added Pin To Net: NetName=SENSE_2_M5 Pin=D2_M5-2
Added Pin To Net: NetName=VCC Pin=Q1_M5-1
Added Pin To Net: NetName=VCC Pin=Q1_M5-2
Added Pin To Net: NetName=VCC Pin=Q1_M5-3
Added Pin To Net: NetName=NetQ1_M5_4 Pin=Q1_M5-4
Added Pin To Net: NetName=SENSE_1_M5 Pin=Q1_M5-5-6-7-8
Added Pin To Net: NetName=GND Pin=Q2_M5-1
Added Pin To Net: NetName=D23 Pin=Q2_M5-2
Added Pin To Net: NetName=NetQ2_M5_3 Pin=Q2_M5-3
Added Pin To Net: NetName=GND Pin=Q2_M5-4
Added Pin To Net: NetName=D23 Pin=Q2_M5-5
Added Pin To Net: NetName=NetQ1_M5_4 Pin=Q2_M5-6
Added Pin To Net: NetName=VCC Pin=Q3_M5-1
Added Pin To Net: NetName=VCC Pin=Q3_M5-2
Added Pin To Net: NetName=VCC Pin=Q3_M5-3
Added Pin To Net: NetName=NetQ2_M5_3 Pin=Q3_M5-4
Added Pin To Net: NetName=SENSE_2_M5 Pin=Q3_M5-5-6-7-8
Added Pin To Net: NetName=NetR1_M5_1 Pin=R1_M5-1
Added Pin To Net: NetName=A7 Pin=R1_M5-2
Added Pin To Net: NetName=NetR1_M5_1 Pin=R2_M5-1
Added Pin To Net: NetName=OUT_8 Pin=R2_M5-2
Added Pin To Net: NetName=NetR3_M5_1 Pin=R3_M5-1
Added Pin To Net: NetName=POST_SENSE_M5 Pin=R3_M5-2
Added Pin To Net: NetName=GND Pin=R4_M5-1
Added Pin To Net: NetName=NetR3_M5_1 Pin=R4_M5-2
Added Pin To Net: NetName=GND Pin=R5_M5-1
Added Pin To Net: NetName=D23 Pin=R5_M5-2
Added Pin To Net: NetName=POST_SENSE_M5 Pin=R6_M5-1
Added Pin To Net: NetName=OUT_8 Pin=R6_M5-2
Added Pin To Net: NetName=NetQ2_M5_3 Pin=R7_M5-1
Added Pin To Net: NetName=VCC Pin=R7_M5-2
Added Pin To Net: NetName=NetQ1_M5_4 Pin=R8_M5-1
Added Pin To Net: NetName=VCC Pin=R8_M5-2
Added Pin To Net: NetName=NetR9_M5_1 Pin=R9_M5-1
Added Pin To Net: NetName=D24 Pin=R9_M5-2
Added Pin To Net: NetName=NetR10_M5_1 Pin=R10_M5-1
Added Pin To Net: NetName=D25 Pin=R10_M5-2
Added Pin To Net: NetName=GND Pin=R36_M5-1
Added Pin To Net: NetName=SENSE_2_M5 Pin=R36_M5-2
Added Pin To Net: NetName=GND Pin=R37_M5-1
Added Pin To Net: NetName=SENSE_1_M5 Pin=R37_M5-2
Added Pin To Net: NetName=NetR9_M5_1 Pin=U1_M5-1
Added Pin To Net: NetName=POST_SENSE_M5 Pin=U1_M5-2
Added Pin To Net: NetName=SENSE_2_M5 Pin=U1_M5-3
Added Pin To Net: NetName=VCC Pin=U1_M5-4
Added Pin To Net: NetName=SENSE_1_M5 Pin=U1_M5-5
Added Pin To Net: NetName=POST_SENSE_M5 Pin=U1_M5-6
Added Pin To Net: NetName=NetR10_M5_1 Pin=U1_M5-7
Added Pin To Net: NetName=GND Pin=U1_M5-11
Added Pin To Net: NetName=NetR3_M5_1 Pin=U1_M5-12
Added Pin To Net: NetName=NetR1_M5_1 Pin=U1_M5-13
Added Pin To Net: NetName=A7 Pin=U1_M5-14
Added Member To Class: ClassName=M5 Member=Component D1_M5 (D1) PMEG3050EP,115
Added Member To Class: ClassName=M5 Member=Component D2_M5 (D2) PMEG3050EP,115
Added Member To Class: ClassName=M5 Member=Component Q1_M5 (Q1) SISH615ADN-T1-GE3
Added Member To Class: ClassName=M5 Member=Component Q2_M5 (Q2A) SSM6N7002KFU,LF
Added Member To Class: ClassName=M5 Member=Component Q3_M5 (Q3) SISH615ADN-T1-GE3
Added Member To Class: ClassName=M5 Member=Component R1_M5 (R1) RC0603FR-071ML
Added Member To Class: ClassName=M5 Member=Component R2_M5 (R2) ERJ3EKF1002V
Added Member To Class: ClassName=M5 Member=Component R3_M5 (R3) ERJ3EKF1002V
Added Member To Class: ClassName=M5 Member=Component R4_M5 (R4) RC0603FR-071ML
Added Member To Class: ClassName=M5 Member=Component R5_M5 (R5) ERJ3EKF1002V
Added Member To Class: ClassName=M5 Member=Component R6_M5 (R6) MCS3264R010FER
Added Member To Class: ClassName=M5 Member=Component R7_M5 (R7) ERJ3EKF1002V
Added Member To Class: ClassName=M5 Member=Component R8_M5 (R8) ERJ3EKF1002V
Added Member To Class: ClassName=M5 Member=Component R9_M5 (R9) ERJ-3EKF1001V
Added Member To Class: ClassName=M5 Member=Component R10_M5 (R10) ERJ-3EKF1001V
Added Member To Class: ClassName=M5 Member=Component R36_M5 (R36) ERJ-3EKF1003V
Added Member To Class: ClassName=M5 Member=Component R37_M5 (R37) ERJ-3EKF1003V
Added Member To Class: ClassName=M5 Member=Component U1_M5 (U1A) LM324D
