Change Component Designator: OldDesignator=D1_M13 NewDesignator=D1_M2
Change Component Designator: OldDesignator=D2_M13 NewDesignator=D2_M2
Change Component Designator: OldDesignator=Q1_M13 NewDesignator=Q1_M2
Change Component Designator: OldDesignator=Q2_M13 NewDesignator=Q2_M2
Change Component Designator: OldDesignator=Q3_M13 NewDesignator=Q3_M2
Change Component Designator: OldDesignator=R1_M13 NewDesignator=R1_M2
Change Component Designator: OldDesignator=R2_M13 NewDesignator=R2_M2
Change Component Designator: OldDesignator=R3_M13 NewDesignator=R3_M2
Change Component Designator: OldDesignator=R4_M13 NewDesignator=R4_M2
Change Component Designator: OldDesignator=R5_M13 NewDesignator=R5_M2
Change Component Designator: OldDesignator=R6_M13 NewDesignator=R6_M2
Change Component Designator: OldDesignator=R7_M13 NewDesignator=R7_M2
Change Component Designator: OldDesignator=R8_M13 NewDesignator=R8_M2
Change Component Designator: OldDesignator=R9_M13 NewDesignator=R9_M2
Change Component Designator: OldDesignator=R10_M13 NewDesignator=R10_M2
Change Component Designator: OldDesignator=R36_M13 NewDesignator=R36_M2
Change Component Designator: OldDesignator=R37_M13 NewDesignator=R37_M2
Change Component Designator: OldDesignator=U1_M13 NewDesignator=U1_M2
Added Pin To Net: NetName=POST_SENSE_M2 Pin=D1_M2-1
Added Pin To Net: NetName=SENSE_1_M2 Pin=D1_M2-2
Added Pin To Net: NetName=POST_SENSE_M2 Pin=D2_M2-1
Added Pin To Net: NetName=SENSE_2_M2 Pin=D2_M2-2
Added Pin To Net: NetName=VCC Pin=Q1_M2-1
Added Pin To Net: NetName=VCC Pin=Q1_M2-2
Added Pin To Net: NetName=VCC Pin=Q1_M2-3
Added Pin To Net: NetName=NetQ1_M2_4 Pin=Q1_M2-4
Added Pin To Net: NetName=SENSE_1_M2 Pin=Q1_M2-5-6-7-8
Added Pin To Net: NetName=GND Pin=Q2_M2-1
Added Pin To Net: NetName=D32 Pin=Q2_M2-2
Added Pin To Net: NetName=NetQ2_M2_3 Pin=Q2_M2-3
Added Pin To Net: NetName=GND Pin=Q2_M2-4
Added Pin To Net: NetName=D32 Pin=Q2_M2-5
Added Pin To Net: NetName=NetQ1_M2_4 Pin=Q2_M2-6
Added Pin To Net: NetName=VCC Pin=Q3_M2-1
Added Pin To Net: NetName=VCC Pin=Q3_M2-2
Added Pin To Net: NetName=VCC Pin=Q3_M2-3
Added Pin To Net: NetName=NetQ2_M2_3 Pin=Q3_M2-4
Added Pin To Net: NetName=SENSE_2_M2 Pin=Q3_M2-5-6-7-8
Added Pin To Net: NetName=NetR1_M2_1 Pin=R1_M2-1
Added Pin To Net: NetName=A10 Pin=R1_M2-2
Added Pin To Net: NetName=NetR1_M2_1 Pin=R2_M2-1
Added Pin To Net: NetName=OUT_11 Pin=R2_M2-2
Added Pin To Net: NetName=NetR3_M2_1 Pin=R3_M2-1
Added Pin To Net: NetName=POST_SENSE_M2 Pin=R3_M2-2
Added Pin To Net: NetName=GND Pin=R4_M2-1
Added Pin To Net: NetName=NetR3_M2_1 Pin=R4_M2-2
Added Pin To Net: NetName=GND Pin=R5_M2-1
Added Pin To Net: NetName=D32 Pin=R5_M2-2
Added Pin To Net: NetName=POST_SENSE_M2 Pin=R6_M2-1
Added Pin To Net: NetName=OUT_11 Pin=R6_M2-2
Added Pin To Net: NetName=NetQ2_M2_3 Pin=R7_M2-1
Added Pin To Net: NetName=VCC Pin=R7_M2-2
Added Pin To Net: NetName=NetQ1_M2_4 Pin=R8_M2-1
Added Pin To Net: NetName=VCC Pin=R8_M2-2
Added Pin To Net: NetName=NetR9_M2_1 Pin=R9_M2-1
Added Pin To Net: NetName=D33 Pin=R9_M2-2
Added Pin To Net: NetName=NetR10_M2_1 Pin=R10_M2-1
Added Pin To Net: NetName=D34 Pin=R10_M2-2
Added Pin To Net: NetName=GND Pin=R36_M2-1
Added Pin To Net: NetName=SENSE_2_M2 Pin=R36_M2-2
Added Pin To Net: NetName=GND Pin=R37_M2-1
Added Pin To Net: NetName=SENSE_1_M2 Pin=R37_M2-2
Added Pin To Net: NetName=NetR9_M2_1 Pin=U1_M2-1
Added Pin To Net: NetName=POST_SENSE_M2 Pin=U1_M2-2
Added Pin To Net: NetName=SENSE_2_M2 Pin=U1_M2-3
Added Pin To Net: NetName=VCC Pin=U1_M2-4
Added Pin To Net: NetName=SENSE_1_M2 Pin=U1_M2-5
Added Pin To Net: NetName=POST_SENSE_M2 Pin=U1_M2-6
Added Pin To Net: NetName=NetR10_M2_1 Pin=U1_M2-7
Added Pin To Net: NetName=GND Pin=U1_M2-11
Added Pin To Net: NetName=NetR3_M2_1 Pin=U1_M2-12
Added Pin To Net: NetName=NetR1_M2_1 Pin=U1_M2-13
Added Pin To Net: NetName=A10 Pin=U1_M2-14
Added Member To Class: ClassName=M2 Member=Component D1_M2 (D1) PMEG3050EP,115
Added Member To Class: ClassName=M2 Member=Component D2_M2 (D2) PMEG3050EP,115
Added Member To Class: ClassName=M2 Member=Component Q1_M2 (Q1) SISH615ADN-T1-GE3
Added Member To Class: ClassName=M2 Member=Component Q2_M2 (Q2A) SSM6N7002KFU,LF
Added Member To Class: ClassName=M2 Member=Component Q3_M2 (Q3) SISH615ADN-T1-GE3
Added Member To Class: ClassName=M2 Member=Component R1_M2 (R1) RC0603FR-071ML
Added Member To Class: ClassName=M2 Member=Component R2_M2 (R2) ERJ3EKF1002V
Added Member To Class: ClassName=M2 Member=Component R3_M2 (R3) ERJ3EKF1002V
Added Member To Class: ClassName=M2 Member=Component R4_M2 (R4) RC0603FR-071ML
Added Member To Class: ClassName=M2 Member=Component R5_M2 (R5) ERJ3EKF1002V
Added Member To Class: ClassName=M2 Member=Component R6_M2 (R6) MCS3264R010FER
Added Member To Class: ClassName=M2 Member=Component R7_M2 (R7) ERJ3EKF1002V
Added Member To Class: ClassName=M2 Member=Component R8_M2 (R8) ERJ3EKF1002V
Added Member To Class: ClassName=M2 Member=Component R9_M2 (R9) ERJ-3EKF1001V
Added Member To Class: ClassName=M2 Member=Component R10_M2 (R10) ERJ-3EKF1001V
Added Member To Class: ClassName=M2 Member=Component R36_M2 (R36) ERJ-3EKF1003V
Added Member To Class: ClassName=M2 Member=Component R37_M2 (R37) ERJ-3EKF1003V
Added Member To Class: ClassName=M2 Member=Component U1_M2 (U1A) LM324D
