Removed Pin From Net: NetName=+5 Pin=C1-2
Removed Pin From Net: NetName=+5 Pin=C2-1
Removed Pin From Net: NetName=+5 Pin=C3-1
Removed Pin From Net: NetName=FB_TAP_1 Pin=C11-2
Removed Pin From Net: NetName=FB_TAP_2 Pin=C16-2
Removed Pin From Net: NetName=+5 Pin=J2-05
Removed Pin From Net: NetName=+5 Pin=J3-05
Removed Pin From Net: NetName=FB_TAP_1 Pin=Q11-1
Removed Pin From Net: NetName=FB_TAP_1 Pin=Q11-2
Removed Pin From Net: NetName=FB_TAP_1 Pin=Q11-3
Removed Pin From Net: NetName=+5 Pin=Q11-5
Removed Pin From Net: NetName=+5 Pin=Q11-6
Removed Pin From Net: NetName=+5 Pin=Q11-7
Removed Pin From Net: NetName=+5 Pin=Q11-8
Removed Pin From Net: NetName=FB_TAP_2 Pin=Q12-1
Removed Pin From Net: NetName=FB_TAP_2 Pin=Q12-2
Removed Pin From Net: NetName=FB_TAP_2 Pin=Q12-3
Removed Pin From Net: NetName=+5 Pin=Q12-5
Removed Pin From Net: NetName=+5 Pin=Q12-6
Removed Pin From Net: NetName=+5 Pin=Q12-7
Removed Pin From Net: NetName=+5 Pin=Q12-8
Removed Pin From Net: NetName=+5 Pin=R11-2
Removed Pin From Net: NetName=+5 Pin=R12-2
Removed Pin From Net: NetName=+5 Pin=R13-1
Removed Pin From Net: NetName=+5 Pin=R15-1
Removed Pin From Net: NetName=GND Pin=R27-1
Removed Pin From Net: NetName=+5 Pin=R28-1
Removed Pin From Net: NetName=GND Pin=R32-1
Removed Pin From Net: NetName=+5 Pin=R33-1
Removed Pin From Net: NetName=+5 Pin=U2-18
Removed Pin From Net: NetName=+5 Pin=U3-3
Removed Pin From Net: NetName=+5 Pin=U3-5
Removed Pin From Net: NetName=GND Pin=U7-3
Removed Pin From Net: NetName=GND Pin=U7-4
Removed Pin From Net: NetName=+5 Pin=U7-6
Removed Pin From Net: NetName=FB_TAP_1 Pin=U7-7
Removed Pin From Net: NetName=GND Pin=U9-3
Removed Pin From Net: NetName=GND Pin=U9-4
Removed Pin From Net: NetName=+5 Pin=U9-6
Removed Pin From Net: NetName=FB_TAP_2 Pin=U9-7
Removed Member From Class: ClassName=INTERNAL_REGULATORS Member=C11
Removed Member From Class: ClassName=INTERNAL_REGULATORS Member=C16
Removed Member From Class: ClassName=INTERNAL_REGULATORS Member=Q11
Removed Member From Class: ClassName=INTERNAL_REGULATORS Member=Q12
Removed Member From Class: ClassName=INTERNAL_REGULATORS Member=R27
Removed Member From Class: ClassName=INTERNAL_REGULATORS Member=R28
Removed Member From Class: ClassName=INTERNAL_REGULATORS Member=R29
Removed Member From Class: ClassName=INTERNAL_REGULATORS Member=R32
Removed Member From Class: ClassName=INTERNAL_REGULATORS Member=R33
Removed Member From Class: ClassName=INTERNAL_REGULATORS Member=R34
Removed Member From Class: ClassName=INTERNAL_REGULATORS Member=U7
Removed Member From Class: ClassName=INTERNAL_REGULATORS Member=U9
Added Pin To Net: NetName=FB_TAP_1 Pin=J2-05
Added Pin To Net: NetName=FB_TAP_2 Pin=J3-05
Added Pin To Net: NetName=FB_TAP_1 Pin=J6-3
Added Pin To Net: NetName=FB_TAP_1 Pin=J6-4
Added Pin To Net: NetName=A15 Pin=J7-24
Added Pin To Net: NetName=FB_TAP_2 Pin=J8-3
Added Pin To Net: NetName=FB_TAP_2 Pin=J8-4
Added Pin To Net: NetName=A15 Pin=J9-24
Added Pin To Net: NetName=FB_TAP_2 Pin=R11-2
Added Pin To Net: NetName=FB_TAP_1 Pin=R12-2
Change Net Name : Old Net Name=+5 New Net Name=5V_2
Change Net Name : Old Net Name=FB_TAP_1 New Net Name=5V_1
Change Net Name : Old Net Name=FB_TAP_2 New Net Name=5V_2
Add Net: Net with name "5V_1" already exists
