Change Component DesignItemId : Designator=Q1_M1 Old DesignItemId=CMP-013-00036-1 New DesignItemId=CMP-013-00036-2
Change Component DesignItemId : Designator=Q1_M2 Old DesignItemId=CMP-013-00036-1 New DesignItemId=CMP-013-00036-2
Change Component DesignItemId : Designator=Q1_M3 Old DesignItemId=CMP-013-00036-1 New DesignItemId=CMP-013-00036-2
Change Component DesignItemId : Designator=Q1_M4 Old DesignItemId=CMP-013-00036-1 New DesignItemId=CMP-013-00036-2
Change Component DesignItemId : Designator=Q1_M5 Old DesignItemId=CMP-013-00036-1 New DesignItemId=CMP-013-00036-2
Change Component DesignItemId : Designator=Q1_M6 Old DesignItemId=CMP-013-00036-1 New DesignItemId=CMP-013-00036-2
Change Component DesignItemId : Designator=Q1_M7 Old DesignItemId=CMP-013-00036-1 New DesignItemId=CMP-013-00036-2
Change Component DesignItemId : Designator=Q1_M8 Old DesignItemId=CMP-013-00036-1 New DesignItemId=CMP-013-00036-2
Change Component DesignItemId : Designator=Q1_M9 Old DesignItemId=CMP-013-00036-1 New DesignItemId=CMP-013-00036-2
Change Component DesignItemId : Designator=Q1_M10 Old DesignItemId=CMP-013-00036-1 New DesignItemId=CMP-013-00036-2
Change Component DesignItemId : Designator=Q1_M11 Old DesignItemId=CMP-013-00036-1 New DesignItemId=CMP-013-00036-2
Change Component DesignItemId : Designator=Q1_M12 Old DesignItemId=CMP-013-00036-1 New DesignItemId=CMP-013-00036-2
Change Component DesignItemId : Designator=Q3_M1 Old DesignItemId=CMP-013-00036-1 New DesignItemId=CMP-013-00036-2
Change Component DesignItemId : Designator=Q3_M2 Old DesignItemId=CMP-013-00036-1 New DesignItemId=CMP-013-00036-2
Change Component DesignItemId : Designator=Q3_M3 Old DesignItemId=CMP-013-00036-1 New DesignItemId=CMP-013-00036-2
Change Component DesignItemId : Designator=Q3_M4 Old DesignItemId=CMP-013-00036-1 New DesignItemId=CMP-013-00036-2
Change Component DesignItemId : Designator=Q3_M5 Old DesignItemId=CMP-013-00036-1 New DesignItemId=CMP-013-00036-2
Change Component DesignItemId : Designator=Q3_M6 Old DesignItemId=CMP-013-00036-1 New DesignItemId=CMP-013-00036-2
Change Component DesignItemId : Designator=Q3_M7 Old DesignItemId=CMP-013-00036-1 New DesignItemId=CMP-013-00036-2
Change Component DesignItemId : Designator=Q3_M8 Old DesignItemId=CMP-013-00036-1 New DesignItemId=CMP-013-00036-2
Change Component DesignItemId : Designator=Q3_M9 Old DesignItemId=CMP-013-00036-1 New DesignItemId=CMP-013-00036-2
Change Component DesignItemId : Designator=Q3_M10 Old DesignItemId=CMP-013-00036-1 New DesignItemId=CMP-013-00036-2
Change Component DesignItemId : Designator=Q3_M11 Old DesignItemId=CMP-013-00036-1 New DesignItemId=CMP-013-00036-2
Change Component DesignItemId : Designator=Q3_M12 Old DesignItemId=CMP-013-00036-1 New DesignItemId=CMP-013-00036-2
Change Component DesignItemId : Designator=Q4 Old DesignItemId=CMP-013-00036-1 New DesignItemId=CMP-013-00036-2
Change Component DesignItemId : Designator=Q5 Old DesignItemId=CMP-013-00036-1 New DesignItemId=CMP-013-00036-2
Change Component DesignItemId : Designator=Q6 Old DesignItemId=CMP-013-00036-1 New DesignItemId=CMP-013-00036-2
Change Component DesignItemId : Designator=Q7 Old DesignItemId=CMP-013-00036-1 New DesignItemId=CMP-013-00036-2
Change Component DesignItemId : Designator=Q8 Old DesignItemId=CMP-013-00036-1 New DesignItemId=CMP-013-00036-2
Change Component DesignItemId : Designator=Q9 Old DesignItemId=CMP-013-00036-1 New DesignItemId=CMP-013-00036-2
Change Component Footprint: Designator=Q1_M1 Old Footprint=SISH615ADN-T1-GE3-Footprint-1 New Footprint=SISH615ADN-T1-GE3-Footprint-1
Change Component Footprint: Designator=Q1_M2 Old Footprint=SISH615ADN-T1-GE3-Footprint-1 New Footprint=SISH615ADN-T1-GE3-Footprint-1
Change Component Footprint: Designator=Q1_M3 Old Footprint=SISH615ADN-T1-GE3-Footprint-1 New Footprint=SISH615ADN-T1-GE3-Footprint-1
Change Component Footprint: Designator=Q1_M4 Old Footprint=SISH615ADN-T1-GE3-Footprint-1 New Footprint=SISH615ADN-T1-GE3-Footprint-1
Change Component Footprint: Designator=Q1_M5 Old Footprint=SISH615ADN-T1-GE3-Footprint-1 New Footprint=SISH615ADN-T1-GE3-Footprint-1
Change Component Footprint: Designator=Q1_M6 Old Footprint=SISH615ADN-T1-GE3-Footprint-1 New Footprint=SISH615ADN-T1-GE3-Footprint-1
Change Component Footprint: Designator=Q1_M7 Old Footprint=SISH615ADN-T1-GE3-Footprint-1 New Footprint=SISH615ADN-T1-GE3-Footprint-1
Change Component Footprint: Designator=Q1_M8 Old Footprint=SISH615ADN-T1-GE3-Footprint-1 New Footprint=SISH615ADN-T1-GE3-Footprint-1
Change Component Footprint: Designator=Q1_M9 Old Footprint=SISH615ADN-T1-GE3-Footprint-1 New Footprint=SISH615ADN-T1-GE3-Footprint-1
Change Component Footprint: Designator=Q1_M10 Old Footprint=SISH615ADN-T1-GE3-Footprint-1 New Footprint=SISH615ADN-T1-GE3-Footprint-1
Change Component Footprint: Designator=Q1_M11 Old Footprint=SISH615ADN-T1-GE3-Footprint-1 New Footprint=SISH615ADN-T1-GE3-Footprint-1
Change Component Footprint: Designator=Q1_M12 Old Footprint=SISH615ADN-T1-GE3-Footprint-1 New Footprint=SISH615ADN-T1-GE3-Footprint-1
Change Component Footprint: Designator=Q3_M1 Old Footprint=SISH615ADN-T1-GE3-Footprint-1 New Footprint=SISH615ADN-T1-GE3-Footprint-1
Change Component Footprint: Designator=Q3_M2 Old Footprint=SISH615ADN-T1-GE3-Footprint-1 New Footprint=SISH615ADN-T1-GE3-Footprint-1
Change Component Footprint: Designator=Q3_M3 Old Footprint=SISH615ADN-T1-GE3-Footprint-1 New Footprint=SISH615ADN-T1-GE3-Footprint-1
Change Component Footprint: Designator=Q3_M4 Old Footprint=SISH615ADN-T1-GE3-Footprint-1 New Footprint=SISH615ADN-T1-GE3-Footprint-1
Change Component Footprint: Designator=Q3_M5 Old Footprint=SISH615ADN-T1-GE3-Footprint-1 New Footprint=SISH615ADN-T1-GE3-Footprint-1
Change Component Footprint: Designator=Q3_M6 Old Footprint=SISH615ADN-T1-GE3-Footprint-1 New Footprint=SISH615ADN-T1-GE3-Footprint-1
Change Component Footprint: Designator=Q3_M7 Old Footprint=SISH615ADN-T1-GE3-Footprint-1 New Footprint=SISH615ADN-T1-GE3-Footprint-1
Change Component Footprint: Designator=Q3_M8 Old Footprint=SISH615ADN-T1-GE3-Footprint-1 New Footprint=SISH615ADN-T1-GE3-Footprint-1
Change Component Footprint: Designator=Q3_M9 Old Footprint=SISH615ADN-T1-GE3-Footprint-1 New Footprint=SISH615ADN-T1-GE3-Footprint-1
Change Component Footprint: Designator=Q3_M10 Old Footprint=SISH615ADN-T1-GE3-Footprint-1 New Footprint=SISH615ADN-T1-GE3-Footprint-1
Change Component Footprint: Designator=Q3_M11 Old Footprint=SISH615ADN-T1-GE3-Footprint-1 New Footprint=SISH615ADN-T1-GE3-Footprint-1
Change Component Footprint: Designator=Q3_M12 Old Footprint=SISH615ADN-T1-GE3-Footprint-1 New Footprint=SISH615ADN-T1-GE3-Footprint-1
Change Component Footprint: Designator=Q4 Old Footprint=SISH615ADN-T1-GE3-Footprint-1 New Footprint=SISH615ADN-T1-GE3-Footprint-1
Change Component Footprint: Designator=Q5 Old Footprint=SISH615ADN-T1-GE3-Footprint-1 New Footprint=SISH615ADN-T1-GE3-Footprint-1
Change Component Footprint: Designator=Q6 Old Footprint=SISH615ADN-T1-GE3-Footprint-1 New Footprint=SISH615ADN-T1-GE3-Footprint-1
Change Component Footprint: Designator=Q7 Old Footprint=SISH615ADN-T1-GE3-Footprint-1 New Footprint=SISH615ADN-T1-GE3-Footprint-1
Change Component Footprint: Designator=Q8 Old Footprint=SISH615ADN-T1-GE3-Footprint-1 New Footprint=SISH615ADN-T1-GE3-Footprint-1
Change Component Footprint: Designator=Q9 Old Footprint=SISH615ADN-T1-GE3-Footprint-1 New Footprint=SISH615ADN-T1-GE3-Footprint-1
Change Managed Component Library Link : Designator=Q1_M1 Old VaultGUID=D5CACE43-709A-4464-BB04-ED577B050C2A New VaultGUID=D5CACE43-709A-4464-BB04-ED577B050C2A Old ItemGUID=b70da75e-ba16-408e-aa16-fb57bc5b9751 New ItemGUID=b70da75e-ba16-408e-aa16-fb57bc5b9751 Old RevisionGUID=b056ca54-850f-4b51-b348-3dfc44acda43 New RevisionGUID=72cbb670-dce0-4a5a-bd56-443751007d06
Change Managed Component Library Link : Designator=Q1_M2 Old VaultGUID=D5CACE43-709A-4464-BB04-ED577B050C2A New VaultGUID=D5CACE43-709A-4464-BB04-ED577B050C2A Old ItemGUID=b70da75e-ba16-408e-aa16-fb57bc5b9751 New ItemGUID=b70da75e-ba16-408e-aa16-fb57bc5b9751 Old RevisionGUID=b056ca54-850f-4b51-b348-3dfc44acda43 New RevisionGUID=72cbb670-dce0-4a5a-bd56-443751007d06
Change Managed Component Library Link : Designator=Q1_M3 Old VaultGUID=D5CACE43-709A-4464-BB04-ED577B050C2A New VaultGUID=D5CACE43-709A-4464-BB04-ED577B050C2A Old ItemGUID=b70da75e-ba16-408e-aa16-fb57bc5b9751 New ItemGUID=b70da75e-ba16-408e-aa16-fb57bc5b9751 Old RevisionGUID=b056ca54-850f-4b51-b348-3dfc44acda43 New RevisionGUID=72cbb670-dce0-4a5a-bd56-443751007d06
Change Managed Component Library Link : Designator=Q1_M4 Old VaultGUID=D5CACE43-709A-4464-BB04-ED577B050C2A New VaultGUID=D5CACE43-709A-4464-BB04-ED577B050C2A Old ItemGUID=b70da75e-ba16-408e-aa16-fb57bc5b9751 New ItemGUID=b70da75e-ba16-408e-aa16-fb57bc5b9751 Old RevisionGUID=b056ca54-850f-4b51-b348-3dfc44acda43 New RevisionGUID=72cbb670-dce0-4a5a-bd56-443751007d06
Change Managed Component Library Link : Designator=Q1_M5 Old VaultGUID=D5CACE43-709A-4464-BB04-ED577B050C2A New VaultGUID=D5CACE43-709A-4464-BB04-ED577B050C2A Old ItemGUID=b70da75e-ba16-408e-aa16-fb57bc5b9751 New ItemGUID=b70da75e-ba16-408e-aa16-fb57bc5b9751 Old RevisionGUID=b056ca54-850f-4b51-b348-3dfc44acda43 New RevisionGUID=72cbb670-dce0-4a5a-bd56-443751007d06
Change Managed Component Library Link : Designator=Q1_M6 Old VaultGUID=D5CACE43-709A-4464-BB04-ED577B050C2A New VaultGUID=D5CACE43-709A-4464-BB04-ED577B050C2A Old ItemGUID=b70da75e-ba16-408e-aa16-fb57bc5b9751 New ItemGUID=b70da75e-ba16-408e-aa16-fb57bc5b9751 Old RevisionGUID=b056ca54-850f-4b51-b348-3dfc44acda43 New RevisionGUID=72cbb670-dce0-4a5a-bd56-443751007d06
Change Managed Component Library Link : Designator=Q1_M7 Old VaultGUID=D5CACE43-709A-4464-BB04-ED577B050C2A New VaultGUID=D5CACE43-709A-4464-BB04-ED577B050C2A Old ItemGUID=b70da75e-ba16-408e-aa16-fb57bc5b9751 New ItemGUID=b70da75e-ba16-408e-aa16-fb57bc5b9751 Old RevisionGUID=b056ca54-850f-4b51-b348-3dfc44acda43 New RevisionGUID=72cbb670-dce0-4a5a-bd56-443751007d06
Change Managed Component Library Link : Designator=Q1_M8 Old VaultGUID=D5CACE43-709A-4464-BB04-ED577B050C2A New VaultGUID=D5CACE43-709A-4464-BB04-ED577B050C2A Old ItemGUID=b70da75e-ba16-408e-aa16-fb57bc5b9751 New ItemGUID=b70da75e-ba16-408e-aa16-fb57bc5b9751 Old RevisionGUID=b056ca54-850f-4b51-b348-3dfc44acda43 New RevisionGUID=72cbb670-dce0-4a5a-bd56-443751007d06
Change Managed Component Library Link : Designator=Q1_M9 Old VaultGUID=D5CACE43-709A-4464-BB04-ED577B050C2A New VaultGUID=D5CACE43-709A-4464-BB04-ED577B050C2A Old ItemGUID=b70da75e-ba16-408e-aa16-fb57bc5b9751 New ItemGUID=b70da75e-ba16-408e-aa16-fb57bc5b9751 Old RevisionGUID=b056ca54-850f-4b51-b348-3dfc44acda43 New RevisionGUID=72cbb670-dce0-4a5a-bd56-443751007d06
Change Managed Component Library Link : Designator=Q1_M10 Old VaultGUID=D5CACE43-709A-4464-BB04-ED577B050C2A New VaultGUID=D5CACE43-709A-4464-BB04-ED577B050C2A Old ItemGUID=b70da75e-ba16-408e-aa16-fb57bc5b9751 New ItemGUID=b70da75e-ba16-408e-aa16-fb57bc5b9751 Old RevisionGUID=b056ca54-850f-4b51-b348-3dfc44acda43 New RevisionGUID=72cbb670-dce0-4a5a-bd56-443751007d06
Change Managed Component Library Link : Designator=Q1_M11 Old VaultGUID=D5CACE43-709A-4464-BB04-ED577B050C2A New VaultGUID=D5CACE43-709A-4464-BB04-ED577B050C2A Old ItemGUID=b70da75e-ba16-408e-aa16-fb57bc5b9751 New ItemGUID=b70da75e-ba16-408e-aa16-fb57bc5b9751 Old RevisionGUID=b056ca54-850f-4b51-b348-3dfc44acda43 New RevisionGUID=72cbb670-dce0-4a5a-bd56-443751007d06
Change Managed Component Library Link : Designator=Q1_M12 Old VaultGUID=D5CACE43-709A-4464-BB04-ED577B050C2A New VaultGUID=D5CACE43-709A-4464-BB04-ED577B050C2A Old ItemGUID=b70da75e-ba16-408e-aa16-fb57bc5b9751 New ItemGUID=b70da75e-ba16-408e-aa16-fb57bc5b9751 Old RevisionGUID=b056ca54-850f-4b51-b348-3dfc44acda43 New RevisionGUID=72cbb670-dce0-4a5a-bd56-443751007d06
Change Managed Component Library Link : Designator=Q3_M1 Old VaultGUID=D5CACE43-709A-4464-BB04-ED577B050C2A New VaultGUID=D5CACE43-709A-4464-BB04-ED577B050C2A Old ItemGUID=b70da75e-ba16-408e-aa16-fb57bc5b9751 New ItemGUID=b70da75e-ba16-408e-aa16-fb57bc5b9751 Old RevisionGUID=b056ca54-850f-4b51-b348-3dfc44acda43 New RevisionGUID=72cbb670-dce0-4a5a-bd56-443751007d06
Change Managed Component Library Link : Designator=Q3_M2 Old VaultGUID=D5CACE43-709A-4464-BB04-ED577B050C2A New VaultGUID=D5CACE43-709A-4464-BB04-ED577B050C2A Old ItemGUID=b70da75e-ba16-408e-aa16-fb57bc5b9751 New ItemGUID=b70da75e-ba16-408e-aa16-fb57bc5b9751 Old RevisionGUID=b056ca54-850f-4b51-b348-3dfc44acda43 New RevisionGUID=72cbb670-dce0-4a5a-bd56-443751007d06
Change Managed Component Library Link : Designator=Q3_M3 Old VaultGUID=D5CACE43-709A-4464-BB04-ED577B050C2A New VaultGUID=D5CACE43-709A-4464-BB04-ED577B050C2A Old ItemGUID=b70da75e-ba16-408e-aa16-fb57bc5b9751 New ItemGUID=b70da75e-ba16-408e-aa16-fb57bc5b9751 Old RevisionGUID=b056ca54-850f-4b51-b348-3dfc44acda43 New RevisionGUID=72cbb670-dce0-4a5a-bd56-443751007d06
Change Managed Component Library Link : Designator=Q3_M4 Old VaultGUID=D5CACE43-709A-4464-BB04-ED577B050C2A New VaultGUID=D5CACE43-709A-4464-BB04-ED577B050C2A Old ItemGUID=b70da75e-ba16-408e-aa16-fb57bc5b9751 New ItemGUID=b70da75e-ba16-408e-aa16-fb57bc5b9751 Old RevisionGUID=b056ca54-850f-4b51-b348-3dfc44acda43 New RevisionGUID=72cbb670-dce0-4a5a-bd56-443751007d06
Change Managed Component Library Link : Designator=Q3_M5 Old VaultGUID=D5CACE43-709A-4464-BB04-ED577B050C2A New VaultGUID=D5CACE43-709A-4464-BB04-ED577B050C2A Old ItemGUID=b70da75e-ba16-408e-aa16-fb57bc5b9751 New ItemGUID=b70da75e-ba16-408e-aa16-fb57bc5b9751 Old RevisionGUID=b056ca54-850f-4b51-b348-3dfc44acda43 New RevisionGUID=72cbb670-dce0-4a5a-bd56-443751007d06
Change Managed Component Library Link : Designator=Q3_M6 Old VaultGUID=D5CACE43-709A-4464-BB04-ED577B050C2A New VaultGUID=D5CACE43-709A-4464-BB04-ED577B050C2A Old ItemGUID=b70da75e-ba16-408e-aa16-fb57bc5b9751 New ItemGUID=b70da75e-ba16-408e-aa16-fb57bc5b9751 Old RevisionGUID=b056ca54-850f-4b51-b348-3dfc44acda43 New RevisionGUID=72cbb670-dce0-4a5a-bd56-443751007d06
Change Managed Component Library Link : Designator=Q3_M7 Old VaultGUID=D5CACE43-709A-4464-BB04-ED577B050C2A New VaultGUID=D5CACE43-709A-4464-BB04-ED577B050C2A Old ItemGUID=b70da75e-ba16-408e-aa16-fb57bc5b9751 New ItemGUID=b70da75e-ba16-408e-aa16-fb57bc5b9751 Old RevisionGUID=b056ca54-850f-4b51-b348-3dfc44acda43 New RevisionGUID=72cbb670-dce0-4a5a-bd56-443751007d06
Change Managed Component Library Link : Designator=Q3_M8 Old VaultGUID=D5CACE43-709A-4464-BB04-ED577B050C2A New VaultGUID=D5CACE43-709A-4464-BB04-ED577B050C2A Old ItemGUID=b70da75e-ba16-408e-aa16-fb57bc5b9751 New ItemGUID=b70da75e-ba16-408e-aa16-fb57bc5b9751 Old RevisionGUID=b056ca54-850f-4b51-b348-3dfc44acda43 New RevisionGUID=72cbb670-dce0-4a5a-bd56-443751007d06
Change Managed Component Library Link : Designator=Q3_M9 Old VaultGUID=D5CACE43-709A-4464-BB04-ED577B050C2A New VaultGUID=D5CACE43-709A-4464-BB04-ED577B050C2A Old ItemGUID=b70da75e-ba16-408e-aa16-fb57bc5b9751 New ItemGUID=b70da75e-ba16-408e-aa16-fb57bc5b9751 Old RevisionGUID=b056ca54-850f-4b51-b348-3dfc44acda43 New RevisionGUID=72cbb670-dce0-4a5a-bd56-443751007d06
Change Managed Component Library Link : Designator=Q3_M10 Old VaultGUID=D5CACE43-709A-4464-BB04-ED577B050C2A New VaultGUID=D5CACE43-709A-4464-BB04-ED577B050C2A Old ItemGUID=b70da75e-ba16-408e-aa16-fb57bc5b9751 New ItemGUID=b70da75e-ba16-408e-aa16-fb57bc5b9751 Old RevisionGUID=b056ca54-850f-4b51-b348-3dfc44acda43 New RevisionGUID=72cbb670-dce0-4a5a-bd56-443751007d06
Change Managed Component Library Link : Designator=Q3_M11 Old VaultGUID=D5CACE43-709A-4464-BB04-ED577B050C2A New VaultGUID=D5CACE43-709A-4464-BB04-ED577B050C2A Old ItemGUID=b70da75e-ba16-408e-aa16-fb57bc5b9751 New ItemGUID=b70da75e-ba16-408e-aa16-fb57bc5b9751 Old RevisionGUID=b056ca54-850f-4b51-b348-3dfc44acda43 New RevisionGUID=72cbb670-dce0-4a5a-bd56-443751007d06
Change Managed Component Library Link : Designator=Q3_M12 Old VaultGUID=D5CACE43-709A-4464-BB04-ED577B050C2A New VaultGUID=D5CACE43-709A-4464-BB04-ED577B050C2A Old ItemGUID=b70da75e-ba16-408e-aa16-fb57bc5b9751 New ItemGUID=b70da75e-ba16-408e-aa16-fb57bc5b9751 Old RevisionGUID=b056ca54-850f-4b51-b348-3dfc44acda43 New RevisionGUID=72cbb670-dce0-4a5a-bd56-443751007d06
Change Managed Component Library Link : Designator=Q4 Old VaultGUID=D5CACE43-709A-4464-BB04-ED577B050C2A New VaultGUID=D5CACE43-709A-4464-BB04-ED577B050C2A Old ItemGUID=b70da75e-ba16-408e-aa16-fb57bc5b9751 New ItemGUID=b70da75e-ba16-408e-aa16-fb57bc5b9751 Old RevisionGUID=b056ca54-850f-4b51-b348-3dfc44acda43 New RevisionGUID=72cbb670-dce0-4a5a-bd56-443751007d06
Change Managed Component Library Link : Designator=Q5 Old VaultGUID=D5CACE43-709A-4464-BB04-ED577B050C2A New VaultGUID=D5CACE43-709A-4464-BB04-ED577B050C2A Old ItemGUID=b70da75e-ba16-408e-aa16-fb57bc5b9751 New ItemGUID=b70da75e-ba16-408e-aa16-fb57bc5b9751 Old RevisionGUID=b056ca54-850f-4b51-b348-3dfc44acda43 New RevisionGUID=72cbb670-dce0-4a5a-bd56-443751007d06
Change Managed Component Library Link : Designator=Q6 Old VaultGUID=D5CACE43-709A-4464-BB04-ED577B050C2A New VaultGUID=D5CACE43-709A-4464-BB04-ED577B050C2A Old ItemGUID=b70da75e-ba16-408e-aa16-fb57bc5b9751 New ItemGUID=b70da75e-ba16-408e-aa16-fb57bc5b9751 Old RevisionGUID=b056ca54-850f-4b51-b348-3dfc44acda43 New RevisionGUID=72cbb670-dce0-4a5a-bd56-443751007d06
Change Managed Component Library Link : Designator=Q7 Old VaultGUID=D5CACE43-709A-4464-BB04-ED577B050C2A New VaultGUID=D5CACE43-709A-4464-BB04-ED577B050C2A Old ItemGUID=b70da75e-ba16-408e-aa16-fb57bc5b9751 New ItemGUID=b70da75e-ba16-408e-aa16-fb57bc5b9751 Old RevisionGUID=b056ca54-850f-4b51-b348-3dfc44acda43 New RevisionGUID=72cbb670-dce0-4a5a-bd56-443751007d06
Change Managed Component Library Link : Designator=Q8 Old VaultGUID=D5CACE43-709A-4464-BB04-ED577B050C2A New VaultGUID=D5CACE43-709A-4464-BB04-ED577B050C2A Old ItemGUID=b70da75e-ba16-408e-aa16-fb57bc5b9751 New ItemGUID=b70da75e-ba16-408e-aa16-fb57bc5b9751 Old RevisionGUID=b056ca54-850f-4b51-b348-3dfc44acda43 New RevisionGUID=72cbb670-dce0-4a5a-bd56-443751007d06
Change Managed Component Library Link : Designator=Q9 Old VaultGUID=D5CACE43-709A-4464-BB04-ED577B050C2A New VaultGUID=D5CACE43-709A-4464-BB04-ED577B050C2A Old ItemGUID=b70da75e-ba16-408e-aa16-fb57bc5b9751 New ItemGUID=b70da75e-ba16-408e-aa16-fb57bc5b9751 Old RevisionGUID=b056ca54-850f-4b51-b348-3dfc44acda43 New RevisionGUID=72cbb670-dce0-4a5a-bd56-443751007d06
