Removed Pin From Net: NetName=POST_SENSE_M1 Pin=U1_M1-10
Removed Pin From Net: NetName=POST_SENSE_M2 Pin=U1_M2-10
Removed Pin From Net: NetName=POST_SENSE_M3 Pin=U1_M3-10
Removed Pin From Net: NetName=POST_SENSE_M4 Pin=U1_M4-10
Removed Pin From Net: NetName=POST_SENSE_M5 Pin=U1_M5-10
Removed Pin From Net: NetName=POST_SENSE_M6 Pin=U1_M6-10
Removed Pin From Net: NetName=POST_SENSE_M7 Pin=U1_M7-10
Removed Pin From Net: NetName=POST_SENSE_M8 Pin=U1_M8-10
Removed Pin From Net: NetName=POST_SENSE_M9 Pin=U1_M9-10
Removed Pin From Net: NetName=POST_SENSE_M10 Pin=U1_M10-10
Removed Pin From Net: NetName=POST_SENSE_M11 Pin=U1_M11-10
Removed Pin From Net: NetName=POST_SENSE_M12 Pin=U1_M12-10
Change Component Comment : Designator=J15 Old Comment=172448-0004  New Comment=172448-0004
Added Component: Designator=R36_M1(RESC1608X55X30ML15T15)
Add component (AddParameter): Name = "Manufacturer"; Value = "Panasonic"; VariantName = "[No Variations]"
Add component (AddParameter): Name = "Part Number"; Value = "ERJ-3EKF1003V"; VariantName = "[No Variations]"
Added Component: Designator=R36_M2(RESC1608X55X30ML15T15)
Add component (AddParameter): Name = "Manufacturer"; Value = "Panasonic"; VariantName = "[No Variations]"
Add component (AddParameter): Name = "Part Number"; Value = "ERJ-3EKF1003V"; VariantName = "[No Variations]"
Added Component: Designator=R36_M3(RESC1608X55X30ML15T15)
Add component (AddParameter): Name = "Manufacturer"; Value = "Panasonic"; VariantName = "[No Variations]"
Add component (AddParameter): Name = "Part Number"; Value = "ERJ-3EKF1003V"; VariantName = "[No Variations]"
Added Component: Designator=R36_M4(RESC1608X55X30ML15T15)
Add component (AddParameter): Name = "Manufacturer"; Value = "Panasonic"; VariantName = "[No Variations]"
Add component (AddParameter): Name = "Part Number"; Value = "ERJ-3EKF1003V"; VariantName = "[No Variations]"
Added Component: Designator=R36_M5(RESC1608X55X30ML15T15)
Add component (AddParameter): Name = "Manufacturer"; Value = "Panasonic"; VariantName = "[No Variations]"
Add component (AddParameter): Name = "Part Number"; Value = "ERJ-3EKF1003V"; VariantName = "[No Variations]"
Added Component: Designator=R36_M6(RESC1608X55X30ML15T15)
Add component (AddParameter): Name = "Manufacturer"; Value = "Panasonic"; VariantName = "[No Variations]"
Add component (AddParameter): Name = "Part Number"; Value = "ERJ-3EKF1003V"; VariantName = "[No Variations]"
Added Component: Designator=R36_M7(RESC1608X55X30ML15T15)
Add component (AddParameter): Name = "Manufacturer"; Value = "Panasonic"; VariantName = "[No Variations]"
Add component (AddParameter): Name = "Part Number"; Value = "ERJ-3EKF1003V"; VariantName = "[No Variations]"
Added Component: Designator=R36_M8(RESC1608X55X30ML15T15)
Add component (AddParameter): Name = "Manufacturer"; Value = "Panasonic"; VariantName = "[No Variations]"
Add component (AddParameter): Name = "Part Number"; Value = "ERJ-3EKF1003V"; VariantName = "[No Variations]"
Added Component: Designator=R36_M9(RESC1608X55X30ML15T15)
Add component (AddParameter): Name = "Manufacturer"; Value = "Panasonic"; VariantName = "[No Variations]"
Add component (AddParameter): Name = "Part Number"; Value = "ERJ-3EKF1003V"; VariantName = "[No Variations]"
Added Component: Designator=R36_M10(RESC1608X55X30ML15T15)
Add component (AddParameter): Name = "Manufacturer"; Value = "Panasonic"; VariantName = "[No Variations]"
Add component (AddParameter): Name = "Part Number"; Value = "ERJ-3EKF1003V"; VariantName = "[No Variations]"
Added Component: Designator=R36_M11(RESC1608X55X30ML15T15)
Add component (AddParameter): Name = "Manufacturer"; Value = "Panasonic"; VariantName = "[No Variations]"
Add component (AddParameter): Name = "Part Number"; Value = "ERJ-3EKF1003V"; VariantName = "[No Variations]"
Added Component: Designator=R36_M12(RESC1608X55X30ML15T15)
Add component (AddParameter): Name = "Manufacturer"; Value = "Panasonic"; VariantName = "[No Variations]"
Add component (AddParameter): Name = "Part Number"; Value = "ERJ-3EKF1003V"; VariantName = "[No Variations]"
Added Component: Designator=R37_M1(RESC1608X55X30ML15T15)
Add component (AddParameter): Name = "Manufacturer"; Value = "Panasonic"; VariantName = "[No Variations]"
Add component (AddParameter): Name = "Part Number"; Value = "ERJ-3EKF1003V"; VariantName = "[No Variations]"
Added Component: Designator=R37_M2(RESC1608X55X30ML15T15)
Add component (AddParameter): Name = "Manufacturer"; Value = "Panasonic"; VariantName = "[No Variations]"
Add component (AddParameter): Name = "Part Number"; Value = "ERJ-3EKF1003V"; VariantName = "[No Variations]"
Added Component: Designator=R37_M3(RESC1608X55X30ML15T15)
Add component (AddParameter): Name = "Manufacturer"; Value = "Panasonic"; VariantName = "[No Variations]"
Add component (AddParameter): Name = "Part Number"; Value = "ERJ-3EKF1003V"; VariantName = "[No Variations]"
Added Component: Designator=R37_M4(RESC1608X55X30ML15T15)
Add component (AddParameter): Name = "Manufacturer"; Value = "Panasonic"; VariantName = "[No Variations]"
Add component (AddParameter): Name = "Part Number"; Value = "ERJ-3EKF1003V"; VariantName = "[No Variations]"
Added Component: Designator=R37_M5(RESC1608X55X30ML15T15)
Add component (AddParameter): Name = "Manufacturer"; Value = "Panasonic"; VariantName = "[No Variations]"
Add component (AddParameter): Name = "Part Number"; Value = "ERJ-3EKF1003V"; VariantName = "[No Variations]"
Added Component: Designator=R37_M6(RESC1608X55X30ML15T15)
Add component (AddParameter): Name = "Manufacturer"; Value = "Panasonic"; VariantName = "[No Variations]"
Add component (AddParameter): Name = "Part Number"; Value = "ERJ-3EKF1003V"; VariantName = "[No Variations]"
Added Component: Designator=R37_M7(RESC1608X55X30ML15T15)
Add component (AddParameter): Name = "Manufacturer"; Value = "Panasonic"; VariantName = "[No Variations]"
Add component (AddParameter): Name = "Part Number"; Value = "ERJ-3EKF1003V"; VariantName = "[No Variations]"
Added Component: Designator=R37_M8(RESC1608X55X30ML15T15)
Add component (AddParameter): Name = "Manufacturer"; Value = "Panasonic"; VariantName = "[No Variations]"
Add component (AddParameter): Name = "Part Number"; Value = "ERJ-3EKF1003V"; VariantName = "[No Variations]"
Added Component: Designator=R37_M9(RESC1608X55X30ML15T15)
Add component (AddParameter): Name = "Manufacturer"; Value = "Panasonic"; VariantName = "[No Variations]"
Add component (AddParameter): Name = "Part Number"; Value = "ERJ-3EKF1003V"; VariantName = "[No Variations]"
Added Component: Designator=R37_M10(RESC1608X55X30ML15T15)
Add component (AddParameter): Name = "Manufacturer"; Value = "Panasonic"; VariantName = "[No Variations]"
Add component (AddParameter): Name = "Part Number"; Value = "ERJ-3EKF1003V"; VariantName = "[No Variations]"
Added Component: Designator=R37_M11(RESC1608X55X30ML15T15)
Add component (AddParameter): Name = "Manufacturer"; Value = "Panasonic"; VariantName = "[No Variations]"
Add component (AddParameter): Name = "Part Number"; Value = "ERJ-3EKF1003V"; VariantName = "[No Variations]"
Added Component: Designator=R37_M12(RESC1608X55X30ML15T15)
Add component (AddParameter): Name = "Manufacturer"; Value = "Panasonic"; VariantName = "[No Variations]"
Add component (AddParameter): Name = "Part Number"; Value = "ERJ-3EKF1003V"; VariantName = "[No Variations]"
Added Pin To Net: NetName=POST_SENSE_M1 Pin=R3_M1-2
Added Pin To Net: NetName=POST_SENSE_M2 Pin=R3_M2-2
Added Pin To Net: NetName=POST_SENSE_M3 Pin=R3_M3-2
Added Pin To Net: NetName=POST_SENSE_M4 Pin=R3_M4-2
Added Pin To Net: NetName=POST_SENSE_M5 Pin=R3_M5-2
Added Pin To Net: NetName=POST_SENSE_M6 Pin=R3_M6-2
Added Pin To Net: NetName=POST_SENSE_M7 Pin=R3_M7-2
Added Pin To Net: NetName=POST_SENSE_M8 Pin=R3_M8-2
Added Pin To Net: NetName=POST_SENSE_M9 Pin=R3_M9-2
Added Pin To Net: NetName=POST_SENSE_M10 Pin=R3_M10-2
Added Pin To Net: NetName=POST_SENSE_M11 Pin=R3_M11-2
Added Pin To Net: NetName=POST_SENSE_M12 Pin=R3_M12-2
Added Pin To Net: NetName=GND Pin=R36_M1-1
Added Pin To Net: NetName=SENSE_1_M1 Pin=R36_M1-2
Added Pin To Net: NetName=GND Pin=R36_M2-1
Added Pin To Net: NetName=SENSE_1_M2 Pin=R36_M2-2
Added Pin To Net: NetName=GND Pin=R36_M3-1
Added Pin To Net: NetName=SENSE_1_M3 Pin=R36_M3-2
Added Pin To Net: NetName=GND Pin=R36_M4-1
Added Pin To Net: NetName=SENSE_1_M4 Pin=R36_M4-2
Added Pin To Net: NetName=GND Pin=R36_M5-1
Added Pin To Net: NetName=SENSE_1_M5 Pin=R36_M5-2
Added Pin To Net: NetName=GND Pin=R36_M6-1
Added Pin To Net: NetName=SENSE_1_M6 Pin=R36_M6-2
Added Pin To Net: NetName=GND Pin=R36_M7-1
Added Pin To Net: NetName=SENSE_1_M7 Pin=R36_M7-2
Added Pin To Net: NetName=GND Pin=R36_M8-1
Added Pin To Net: NetName=SENSE_1_M8 Pin=R36_M8-2
Added Pin To Net: NetName=GND Pin=R36_M9-1
Added Pin To Net: NetName=SENSE_1_M9 Pin=R36_M9-2
Added Pin To Net: NetName=GND Pin=R36_M10-1
Added Pin To Net: NetName=SENSE_1_M10 Pin=R36_M10-2
Added Pin To Net: NetName=GND Pin=R36_M11-1
Added Pin To Net: NetName=SENSE_1_M11 Pin=R36_M11-2
Added Pin To Net: NetName=GND Pin=R36_M12-1
Added Pin To Net: NetName=SENSE_1_M12 Pin=R36_M12-2
Added Pin To Net: NetName=GND Pin=R37_M1-1
Added Pin To Net: NetName=SENSE_2_M1 Pin=R37_M1-2
Added Pin To Net: NetName=GND Pin=R37_M2-1
Added Pin To Net: NetName=SENSE_2_M2 Pin=R37_M2-2
Added Pin To Net: NetName=GND Pin=R37_M3-1
Added Pin To Net: NetName=SENSE_2_M3 Pin=R37_M3-2
Added Pin To Net: NetName=GND Pin=R37_M4-1
Added Pin To Net: NetName=SENSE_2_M4 Pin=R37_M4-2
Added Pin To Net: NetName=GND Pin=R37_M5-1
Added Pin To Net: NetName=SENSE_2_M5 Pin=R37_M5-2
Added Pin To Net: NetName=GND Pin=R37_M6-1
Added Pin To Net: NetName=SENSE_2_M6 Pin=R37_M6-2
Added Pin To Net: NetName=GND Pin=R37_M7-1
Added Pin To Net: NetName=SENSE_2_M7 Pin=R37_M7-2
Added Pin To Net: NetName=GND Pin=R37_M8-1
Added Pin To Net: NetName=SENSE_2_M8 Pin=R37_M8-2
Added Pin To Net: NetName=GND Pin=R37_M9-1
Added Pin To Net: NetName=SENSE_2_M9 Pin=R37_M9-2
Added Pin To Net: NetName=GND Pin=R37_M10-1
Added Pin To Net: NetName=SENSE_2_M10 Pin=R37_M10-2
Added Pin To Net: NetName=GND Pin=R37_M11-1
Added Pin To Net: NetName=SENSE_2_M11 Pin=R37_M11-2
Added Pin To Net: NetName=GND Pin=R37_M12-1
Added Pin To Net: NetName=SENSE_2_M12 Pin=R37_M12-2
Added Member To Class: ClassName=M1 Member=Component R36_M1 (R36) ERJ-3EKF1003V
Added Member To Class: ClassName=M2 Member=Component R36_M2 (R36) ERJ-3EKF1003V
Added Member To Class: ClassName=M3 Member=Component R36_M3 (R36) ERJ-3EKF1003V
Added Member To Class: ClassName=M4 Member=Component R36_M4 (R36) ERJ-3EKF1003V
Added Member To Class: ClassName=M5 Member=Component R36_M5 (R36) ERJ-3EKF1003V
Added Member To Class: ClassName=M6 Member=Component R36_M6 (R36) ERJ-3EKF1003V
Added Member To Class: ClassName=M7 Member=Component R36_M7 (R36) ERJ-3EKF1003V
Added Member To Class: ClassName=M8 Member=Component R36_M8 (R36) ERJ-3EKF1003V
Added Member To Class: ClassName=M9 Member=Component R36_M9 (R36) ERJ-3EKF1003V
Added Member To Class: ClassName=M10 Member=Component R36_M10 (R36) ERJ-3EKF1003V
Added Member To Class: ClassName=M11 Member=Component R36_M11 (R36) ERJ-3EKF1003V
Added Member To Class: ClassName=M12 Member=Component R36_M12 (R36) ERJ-3EKF1003V
Added Member To Class: ClassName=M1 Member=Component R37_M1 (R37) ERJ-3EKF1003V
Added Member To Class: ClassName=M2 Member=Component R37_M2 (R37) ERJ-3EKF1003V
Added Member To Class: ClassName=M3 Member=Component R37_M3 (R37) ERJ-3EKF1003V
Added Member To Class: ClassName=M4 Member=Component R37_M4 (R37) ERJ-3EKF1003V
Added Member To Class: ClassName=M5 Member=Component R37_M5 (R37) ERJ-3EKF1003V
Added Member To Class: ClassName=M6 Member=Component R37_M6 (R37) ERJ-3EKF1003V
Added Member To Class: ClassName=M7 Member=Component R37_M7 (R37) ERJ-3EKF1003V
Added Member To Class: ClassName=M8 Member=Component R37_M8 (R37) ERJ-3EKF1003V
Added Member To Class: ClassName=M9 Member=Component R37_M9 (R37) ERJ-3EKF1003V
Added Member To Class: ClassName=M10 Member=Component R37_M10 (R37) ERJ-3EKF1003V
Added Member To Class: ClassName=M11 Member=Component R37_M11 (R37) ERJ-3EKF1003V
Added Member To Class: ClassName=M12 Member=Component R37_M12 (R37) ERJ-3EKF1003V
