Removed Pin From Net: NetName=GND Pin=J1-1
Removed Pin From Net: NetName=GND Pin=J1-2
Removed Pin From Net: NetName=PWR_IN Pin=J1-3
Removed Pin From Net: NetName=PWR_IN Pin=J1-4
Removed Pin From Net: NetName=GND Pin=J1-5
Removed Pin From Net: NetName=GND Pin=J1-6
Removed Pin From Net: NetName=PWR_IN Pin=J1-7
Removed Pin From Net: NetName=PWR_IN Pin=J1-8
Removed Pin From Net: NetName=12V_IN Pin=J15-2
Removed Pin From Net: NetName=GND Pin=J15-3
Added Pin To Net: NetName=PWR_IN Pin=J1-1
Added Pin To Net: NetName=PWR_IN Pin=J1-2
Added Pin To Net: NetName=GND Pin=J1-3
Added Pin To Net: NetName=GND Pin=J1-4
Added Pin To Net: NetName=PWR_IN Pin=J1-5
Added Pin To Net: NetName=PWR_IN Pin=J1-6
Added Pin To Net: NetName=GND Pin=J1-7
Added Pin To Net: NetName=GND Pin=J1-8
Added Pin To Net: NetName=GND Pin=J15-2
Added Pin To Net: NetName=12V_IN Pin=J15-3
