Added Component: Designator=J15(FP-39-30-1041-MFG)
Add component (AddParameter): Name = "3D_model"; Value = "http://www.molex.com/pdm_docs/stp/39-30-1041_stp.zip"; VariantName = "[No Variations]"
Add component (AddParameter): Name = "Application"; Value = "Power, Wire-to-Board"; VariantName = "[No Variations]"
Add component (AddParameter): Name = "Automotive"; Value = "No"; VariantName = "[No Variations]"
Add component (AddParameter): Name = "Breakaway"; Value = "No"; VariantName = "[No Variations]"
Add component (AddParameter): Name = "Category"; Value = "Conn"; VariantName = "[No Variations]"
Add component (AddParameter): Name = "Circuits_Loaded"; Value = "4"; VariantName = "[No Variations]"
Add component (AddParameter): Name = "Circuits_maximum"; Value = "4"; VariantName = "[No Variations]"
Add component (AddParameter): Name = "Color___Resin"; Value = "Natural"; VariantName = "[No Variations]"
Add component (AddParameter): Name = "Comments"; Value = "Current = 13A max. per circuit when header is mated to a receptacle loaded with  45750  Mini-Fit® Plus HCS Crimp Terminal Crimped to 16 AWG wire.,  See Molex Product specification PS-5556-001 for additional current de-rating information."; VariantName = "[No Variations]"
Add component (AddParameter): Name = "ComponentLink2Description"; Value = "Datasheet"; VariantName = "[No Variations]"
Add component (AddParameter): Name = "ComponentLink2URL"; Value = "http://www.molex.com/pdm_docs/sd/039301041_sd.pdf"; VariantName = "[No Variations]"
Add component (AddParameter): Name = "Conn Gender"; Value = "Male"; VariantName = "[No Variations]"
Add component (AddParameter): Name = "Conn Orientation"; Value = "Right Angle"; VariantName = "[No Variations]"
Add component (AddParameter): Name = "Contact Material"; Value = "Gold,Nickel"; VariantName = "[No Variations]"
Add component (AddParameter): Name = "CSA"; Value = "LR19980"; VariantName = "[No Variations]"
Add component (AddParameter): Name = "Current Rating"; Value = "13A"; VariantName = "[No Variations]"
Add component (AddParameter): Name = "Current___Maximum_per_Contact"; Value = "13.0A"; VariantName = "[No Variations]"
Add component (AddParameter): Name = "Device Class L1"; Value = "Connectors"; VariantName = "[No Variations]"
Add component (AddParameter): Name = "Device Class L2"; Value = "Headers and Wire Housings"; VariantName = "[No Variations]"
Add component (AddParameter): Name = "Device Class L3"; Value = "unset"; VariantName = "[No Variations]"
Add component (AddParameter): Name = "Digikey Description"; Value = "CONN HEADER R/A 4POS 4.2MM"; VariantName = "[No Variations]"
Add component (AddParameter): Name = "Durability_mating_cycles_max"; Value = "30"; VariantName = "[No Variations]"
Add component (AddParameter): Name = "Duration_at_Max_Process_Temperature_seconds"; Value = "005"; VariantName = "[No Variations]"
Add component (AddParameter): Name = "First_Mate__Last_Break"; Value = "No"; VariantName = "[No Variations]"
Add component (AddParameter): Name = "Flammability"; Value = "94V-2"; VariantName = "[No Variations]"
Add component (AddParameter): Name = "Footprint Url"; Value = "https://www.molex.com/pdm_docs/sd/039301041_sd.pdf"; VariantName = "[No Variations]"
Add component (AddParameter): Name = "Glow_Wire_Compliant"; Value = "No"; VariantName = "[No Variations]"
Add component (AddParameter): Name = "Guide_to_Mating_Part"; Value = "No"; VariantName = "[No Variations]"
Add component (AddParameter): Name = "imported"; Value = "yes"; VariantName = "[No Variations]"
Add component (AddParameter): Name = "imported_from"; Value = "3D Model"; VariantName = "[No Variations]"
Add component (AddParameter): Name = "Ipc Land Pattern Name"; Value = "CAPAD1016W80L630D240"; VariantName = "[No Variations]"
Add component (AddParameter): Name = "Keying_to_Mating_Part"; Value = "None"; VariantName = "[No Variations]"
Add component (AddParameter): Name = "Lead Free"; Value = "Yes"; VariantName = "[No Variations]"
Add component (AddParameter): Name = "Lead_freeProcess_Capability"; Value = "WAVE"; VariantName = "[No Variations]"
Add component (AddParameter): Name = "Lock_to_Mating_Part"; Value = "Yes"; VariantName = "[No Variations]"
Add component (AddParameter): Name = "Manufacturer"; Value = "Molex"; VariantName = "[No Variations]"
Add component (AddParameter): Name = "Manufacturer Part Number"; Value = "39-30-1041"; VariantName = "[No Variations]"
Add component (AddParameter): Name = "Material___Metal"; Value = "Brass"; VariantName = "[No Variations]"
Add component (AddParameter): Name = "Material___Plating_Mating"; Value = "Gold"; VariantName = "[No Variations]"
Add component (AddParameter): Name = "Material___Plating_Termination"; Value = "Matte Tin"; VariantName = "[No Variations]"
Add component (AddParameter): Name = "Material___Resin"; Value = "Nylon"; VariantName = "[No Variations]"
Add component (AddParameter): Name = "Max_Cycles_at_Max_Process_Temperature"; Value = "001"; VariantName = "[No Variations]"
Add component (AddParameter): Name = "Mouser Description"; Value = "Headers & Wire Housings 4 CKT R/A HEADER"; VariantName = "[No Variations]"
Add component (AddParameter): Name = "Net_Weight"; Value = "1.529/g"; VariantName = "[No Variations]"
Add component (AddParameter): Name = "Number Of Contacts"; Value = "4"; VariantName = "[No Variations]"
Add component (AddParameter): Name = "Number Of Rows"; Value = "2"; VariantName = "[No Variations]"
Add component (AddParameter): Name = "Number_of_Rows"; Value = "2"; VariantName = "[No Variations]"
Add component (AddParameter): Name = "Octopart"; Value = "https://octopart.com/39-30-1041-molex-276737"; VariantName = "[No Variations]"
Add component (AddParameter): Name = "Old_Part_Number"; Value = "5569-04A2G"; VariantName = "[No Variations]"
Add component (AddParameter): Name = "Orientation"; Value = "Right Angle"; VariantName = "[No Variations]"
Add component (AddParameter): Name = "Overview"; Value = "Mini-Fit Jr.? Power Connectors"; VariantName = "[No Variations]"
Add component (AddParameter): Name = "Package"; Value = "39-30-1041"; VariantName = "[No Variations]"
Add component (AddParameter): Name = "Packaging_Specification"; Value = "PK-5569-002"; VariantName = "[No Variations]"
Add component (AddParameter): Name = "Packaging_Type"; Value = "Bag"; VariantName = "[No Variations]"
Add component (AddParameter): Name = "part_page"; Value = "http://www.molex.com/molex/products/datasheet.jsp?part=active/0039301041_PCB_HEADERS.xml"; VariantName = "[No Variations]"
Add component (AddParameter): Name = "PCB_Locator"; Value = "Yes"; VariantName = "[No Variations]"
Add component (AddParameter): Name = "PCB_Retention"; Value = "Yes"; VariantName = "[No Variations]"
Add component (AddParameter): Name = "PCB_Thickness___Recommended"; Value = "1.78mm"; VariantName = "[No Variations]"
Add component (AddParameter): Name = "Pitch"; Value = "4.2mm"; VariantName = "[No Variations]"
Add component (AddParameter): Name = "Pitch___Mating_Interface"; Value = "4.20mm"; VariantName = "[No Variations]"
Add component (AddParameter): Name = "Pitch___Termination_Interface"; Value = "4.20mm"; VariantName = "[No Variations]"
Add component (AddParameter): Name = "Plating_min___Mating"; Value = "0.762µm"; VariantName = "[No Variations]"
Add component (AddParameter): Name = "Plating_min___Termination"; Value = "2.540µm"; VariantName = "[No Variations]"
Add component (AddParameter): Name = "Polarized_to_Mating_Part"; Value = "Yes"; VariantName = "[No Variations]"
Add component (AddParameter): Name = "Polarized_to_PCB"; Value = "Yes"; VariantName = "[No Variations]"
Add component (AddParameter): Name = "Process_Temperature_max_C"; Value = "240"; VariantName = "[No Variations]"
Add component (AddParameter): Name = "Product_Name"; Value = "Mini-Fit Jr.TM"; VariantName = "[No Variations]"
Add component (AddParameter): Name = "Product_Specification"; Value = "PS-45750-001, PS-5556-001"; VariantName = "[No Variations]"
Add component (AddParameter): Name = "RoHS"; Value = "TRUE"; VariantName = "[No Variations]"
Add component (AddParameter): Name = "Sales_Drawing"; Value = "SDA-5569-NA2*-*"; VariantName = "[No Variations]"
Add component (AddParameter): Name = "Series"; Value = "5569"; VariantName = "[No Variations]"
Add component (AddParameter): Name = "Shrouded"; Value = "Fully"; VariantName = "[No Variations]"
Add component (AddParameter): Name = "Stackable"; Value = "No"; VariantName = "[No Variations]"
Add component (AddParameter): Name = "Standoff Height"; Value = "0.016inch"; VariantName = "[No Variations]"
Add component (AddParameter): Name = "Status"; Value = "Active"; VariantName = "[No Variations]"
Add component (AddParameter): Name = "Surface_Mount_Compatible_SMC"; Value = "No"; VariantName = "[No Variations]"
Add component (AddParameter): Name = "Temperature"; Value = "-40°C to +105°C"; VariantName = "[No Variations]"
Add component (AddParameter): Name = "Temperature Range High"; Value = "+105°C"; VariantName = "[No Variations]"
Add component (AddParameter): Name = "Temperature Range Low"; Value = "-40°C"; VariantName = "[No Variations]"
Add component (AddParameter): Name = "Temperature_Range___Operating"; Value = "-40°C to +105°C"; VariantName = "[No Variations]"
Add component (AddParameter): Name = "Termination_Interface_Style"; Value = "Through Hole"; VariantName = "[No Variations]"
Add component (AddParameter): Name = "Test_Summary"; Value = "TS-5556-002"; VariantName = "[No Variations]"
Add component (AddParameter): Name = "UL"; Value = "E29179"; VariantName = "[No Variations]"
Add component (AddParameter): Name = "UPC"; Value = "800753579651"; VariantName = "[No Variations]"
Add component (AddParameter): Name = "Voltage Rating"; Value = "600V"; VariantName = "[No Variations]"
Add component (AddParameter): Name = "Voltage___Maximum"; Value = "600V"; VariantName = "[No Variations]"
Added Pin To Net: NetName=+12 Pin=J15-1
Added Pin To Net: NetName=GND Pin=J15-2
Added Pin To Net: NetName=+12 Pin=J15-3
Added Pin To Net: NetName=GND Pin=J15-4
Added Member To Class: ClassName=LightLink_V3 Member=Component J15 172448-0004 
