Removed Pin From Net: NetName=D2 Pin=J6-12
Removed Pin From Net: NetName=D5 Pin=J6-13
Removed Pin From Net: NetName=D8 Pin=J6-18
Removed Pin From Net: NetName=D11 Pin=J6-19
Removed Pin From Net: NetName=D14 Pin=J6-24
Removed Pin From Net: NetName=D17 Pin=J6-25
Removed Pin From Net: NetName=D20 Pin=J6-30
Removed Pin From Net: NetName=D23 Pin=J6-31
Removed Pin From Net: NetName=D26 Pin=J6-36
Removed Pin From Net: NetName=D29 Pin=J6-37
Removed Pin From Net: NetName=D32 Pin=J7-26
Removed Pin From Net: NetName=D35 Pin=J7-27
Removed Pin From Net: NetName=D2 Pin=J8-12
Removed Pin From Net: NetName=D5 Pin=J8-13
Removed Pin From Net: NetName=D8 Pin=J8-18
Removed Pin From Net: NetName=D11 Pin=J8-19
Removed Pin From Net: NetName=D14 Pin=J8-24
Removed Pin From Net: NetName=D17 Pin=J8-25
Removed Pin From Net: NetName=D20 Pin=J8-30
Removed Pin From Net: NetName=D23 Pin=J8-31
Removed Pin From Net: NetName=D26 Pin=J8-36
Removed Pin From Net: NetName=D29 Pin=J8-37
Removed Pin From Net: NetName=D32 Pin=J9-26
Removed Pin From Net: NetName=D35 Pin=J9-27
Removed Pin From Net: NetName=+12 Pin=J15-1
Removed Pin From Net: NetName=+12 Pin=J15-2
Removed Pin From Net: NetName=A14 Pin=R30-1
Removed Pin From Net: NetName=+5 Pin=R30-2
Removed Pin From Net: NetName=GND Pin=R31-1
Removed Pin From Net: NetName=A14 Pin=R31-2
Removed Pin From Net: NetName=NetQ10_2 Pin=U6-1
Removed Pin From Net: NetName=NetQ10_2 Pin=U6-5
Removed Member From Class: ClassName=INTERNAL_REGULATORS Member=R30
Removed Member From Class: ClassName=INTERNAL_REGULATORS Member=R31
Added Component: Designator=D4(ONSC-SOD-123-2-425-04_V)
Add component (AddParameter): Name = "ComponentLink1Description"; Value = "Manufacturer URL"; VariantName = "[No Variations]"
Add component (AddParameter): Name = "ComponentLink1URL"; Value = "http://www.onsemi.com/"; VariantName = "[No Variations]"
Add component (AddParameter): Name = "ComponentLink2Description"; Value = "Datasheet"; VariantName = "[No Variations]"
Add component (AddParameter): Name = "ComponentLink2URL"; Value = "http://www.onsemi.com/pub_link/Collateral/MMSZ5221BT1-D.PDF"; VariantName = "[No Variations]"
Add component (AddParameter): Name = "ComponentLink3Description"; Value = "Package Specification"; VariantName = "[No Variations]"
Add component (AddParameter): Name = "ComponentLink3URL"; Value = "http://www.onsemi.com/pub_link/Collateral/425-04.PDF"; VariantName = "[No Variations]"
Add component (AddParameter): Name = "DatasheetVersion"; Value = "Rev. 12"; VariantName = "[No Variations]"
Add component (AddParameter): Name = "Manufacturer"; Value = "On Semiconductor"; VariantName = "[No Variations]"
Add component (AddParameter): Name = "Mounting Technology"; Value = "Surface Mount"; VariantName = "[No Variations]"
Add component (AddParameter): Name = "P Max (W)"; Value = "0.5"; VariantName = "[No Variations]"
Add component (AddParameter): Name = "PackageDescription"; Value = "2-Pin SOD, Body 1.6 x 2.69 mm"; VariantName = "[No Variations]"
Add component (AddParameter): Name = "PackageReference"; Value = "SOD-123-2-425-04"; VariantName = "[No Variations]"
Add component (AddParameter): Name = "PackageVersion"; Value = "Rev. G, 10/2009"; VariantName = "[No Variations]"
Add component (AddParameter): Name = "Packing"; Value = "Tape and Reel"; VariantName = "[No Variations]"
Add component (AddParameter): Name = "PartNumber"; Value = "MMSZ5242BT1G"; VariantName = "[No Variations]"
Add component (AddParameter): Name = "RoHS"; Value = "Pb-Free"; VariantName = "[No Variations]"
Add component (AddParameter): Name = "VZ Typ (V)"; Value = "12"; VariantName = "[No Variations]"
Added Component: Designator=F2(FP-0679L-MFG)
Add component (AddParameter): Name = "Automotive"; Value = "Yes"; VariantName = "[No Variations]"
Add component (AddParameter): Name = "Automotive Grade"; Value = "Grade 1"; VariantName = "[No Variations]"
Add component (AddParameter): Name = "Category"; Value = "Fuse"; VariantName = "[No Variations]"
Add component (AddParameter): Name = "ComponentLink2Description"; Value = "Datasheet"; VariantName = "[No Variations]"
Add component (AddParameter): Name = "ComponentLink2URL"; Value = "https://www.belfuse.com/resources/CircuitProtection/datasheets/0679L%20Sep2016.pdf"; VariantName = "[No Variations]"
Add component (AddParameter): Name = "Device Class L1"; Value = "Circuit Protection"; VariantName = "[No Variations]"
Add component (AddParameter): Name = "Device Class L2"; Value = "Fuses"; VariantName = "[No Variations]"
Add component (AddParameter): Name = "Device Class L3"; Value = "unset"; VariantName = "[No Variations]"
Add component (AddParameter): Name = "Digikey Description"; Value = "FUSE BRD MNT 15A 125VAC/VDC"; VariantName = "[No Variations]"
Add component (AddParameter): Name = "Fuse Blow Speed"; Value = "Fast"; VariantName = "[No Variations]"
Add component (AddParameter): Name = "Fuse Current"; Value = "15A"; VariantName = "[No Variations]"
Add component (AddParameter): Name = "Fuse I2T"; Value = "103.5A2Sec"; VariantName = "[No Variations]"
Add component (AddParameter): Name = "Fuse Interrupt Ac Current"; Value = "50A"; VariantName = "[No Variations]"
Add component (AddParameter): Name = "Fuse Interrupt Dc Current"; Value = "300A"; VariantName = "[No Variations]"
Add component (AddParameter): Name = "Fuse Voltage Drop"; Value = "0.13V"; VariantName = "[No Variations]"
Add component (AddParameter): Name = "Height"; Value = "2.79mm"; VariantName = "[No Variations]"
Add component (AddParameter): Name = "Ipc Land Pattern Name"; Value = "CAPC610254X254"; VariantName = "[No Variations]"
Add component (AddParameter): Name = "Lead Free"; Value = "Yes"; VariantName = "[No Variations]"
Add component (AddParameter): Name = "Manufacturer"; Value = "Bel Fuse"; VariantName = "[No Variations]"
Add component (AddParameter): Name = "Manufacturer Part Number"; Value = "0679L9150-01"; VariantName = "[No Variations]"
Add component (AddParameter): Name = "Max Fuse Ac Voltage"; Value = "125V"; VariantName = "[No Variations]"
Add component (AddParameter): Name = "Max Fuse Dc Voltage"; Value = "125V"; VariantName = "[No Variations]"
Add component (AddParameter): Name = "Octopart"; Value = "https://octopart.com/0679l9150-01-bel+fuse-70850665"; VariantName = "[No Variations]"
Add component (AddParameter): Name = "Package"; Value = "0679L"; VariantName = "[No Variations]"
Add component (AddParameter): Name = "Resistance"; Value = "0.0038O"; VariantName = "[No Variations]"
Add component (AddParameter): Name = "RoHS"; Value = "TRUE"; VariantName = "[No Variations]"
Add component (AddParameter): Name = "Temperature"; Value = "-55°C to +125°C"; VariantName = "[No Variations]"
Add component (AddParameter): Name = "Temperature Range High"; Value = "+125°C"; VariantName = "[No Variations]"
Add component (AddParameter): Name = "Temperature Range Low"; Value = "-55°C"; VariantName = "[No Variations]"
Add component (AddParameter): Name = "Value"; Value = "0.0038O"; VariantName = "[No Variations]"
Add component (AddParameter): Name = "Voltage Rating"; Value = "125V"; VariantName = "[No Variations]"
Added Component: Designator=Q13(SISH615ADN-T1-GE3-Footprint-1)
Added Component: Designator=Q14(SISH615ADN-T1-GE3-Footprint-1)
Added Component: Designator=Q15(SISH615ADN-T1-GE3-Footprint-1)
Added Component: Designator=Q16(SISH615ADN-T1-GE3-Footprint-1)
Added Component: Designator=Q17(FP-SSOP6-P-0_65A-MFG)
Add component (AddParameter): Name = "Continuous Drain Current (ID)"; Value = "300mA"; VariantName = "[No Variations]"
Add component (AddParameter): Name = "Drain to Source Voltage (Vdss)"; Value = "60V"; VariantName = "[No Variations]"
Add component (AddParameter): Name = "FET Type"; Value = "2 N-Channel"; VariantName = "[No Variations]"
Add component (AddParameter): Name = "Input Capacitance"; Value = "40pF"; VariantName = "[No Variations]"
Add component (AddParameter): Name = "Max Power Dissipation"; Value = "285mW"; VariantName = "[No Variations]"
Add component (AddParameter): Name = "Mount"; Value = "Surface Mount"; VariantName = "[No Variations]"
Add component (AddParameter): Name = "Packaging"; Value = "Tape and Reel"; VariantName = "[No Variations]"
Add component (AddParameter): Name = "Rds On Max"; Value = "1.5R"; VariantName = "[No Variations]"
Added Component: Designator=Q18(SISH615ADN-T1-GE3-Footprint-1)
Added Component: Designator=Q19(SISH615ADN-T1-GE3-Footprint-1)
Added Component: Designator=R38_M1(RESC1608X55X30LL15T15)
Add component (AddParameter): Name = "Manufacturer"; Value = "Panasonic"; VariantName = "[No Variations]"
Add component (AddParameter): Name = "Part Number"; Value = "ERJ-3EKF1001V"; VariantName = "[No Variations]"
Added Component: Designator=R38_M2(RESC1608X55X30LL15T15)
Add component (AddParameter): Name = "Manufacturer"; Value = "Panasonic"; VariantName = "[No Variations]"
Add component (AddParameter): Name = "Part Number"; Value = "ERJ-3EKF1001V"; VariantName = "[No Variations]"
Added Component: Designator=R38_M3(RESC1608X55X30LL15T15)
Add component (AddParameter): Name = "Manufacturer"; Value = "Panasonic"; VariantName = "[No Variations]"
Add component (AddParameter): Name = "Part Number"; Value = "ERJ-3EKF1001V"; VariantName = "[No Variations]"
Added Component: Designator=R38_M4(RESC1608X55X30LL15T15)
Add component (AddParameter): Name = "Manufacturer"; Value = "Panasonic"; VariantName = "[No Variations]"
Add component (AddParameter): Name = "Part Number"; Value = "ERJ-3EKF1001V"; VariantName = "[No Variations]"
Added Component: Designator=R38_M5(RESC1608X55X30LL15T15)
Add component (AddParameter): Name = "Manufacturer"; Value = "Panasonic"; VariantName = "[No Variations]"
Add component (AddParameter): Name = "Part Number"; Value = "ERJ-3EKF1001V"; VariantName = "[No Variations]"
Added Component: Designator=R38_M6(RESC1608X55X30LL15T15)
Add component (AddParameter): Name = "Manufacturer"; Value = "Panasonic"; VariantName = "[No Variations]"
Add component (AddParameter): Name = "Part Number"; Value = "ERJ-3EKF1001V"; VariantName = "[No Variations]"
Added Component: Designator=R38_M7(RESC1608X55X30LL15T15)
Add component (AddParameter): Name = "Manufacturer"; Value = "Panasonic"; VariantName = "[No Variations]"
Add component (AddParameter): Name = "Part Number"; Value = "ERJ-3EKF1001V"; VariantName = "[No Variations]"
Added Component: Designator=R38_M8(RESC1608X55X30LL15T15)
Add component (AddParameter): Name = "Manufacturer"; Value = "Panasonic"; VariantName = "[No Variations]"
Add component (AddParameter): Name = "Part Number"; Value = "ERJ-3EKF1001V"; VariantName = "[No Variations]"
Added Component: Designator=R38_M9(RESC1608X55X30LL15T15)
Add component (AddParameter): Name = "Manufacturer"; Value = "Panasonic"; VariantName = "[No Variations]"
Add component (AddParameter): Name = "Part Number"; Value = "ERJ-3EKF1001V"; VariantName = "[No Variations]"
Added Component: Designator=R38_M10(RESC1608X55X30LL15T15)
Add component (AddParameter): Name = "Manufacturer"; Value = "Panasonic"; VariantName = "[No Variations]"
Add component (AddParameter): Name = "Part Number"; Value = "ERJ-3EKF1001V"; VariantName = "[No Variations]"
Added Component: Designator=R38_M11(RESC1608X55X30LL15T15)
Add component (AddParameter): Name = "Manufacturer"; Value = "Panasonic"; VariantName = "[No Variations]"
Add component (AddParameter): Name = "Part Number"; Value = "ERJ-3EKF1001V"; VariantName = "[No Variations]"
Added Component: Designator=R38_M12(RESC1608X55X30LL15T15)
Add component (AddParameter): Name = "Manufacturer"; Value = "Panasonic"; VariantName = "[No Variations]"
Add component (AddParameter): Name = "Part Number"; Value = "ERJ-3EKF1001V"; VariantName = "[No Variations]"
Added Component: Designator=R39(RESC1608X55X30LL15T15)
Add component (AddParameter): Name = "Manufacturer"; Value = "Panasonic"; VariantName = "[No Variations]"
Add component (AddParameter): Name = "Part Number"; Value = "ERJ-3EKF1001V"; VariantName = "[No Variations]"
Added Component: Designator=R40(RESC1609X55X30LL15T15)
Add component (AddParameter): Name = "Case Code (Imperial)"; Value = "0603"; VariantName = "[No Variations]"
Add component (AddParameter): Name = "Case Code (Metric)"; Value = "1608"; VariantName = "[No Variations]"
Add component (AddParameter): Name = "Case\/Package"; Value = "0603"; VariantName = "[No Variations]"
Add component (AddParameter): Name = "Composition"; Value = "ThickFilm"; VariantName = "[No Variations]"
Add component (AddParameter): Name = "Contact Plating"; Value = "Tin"; VariantName = "[No Variations]"
Add component (AddParameter): Name = "Datasheet URL"; Value = "https://industrial.panasonic.com/cdbs/www-data/pdf/RDA0000/AOA0000C304.pdf"; VariantName = "[No Variations]"
Add component (AddParameter): Name = "Datasheet Version"; Value = "02/2017"; VariantName = "[No Variations]"
Add component (AddParameter): Name = "Depth"; Value = "0.8mm"; VariantName = "[No Variations]"
Add component (AddParameter): Name = "Height"; Value = "0.45mm"; VariantName = "[No Variations]"
Add component (AddParameter): Name = "Lead Free"; Value = "LeadFree"; VariantName = "[No Variations]"
Add component (AddParameter): Name = "Length"; Value = "1.6mm"; VariantName = "[No Variations]"
Add component (AddParameter): Name = "Manufacturer"; Value = "Panasonic"; VariantName = "[No Variations]"
Add component (AddParameter): Name = "Manufacturer URL"; Value = "http://www.panasonic.com/"; VariantName = "[No Variations]"
Add component (AddParameter): Name = "Max Operating Temperature"; Value = "155degC"; VariantName = "[No Variations]"
Add component (AddParameter): Name = "Max Power Dissipation"; Value = "100mW"; VariantName = "[No Variations]"
Add component (AddParameter): Name = "Military Standard"; Value = "Not"; VariantName = "[No Variations]"
Add component (AddParameter): Name = "Min Operating Temperature"; Value = "-55degC"; VariantName = "[No Variations]"
Add component (AddParameter): Name = "Mount"; Value = "SurfaceMount"; VariantName = "[No Variations]"
Add component (AddParameter): Name = "Mounting Technology"; Value = "SurfaceMount"; VariantName = "[No Variations]"
Add component (AddParameter): Name = "Number of Pins"; Value = "2"; VariantName = "[No Variations]"
Add component (AddParameter): Name = "Number of Terminations"; Value = "2"; VariantName = "[No Variations]"
Add component (AddParameter): Name = "Package Description"; Value = "2-Pin Surface Mount Device, Body 1.6 x 0.85 mm"; VariantName = "[No Variations]"
Add component (AddParameter): Name = "Package Quantity"; Value = "1"; VariantName = "[No Variations]"
Add component (AddParameter): Name = "Package Reference"; Value = "603"; VariantName = "[No Variations]"
Add component (AddParameter): Name = "Packaging"; Value = "TapeandReel"; VariantName = "[No Variations]"
Add component (AddParameter): Name = "Power Rating"; Value = "100mW"; VariantName = "[No Variations]"
Add component (AddParameter): Name = "Radiation Hardening"; Value = "No"; VariantName = "[No Variations]"
Add component (AddParameter): Name = "REACH SVHC"; Value = "NoSVHC"; VariantName = "[No Variations]"
Add component (AddParameter): Name = "Resistance"; Value = "10KOhm"; VariantName = "[No Variations]"
Add component (AddParameter): Name = "RoHSCompliant"; Value = "true"; VariantName = "[No Variations]"
Add component (AddParameter): Name = "Temperature Coefficient"; Value = "100ppm\/degreesC"; VariantName = "[No Variations]"
Add component (AddParameter): Name = "Termination"; Value = "SMD/SMT"; VariantName = "[No Variations]"
Add component (AddParameter): Name = "Tolerance"; Value = "1%"; VariantName = "[No Variations]"
Add component (AddParameter): Name = "Voltage Rating"; Value = "75V"; VariantName = "[No Variations]"
Add component (AddParameter): Name = "Voltage Rating (DC)"; Value = "75V"; VariantName = "[No Variations]"
Add component (AddParameter): Name = "Width"; Value = "0.031inch"; VariantName = "[No Variations]"
Added Component: Designator=R41(RESC1609X55X30LL15T15)
Add component (AddParameter): Name = "Case Code (Imperial)"; Value = "0603"; VariantName = "[No Variations]"
Add component (AddParameter): Name = "Case Code (Metric)"; Value = "1608"; VariantName = "[No Variations]"
Add component (AddParameter): Name = "Case\/Package"; Value = "0603"; VariantName = "[No Variations]"
Add component (AddParameter): Name = "Composition"; Value = "ThickFilm"; VariantName = "[No Variations]"
Add component (AddParameter): Name = "Contact Plating"; Value = "Tin"; VariantName = "[No Variations]"
Add component (AddParameter): Name = "Datasheet URL"; Value = "https://industrial.panasonic.com/cdbs/www-data/pdf/RDA0000/AOA0000C304.pdf"; VariantName = "[No Variations]"
Add component (AddParameter): Name = "Datasheet Version"; Value = "02/2017"; VariantName = "[No Variations]"
Add component (AddParameter): Name = "Depth"; Value = "0.8mm"; VariantName = "[No Variations]"
Add component (AddParameter): Name = "Height"; Value = "0.45mm"; VariantName = "[No Variations]"
Add component (AddParameter): Name = "Lead Free"; Value = "LeadFree"; VariantName = "[No Variations]"
Add component (AddParameter): Name = "Length"; Value = "1.6mm"; VariantName = "[No Variations]"
Add component (AddParameter): Name = "Manufacturer"; Value = "Panasonic"; VariantName = "[No Variations]"
Add component (AddParameter): Name = "Manufacturer URL"; Value = "http://www.panasonic.com/"; VariantName = "[No Variations]"
Add component (AddParameter): Name = "Max Operating Temperature"; Value = "155degC"; VariantName = "[No Variations]"
Add component (AddParameter): Name = "Max Power Dissipation"; Value = "100mW"; VariantName = "[No Variations]"
Add component (AddParameter): Name = "Military Standard"; Value = "Not"; VariantName = "[No Variations]"
Add component (AddParameter): Name = "Min Operating Temperature"; Value = "-55degC"; VariantName = "[No Variations]"
Add component (AddParameter): Name = "Mount"; Value = "SurfaceMount"; VariantName = "[No Variations]"
Add component (AddParameter): Name = "Mounting Technology"; Value = "SurfaceMount"; VariantName = "[No Variations]"
Add component (AddParameter): Name = "Number of Pins"; Value = "2"; VariantName = "[No Variations]"
Add component (AddParameter): Name = "Number of Terminations"; Value = "2"; VariantName = "[No Variations]"
Add component (AddParameter): Name = "Package Description"; Value = "2-Pin Surface Mount Device, Body 1.6 x 0.85 mm"; VariantName = "[No Variations]"
Add component (AddParameter): Name = "Package Quantity"; Value = "1"; VariantName = "[No Variations]"
Add component (AddParameter): Name = "Package Reference"; Value = "603"; VariantName = "[No Variations]"
Add component (AddParameter): Name = "Packaging"; Value = "TapeandReel"; VariantName = "[No Variations]"
Add component (AddParameter): Name = "Power Rating"; Value = "100mW"; VariantName = "[No Variations]"
Add component (AddParameter): Name = "Radiation Hardening"; Value = "No"; VariantName = "[No Variations]"
Add component (AddParameter): Name = "REACH SVHC"; Value = "NoSVHC"; VariantName = "[No Variations]"
Add component (AddParameter): Name = "Resistance"; Value = "10KOhm"; VariantName = "[No Variations]"
Add component (AddParameter): Name = "RoHSCompliant"; Value = "true"; VariantName = "[No Variations]"
Add component (AddParameter): Name = "Temperature Coefficient"; Value = "100ppm\/degreesC"; VariantName = "[No Variations]"
Add component (AddParameter): Name = "Termination"; Value = "SMD/SMT"; VariantName = "[No Variations]"
Add component (AddParameter): Name = "Tolerance"; Value = "1%"; VariantName = "[No Variations]"
Add component (AddParameter): Name = "Voltage Rating"; Value = "75V"; VariantName = "[No Variations]"
Add component (AddParameter): Name = "Voltage Rating (DC)"; Value = "75V"; VariantName = "[No Variations]"
Add component (AddParameter): Name = "Width"; Value = "0.031inch"; VariantName = "[No Variations]"
Added Component: Designator=R42(RESC1609X55X30LL15T15)
Add component (AddParameter): Name = "Case Code (Imperial)"; Value = "0603"; VariantName = "[No Variations]"
Add component (AddParameter): Name = "Case Code (Metric)"; Value = "1608"; VariantName = "[No Variations]"
Add component (AddParameter): Name = "Case\/Package"; Value = "0603"; VariantName = "[No Variations]"
Add component (AddParameter): Name = "Composition"; Value = "ThickFilm"; VariantName = "[No Variations]"
Add component (AddParameter): Name = "Contact Plating"; Value = "Tin"; VariantName = "[No Variations]"
Add component (AddParameter): Name = "Datasheet URL"; Value = "https://industrial.panasonic.com/cdbs/www-data/pdf/RDA0000/AOA0000C304.pdf"; VariantName = "[No Variations]"
Add component (AddParameter): Name = "Datasheet Version"; Value = "02/2017"; VariantName = "[No Variations]"
Add component (AddParameter): Name = "Depth"; Value = "0.8mm"; VariantName = "[No Variations]"
Add component (AddParameter): Name = "Height"; Value = "0.45mm"; VariantName = "[No Variations]"
Add component (AddParameter): Name = "Lead Free"; Value = "LeadFree"; VariantName = "[No Variations]"
Add component (AddParameter): Name = "Length"; Value = "1.6mm"; VariantName = "[No Variations]"
Add component (AddParameter): Name = "Manufacturer"; Value = "Panasonic"; VariantName = "[No Variations]"
Add component (AddParameter): Name = "Manufacturer URL"; Value = "http://www.panasonic.com/"; VariantName = "[No Variations]"
Add component (AddParameter): Name = "Max Operating Temperature"; Value = "155degC"; VariantName = "[No Variations]"
Add component (AddParameter): Name = "Max Power Dissipation"; Value = "100mW"; VariantName = "[No Variations]"
Add component (AddParameter): Name = "Military Standard"; Value = "Not"; VariantName = "[No Variations]"
Add component (AddParameter): Name = "Min Operating Temperature"; Value = "-55degC"; VariantName = "[No Variations]"
Add component (AddParameter): Name = "Mount"; Value = "SurfaceMount"; VariantName = "[No Variations]"
Add component (AddParameter): Name = "Mounting Technology"; Value = "SurfaceMount"; VariantName = "[No Variations]"
Add component (AddParameter): Name = "Number of Pins"; Value = "2"; VariantName = "[No Variations]"
Add component (AddParameter): Name = "Number of Terminations"; Value = "2"; VariantName = "[No Variations]"
Add component (AddParameter): Name = "Package Description"; Value = "2-Pin Surface Mount Device, Body 1.6 x 0.85 mm"; VariantName = "[No Variations]"
Add component (AddParameter): Name = "Package Quantity"; Value = "1"; VariantName = "[No Variations]"
Add component (AddParameter): Name = "Package Reference"; Value = "603"; VariantName = "[No Variations]"
Add component (AddParameter): Name = "Packaging"; Value = "TapeandReel"; VariantName = "[No Variations]"
Add component (AddParameter): Name = "Power Rating"; Value = "100mW"; VariantName = "[No Variations]"
Add component (AddParameter): Name = "Radiation Hardening"; Value = "No"; VariantName = "[No Variations]"
Add component (AddParameter): Name = "REACH SVHC"; Value = "NoSVHC"; VariantName = "[No Variations]"
Add component (AddParameter): Name = "Resistance"; Value = "10KOhm"; VariantName = "[No Variations]"
Add component (AddParameter): Name = "RoHSCompliant"; Value = "true"; VariantName = "[No Variations]"
Add component (AddParameter): Name = "Temperature Coefficient"; Value = "100ppm\/degreesC"; VariantName = "[No Variations]"
Add component (AddParameter): Name = "Termination"; Value = "SMD/SMT"; VariantName = "[No Variations]"
Add component (AddParameter): Name = "Tolerance"; Value = "1%"; VariantName = "[No Variations]"
Add component (AddParameter): Name = "Voltage Rating"; Value = "75V"; VariantName = "[No Variations]"
Add component (AddParameter): Name = "Voltage Rating (DC)"; Value = "75V"; VariantName = "[No Variations]"
Add component (AddParameter): Name = "Width"; Value = "0.031inch"; VariantName = "[No Variations]"
Added Component: Designator=R43(RESC1608X55X30LL15T15)
Add component (AddParameter): Name = "Manufacturer"; Value = "Panasonic"; VariantName = "[No Variations]"
Add component (AddParameter): Name = "Part Number"; Value = "ERJ-3EKF1001V"; VariantName = "[No Variations]"
Added Component: Designator=R44(RESC1609X50X30ML10T20)
Add component (AddParameter): Name = "Manufacturer"; Value = "Vishay Dale"; VariantName = "[No Variations]"
Add component (AddParameter): Name = "Part Number"; Value = "CRCW06032K70JNEA"; VariantName = "[No Variations]"
Added Component: Designator=R45(RESC1609X50X30ML10T20)
Add component (AddParameter): Name = "Manufacturer"; Value = "Vishay Dale"; VariantName = "[No Variations]"
Add component (AddParameter): Name = "Part Number"; Value = "CRCW06032K70JNEA"; VariantName = "[No Variations]"
Added Component: Designator=R46(RESC1609X55X30LL15T15)
Add component (AddParameter): Name = "Case Code (Imperial)"; Value = "0603"; VariantName = "[No Variations]"
Add component (AddParameter): Name = "Case Code (Metric)"; Value = "1608"; VariantName = "[No Variations]"
Add component (AddParameter): Name = "Case\/Package"; Value = "0603"; VariantName = "[No Variations]"
Add component (AddParameter): Name = "Composition"; Value = "ThickFilm"; VariantName = "[No Variations]"
Add component (AddParameter): Name = "Contact Plating"; Value = "Tin"; VariantName = "[No Variations]"
Add component (AddParameter): Name = "Datasheet URL"; Value = "https://industrial.panasonic.com/cdbs/www-data/pdf/RDA0000/AOA0000C304.pdf"; VariantName = "[No Variations]"
Add component (AddParameter): Name = "Datasheet Version"; Value = "02/2017"; VariantName = "[No Variations]"
Add component (AddParameter): Name = "Depth"; Value = "0.8mm"; VariantName = "[No Variations]"
Add component (AddParameter): Name = "Height"; Value = "0.45mm"; VariantName = "[No Variations]"
Add component (AddParameter): Name = "Lead Free"; Value = "LeadFree"; VariantName = "[No Variations]"
Add component (AddParameter): Name = "Length"; Value = "1.6mm"; VariantName = "[No Variations]"
Add component (AddParameter): Name = "Manufacturer"; Value = "Panasonic"; VariantName = "[No Variations]"
Add component (AddParameter): Name = "Manufacturer URL"; Value = "http://www.panasonic.com/"; VariantName = "[No Variations]"
Add component (AddParameter): Name = "Max Operating Temperature"; Value = "155degC"; VariantName = "[No Variations]"
Add component (AddParameter): Name = "Max Power Dissipation"; Value = "100mW"; VariantName = "[No Variations]"
Add component (AddParameter): Name = "Military Standard"; Value = "Not"; VariantName = "[No Variations]"
Add component (AddParameter): Name = "Min Operating Temperature"; Value = "-55degC"; VariantName = "[No Variations]"
Add component (AddParameter): Name = "Mount"; Value = "SurfaceMount"; VariantName = "[No Variations]"
Add component (AddParameter): Name = "Mounting Technology"; Value = "SurfaceMount"; VariantName = "[No Variations]"
Add component (AddParameter): Name = "Number of Pins"; Value = "2"; VariantName = "[No Variations]"
Add component (AddParameter): Name = "Number of Terminations"; Value = "2"; VariantName = "[No Variations]"
Add component (AddParameter): Name = "Package Description"; Value = "2-Pin Surface Mount Device, Body 1.6 x 0.85 mm"; VariantName = "[No Variations]"
Add component (AddParameter): Name = "Package Quantity"; Value = "1"; VariantName = "[No Variations]"
Add component (AddParameter): Name = "Package Reference"; Value = "603"; VariantName = "[No Variations]"
Add component (AddParameter): Name = "Packaging"; Value = "TapeandReel"; VariantName = "[No Variations]"
Add component (AddParameter): Name = "Power Rating"; Value = "100mW"; VariantName = "[No Variations]"
Add component (AddParameter): Name = "Radiation Hardening"; Value = "No"; VariantName = "[No Variations]"
Add component (AddParameter): Name = "REACH SVHC"; Value = "NoSVHC"; VariantName = "[No Variations]"
Add component (AddParameter): Name = "Resistance"; Value = "10KOhm"; VariantName = "[No Variations]"
Add component (AddParameter): Name = "RoHSCompliant"; Value = "true"; VariantName = "[No Variations]"
Add component (AddParameter): Name = "Temperature Coefficient"; Value = "100ppm\/degreesC"; VariantName = "[No Variations]"
Add component (AddParameter): Name = "Termination"; Value = "SMD/SMT"; VariantName = "[No Variations]"
Add component (AddParameter): Name = "Tolerance"; Value = "1%"; VariantName = "[No Variations]"
Add component (AddParameter): Name = "Voltage Rating"; Value = "75V"; VariantName = "[No Variations]"
Add component (AddParameter): Name = "Voltage Rating (DC)"; Value = "75V"; VariantName = "[No Variations]"
Add component (AddParameter): Name = "Width"; Value = "0.031inch"; VariantName = "[No Variations]"
Added Pin To Net: NetName=RP_MOS_LINK Pin=D4-2
Added Pin To Net: NetName=PWR_MOSFET Pin=Q13-4
Added Pin To Net: NetName=PWR_MOSFET Pin=Q14-4
Added Pin To Net: NetName=+12 Pin=Q14-5-6-7-8
Added Pin To Net: NetName=PWR_MOSFET Pin=Q15-4
Added Pin To Net: NetName=PWR_MOSFET Pin=Q16-4
Added Pin To Net: NetName=+12 Pin=Q16-5-6-7-8
Added Pin To Net: NetName=GND Pin=Q17-1
Added Pin To Net: NetName=PWR_MOSFET Pin=Q17-6
Added Pin To Net: NetName=RP_MOS_LINK Pin=Q18-4
Added Pin To Net: NetName=RP_MOS_LINK Pin=Q19-4
Added Pin To Net: NetName=RP_MOS_LINK Pin=R30-1
Added Pin To Net: NetName=GND Pin=R30-2
Added Pin To Net: NetName=D35 Pin=R38_M1-2
Added Pin To Net: NetName=D32 Pin=R38_M2-2
Added Pin To Net: NetName=D29 Pin=R38_M3-2
Added Pin To Net: NetName=D26 Pin=R38_M4-2
Added Pin To Net: NetName=D23 Pin=R38_M5-2
Added Pin To Net: NetName=D20 Pin=R38_M6-2
Added Pin To Net: NetName=D17 Pin=R38_M7-2
Added Pin To Net: NetName=D14 Pin=R38_M8-2
Added Pin To Net: NetName=D11 Pin=R38_M9-2
Added Pin To Net: NetName=D8 Pin=R38_M10-2
Added Pin To Net: NetName=D5 Pin=R38_M11-2
Added Pin To Net: NetName=D2 Pin=R38_M12-2
Added Pin To Net: NetName=NetQ10_2 Pin=R39-2
Added Pin To Net: NetName=PRE_VCC Pin=R40-1
Added Pin To Net: NetName=PWR_MOSFET Pin=R40-2
Added Pin To Net: NetName=A14 Pin=R41-2
Added Pin To Net: NetName=+12 Pin=R42-1
Added Pin To Net: NetName=GND Pin=R44-1
Added Pin To Net: NetName=A14 Pin=R44-2
Added Pin To Net: NetName=GND Pin=R45-1
Added Pin To Net: NetName=GND Pin=R46-2
Change Net Name : Old Net Name=D2 New Net Name=NetQ2_M12_2
Change Net Name : Old Net Name=D5 New Net Name=NetQ2_M11_2
Change Net Name : Old Net Name=D8 New Net Name=NetQ2_M10_2
Change Net Name : Old Net Name=D11 New Net Name=NetQ2_M9_2
Change Net Name : Old Net Name=D14 New Net Name=NetQ2_M8_2
Change Net Name : Old Net Name=D17 New Net Name=NetQ2_M7_2
Change Net Name : Old Net Name=D20 New Net Name=NetQ2_M6_2
Change Net Name : Old Net Name=D23 New Net Name=NetQ2_M5_2
Change Net Name : Old Net Name=D26 New Net Name=NetQ2_M4_2
Change Net Name : Old Net Name=D29 New Net Name=NetQ2_M3_2
Change Net Name : Old Net Name=D32 New Net Name=NetQ2_M2_2
Change Net Name : Old Net Name=D35 New Net Name=NetQ2_M1_2
Added Pin To Net: NetName=12V_IN Pin=F2-1
Added Pin To Net: NetName=12V_IN Pin=J15-1
Added Pin To Net: NetName=12V_IN Pin=J15-2
Added Net: Name=12V_IN
Added Pin To Net: NetName=A15 Pin=R42-2
Added Pin To Net: NetName=A15 Pin=R45-2
Added Net: Name=A15
Added Pin To Net: NetName=D2 Pin=J6-12
Added Pin To Net: NetName=D2 Pin=J8-12
Added Pin To Net: NetName=D2 Pin=R38_M12-1
Added Net: Name=D2
Added Pin To Net: NetName=D5 Pin=J6-13
Added Pin To Net: NetName=D5 Pin=J8-13
Added Pin To Net: NetName=D5 Pin=R38_M11-1
Added Net: Name=D5
Added Pin To Net: NetName=D8 Pin=J6-18
Added Pin To Net: NetName=D8 Pin=J8-18
Added Pin To Net: NetName=D8 Pin=R38_M10-1
Added Net: Name=D8
Added Pin To Net: NetName=D11 Pin=J6-19
Added Pin To Net: NetName=D11 Pin=J8-19
Added Pin To Net: NetName=D11 Pin=R38_M9-1
Added Net: Name=D11
Added Pin To Net: NetName=D14 Pin=J6-24
Added Pin To Net: NetName=D14 Pin=J8-24
Added Pin To Net: NetName=D14 Pin=R38_M8-1
Added Net: Name=D14
Added Pin To Net: NetName=D17 Pin=J6-25
Added Pin To Net: NetName=D17 Pin=J8-25
Added Pin To Net: NetName=D17 Pin=R38_M7-1
Added Net: Name=D17
Added Pin To Net: NetName=D20 Pin=J6-30
Added Pin To Net: NetName=D20 Pin=J8-30
Added Pin To Net: NetName=D20 Pin=R38_M6-1
Added Net: Name=D20
Added Pin To Net: NetName=D23 Pin=J6-31
Added Pin To Net: NetName=D23 Pin=J8-31
Added Pin To Net: NetName=D23 Pin=R38_M5-1
Added Net: Name=D23
Added Pin To Net: NetName=D26 Pin=J6-36
Added Pin To Net: NetName=D26 Pin=J8-36
Added Pin To Net: NetName=D26 Pin=R38_M4-1
Added Net: Name=D26
Added Pin To Net: NetName=D29 Pin=J6-37
Added Pin To Net: NetName=D29 Pin=J8-37
Added Pin To Net: NetName=D29 Pin=R38_M3-1
Added Net: Name=D29
Added Pin To Net: NetName=D32 Pin=J7-26
Added Pin To Net: NetName=D32 Pin=J9-26
Added Pin To Net: NetName=D32 Pin=R38_M2-1
Added Net: Name=D32
Added Pin To Net: NetName=D35 Pin=J7-27
Added Pin To Net: NetName=D35 Pin=J9-27
Added Pin To Net: NetName=D35 Pin=R38_M1-1
Added Net: Name=D35
Added Pin To Net: NetName=NetF2_2 Pin=F2-2
Added Pin To Net: NetName=NetF2_2 Pin=Q18-5-6-7-8
Added Pin To Net: NetName=NetF2_2 Pin=Q19-5-6-7-8
Added Net: Name=NetF2_2
Added Pin To Net: NetName=NetQ13_1 Pin=Q13-1
Added Pin To Net: NetName=NetQ13_1 Pin=Q13-2
Added Pin To Net: NetName=NetQ13_1 Pin=Q13-3
Added Pin To Net: NetName=NetQ13_1 Pin=Q14-1
Added Pin To Net: NetName=NetQ13_1 Pin=Q14-2
Added Pin To Net: NetName=NetQ13_1 Pin=Q14-3
Added Net: Name=NetQ13_1
Added Pin To Net: NetName=NetQ15_1 Pin=Q15-1
Added Pin To Net: NetName=NetQ15_1 Pin=Q15-2
Added Pin To Net: NetName=NetQ15_1 Pin=Q15-3
Added Pin To Net: NetName=NetQ15_1 Pin=Q16-1
Added Pin To Net: NetName=NetQ15_1 Pin=Q16-2
Added Pin To Net: NetName=NetQ15_1 Pin=Q16-3
Added Net: Name=NetQ15_1
Added Pin To Net: NetName=NetQ17_2 Pin=Q17-2
Added Pin To Net: NetName=NetQ17_2 Pin=R43-2
Added Pin To Net: NetName=NetQ17_2 Pin=R46-1
Added Net: Name=NetQ17_2
Added Pin To Net: NetName=NetR39_1 Pin=R39-1
Added Pin To Net: NetName=NetR39_1 Pin=R43-1
Added Pin To Net: NetName=NetR39_1 Pin=U6-1
Added Pin To Net: NetName=NetR39_1 Pin=U6-5
Added Net: Name=NetR39_1
Added Pin To Net: NetName=PRE_12V Pin=D4-1
Added Pin To Net: NetName=PRE_12V Pin=Q13-5-6-7-8
Added Pin To Net: NetName=PRE_12V Pin=Q15-5-6-7-8
Added Pin To Net: NetName=PRE_12V Pin=Q18-1
Added Pin To Net: NetName=PRE_12V Pin=Q18-2
Added Pin To Net: NetName=PRE_12V Pin=Q18-3
Added Pin To Net: NetName=PRE_12V Pin=Q19-1
Added Pin To Net: NetName=PRE_12V Pin=Q19-2
Added Pin To Net: NetName=PRE_12V Pin=Q19-3
Added Pin To Net: NetName=PRE_12V Pin=R41-1
Added Net: Name=PRE_12V
Added Member To Class: ClassName=PWR_MGMT Member=Component D4 MMSZ5242BT1G
Added Member To Class: ClassName=PWR_MGMT Member=Component F2 0679L9150-01
Added Member To Class: ClassName=PWR_MGMT Member=Component Q13 SISH615ADN-T1-GE3
Added Member To Class: ClassName=PWR_MGMT Member=Component Q14 SISH615ADN-T1-GE3
Added Member To Class: ClassName=PWR_MGMT Member=Component Q15 SISH615ADN-T1-GE3
Added Member To Class: ClassName=PWR_MGMT Member=Component Q16 SISH615ADN-T1-GE3
Added Member To Class: ClassName=PWR_MGMT Member=Component Q17 SSM6N7002KFU,LF
Added Member To Class: ClassName=PWR_MGMT Member=Component Q18 SISH615ADN-T1-GE3
Added Member To Class: ClassName=PWR_MGMT Member=Component Q19 SISH615ADN-T1-GE3
Added Member To Class: ClassName=PWR_MGMT Member=Component R30 ERJ3EKF1002V
Added Member To Class: ClassName=M1 Member=Component R38_M1 (R38) ERJ-3EKF1001V
Added Member To Class: ClassName=M2 Member=Component R38_M2 (R38) ERJ-3EKF1001V
Added Member To Class: ClassName=M3 Member=Component R38_M3 (R38) ERJ-3EKF1001V
Added Member To Class: ClassName=M4 Member=Component R38_M4 (R38) ERJ-3EKF1001V
Added Member To Class: ClassName=M5 Member=Component R38_M5 (R38) ERJ-3EKF1001V
Added Member To Class: ClassName=M6 Member=Component R38_M6 (R38) ERJ-3EKF1001V
Added Member To Class: ClassName=M7 Member=Component R38_M7 (R38) ERJ-3EKF1001V
Added Member To Class: ClassName=M8 Member=Component R38_M8 (R38) ERJ-3EKF1001V
Added Member To Class: ClassName=M9 Member=Component R38_M9 (R38) ERJ-3EKF1001V
Added Member To Class: ClassName=M10 Member=Component R38_M10 (R38) ERJ-3EKF1001V
Added Member To Class: ClassName=M11 Member=Component R38_M11 (R38) ERJ-3EKF1001V
Added Member To Class: ClassName=M12 Member=Component R38_M12 (R38) ERJ-3EKF1001V
Added Member To Class: ClassName=PWR_MGMT Member=Component R39 ERJ-3EKF1001V
Added Member To Class: ClassName=PWR_MGMT Member=Component R40 ERJ3EKF1002V
Added Member To Class: ClassName=PWR_MGMT Member=Component R41 ERJ3EKF1002V
Added Member To Class: ClassName=PWR_MGMT Member=Component R42 ERJ3EKF1002V
Added Member To Class: ClassName=PWR_MGMT Member=Component R43 ERJ-3EKF1001V
Added Member To Class: ClassName=PWR_MGMT Member=Component R44 CRCW06032K70JNEA
Added Member To Class: ClassName=PWR_MGMT Member=Component R45 CRCW06032K70JNEA
Added Member To Class: ClassName=PWR_MGMT Member=Component R46 ERJ3EKF1002V
