Removed Pin From Net: NetName=CAN_H_BUF Pin=U7-1
Removed Pin From Net: NetName=CAN_H_BUF Pin=U7-2
Removed Pin From Net: NetName=NetR28_2 Pin=U7-3
Removed Pin From Net: NetName=NetR29_2 Pin=U7-5
Removed Pin From Net: NetName=CAN_L_BUF Pin=U7-6
Removed Pin From Net: NetName=CAN_L_BUF Pin=U7-7
Removed Pin From Net: NetName=DIFF_AMP_OUT Pin=U7-8
Removed Pin From Net: NetName=NetR27_1 Pin=U7-9
Removed Pin From Net: NetName=NetR31_1 Pin=U7-10
Removed Pin From Net: NetName=DIFF_AMP_OUT Pin=U7-12
Removed Pin From Net: NetName=NetR32_1 Pin=U7-13
Removed Pin From Net: NetName=NetR16_2 Pin=U7-14
Added Pin To Net: NetName=CAN_L_BUF Pin=U7-1
Added Pin To Net: NetName=CAN_L_BUF Pin=U7-2
Added Pin To Net: NetName=NetR29_2 Pin=U7-3
Added Pin To Net: NetName=NetR31_1 Pin=U7-5
Added Pin To Net: NetName=NetR27_1 Pin=U7-6
Added Pin To Net: NetName=DIFF_AMP_OUT Pin=U7-7
Added Pin To Net: NetName=NetR16_2 Pin=U7-8
Added Pin To Net: NetName=NetR32_1 Pin=U7-9
Added Pin To Net: NetName=DIFF_AMP_OUT Pin=U7-10
Added Pin To Net: NetName=NetR28_2 Pin=U7-12
Added Pin To Net: NetName=CAN_H_BUF Pin=U7-13
Added Pin To Net: NetName=CAN_H_BUF Pin=U7-14
