Removed Pin From Net: NetName=A11 Pin=R1_M1-2
Removed Pin From Net: NetName=A10 Pin=R1_M2-2
Removed Pin From Net: NetName=A9 Pin=R1_M3-2
Removed Pin From Net: NetName=A8 Pin=R1_M4-2
Removed Pin From Net: NetName=A7 Pin=R1_M5-2
Removed Pin From Net: NetName=A6 Pin=R1_M6-2
Removed Pin From Net: NetName=A5 Pin=R1_M7-2
Removed Pin From Net: NetName=A4 Pin=R1_M8-2
Removed Pin From Net: NetName=A3 Pin=R1_M9-2
Removed Pin From Net: NetName=A2 Pin=R1_M10-2
Removed Pin From Net: NetName=A1 Pin=R1_M11-2
Removed Pin From Net: NetName=A0 Pin=R1_M12-2
Removed Pin From Net: NetName=D36 Pin=R9_M1-2
Removed Pin From Net: NetName=D33 Pin=R9_M2-2
Removed Pin From Net: NetName=D30 Pin=R9_M3-2
Removed Pin From Net: NetName=D27 Pin=R9_M4-2
Removed Pin From Net: NetName=D24 Pin=R9_M5-2
Removed Pin From Net: NetName=D21 Pin=R9_M6-2
Removed Pin From Net: NetName=D18 Pin=R9_M7-2
Removed Pin From Net: NetName=D15 Pin=R9_M8-2
Removed Pin From Net: NetName=D12 Pin=R9_M9-2
Removed Pin From Net: NetName=D9 Pin=R9_M10-2
Removed Pin From Net: NetName=D6 Pin=R9_M11-2
Removed Pin From Net: NetName=D3 Pin=R9_M12-2
Removed Pin From Net: NetName=D37 Pin=R10_M1-2
Removed Pin From Net: NetName=D34 Pin=R10_M2-2
Removed Pin From Net: NetName=D31 Pin=R10_M3-2
Removed Pin From Net: NetName=D28 Pin=R10_M4-2
Removed Pin From Net: NetName=D25 Pin=R10_M5-2
Removed Pin From Net: NetName=D22 Pin=R10_M6-2
Removed Pin From Net: NetName=D19 Pin=R10_M7-2
Removed Pin From Net: NetName=D16 Pin=R10_M8-2
Removed Pin From Net: NetName=D13 Pin=R10_M9-2
Removed Pin From Net: NetName=D10 Pin=R10_M10-2
Removed Pin From Net: NetName=D7 Pin=R10_M11-2
Removed Pin From Net: NetName=D4 Pin=R10_M12-2
Removed Pin From Net: NetName=D35 Pin=R38_M1-1
Removed Pin From Net: NetName=D32 Pin=R38_M2-1
Removed Pin From Net: NetName=D29 Pin=R38_M3-1
Removed Pin From Net: NetName=D26 Pin=R38_M4-1
Removed Pin From Net: NetName=D23 Pin=R38_M5-1
Removed Pin From Net: NetName=D20 Pin=R38_M6-1
Removed Pin From Net: NetName=D17 Pin=R38_M7-1
Removed Pin From Net: NetName=D14 Pin=R38_M8-1
Removed Pin From Net: NetName=D11 Pin=R38_M9-1
Removed Pin From Net: NetName=D8 Pin=R38_M10-1
Removed Pin From Net: NetName=D5 Pin=R38_M11-1
Removed Pin From Net: NetName=D2 Pin=R38_M12-1
Removed Pin From Net: NetName=A11 Pin=U1_M1-14
Removed Pin From Net: NetName=A10 Pin=U1_M2-14
Removed Pin From Net: NetName=A9 Pin=U1_M3-14
Removed Pin From Net: NetName=A8 Pin=U1_M4-14
Removed Pin From Net: NetName=A7 Pin=U1_M5-14
Removed Pin From Net: NetName=A6 Pin=U1_M6-14
Removed Pin From Net: NetName=A5 Pin=U1_M7-14
Removed Pin From Net: NetName=A4 Pin=U1_M8-14
Removed Pin From Net: NetName=A3 Pin=U1_M9-14
Removed Pin From Net: NetName=A2 Pin=U1_M10-14
Removed Pin From Net: NetName=A1 Pin=U1_M11-14
Removed Pin From Net: NetName=A0 Pin=U1_M12-14
Added Pin To Net: NetName=NetR1_M1_2 Pin=R1_M1-2
Added Pin To Net: NetName=NetR1_M1_2 Pin=U1_M1-14
Added Net: Name=NetR1_M1_2
Added Pin To Net: NetName=NetR1_M2_2 Pin=R1_M2-2
Added Pin To Net: NetName=NetR1_M2_2 Pin=U1_M2-14
Added Net: Name=NetR1_M2_2
Added Pin To Net: NetName=NetR1_M3_2 Pin=R1_M3-2
Added Pin To Net: NetName=NetR1_M3_2 Pin=U1_M3-14
Added Net: Name=NetR1_M3_2
Added Pin To Net: NetName=NetR1_M4_2 Pin=R1_M4-2
Added Pin To Net: NetName=NetR1_M4_2 Pin=U1_M4-14
Added Net: Name=NetR1_M4_2
Added Pin To Net: NetName=NetR1_M5_2 Pin=R1_M5-2
Added Pin To Net: NetName=NetR1_M5_2 Pin=U1_M5-14
Added Net: Name=NetR1_M5_2
Added Pin To Net: NetName=NetR1_M6_2 Pin=R1_M6-2
Added Pin To Net: NetName=NetR1_M6_2 Pin=U1_M6-14
Added Net: Name=NetR1_M6_2
Added Pin To Net: NetName=NetR1_M7_2 Pin=R1_M7-2
Added Pin To Net: NetName=NetR1_M7_2 Pin=U1_M7-14
Added Net: Name=NetR1_M7_2
Added Pin To Net: NetName=NetR1_M8_2 Pin=R1_M8-2
Added Pin To Net: NetName=NetR1_M8_2 Pin=U1_M8-14
Added Net: Name=NetR1_M8_2
Added Pin To Net: NetName=NetR1_M9_2 Pin=R1_M9-2
Added Pin To Net: NetName=NetR1_M9_2 Pin=U1_M9-14
Added Net: Name=NetR1_M9_2
Added Pin To Net: NetName=NetR1_M10_2 Pin=R1_M10-2
Added Pin To Net: NetName=NetR1_M10_2 Pin=U1_M10-14
Added Net: Name=NetR1_M10_2
Added Pin To Net: NetName=NetR1_M11_2 Pin=R1_M11-2
Added Pin To Net: NetName=NetR1_M11_2 Pin=U1_M11-14
Added Net: Name=NetR1_M11_2
Added Pin To Net: NetName=NetR1_M12_2 Pin=R1_M12-2
Added Pin To Net: NetName=NetR1_M12_2 Pin=U1_M12-14
Added Net: Name=NetR1_M12_2
Added Pin To Net: NetName=NetR9_M1_2 Pin=R9_M1-2
Added Net: Name=NetR9_M1_2
Added Pin To Net: NetName=NetR9_M2_2 Pin=R9_M2-2
Added Net: Name=NetR9_M2_2
Added Pin To Net: NetName=NetR9_M3_2 Pin=R9_M3-2
Added Net: Name=NetR9_M3_2
Added Pin To Net: NetName=NetR9_M4_2 Pin=R9_M4-2
Added Net: Name=NetR9_M4_2
Added Pin To Net: NetName=NetR9_M5_2 Pin=R9_M5-2
Added Net: Name=NetR9_M5_2
Added Pin To Net: NetName=NetR9_M6_2 Pin=R9_M6-2
Added Net: Name=NetR9_M6_2
Added Pin To Net: NetName=NetR9_M7_2 Pin=R9_M7-2
Added Net: Name=NetR9_M7_2
Added Pin To Net: NetName=NetR9_M8_2 Pin=R9_M8-2
Added Net: Name=NetR9_M8_2
Added Pin To Net: NetName=NetR9_M9_2 Pin=R9_M9-2
Added Net: Name=NetR9_M9_2
Added Pin To Net: NetName=NetR9_M10_2 Pin=R9_M10-2
Added Net: Name=NetR9_M10_2
Added Pin To Net: NetName=NetR9_M11_2 Pin=R9_M11-2
Added Net: Name=NetR9_M11_2
Added Pin To Net: NetName=NetR9_M12_2 Pin=R9_M12-2
Added Net: Name=NetR9_M12_2
Added Pin To Net: NetName=NetR10_M1_2 Pin=R10_M1-2
Added Net: Name=NetR10_M1_2
Added Pin To Net: NetName=NetR10_M2_2 Pin=R10_M2-2
Added Net: Name=NetR10_M2_2
Added Pin To Net: NetName=NetR10_M3_2 Pin=R10_M3-2
Added Net: Name=NetR10_M3_2
Added Pin To Net: NetName=NetR10_M4_2 Pin=R10_M4-2
Added Net: Name=NetR10_M4_2
Added Pin To Net: NetName=NetR10_M5_2 Pin=R10_M5-2
Added Net: Name=NetR10_M5_2
Added Pin To Net: NetName=NetR10_M6_2 Pin=R10_M6-2
Added Net: Name=NetR10_M6_2
Added Pin To Net: NetName=NetR10_M7_2 Pin=R10_M7-2
Added Net: Name=NetR10_M7_2
Added Pin To Net: NetName=NetR10_M8_2 Pin=R10_M8-2
Added Net: Name=NetR10_M8_2
Added Pin To Net: NetName=NetR10_M9_2 Pin=R10_M9-2
Added Net: Name=NetR10_M9_2
Added Pin To Net: NetName=NetR10_M10_2 Pin=R10_M10-2
Added Net: Name=NetR10_M10_2
Added Pin To Net: NetName=NetR10_M11_2 Pin=R10_M11-2
Added Net: Name=NetR10_M11_2
Added Pin To Net: NetName=NetR10_M12_2 Pin=R10_M12-2
Added Net: Name=NetR10_M12_2
Added Pin To Net: NetName=NetR38_M1_1 Pin=R38_M1-1
Added Net: Name=NetR38_M1_1
Added Pin To Net: NetName=NetR38_M2_1 Pin=R38_M2-1
Added Net: Name=NetR38_M2_1
Added Pin To Net: NetName=NetR38_M3_1 Pin=R38_M3-1
Added Net: Name=NetR38_M3_1
Added Pin To Net: NetName=NetR38_M4_1 Pin=R38_M4-1
Added Net: Name=NetR38_M4_1
Added Pin To Net: NetName=NetR38_M5_1 Pin=R38_M5-1
Added Net: Name=NetR38_M5_1
Added Pin To Net: NetName=NetR38_M6_1 Pin=R38_M6-1
Added Net: Name=NetR38_M6_1
Added Pin To Net: NetName=NetR38_M7_1 Pin=R38_M7-1
Added Net: Name=NetR38_M7_1
Added Pin To Net: NetName=NetR38_M8_1 Pin=R38_M8-1
Added Net: Name=NetR38_M8_1
Added Pin To Net: NetName=NetR38_M9_1 Pin=R38_M9-1
Added Net: Name=NetR38_M9_1
Added Pin To Net: NetName=NetR38_M10_1 Pin=R38_M10-1
Added Net: Name=NetR38_M10_1
Added Pin To Net: NetName=NetR38_M11_1 Pin=R38_M11-1
Added Net: Name=NetR38_M11_1
Added Pin To Net: NetName=NetR38_M12_1 Pin=R38_M12-1
Added Net: Name=NetR38_M12_1
